;  LST file generated by mikroListExporter - v.2.0 
; Date/Time: 15/10/2021 01:20:09 p. m.
;----------------------------------------------

;Address Opcode 	ASM
0x0000	0xF010EF00  	GOTO        8192
0x0004	0x0000      	NOP
0x0006	0x0000      	NOP
0x0008	0xF000EF00  	GOTO        0
0x000C	0x0000      	NOP
0x000E	0x0000      	NOP
0x0010	0x0000      	NOP
0x0012	0x0000      	NOP
0x0014	0x0000      	NOP
0x0016	0x0000      	NOP
0x0018	0xD7F3      	BRA         0
_main:
0x2000	0xF014EC37  	CALL        10350, 0
;DS18B20.c,42 :: 		void main() org 0x2000
;DS18B20.c,44 :: 		Lcd_Init();                                //Inicializa el LCD
0x2004	0xDAEE      	RCALL       _Lcd_Init
;DS18B20.c,45 :: 		Lcd_Cmd(_LCD_CLEAR);                       //Limpia el LCD
0x2006	0x0E01      	MOVLW       1
0x2008	0x6E3E      	MOVWF       FARG_Lcd_Cmd_out_char 
0x200A	0xD9BC      	RCALL       _Lcd_Cmd
;DS18B20.c,46 :: 		Lcd_Cmd(_LCD_CURSOR_OFF);                  //Posiciona el cursor
0x200C	0x0E0C      	MOVLW       12
0x200E	0x6E3E      	MOVWF       FARG_Lcd_Cmd_out_char 
0x2010	0xD9B9      	RCALL       _Lcd_Cmd
;DS18B20.c,47 :: 		Lcd_Out(1, 1, " Temperature:   ");
0x2012	0x0E01      	MOVLW       1
0x2014	0x6E36      	MOVWF       FARG_Lcd_Out_row 
0x2016	0x0E01      	MOVLW       1
0x2018	0x6E37      	MOVWF       FARG_Lcd_Out_column 
0x201A	0x0E20      	MOVLW       ?lstr2_DS18B20
0x201C	0x6E38      	MOVWF       FARG_Lcd_Out_text 
0x201E	0x0E00      	MOVLW       hi_addr(?lstr2_DS18B20)
0x2020	0x6E39      	MOVWF       FARG_Lcd_Out_text+1 
0x2022	0xDA9A      	RCALL       _Lcd_Out
;DS18B20.c,50 :: 		Lcd_Chr(2,13,223);
0x2024	0x0E02      	MOVLW       2
0x2026	0x6E36      	MOVWF       FARG_Lcd_Chr_row 
0x2028	0x0E0D      	MOVLW       13
0x202A	0x6E37      	MOVWF       FARG_Lcd_Chr_column 
0x202C	0x0EDF      	MOVLW       223
0x202E	0x6E38      	MOVWF       FARG_Lcd_Chr_out_char 
0x2030	0xDB86      	RCALL       _Lcd_Chr
;DS18B20.c,51 :: 		Lcd_Chr(2,14,'C');
0x2032	0x0E02      	MOVLW       2
0x2034	0x6E36      	MOVWF       FARG_Lcd_Chr_row 
0x2036	0x0E0E      	MOVLW       14
0x2038	0x6E37      	MOVWF       FARG_Lcd_Chr_column 
0x203A	0x0E43      	MOVLW       67
0x203C	0x6E38      	MOVWF       FARG_Lcd_Chr_out_char 
0x203E	0xDB7F      	RCALL       _Lcd_Chr
;DS18B20.c,53 :: 		while(1) {
L_main0:
;DS18B20.c,55 :: 		Ow_Reset(&PORTA, 0);                     // Señal de reinicio Onewire
0x2040	0x0E80      	MOVLW       PORTA
0x2042	0x6E36      	MOVWF       FARG_Ow_Reset_port 
0x2044	0x0E0F      	MOVLW       hi_addr(PORTA)
0x2046	0x6E37      	MOVWF       FARG_Ow_Reset_port+1 
0x2048	0x6A38      	CLRF        FARG_Ow_Reset_pin 
0x204A	0xDA22      	RCALL       _Ow_Reset
;DS18B20.c,56 :: 		Ow_Write(&PORTA, 0, 0xCC);               // Emitir comando SKIP_ROM
0x204C	0x0E80      	MOVLW       PORTA
0x204E	0x6E36      	MOVWF       FARG_Ow_Write_port 
0x2050	0x0E0F      	MOVLW       hi_addr(PORTA)
0x2052	0x6E37      	MOVWF       FARG_Ow_Write_port+1 
0x2054	0x6A38      	CLRF        FARG_Ow_Write_pin 
0x2056	0x0ECC      	MOVLW       204
0x2058	0x6E39      	MOVWF       FARG_Ow_Write_data_ 
0x205A	0xDB9E      	RCALL       _Ow_Write
;DS18B20.c,57 :: 		Ow_Write(&PORTA, 0, 0x44);               // Emitir comando CONVERT_T
0x205C	0x0E80      	MOVLW       PORTA
0x205E	0x6E36      	MOVWF       FARG_Ow_Write_port 
0x2060	0x0E0F      	MOVLW       hi_addr(PORTA)
0x2062	0x6E37      	MOVWF       FARG_Ow_Write_port+1 
0x2064	0x6A38      	CLRF        FARG_Ow_Write_pin 
0x2066	0x0E44      	MOVLW       68
0x2068	0x6E39      	MOVWF       FARG_Ow_Write_data_ 
0x206A	0xDB96      	RCALL       _Ow_Write
;DS18B20.c,59 :: 		while(Ow_Read(&PORTA, 0) == 0) ;
L_main2:
0x206C	0x0E80      	MOVLW       PORTA
0x206E	0x6E36      	MOVWF       FARG_Ow_Read_port 
0x2070	0x0E0F      	MOVLW       hi_addr(PORTA)
0x2072	0x6E37      	MOVWF       FARG_Ow_Read_port+1 
0x2074	0x6A38      	CLRF        FARG_Ow_Read_pin 
0x2076	0xDA36      	RCALL       _Ow_Read
0x2078	0x5000      	MOVF        R0, 0 
0x207A	0x0A00      	XORLW       0
0x207C	0xE101      	BNZ         L_main3
0x207E	0xD7F6      	BRA         L_main2
L_main3:
;DS18B20.c,60 :: 		Ow_Reset(&PORTA, 0);                     // Onewire reset signal
0x2080	0x0E80      	MOVLW       PORTA
0x2082	0x6E36      	MOVWF       FARG_Ow_Reset_port 
0x2084	0x0E0F      	MOVLW       hi_addr(PORTA)
0x2086	0x6E37      	MOVWF       FARG_Ow_Reset_port+1 
0x2088	0x6A38      	CLRF        FARG_Ow_Reset_pin 
0x208A	0xDA02      	RCALL       _Ow_Reset
;DS18B20.c,61 :: 		Ow_Write(&PORTA, 0, 0xCC);               // Emitir comando SKIP_ROM
0x208C	0x0E80      	MOVLW       PORTA
0x208E	0x6E36      	MOVWF       FARG_Ow_Write_port 
0x2090	0x0E0F      	MOVLW       hi_addr(PORTA)
0x2092	0x6E37      	MOVWF       FARG_Ow_Write_port+1 
0x2094	0x6A38      	CLRF        FARG_Ow_Write_pin 
0x2096	0x0ECC      	MOVLW       204
0x2098	0x6E39      	MOVWF       FARG_Ow_Write_data_ 
0x209A	0xDB7E      	RCALL       _Ow_Write
;DS18B20.c,62 :: 		Ow_Write(&PORTA, 0, 0xBE);               // Emitir comando READ_SCRATCHPAD
0x209C	0x0E80      	MOVLW       PORTA
0x209E	0x6E36      	MOVWF       FARG_Ow_Write_port 
0x20A0	0x0E0F      	MOVLW       hi_addr(PORTA)
0x20A2	0x6E37      	MOVWF       FARG_Ow_Write_port+1 
0x20A4	0x6A38      	CLRF        FARG_Ow_Write_pin 
0x20A6	0x0EBE      	MOVLW       190
0x20A8	0x6E39      	MOVWF       FARG_Ow_Write_data_ 
0x20AA	0xDB76      	RCALL       _Ow_Write
;DS18B20.c,64 :: 		raw_temp  = Ow_Read(&PORTA, 0);          // Read temperature LSB byte
0x20AC	0x0E80      	MOVLW       PORTA
0x20AE	0x6E36      	MOVWF       FARG_Ow_Read_port 
0x20B0	0x0E0F      	MOVLW       hi_addr(PORTA)
0x20B2	0x6E37      	MOVWF       FARG_Ow_Read_port+1 
0x20B4	0x6A38      	CLRF        FARG_Ow_Read_pin 
0x20B6	0xDA16      	RCALL       _Ow_Read
0x20B8	0xF031C000  	MOVFF       R0, _raw_temp
0x20BC	0x0E00      	MOVLW       0
0x20BE	0x6E32      	MOVWF       _raw_temp+1 
;DS18B20.c,65 :: 		raw_temp |= (Ow_Read(&PORTA, 0) << 8);   // Read temperature MSB byte
0x20C0	0x0E80      	MOVLW       PORTA
0x20C2	0x6E36      	MOVWF       FARG_Ow_Read_port 
0x20C4	0x0E0F      	MOVLW       hi_addr(PORTA)
0x20C6	0x6E37      	MOVWF       FARG_Ow_Read_port+1 
0x20C8	0x6A38      	CLRF        FARG_Ow_Read_pin 
0x20CA	0xDA0C      	RCALL       _Ow_Read
0x20CC	0xF005C000  	MOVFF       R0, R5
0x20D0	0x6A04      	CLRF        R4 
0x20D2	0x5004      	MOVF        R4, 0 
0x20D4	0x1031      	IORWF       _raw_temp, 0 
0x20D6	0x6E02      	MOVWF       R2 
0x20D8	0x5032      	MOVF        _raw_temp+1, 0 
0x20DA	0x1005      	IORWF       R5, 0 
0x20DC	0x6E03      	MOVWF       R3 
0x20DE	0xF031C002  	MOVFF       R2, _raw_temp
0x20E2	0xF032C003  	MOVFF       R3, _raw_temp+1
;DS18B20.c,67 :: 		if(raw_temp & 0x8000) {                  // Si la temperatura es negativa
0x20E6	0xAE03      	BTFSS       R3, 7 
0x20E8	0xD00B      	BRA         L_main4
;DS18B20.c,68 :: 		temp[0] = '-';                         // coloca el signo "-"
0x20EA	0xFFE1C015  	MOVFF       _temp, FSR1L
0x20EE	0xFFE2C016  	MOVFF       _temp+1, FSR1H
0x20F2	0x0E2D      	MOVLW       45
0x20F4	0x6EE6      	MOVWF       POSTINC1 
;DS18B20.c,69 :: 		raw_temp = ~raw_temp + 1;              // Modifica el valor a su forma positiva
0x20F6	0x1E31      	COMF        _raw_temp, 1 
0x20F8	0x1E32      	COMF        _raw_temp+1, 1 
0x20FA	0x4A31      	INFSNZ      _raw_temp, 1 
0x20FC	0x2A32      	INCF        _raw_temp+1, 1 
;DS18B20.c,70 :: 		}
0x20FE	0xD025      	BRA         L_main5
L_main4:
;DS18B20.c,72 :: 		if((raw_temp >> 4) >= 100)             // Si la temperatura es >= 100 °C
0x2100	0x0E04      	MOVLW       4
0x2102	0x6E00      	MOVWF       R0 
0x2104	0xF001C031  	MOVFF       _raw_temp, R1
0x2108	0xF002C032  	MOVFF       _raw_temp+1, R2
0x210C	0x5000      	MOVF        R0, 0 
L__main10:
0x210E	0xE007      	BZ          L__main11
0x2110	0x3202      	RRCF        R2, 1 
0x2112	0x3201      	RRCF        R1, 1 
0x2114	0x9E02      	BCF         R2, 7 
0x2116	0xBC02      	BTFSC       R2, 6 
0x2118	0x8E02      	BSF         R2, 7 
0x211A	0x0FFF      	ADDLW       255
0x211C	0xD7F8      	BRA         L__main10
L__main11:
0x211E	0x0E80      	MOVLW       128
0x2120	0x1802      	XORWF       R2, 0 
0x2122	0x6E00      	MOVWF       R0 
0x2124	0x0E80      	MOVLW       128
0x2126	0x5C00      	SUBWF       R0, 0 
0x2128	0xE102      	BNZ         L__main12
0x212A	0x0E64      	MOVLW       100
0x212C	0x5C01      	SUBWF       R1, 0 
L__main12:
0x212E	0xE307      	BNC         L_main6
;DS18B20.c,73 :: 		temp[0] = '1';
0x2130	0xFFE1C015  	MOVFF       _temp, FSR1L
0x2134	0xFFE2C016  	MOVFF       _temp+1, FSR1H
0x2138	0x0E31      	MOVLW       49
0x213A	0x6EE6      	MOVWF       POSTINC1 
0x213C	0xD006      	BRA         L_main7
L_main6:
;DS18B20.c,75 :: 		temp[0] = ' ';
0x213E	0xFFE1C015  	MOVFF       _temp, FSR1L
0x2142	0xFFE2C016  	MOVFF       _temp+1, FSR1H
0x2146	0x0E20      	MOVLW       32
0x2148	0x6EE6      	MOVWF       POSTINC1 
L_main7:
;DS18B20.c,76 :: 		}
L_main5:
;DS18B20.c,78 :: 		temp[1] = ( (raw_temp >> 4) / 10 ) % 10 + 48;
0x214A	0x0E01      	MOVLW       1
0x214C	0x2415      	ADDWF       _temp, 0 
0x214E	0x6E34      	MOVWF       FLOC__main 
0x2150	0x0E00      	MOVLW       0
0x2152	0x2016      	ADDWFC      _temp+1, 0 
0x2154	0x6E35      	MOVWF       FLOC__main+1 
0x2156	0x0E04      	MOVLW       4
0x2158	0x6E02      	MOVWF       R2 
0x215A	0xF000C031  	MOVFF       _raw_temp, R0
0x215E	0xF001C032  	MOVFF       _raw_temp+1, R1
0x2162	0x5002      	MOVF        R2, 0 
L__main13:
0x2164	0xE007      	BZ          L__main14
0x2166	0x3201      	RRCF        R1, 1 
0x2168	0x3200      	RRCF        R0, 1 
0x216A	0x9E01      	BCF         R1, 7 
0x216C	0xBC01      	BTFSC       R1, 6 
0x216E	0x8E01      	BSF         R1, 7 
0x2170	0x0FFF      	ADDLW       255
0x2172	0xD7F8      	BRA         L__main13
L__main14:
0x2174	0x0E0A      	MOVLW       10
0x2176	0x6E04      	MOVWF       R4 
0x2178	0x0E00      	MOVLW       0
0x217A	0x6E05      	MOVWF       R5 
0x217C	0xDA7D      	RCALL       _Div_16x16_S
0x217E	0x0E0A      	MOVLW       10
0x2180	0x6E04      	MOVWF       R4 
0x2182	0x0E00      	MOVLW       0
0x2184	0x6E05      	MOVWF       R5 
0x2186	0xDA78      	RCALL       _Div_16x16_S
0x2188	0xF000C008  	MOVFF       R8, R0
0x218C	0xF001C009  	MOVFF       R9, R1
0x2190	0x0E30      	MOVLW       48
0x2192	0x2600      	ADDWF       R0, 1 
0x2194	0xFFE1C034  	MOVFF       FLOC__main, FSR1L
0x2198	0xFFE2C035  	MOVFF       FLOC__main+1, FSR1H
0x219C	0xFFE6C000  	MOVFF       R0, POSTINC1
;DS18B20.c,79 :: 		temp[2] =   (raw_temp >> 4)        % 10  + 48;
0x21A0	0x0E02      	MOVLW       2
0x21A2	0x2415      	ADDWF       _temp, 0 
0x21A4	0x6E34      	MOVWF       FLOC__main 
0x21A6	0x0E00      	MOVLW       0
0x21A8	0x2016      	ADDWFC      _temp+1, 0 
0x21AA	0x6E35      	MOVWF       FLOC__main+1 
0x21AC	0x0E04      	MOVLW       4
0x21AE	0x6E02      	MOVWF       R2 
0x21B0	0xF000C031  	MOVFF       _raw_temp, R0
0x21B4	0xF001C032  	MOVFF       _raw_temp+1, R1
0x21B8	0x5002      	MOVF        R2, 0 
L__main15:
0x21BA	0xE007      	BZ          L__main16
0x21BC	0x3201      	RRCF        R1, 1 
0x21BE	0x3200      	RRCF        R0, 1 
0x21C0	0x9E01      	BCF         R1, 7 
0x21C2	0xBC01      	BTFSC       R1, 6 
0x21C4	0x8E01      	BSF         R1, 7 
0x21C6	0x0FFF      	ADDLW       255
0x21C8	0xD7F8      	BRA         L__main15
L__main16:
0x21CA	0x0E0A      	MOVLW       10
0x21CC	0x6E04      	MOVWF       R4 
0x21CE	0x0E00      	MOVLW       0
0x21D0	0x6E05      	MOVWF       R5 
0x21D2	0xDA52      	RCALL       _Div_16x16_S
0x21D4	0xF000C008  	MOVFF       R8, R0
0x21D8	0xF001C009  	MOVFF       R9, R1
0x21DC	0x0E30      	MOVLW       48
0x21DE	0x2600      	ADDWF       R0, 1 
0x21E0	0xFFE1C034  	MOVFF       FLOC__main, FSR1L
0x21E4	0xFFE2C035  	MOVFF       FLOC__main+1, FSR1H
0x21E8	0xFFE6C000  	MOVFF       R0, POSTINC1
;DS18B20.c,82 :: 		temp[4] = ( (raw_temp & 0x0F) * 625) / 1000 + 48;
0x21EC	0x0E04      	MOVLW       4
0x21EE	0x2415      	ADDWF       _temp, 0 
0x21F0	0x6E34      	MOVWF       FLOC__main 
0x21F2	0x0E00      	MOVLW       0
0x21F4	0x2016      	ADDWFC      _temp+1, 0 
0x21F6	0x6E35      	MOVWF       FLOC__main+1 
0x21F8	0x0E0F      	MOVLW       15
0x21FA	0x1431      	ANDWF       _raw_temp, 0 
0x21FC	0x6E00      	MOVWF       R0 
0x21FE	0xF001C032  	MOVFF       _raw_temp+1, R1
0x2202	0x0E00      	MOVLW       0
0x2204	0x1601      	ANDWF       R1, 1 
0x2206	0x0E71      	MOVLW       113
0x2208	0x6E04      	MOVWF       R4 
0x220A	0x0E02      	MOVLW       2
0x220C	0x6E05      	MOVWF       R5 
0x220E	0xDAF9      	RCALL       _Mul_16X16_U
0x2210	0x0EE8      	MOVLW       232
0x2212	0x6E04      	MOVWF       R4 
0x2214	0x0E03      	MOVLW       3
0x2216	0x6E05      	MOVWF       R5 
0x2218	0xDA2F      	RCALL       _Div_16x16_S
0x221A	0x0E30      	MOVLW       48
0x221C	0x2600      	ADDWF       R0, 1 
0x221E	0xFFE1C034  	MOVFF       FLOC__main, FSR1L
0x2222	0xFFE2C035  	MOVFF       FLOC__main+1, FSR1H
0x2226	0xFFE6C000  	MOVFF       R0, POSTINC1
;DS18B20.c,83 :: 		temp[5] = (((raw_temp & 0x0F) * 625) / 100 ) % 10 + 48;
0x222A	0x0E05      	MOVLW       5
0x222C	0x2415      	ADDWF       _temp, 0 
0x222E	0x6E34      	MOVWF       FLOC__main 
0x2230	0x0E00      	MOVLW       0
0x2232	0x2016      	ADDWFC      _temp+1, 0 
0x2234	0x6E35      	MOVWF       FLOC__main+1 
0x2236	0x0E0F      	MOVLW       15
0x2238	0x1431      	ANDWF       _raw_temp, 0 
0x223A	0x6E00      	MOVWF       R0 
0x223C	0xF001C032  	MOVFF       _raw_temp+1, R1
0x2240	0x0E00      	MOVLW       0
0x2242	0x1601      	ANDWF       R1, 1 
0x2244	0x0E71      	MOVLW       113
0x2246	0x6E04      	MOVWF       R4 
0x2248	0x0E02      	MOVLW       2
0x224A	0x6E05      	MOVWF       R5 
0x224C	0xDADA      	RCALL       _Mul_16X16_U
0x224E	0x0E64      	MOVLW       100
0x2250	0x6E04      	MOVWF       R4 
0x2252	0x0E00      	MOVLW       0
0x2254	0x6E05      	MOVWF       R5 
0x2256	0xDA10      	RCALL       _Div_16x16_S
0x2258	0x0E0A      	MOVLW       10
0x225A	0x6E04      	MOVWF       R4 
0x225C	0x0E00      	MOVLW       0
0x225E	0x6E05      	MOVWF       R5 
0x2260	0xDA0B      	RCALL       _Div_16x16_S
0x2262	0xF000C008  	MOVFF       R8, R0
0x2266	0xF001C009  	MOVFF       R9, R1
0x226A	0x0E30      	MOVLW       48
0x226C	0x2600      	ADDWF       R0, 1 
0x226E	0xFFE1C034  	MOVFF       FLOC__main, FSR1L
0x2272	0xFFE2C035  	MOVFF       FLOC__main+1, FSR1H
0x2276	0xFFE6C000  	MOVFF       R0, POSTINC1
;DS18B20.c,84 :: 		temp[6] = (((raw_temp & 0x0F) * 625) / 10 )  % 10 + 48;
0x227A	0x0E06      	MOVLW       6
0x227C	0x2415      	ADDWF       _temp, 0 
0x227E	0x6E34      	MOVWF       FLOC__main 
0x2280	0x0E00      	MOVLW       0
0x2282	0x2016      	ADDWFC      _temp+1, 0 
0x2284	0x6E35      	MOVWF       FLOC__main+1 
0x2286	0x0E0F      	MOVLW       15
0x2288	0x1431      	ANDWF       _raw_temp, 0 
0x228A	0x6E00      	MOVWF       R0 
0x228C	0xF001C032  	MOVFF       _raw_temp+1, R1
0x2290	0x0E00      	MOVLW       0
0x2292	0x1601      	ANDWF       R1, 1 
0x2294	0x0E71      	MOVLW       113
0x2296	0x6E04      	MOVWF       R4 
0x2298	0x0E02      	MOVLW       2
0x229A	0x6E05      	MOVWF       R5 
0x229C	0xDAB2      	RCALL       _Mul_16X16_U
0x229E	0x0E0A      	MOVLW       10
0x22A0	0x6E04      	MOVWF       R4 
0x22A2	0x0E00      	MOVLW       0
0x22A4	0x6E05      	MOVWF       R5 
0x22A6	0xD9E8      	RCALL       _Div_16x16_S
0x22A8	0x0E0A      	MOVLW       10
0x22AA	0x6E04      	MOVWF       R4 
0x22AC	0x0E00      	MOVLW       0
0x22AE	0x6E05      	MOVWF       R5 
0x22B0	0xD9E3      	RCALL       _Div_16x16_S
0x22B2	0xF000C008  	MOVFF       R8, R0
0x22B6	0xF001C009  	MOVFF       R9, R1
0x22BA	0x0E30      	MOVLW       48
0x22BC	0x2600      	ADDWF       R0, 1 
0x22BE	0xFFE1C034  	MOVFF       FLOC__main, FSR1L
0x22C2	0xFFE2C035  	MOVFF       FLOC__main+1, FSR1H
0x22C6	0xFFE6C000  	MOVFF       R0, POSTINC1
;DS18B20.c,85 :: 		temp[7] = ( (raw_temp & 0x0F) * 625) % 10 + 48;
0x22CA	0x0E07      	MOVLW       7
0x22CC	0x2415      	ADDWF       _temp, 0 
0x22CE	0x6E34      	MOVWF       FLOC__main 
0x22D0	0x0E00      	MOVLW       0
0x22D2	0x2016      	ADDWFC      _temp+1, 0 
0x22D4	0x6E35      	MOVWF       FLOC__main+1 
0x22D6	0x0E0F      	MOVLW       15
0x22D8	0x1431      	ANDWF       _raw_temp, 0 
0x22DA	0x6E00      	MOVWF       R0 
0x22DC	0xF001C032  	MOVFF       _raw_temp+1, R1
0x22E0	0x0E00      	MOVLW       0
0x22E2	0x1601      	ANDWF       R1, 1 
0x22E4	0x0E71      	MOVLW       113
0x22E6	0x6E04      	MOVWF       R4 
0x22E8	0x0E02      	MOVLW       2
0x22EA	0x6E05      	MOVWF       R5 
0x22EC	0xDA8A      	RCALL       _Mul_16X16_U
0x22EE	0x0E0A      	MOVLW       10
0x22F0	0x6E04      	MOVWF       R4 
0x22F2	0x0E00      	MOVLW       0
0x22F4	0x6E05      	MOVWF       R5 
0x22F6	0xD9C0      	RCALL       _Div_16x16_S
0x22F8	0xF000C008  	MOVFF       R8, R0
0x22FC	0xF001C009  	MOVFF       R9, R1
0x2300	0x0E30      	MOVLW       48
0x2302	0x2600      	ADDWF       R0, 1 
0x2304	0xFFE1C034  	MOVFF       FLOC__main, FSR1L
0x2308	0xFFE2C035  	MOVFF       FLOC__main+1, FSR1H
0x230C	0xFFE6C000  	MOVFF       R0, POSTINC1
;DS18B20.c,87 :: 		temp[8] = 223;                           //Imprime el simbolo de °
0x2310	0x0E08      	MOVLW       8
0x2312	0x2415      	ADDWF       _temp, 0 
0x2314	0x6EE1      	MOVWF       FSR1L 
0x2316	0x0E00      	MOVLW       0
0x2318	0x2016      	ADDWFC      _temp+1, 0 
0x231A	0x6EE2      	MOVWF       FSR1L+1 
0x231C	0x0EDF      	MOVLW       223
0x231E	0x6EE6      	MOVWF       POSTINC1 
;DS18B20.c,88 :: 		lcd_out(2, 4, temp);                     //Muestra la temperatura en el LCD
0x2320	0x0E02      	MOVLW       2
0x2322	0x6E36      	MOVWF       FARG_Lcd_Out_row 
0x2324	0x0E04      	MOVLW       4
0x2326	0x6E37      	MOVWF       FARG_Lcd_Out_column 
0x2328	0xF038C015  	MOVFF       _temp, FARG_Lcd_Out_text
0x232C	0xF039C016  	MOVFF       _temp+1, FARG_Lcd_Out_text+1
0x2330	0xD913      	RCALL       _Lcd_Out
;DS18B20.c,89 :: 		delay_ms(1000);                          //Espera 1 segundo
0x2332	0x0E3D      	MOVLW       61
0x2334	0x6E0B      	MOVWF       R11, 0
0x2336	0x0EE1      	MOVLW       225
0x2338	0x6E0C      	MOVWF       R12, 0
0x233A	0x0E3F      	MOVLW       63
0x233C	0x6E0D      	MOVWF       R13, 0
L_main8:
0x233E	0x2E0D      	DECFSZ      R13, 1, 0
0x2340	0xD7FE      	BRA         L_main8
0x2342	0x2E0C      	DECFSZ      R12, 1, 0
0x2344	0xD7FC      	BRA         L_main8
0x2346	0x2E0B      	DECFSZ      R11, 1, 0
0x2348	0xD7FA      	BRA         L_main8
0x234A	0x0000      	NOP
0x234C	0x0000      	NOP
;DS18B20.c,90 :: 		}
0x234E	0xD678      	BRA         L_main0
;DS18B20.c,91 :: 		}
L_end_main:
0x2350	0xD7FF      	BRA         $+0
; end of _main
_Delay_50us:
;__Lib_Delays.c,19 :: 		void Delay_50us() {
;__Lib_Delays.c,20 :: 		Delay_us(50);
0x2352	0x0EC7      	MOVLW       199
0x2354	0x6E0D      	MOVWF       R13, 0
L_Delay_50us3:
0x2356	0x2E0D      	DECFSZ      R13, 1, 0
0x2358	0xD7FE      	BRA         L_Delay_50us3
0x235A	0x0000      	NOP
0x235C	0x0000      	NOP
;__Lib_Delays.c,21 :: 		}
L_end_Delay_50us:
0x235E	0x0012      	RETURN      0
; end of _Delay_50us
_Delay_5500us:
;__Lib_Delays.c,31 :: 		void Delay_5500us() {
;__Lib_Delays.c,32 :: 		Delay_us(5500);
0x2360	0x0E56      	MOVLW       86
0x2362	0x6E0C      	MOVWF       R12, 0
0x2364	0x0EB5      	MOVLW       181
0x2366	0x6E0D      	MOVWF       R13, 0
L_Delay_5500us6:
0x2368	0x2E0D      	DECFSZ      R13, 1, 0
0x236A	0xD7FE      	BRA         L_Delay_5500us6
0x236C	0x2E0C      	DECFSZ      R12, 1, 0
0x236E	0xD7FC      	BRA         L_Delay_5500us6
0x2370	0x0000      	NOP
0x2372	0x0000      	NOP
;__Lib_Delays.c,33 :: 		}
L_end_Delay_5500us:
0x2374	0x0012      	RETURN      0
; end of _Delay_5500us
_Delay_1us:
;__Lib_Delays.c,7 :: 		void Delay_1us() {
;__Lib_Delays.c,8 :: 		Delay_us(1);
0x2376	0x0E03      	MOVLW       3
0x2378	0x6E0D      	MOVWF       R13, 0
L_Delay_1us0:
0x237A	0x2E0D      	DECFSZ      R13, 1, 0
0x237C	0xD7FE      	BRA         L_Delay_1us0
0x237E	0x0000      	NOP
0x2380	0x0000      	NOP
;__Lib_Delays.c,9 :: 		}
L_end_Delay_1us:
0x2382	0x0012      	RETURN      0
; end of _Delay_1us
_Lcd_Cmd:
;__Lib_Lcd.c,18 :: 		
;__Lib_Lcd.c,20 :: 		
0x2384	0xBE3E      	BTFSC       FARG_Lcd_Cmd_out_char, 7 
0x2386	0xD002      	BRA         L__Lcd_Cmd21
0x2388	0x9C8A      	BCF         LCD_D7, BitPos(LCD_D7+0) 
0x238A	0xD001      	BRA         L__Lcd_Cmd22
L__Lcd_Cmd21:
0x238C	0x8C8A      	BSF         LCD_D7, BitPos(LCD_D7+0) 
L__Lcd_Cmd22:
;__Lib_Lcd.c,21 :: 		
0x238E	0xBC3E      	BTFSC       FARG_Lcd_Cmd_out_char, 6 
0x2390	0xD002      	BRA         L__Lcd_Cmd23
0x2392	0x9A8A      	BCF         LCD_D6, BitPos(LCD_D6+0) 
0x2394	0xD001      	BRA         L__Lcd_Cmd24
L__Lcd_Cmd23:
0x2396	0x8A8A      	BSF         LCD_D6, BitPos(LCD_D6+0) 
L__Lcd_Cmd24:
;__Lib_Lcd.c,22 :: 		
0x2398	0xBA3E      	BTFSC       FARG_Lcd_Cmd_out_char, 5 
0x239A	0xD002      	BRA         L__Lcd_Cmd25
0x239C	0x988A      	BCF         LCD_D5, BitPos(LCD_D5+0) 
0x239E	0xD001      	BRA         L__Lcd_Cmd26
L__Lcd_Cmd25:
0x23A0	0x888A      	BSF         LCD_D5, BitPos(LCD_D5+0) 
L__Lcd_Cmd26:
;__Lib_Lcd.c,23 :: 		
0x23A2	0xB83E      	BTFSC       FARG_Lcd_Cmd_out_char, 4 
0x23A4	0xD002      	BRA         L__Lcd_Cmd27
0x23A6	0x968A      	BCF         LCD_D4, BitPos(LCD_D4+0) 
0x23A8	0xD001      	BRA         L__Lcd_Cmd28
L__Lcd_Cmd27:
0x23AA	0x868A      	BSF         LCD_D4, BitPos(LCD_D4+0) 
L__Lcd_Cmd28:
;__Lib_Lcd.c,25 :: 		
0x23AC	0xB033      	BTFSC       __Lib_Lcd_cmd_status, BitPos(__Lib_Lcd_cmd_status+0) 
0x23AE	0xD002      	BRA         L__Lcd_Cmd29
0x23B0	0x808A      	BSF         LCD_RS, BitPos(LCD_RS+0) 
0x23B2	0xD001      	BRA         L__Lcd_Cmd30
L__Lcd_Cmd29:
0x23B4	0x908A      	BCF         LCD_RS, BitPos(LCD_RS+0) 
L__Lcd_Cmd30:
;__Lib_Lcd.c,28 :: 		
0x23B6	0x848A      	BSF         LCD_EN, BitPos(LCD_EN+0) 
;__Lib_Lcd.c,29 :: 		
0x23B8	0xDFDE      	RCALL       _Delay_1us
;__Lib_Lcd.c,30 :: 		
0x23BA	0x948A      	BCF         LCD_EN, BitPos(LCD_EN+0) 
;__Lib_Lcd.c,33 :: 		
0x23BC	0xB63E      	BTFSC       FARG_Lcd_Cmd_out_char, 3 
0x23BE	0xD002      	BRA         L__Lcd_Cmd31
0x23C0	0x9C8A      	BCF         LCD_D7, BitPos(LCD_D7+0) 
0x23C2	0xD001      	BRA         L__Lcd_Cmd32
L__Lcd_Cmd31:
0x23C4	0x8C8A      	BSF         LCD_D7, BitPos(LCD_D7+0) 
L__Lcd_Cmd32:
;__Lib_Lcd.c,34 :: 		
0x23C6	0xB43E      	BTFSC       FARG_Lcd_Cmd_out_char, 2 
0x23C8	0xD002      	BRA         L__Lcd_Cmd33
0x23CA	0x9A8A      	BCF         LCD_D6, BitPos(LCD_D6+0) 
0x23CC	0xD001      	BRA         L__Lcd_Cmd34
L__Lcd_Cmd33:
0x23CE	0x8A8A      	BSF         LCD_D6, BitPos(LCD_D6+0) 
L__Lcd_Cmd34:
;__Lib_Lcd.c,35 :: 		
0x23D0	0xB23E      	BTFSC       FARG_Lcd_Cmd_out_char, 1 
0x23D2	0xD002      	BRA         L__Lcd_Cmd35
0x23D4	0x988A      	BCF         LCD_D5, BitPos(LCD_D5+0) 
0x23D6	0xD001      	BRA         L__Lcd_Cmd36
L__Lcd_Cmd35:
0x23D8	0x888A      	BSF         LCD_D5, BitPos(LCD_D5+0) 
L__Lcd_Cmd36:
;__Lib_Lcd.c,36 :: 		
0x23DA	0xB03E      	BTFSC       FARG_Lcd_Cmd_out_char, 0 
0x23DC	0xD002      	BRA         L__Lcd_Cmd37
0x23DE	0x968A      	BCF         LCD_D4, BitPos(LCD_D4+0) 
0x23E0	0xD001      	BRA         L__Lcd_Cmd38
L__Lcd_Cmd37:
0x23E2	0x868A      	BSF         LCD_D4, BitPos(LCD_D4+0) 
L__Lcd_Cmd38:
;__Lib_Lcd.c,38 :: 		
0x23E4	0xB033      	BTFSC       __Lib_Lcd_cmd_status, BitPos(__Lib_Lcd_cmd_status+0) 
0x23E6	0xD002      	BRA         L__Lcd_Cmd39
0x23E8	0x808A      	BSF         LCD_RS, BitPos(LCD_RS+0) 
0x23EA	0xD001      	BRA         L__Lcd_Cmd40
L__Lcd_Cmd39:
0x23EC	0x908A      	BCF         LCD_RS, BitPos(LCD_RS+0) 
L__Lcd_Cmd40:
;__Lib_Lcd.c,40 :: 		
0x23EE	0x848A      	BSF         LCD_EN, BitPos(LCD_EN+0) 
;__Lib_Lcd.c,41 :: 		
0x23F0	0xDFC2      	RCALL       _Delay_1us
;__Lib_Lcd.c,42 :: 		
0x23F2	0x948A      	BCF         LCD_EN, BitPos(LCD_EN+0) 
;__Lib_Lcd.c,44 :: 		
0x23F4	0xA033      	BTFSS       __Lib_Lcd_cmd_status, BitPos(__Lib_Lcd_cmd_status+0) 
0x23F6	0xD002      	BRA         L_Lcd_Cmd0
;__Lib_Lcd.c,45 :: 		
0x23F8	0xDFB3      	RCALL       _Delay_5500us
0x23FA	0xD001      	BRA         L_Lcd_Cmd1
L_Lcd_Cmd0:
;__Lib_Lcd.c,47 :: 		
0x23FC	0xDFAA      	RCALL       _Delay_50us
L_Lcd_Cmd1:
;__Lib_Lcd.c,48 :: 		
L_end_Lcd_Cmd:
0x23FE	0x0012      	RETURN      0
; end of _Lcd_Cmd
_Div_16x16_S_L:
;__Lib_Math.c,139 :: 		
;__Lib_Math.c,146 :: 		
0x2400	0x3401      	RLCF        R1, 0, 0
;__Lib_Math.c,147 :: 		
0x2402	0x3608      	RLCF        R8, 1, 0
;__Lib_Math.c,148 :: 		
0x2404	0x3609      	RLCF        R9, 1, 0
;__Lib_Math.c,149 :: 		
0x2406	0x5004      	MOVF        R4, 0, 0
;__Lib_Math.c,150 :: 		
0x2408	0x5E08      	SUBWF       R8, 1, 0
;__Lib_Math.c,151 :: 		
0x240A	0x5005      	MOVF        R5, 0, 0
;__Lib_Math.c,152 :: 		
0x240C	0xA0D8      	BTFSS       STATUS, 0, 0
;__Lib_Math.c,153 :: 		
0x240E	0x3C05      	INCFSZ      R5, 0, 0
;__Lib_Math.c,154 :: 		
0x2410	0x5E09      	SUBWF       R9, 1, 0
;__Lib_Math.c,155 :: 		
0x2412	0x3600      	RLCF        R0, 1, 0
;__Lib_Math.c,156 :: 		
0x2414	0x3601      	RLCF        R1, 1, 0
;__Lib_Math.c,158 :: 		
0x2416	0x0E0F      	MOVLW       15
;__Lib_Math.c,159 :: 		
0x2418	0x6E0C      	MOVWF       R12, 0
;__Lib_Math.c,161 :: 		
0x241A	0x3401      	RLCF        R1, 0, 0
;__Lib_Math.c,162 :: 		
0x241C	0x3608      	RLCF        R8, 1, 0
;__Lib_Math.c,163 :: 		
0x241E	0x3609      	RLCF        R9, 1, 0
;__Lib_Math.c,164 :: 		
0x2420	0x5004      	MOVF        R4, 0, 0
;__Lib_Math.c,166 :: 		
0x2422	0xA000      	BTFSS       R0, 0, 0
;__Lib_Math.c,167 :: 		
0x2424	0xD006      	BRA         $+14
;__Lib_Math.c,168 :: 		
0x2426	0x5E08      	SUBWF       R8, 1, 0
;__Lib_Math.c,169 :: 		
0x2428	0x5005      	MOVF        R5, 0, 0
;__Lib_Math.c,170 :: 		
0x242A	0xA0D8      	BTFSS       STATUS, 0, 0
;__Lib_Math.c,171 :: 		
0x242C	0x3C05      	INCFSZ      R5, 0, 0
;__Lib_Math.c,172 :: 		
0x242E	0x5E09      	SUBWF       R9, 1, 0
;__Lib_Math.c,173 :: 		
0x2430	0xD005      	BRA         $+12
;__Lib_Math.c,175 :: 		
0x2432	0x2608      	ADDWF       R8, 1, 0
;__Lib_Math.c,176 :: 		
0x2434	0x5005      	MOVF        R5, 0, 0
;__Lib_Math.c,177 :: 		
0x2436	0xB0D8      	BTFSC       STATUS, 0, 0
;__Lib_Math.c,178 :: 		
0x2438	0x3C05      	INCFSZ      R5, 0, 0
;__Lib_Math.c,179 :: 		
0x243A	0x2609      	ADDWF       R9, 1, 0
;__Lib_Math.c,181 :: 		
0x243C	0x3600      	RLCF        R0, 1, 0
;__Lib_Math.c,182 :: 		
0x243E	0x3601      	RLCF        R1, 1, 0
;__Lib_Math.c,184 :: 		
0x2440	0x2E0C      	DECFSZ      R12, 1, 0
;__Lib_Math.c,185 :: 		
0x2442	0xD7EB      	BRA         $-40
;__Lib_Math.c,187 :: 		
0x2444	0xB000      	BTFSC       R0, 0, 0
;__Lib_Math.c,188 :: 		
0x2446	0xD006      	BRA         $+14
;__Lib_Math.c,189 :: 		
0x2448	0x5004      	MOVF        R4, 0, 0
;__Lib_Math.c,190 :: 		
0x244A	0x2608      	ADDWF       R8, 1, 0
;__Lib_Math.c,191 :: 		
0x244C	0x5005      	MOVF        R5, 0, 0
;__Lib_Math.c,192 :: 		
0x244E	0xB0D8      	BTFSC       STATUS, 0, 0
;__Lib_Math.c,193 :: 		
0x2450	0x3C05      	INCFSZ      R5, 0, 0
;__Lib_Math.c,194 :: 		
0x2452	0x2609      	ADDWF       R9, 1, 0
;__Lib_Math.c,195 :: 		
0x2454	0x0000      	NOP
;__Lib_Math.c,197 :: 		
L_end_Div_16x16_S_L:
0x2456	0x0012      	RETURN      0
; end of _Div_16x16_S_L
_Lcd_Chr_CP:
;__Lib_Lcd.c,50 :: 		
;__Lib_Lcd.c,52 :: 		
0x2458	0x9033      	BCF         __Lib_Lcd_cmd_status, BitPos(__Lib_Lcd_cmd_status+0) 
;__Lib_Lcd.c,53 :: 		
0x245A	0xF03EC03D  	MOVFF       FARG_Lcd_Chr_CP_out_char, FARG_Lcd_Cmd_out_char
0x245E	0xDF92      	RCALL       _Lcd_Cmd
;__Lib_Lcd.c,54 :: 		
0x2460	0x8033      	BSF         __Lib_Lcd_cmd_status, BitPos(__Lib_Lcd_cmd_status+0) 
;__Lib_Lcd.c,55 :: 		
L_end_Lcd_Chr_CP:
0x2462	0x0012      	RETURN      0
; end of _Lcd_Chr_CP
_Delay_500us:
;__Lib_Delays.c,27 :: 		void Delay_500us() {
;__Lib_Delays.c,28 :: 		Delay_us(498);
0x2464	0x0E08      	MOVLW       8
0x2466	0x6E0C      	MOVWF       R12, 0
0x2468	0x0EC1      	MOVLW       193
0x246A	0x6E0D      	MOVWF       R13, 0
L_Delay_500us5:
0x246C	0x2E0D      	DECFSZ      R13, 1, 0
0x246E	0xD7FE      	BRA         L_Delay_500us5
0x2470	0x2E0C      	DECFSZ      R12, 1, 0
0x2472	0xD7FC      	BRA         L_Delay_500us5
0x2474	0x0000      	NOP
0x2476	0x0000      	NOP
;__Lib_Delays.c,29 :: 		}
L_end_Delay_500us:
0x2478	0x0012      	RETURN      0
; end of _Delay_500us
_Delay_80us:
;__Lib_Delays.c,23 :: 		void Delay_80us() {
;__Lib_Delays.c,24 :: 		Delay_us(78);
0x247A	0x0E02      	MOVLW       2
0x247C	0x6E0C      	MOVWF       R12, 0
0x247E	0x0E35      	MOVLW       53
0x2480	0x6E0D      	MOVWF       R13, 0
L_Delay_80us4:
0x2482	0x2E0D      	DECFSZ      R13, 1, 0
0x2484	0xD7FE      	BRA         L_Delay_80us4
0x2486	0x2E0C      	DECFSZ      R12, 1, 0
0x2488	0xD7FC      	BRA         L_Delay_80us4
0x248A	0x0000      	NOP
0x248C	0x0000      	NOP
;__Lib_Delays.c,25 :: 		}
L_end_Delay_80us:
0x248E	0x0012      	RETURN      0
; end of _Delay_80us
_Ow_Reset:
;__Lib_OneWire.c,8 :: 		
;__Lib_OneWire.c,11 :: 		
0x2490	0xF001C038  	MOVFF       FARG_Ow_Reset_pin, R1
0x2494	0x0E01      	MOVLW       1
0x2496	0x6E00      	MOVWF       R0 
0x2498	0x5001      	MOVF        R1, 0 
L__Ow_Reset9:
0x249A	0xE004      	BZ          L__Ow_Reset10
0x249C	0x3600      	RLCF        R0, 1 
0x249E	0x9000      	BCF         R0, 0 
0x24A0	0x0FFF      	ADDLW       255
0x24A2	0xD7FB      	BRA         L__Ow_Reset9
L__Ow_Reset10:
0x24A4	0xF03AC000  	MOVFF       R0, Ow_Reset_bit_mask_1_L0
;__Lib_OneWire.c,12 :: 		
0x24A8	0x1E00      	COMF        R0, 1 
;__Lib_OneWire.c,13 :: 		
0x24AA	0xFFE9C036  	MOVFF       FARG_Ow_Reset_port, FSR0
0x24AE	0xFFEAC037  	MOVFF       FARG_Ow_Reset_port+1, FSR0+1
;__Lib_OneWire.c,14 :: 		
0x24B2	0x5000      	MOVF        R0, 0 
0x24B4	0x16EF      	ANDWF       INDF0, 1 
;__Lib_OneWire.c,15 :: 		
0x24B6	0x0E12      	MOVLW       18
0x24B8	0x26E9      	ADDWF       FSR0L, 1 
;__Lib_OneWire.c,16 :: 		
0x24BA	0x5000      	MOVF        R0, 0 
0x24BC	0x16EF      	ANDWF       INDF0, 1 
;__Lib_OneWire.c,17 :: 		
0x24BE	0xDFD2      	RCALL       _Delay_500us
;__Lib_OneWire.c,18 :: 		
0x24C0	0x503A      	MOVF        Ow_Reset_bit_mask_1_L0, 0 
0x24C2	0x12EF      	IORWF       INDF0, 1 
;__Lib_OneWire.c,19 :: 		
0x24C4	0x0E12      	MOVLW       18
0x24C6	0x5EE9      	SUBWF       FSR0L, 1 
;__Lib_OneWire.c,21 :: 		
0x24C8	0xDFD8      	RCALL       _Delay_80us
;__Lib_OneWire.c,22 :: 		
0x24CA	0x503A      	MOVF        Ow_Reset_bit_mask_1_L0, 0 
0x24CC	0x14EF      	ANDWF       INDF0, 0 
0x24CE	0x6E39      	MOVWF       Ow_Reset_res_L0 
0x24D0	0x5039      	MOVF        Ow_Reset_res_L0, 0 
0x24D2	0x0A00      	XORLW       0
0x24D4	0x0E00      	MOVLW       0
0x24D6	0xA4D8      	BTFSS       STATUS, 2 
0x24D8	0x0E01      	MOVLW       1
0x24DA	0x6E39      	MOVWF       Ow_Reset_res_L0 
;__Lib_OneWire.c,23 :: 		
0x24DC	0xDFC3      	RCALL       _Delay_500us
;__Lib_OneWire.c,24 :: 		
0x24DE	0xF000C039  	MOVFF       Ow_Reset_res_L0, R0
;__Lib_OneWire.c,25 :: 		
L_end_Ow_Reset:
0x24E2	0x0012      	RETURN      0
; end of _Ow_Reset
_Ow_Read:
;__Lib_OneWire.c,28 :: 		
;__Lib_OneWire.c,31 :: 		
0x24E4	0xF001C038  	MOVFF       FARG_Ow_Read_pin, R1
0x24E8	0x0E01      	MOVLW       1
0x24EA	0x6E00      	MOVWF       R0 
0x24EC	0x5001      	MOVF        R1, 0 
L__Ow_Read12:
0x24EE	0xE004      	BZ          L__Ow_Read13
0x24F0	0x3600      	RLCF        R0, 1 
0x24F2	0x9000      	BCF         R0, 0 
0x24F4	0x0FFF      	ADDLW       255
0x24F6	0xD7FB      	BRA         L__Ow_Read12
L__Ow_Read13:
0x24F8	0xF03CC000  	MOVFF       R0, Ow_Read_bit_mask_1_L0
;__Lib_OneWire.c,32 :: 		
0x24FC	0x1C00      	COMF        R0, 0 
0x24FE	0x6E3B      	MOVWF       Ow_Read_bit_mask_0_L0 
;__Lib_OneWire.c,34 :: 		
0x2500	0x6A3A      	CLRF        Ow_Read_tmp_L0 
;__Lib_OneWire.c,35 :: 		
0x2502	0xFFE9C036  	MOVFF       FARG_Ow_Read_port, FSR0
0x2506	0xFFEAC037  	MOVFF       FARG_Ow_Read_port+1, FSR0+1
;__Lib_OneWire.c,37 :: 		
0x250A	0x6A39      	CLRF        Ow_Read_i_L0 
L_Ow_Read0:
0x250C	0x5039      	MOVF        Ow_Read_i_L0, 0 
0x250E	0x0807      	SUBLW       7
0x2510	0xE320      	BNC         L_Ow_Read1
;__Lib_OneWire.c,38 :: 		
0x2512	0x503B      	MOVF        Ow_Read_bit_mask_0_L0, 0 
0x2514	0x16EF      	ANDWF       INDF0, 1 
;__Lib_OneWire.c,40 :: 		
0x2516	0x0E12      	MOVLW       18
0x2518	0x26E9      	ADDWF       FSR0L, 1 
;__Lib_OneWire.c,41 :: 		
0x251A	0x503B      	MOVF        Ow_Read_bit_mask_0_L0, 0 
0x251C	0x16EF      	ANDWF       INDF0, 1 
;__Lib_OneWire.c,42 :: 		
0x251E	0xDF2B      	RCALL       _Delay_1us
;__Lib_OneWire.c,44 :: 		
0x2520	0x503C      	MOVF        Ow_Read_bit_mask_1_L0, 0 
0x2522	0x12EF      	IORWF       INDF0, 1 
;__Lib_OneWire.c,45 :: 		
0x2524	0xDF28      	RCALL       _Delay_1us
;__Lib_OneWire.c,47 :: 		
0x2526	0x0E12      	MOVLW       18
0x2528	0x5EE9      	SUBWF       FSR0L, 1 
;__Lib_OneWire.c,48 :: 		
0x252A	0x503C      	MOVF        Ow_Read_bit_mask_1_L0, 0 
0x252C	0x14EF      	ANDWF       INDF0, 0 
0x252E	0x6E00      	MOVWF       R0 
0x2530	0xE00C      	BZ          L_Ow_Read3
;__Lib_OneWire.c,49 :: 		
0x2532	0xF001C039  	MOVFF       Ow_Read_i_L0, R1
0x2536	0x0E01      	MOVLW       1
0x2538	0x6E00      	MOVWF       R0 
0x253A	0x5001      	MOVF        R1, 0 
L__Ow_Read14:
0x253C	0xE004      	BZ          L__Ow_Read15
0x253E	0x3600      	RLCF        R0, 1 
0x2540	0x9000      	BCF         R0, 0 
0x2542	0x0FFF      	ADDLW       255
0x2544	0xD7FB      	BRA         L__Ow_Read14
L__Ow_Read15:
0x2546	0x5000      	MOVF        R0, 0 
0x2548	0x123A      	IORWF       Ow_Read_tmp_L0, 1 
L_Ow_Read3:
;__Lib_OneWire.c,51 :: 		
0x254A	0xDF03      	RCALL       _Delay_50us
;__Lib_OneWire.c,52 :: 		
0x254C	0xDF02      	RCALL       _Delay_50us
;__Lib_OneWire.c,37 :: 		
0x254E	0x2A39      	INCF        Ow_Read_i_L0, 1 
;__Lib_OneWire.c,53 :: 		
0x2550	0xD7DD      	BRA         L_Ow_Read0
L_Ow_Read1:
;__Lib_OneWire.c,54 :: 		
0x2552	0xF000C03A  	MOVFF       Ow_Read_tmp_L0, R0
;__Lib_OneWire.c,55 :: 		
L_end_Ow_Read:
0x2556	0x0012      	RETURN      0
; end of _Ow_Read
_Lcd_Out:
;__Lib_Lcd.c,184 :: 		
;__Lib_Lcd.c,187 :: 		
0x2558	0xD00F      	BRA         L_Lcd_Out11
;__Lib_Lcd.c,188 :: 		
L_Lcd_Out13:
0x255A	0x0E80      	MOVLW       128
0x255C	0x6E36      	MOVWF       FARG_Lcd_Out_row 
0x255E	0xD019      	BRA         L_Lcd_Out12
;__Lib_Lcd.c,189 :: 		
L_Lcd_Out14:
0x2560	0x0EC0      	MOVLW       192
0x2562	0x6E36      	MOVWF       FARG_Lcd_Out_row 
0x2564	0xD016      	BRA         L_Lcd_Out12
;__Lib_Lcd.c,190 :: 		
L_Lcd_Out15:
0x2566	0x0E94      	MOVLW       148
0x2568	0x6E36      	MOVWF       FARG_Lcd_Out_row 
0x256A	0xD013      	BRA         L_Lcd_Out12
;__Lib_Lcd.c,191 :: 		
L_Lcd_Out16:
0x256C	0x0ED4      	MOVLW       212
0x256E	0x6E36      	MOVWF       FARG_Lcd_Out_row 
0x2570	0xD010      	BRA         L_Lcd_Out12
;__Lib_Lcd.c,192 :: 		
L_Lcd_Out17:
0x2572	0x0E80      	MOVLW       128
0x2574	0x6E36      	MOVWF       FARG_Lcd_Out_row 
;__Lib_Lcd.c,193 :: 		
0x2576	0xD00D      	BRA         L_Lcd_Out12
L_Lcd_Out11:
0x2578	0x5036      	MOVF        FARG_Lcd_Out_row, 0 
0x257A	0x0A01      	XORLW       1
0x257C	0xE0EE      	BZ          L_Lcd_Out13
0x257E	0x5036      	MOVF        FARG_Lcd_Out_row, 0 
0x2580	0x0A02      	XORLW       2
0x2582	0xE0EE      	BZ          L_Lcd_Out14
0x2584	0x5036      	MOVF        FARG_Lcd_Out_row, 0 
0x2586	0x0A03      	XORLW       3
0x2588	0xE0EE      	BZ          L_Lcd_Out15
0x258A	0x5036      	MOVF        FARG_Lcd_Out_row, 0 
0x258C	0x0A04      	XORLW       4
0x258E	0xE0EE      	BZ          L_Lcd_Out16
0x2590	0xD7F0      	BRA         L_Lcd_Out17
L_Lcd_Out12:
;__Lib_Lcd.c,194 :: 		
0x2592	0x0437      	DECF        FARG_Lcd_Out_column, 0 
0x2594	0x6E00      	MOVWF       R0 
0x2596	0x5036      	MOVF        FARG_Lcd_Out_row, 0 
0x2598	0x2600      	ADDWF       R0, 1 
0x259A	0xF036C000  	MOVFF       R0, FARG_Lcd_Out_row
;__Lib_Lcd.c,196 :: 		
0x259E	0xF03EC000  	MOVFF       R0, FARG_Lcd_Cmd_out_char
0x25A2	0xDEF0      	RCALL       _Lcd_Cmd
;__Lib_Lcd.c,197 :: 		
0x25A4	0x9033      	BCF         __Lib_Lcd_cmd_status, BitPos(__Lib_Lcd_cmd_status+0) 
;__Lib_Lcd.c,198 :: 		
0x25A6	0x6A3A      	CLRF        Lcd_Out_i_L0 
;__Lib_Lcd.c,199 :: 		
L_Lcd_Out18:
0x25A8	0x503A      	MOVF        Lcd_Out_i_L0, 0 
0x25AA	0x2438      	ADDWF       FARG_Lcd_Out_text, 0 
0x25AC	0x6EE9      	MOVWF       FSR0L 
0x25AE	0x0E00      	MOVLW       0
0x25B0	0x2039      	ADDWFC      FARG_Lcd_Out_text+1, 0 
0x25B2	0x6EEA      	MOVWF       FSR0L+1 
0x25B4	0x52EE      	MOVF        POSTINC0, 1 
0x25B6	0xE00B      	BZ          L_Lcd_Out19
;__Lib_Lcd.c,200 :: 		
0x25B8	0x503A      	MOVF        Lcd_Out_i_L0, 0 
0x25BA	0x2438      	ADDWF       FARG_Lcd_Out_text, 0 
0x25BC	0x6EE9      	MOVWF       FSR0L 
0x25BE	0x0E00      	MOVLW       0
0x25C0	0x2039      	ADDWFC      FARG_Lcd_Out_text+1, 0 
0x25C2	0x6EEA      	MOVWF       FSR0L+1 
0x25C4	0xF03DCFEE  	MOVFF       POSTINC0, FARG_Lcd_Chr_CP_out_char
0x25C8	0xDF47      	RCALL       _Lcd_Chr_CP
0x25CA	0x2A3A      	INCF        Lcd_Out_i_L0, 1 
0x25CC	0xD7ED      	BRA         L_Lcd_Out18
L_Lcd_Out19:
;__Lib_Lcd.c,201 :: 		
0x25CE	0x8033      	BSF         __Lib_Lcd_cmd_status, BitPos(__Lib_Lcd_cmd_status+0) 
;__Lib_Lcd.c,202 :: 		
L_end_Lcd_Out:
0x25D0	0x0012      	RETURN      0
; end of _Lcd_Out
___CC2DW:
;__Lib_System.c,21 :: 		
;__Lib_System.c,23 :: 		
_CC2DL_Loop1:
;__Lib_System.c,24 :: 		
0x25D2	0x0009      	TBLRD*+
;__Lib_System.c,25 :: 		
0x25D4	0xFFE6CFF5  	MOVFF       TABLAT, POSTINC1
;__Lib_System.c,26 :: 		
0x25D8	0x0600      	DECF        R0, 1, 0
;__Lib_System.c,27 :: 		
0x25DA	0xE1FB      	BNZ         _CC2DL_Loop1
;__Lib_System.c,28 :: 		
0x25DC	0x0601      	DECF        R1, 1, 0
;__Lib_System.c,29 :: 		
0x25DE	0xE1F9      	BNZ         _CC2DL_Loop1
;__Lib_System.c,31 :: 		
L_end___CC2DW:
0x25E0	0x0012      	RETURN      0
; end of ___CC2DW
_Lcd_Init:
;__Lib_Lcd.c,84 :: 		
;__Lib_Lcd.c,86 :: 		
0x25E2	0x9493      	BCF         LCD_EN_Direction, BitPos(LCD_EN_Direction+0) 
;__Lib_Lcd.c,87 :: 		
0x25E4	0x9093      	BCF         LCD_RS_Direction, BitPos(LCD_RS_Direction+0) 
;__Lib_Lcd.c,88 :: 		
0x25E6	0x9693      	BCF         LCD_D4_Direction, BitPos(LCD_D4_Direction+0) 
;__Lib_Lcd.c,89 :: 		
0x25E8	0x9893      	BCF         LCD_D5_Direction, BitPos(LCD_D5_Direction+0) 
;__Lib_Lcd.c,90 :: 		
0x25EA	0x9A93      	BCF         LCD_D6_Direction, BitPos(LCD_D6_Direction+0) 
;__Lib_Lcd.c,91 :: 		
0x25EC	0x9C93      	BCF         LCD_D7_Direction, BitPos(LCD_D7_Direction+0) 
;__Lib_Lcd.c,93 :: 		
0x25EE	0x948A      	BCF         LCD_EN, BitPos(LCD_EN+0) 
;__Lib_Lcd.c,94 :: 		
0x25F0	0x908A      	BCF         LCD_RS, BitPos(LCD_RS+0) 
;__Lib_Lcd.c,95 :: 		
0x25F2	0x9C8A      	BCF         LCD_D7, BitPos(LCD_D7+0) 
;__Lib_Lcd.c,96 :: 		
0x25F4	0x9A8A      	BCF         LCD_D6, BitPos(LCD_D6+0) 
;__Lib_Lcd.c,97 :: 		
0x25F6	0x988A      	BCF         LCD_D5, BitPos(LCD_D5+0) 
;__Lib_Lcd.c,98 :: 		
0x25F8	0x968A      	BCF         LCD_D4, BitPos(LCD_D4+0) 
;__Lib_Lcd.c,100 :: 		
0x25FA	0xDEB2      	RCALL       _Delay_5500us
;__Lib_Lcd.c,101 :: 		
0x25FC	0xDEB1      	RCALL       _Delay_5500us
;__Lib_Lcd.c,102 :: 		
0x25FE	0xDEB0      	RCALL       _Delay_5500us
;__Lib_Lcd.c,105 :: 		
0x2600	0x888A      	BSF         LCD_D5, BitPos(LCD_D5+0) 
;__Lib_Lcd.c,106 :: 		
0x2602	0x868A      	BSF         LCD_D4, BitPos(LCD_D4+0) 
;__Lib_Lcd.c,107 :: 		
0x2604	0x848A      	BSF         LCD_EN, BitPos(LCD_EN+0) 
;__Lib_Lcd.c,108 :: 		
0x2606	0xDEB7      	RCALL       _Delay_1us
;__Lib_Lcd.c,109 :: 		
0x2608	0x948A      	BCF         LCD_EN, BitPos(LCD_EN+0) 
;__Lib_Lcd.c,110 :: 		
0x260A	0xDEAA      	RCALL       _Delay_5500us
;__Lib_Lcd.c,112 :: 		
0x260C	0x848A      	BSF         LCD_EN, BitPos(LCD_EN+0) 
;__Lib_Lcd.c,113 :: 		
0x260E	0xDEB3      	RCALL       _Delay_1us
;__Lib_Lcd.c,114 :: 		
0x2610	0x948A      	BCF         LCD_EN, BitPos(LCD_EN+0) 
;__Lib_Lcd.c,115 :: 		
0x2612	0xDEA6      	RCALL       _Delay_5500us
;__Lib_Lcd.c,117 :: 		
0x2614	0x848A      	BSF         LCD_EN, BitPos(LCD_EN+0) 
;__Lib_Lcd.c,118 :: 		
0x2616	0xDEAF      	RCALL       _Delay_1us
;__Lib_Lcd.c,119 :: 		
0x2618	0x948A      	BCF         LCD_EN, BitPos(LCD_EN+0) 
;__Lib_Lcd.c,120 :: 		
0x261A	0xDEA2      	RCALL       _Delay_5500us
;__Lib_Lcd.c,123 :: 		
0x261C	0x968A      	BCF         LCD_D4, BitPos(LCD_D4+0) 
;__Lib_Lcd.c,124 :: 		
0x261E	0x848A      	BSF         LCD_EN, BitPos(LCD_EN+0) 
;__Lib_Lcd.c,125 :: 		
0x2620	0xDEAA      	RCALL       _Delay_1us
;__Lib_Lcd.c,126 :: 		
0x2622	0x948A      	BCF         LCD_EN, BitPos(LCD_EN+0) 
;__Lib_Lcd.c,127 :: 		
0x2624	0xDE9D      	RCALL       _Delay_5500us
;__Lib_Lcd.c,130 :: 		
0x2626	0x848A      	BSF         LCD_EN, BitPos(LCD_EN+0) 
;__Lib_Lcd.c,131 :: 		
0x2628	0xDEA6      	RCALL       _Delay_1us
;__Lib_Lcd.c,132 :: 		
0x262A	0x948A      	BCF         LCD_EN, BitPos(LCD_EN+0) 
;__Lib_Lcd.c,134 :: 		
0x262C	0x988A      	BCF         LCD_D5, BitPos(LCD_D5+0) 
;__Lib_Lcd.c,135 :: 		
0x262E	0x8C8A      	BSF         LCD_D7, BitPos(LCD_D7+0) 
;__Lib_Lcd.c,136 :: 		
0x2630	0x848A      	BSF         LCD_EN, BitPos(LCD_EN+0) 
;__Lib_Lcd.c,137 :: 		
0x2632	0xDEA1      	RCALL       _Delay_1us
;__Lib_Lcd.c,138 :: 		
0x2634	0x948A      	BCF         LCD_EN, BitPos(LCD_EN+0) 
;__Lib_Lcd.c,139 :: 		
0x2636	0xDE94      	RCALL       _Delay_5500us
;__Lib_Lcd.c,142 :: 		
0x2638	0x9C8A      	BCF         LCD_D7, BitPos(LCD_D7+0) 
;__Lib_Lcd.c,143 :: 		
0x263A	0x868A      	BSF         LCD_D4, BitPos(LCD_D4+0) 
;__Lib_Lcd.c,144 :: 		
0x263C	0x848A      	BSF         LCD_EN, BitPos(LCD_EN+0) 
;__Lib_Lcd.c,145 :: 		
0x263E	0xDE9B      	RCALL       _Delay_1us
;__Lib_Lcd.c,146 :: 		
0x2640	0x948A      	BCF         LCD_EN, BitPos(LCD_EN+0) 
;__Lib_Lcd.c,148 :: 		
0x2642	0x968A      	BCF         LCD_D4, BitPos(LCD_D4+0) 
;__Lib_Lcd.c,149 :: 		
0x2644	0x848A      	BSF         LCD_EN, BitPos(LCD_EN+0) 
;__Lib_Lcd.c,150 :: 		
0x2646	0xDE97      	RCALL       _Delay_1us
;__Lib_Lcd.c,151 :: 		
0x2648	0x948A      	BCF         LCD_EN, BitPos(LCD_EN+0) 
;__Lib_Lcd.c,152 :: 		
0x264A	0xDE8A      	RCALL       _Delay_5500us
;__Lib_Lcd.c,155 :: 		
0x264C	0x848A      	BSF         LCD_EN, BitPos(LCD_EN+0) 
;__Lib_Lcd.c,156 :: 		
0x264E	0xDE93      	RCALL       _Delay_1us
;__Lib_Lcd.c,157 :: 		
0x2650	0x948A      	BCF         LCD_EN, BitPos(LCD_EN+0) 
;__Lib_Lcd.c,159 :: 		
0x2652	0x868A      	BSF         LCD_D4, BitPos(LCD_D4+0) 
;__Lib_Lcd.c,160 :: 		
0x2654	0x848A      	BSF         LCD_EN, BitPos(LCD_EN+0) 
;__Lib_Lcd.c,161 :: 		
0x2656	0xDE8F      	RCALL       _Delay_1us
;__Lib_Lcd.c,162 :: 		
0x2658	0x948A      	BCF         LCD_EN, BitPos(LCD_EN+0) 
;__Lib_Lcd.c,163 :: 		
0x265A	0xDE82      	RCALL       _Delay_5500us
;__Lib_Lcd.c,166 :: 		
0x265C	0x968A      	BCF         LCD_D4, BitPos(LCD_D4+0) 
;__Lib_Lcd.c,167 :: 		
0x265E	0x848A      	BSF         LCD_EN, BitPos(LCD_EN+0) 
;__Lib_Lcd.c,168 :: 		
0x2660	0xDE8A      	RCALL       _Delay_1us
;__Lib_Lcd.c,169 :: 		
0x2662	0x948A      	BCF         LCD_EN, BitPos(LCD_EN+0) 
;__Lib_Lcd.c,171 :: 		
0x2664	0x8C8A      	BSF         LCD_D7, BitPos(LCD_D7+0) 
;__Lib_Lcd.c,172 :: 		
0x2666	0x8A8A      	BSF         LCD_D6, BitPos(LCD_D6+0) 
;__Lib_Lcd.c,173 :: 		
0x2668	0x888A      	BSF         LCD_D5, BitPos(LCD_D5+0) 
;__Lib_Lcd.c,174 :: 		
0x266A	0x868A      	BSF         LCD_D4, BitPos(LCD_D4+0) 
;__Lib_Lcd.c,175 :: 		
0x266C	0x848A      	BSF         LCD_EN, BitPos(LCD_EN+0) 
;__Lib_Lcd.c,176 :: 		
0x266E	0xDE83      	RCALL       _Delay_1us
;__Lib_Lcd.c,177 :: 		
0x2670	0x948A      	BCF         LCD_EN, BitPos(LCD_EN+0) 
;__Lib_Lcd.c,179 :: 		
0x2672	0xDE76      	RCALL       _Delay_5500us
;__Lib_Lcd.c,181 :: 		
0x2674	0x8033      	BSF         __Lib_Lcd_cmd_status, BitPos(__Lib_Lcd_cmd_status+0) 
;__Lib_Lcd.c,182 :: 		
L_end_Lcd_Init:
0x2676	0x0012      	RETURN      0
; end of _Lcd_Init
_Div_16x16_S:
;__Lib_Math.c,200 :: 		
;__Lib_Math.c,208 :: 		
0x2678	0x5004      	MOVF        R4, 0 
0x267A	0x0A00      	XORLW       0
0x267C	0xE108      	BNZ         L_Div_16x16_S0
;__Lib_Math.c,209 :: 		
0x267E	0x5005      	MOVF        R5, 0 
0x2680	0x0A00      	XORLW       0
0x2682	0xE105      	BNZ         L_Div_16x16_S1
;__Lib_Math.c,210 :: 		
0x2684	0x0EFF      	MOVLW       255
0x2686	0x6E00      	MOVWF       R0 
;__Lib_Math.c,211 :: 		
0x2688	0x0E7F      	MOVLW       127
0x268A	0x6E01      	MOVWF       R1 
;__Lib_Math.c,212 :: 		
0x268C	0xD057      	BRA         L_end_Div_16x16_S
;__Lib_Math.c,213 :: 		
L_Div_16x16_S1:
L_Div_16x16_S0:
;__Lib_Math.c,216 :: 		
0x268E	0x6A0D      	CLRF        R13, 0
;__Lib_Math.c,217 :: 		
0x2690	0x6A09      	CLRF        R9, 0
;__Lib_Math.c,218 :: 		
0x2692	0x6A08      	CLRF        R8, 0
;__Lib_Math.c,219 :: 		
0x2694	0x5001      	MOVF        R1, 0, 0
;__Lib_Math.c,220 :: 		
0x2696	0x1000      	IORWF       R0, 0, 0
;__Lib_Math.c,221 :: 		
0x2698	0xB4D8      	BTFSC       STATUS, 2, 0
;__Lib_Math.c,222 :: 		
0x269A	0x0C00      	RETLW       0
;__Lib_Math.c,224 :: 		
0x269C	0x5001      	MOVF        R1, 0, 0
;__Lib_Math.c,225 :: 		
0x269E	0x1805      	XORWF       R5, 0, 0
;__Lib_Math.c,226 :: 		
0x26A0	0x6E0A      	MOVWF       R10, 0
;__Lib_Math.c,227 :: 		
0x26A2	0xBE0A      	BTFSC       R10, 7, 0
;__Lib_Math.c,228 :: 		
0x26A4	0x1E0D      	COMF        R13, 1, 0
;__Lib_Math.c,230 :: 		
0x26A6	0x6A0B      	CLRF        R11, 0
;__Lib_Math.c,232 :: 		
0x26A8	0xAE05      	BTFSS       R5, 7, 0
;__Lib_Math.c,233 :: 		
0x26AA	0xD005      	BRA         $+12
;__Lib_Math.c,235 :: 		
0x26AC	0x1E04      	COMF        R4, 1, 0
;__Lib_Math.c,236 :: 		
0x26AE	0x1E05      	COMF        R5, 1, 0
;__Lib_Math.c,237 :: 		
0x26B0	0x2A04      	INCF        R4, 1, 0
;__Lib_Math.c,238 :: 		
0x26B2	0xB4D8      	BTFSC       STATUS, 2, 0
;__Lib_Math.c,239 :: 		
0x26B4	0x2A05      	INCF        R5, 1, 0
;__Lib_Math.c,241 :: 		
0x26B6	0xAE01      	BTFSS       R1, 7, 0
;__Lib_Math.c,242 :: 		
0x26B8	0xD005      	BRA         $+12
;__Lib_Math.c,244 :: 		
0x26BA	0x1E00      	COMF        R0, 1, 0
;__Lib_Math.c,245 :: 		
0x26BC	0x1E01      	COMF        R1, 1, 0
;__Lib_Math.c,246 :: 		
0x26BE	0x2A00      	INCF        R0, 1, 0
;__Lib_Math.c,247 :: 		
0x26C0	0xB4D8      	BTFSC       STATUS, 2, 0
;__Lib_Math.c,248 :: 		
0x26C2	0x2A01      	INCF        R1, 1, 0
;__Lib_Math.c,250 :: 		
0x26C4	0x5001      	MOVF        R1, 0, 0
;__Lib_Math.c,251 :: 		
0x26C6	0x1005      	IORWF       R5, 0, 0
;__Lib_Math.c,252 :: 		
0x26C8	0x6E0A      	MOVWF       R10, 0
;__Lib_Math.c,253 :: 		
0x26CA	0xBE0A      	BTFSC       R10, 7, 0
;__Lib_Math.c,254 :: 		
0x26CC	0xD010      	BRA         $+34
;__Lib_Math.c,256 :: 		
0x26CE	0xDE98      	RCALL       _Div_16x16_S_L
;__Lib_Math.c,258 :: 		
0x26D0	0xB00B      	BTFSC       R11, 0, 0
;__Lib_Math.c,259 :: 		
0x26D2	0xD020      	BRA         $+66
;__Lib_Math.c,261 :: 		
0x26D4	0xAE0D      	BTFSS       R13, 7, 0
;__Lib_Math.c,262 :: 		
0x26D6	0x0C00      	RETLW       0
;__Lib_Math.c,264 :: 		
0x26D8	0x1E00      	COMF        R0, 1, 0
;__Lib_Math.c,265 :: 		
0x26DA	0x1E01      	COMF        R1, 1, 0
;__Lib_Math.c,266 :: 		
0x26DC	0x2A00      	INCF        R0, 1, 0
;__Lib_Math.c,267 :: 		
0x26DE	0xB4D8      	BTFSC       STATUS, 2, 0
;__Lib_Math.c,268 :: 		
0x26E0	0x2A01      	INCF        R1, 1, 0
;__Lib_Math.c,270 :: 		
0x26E2	0x1E08      	COMF        R8, 1, 0
;__Lib_Math.c,271 :: 		
0x26E4	0x1E09      	COMF        R9, 1, 0
;__Lib_Math.c,272 :: 		
0x26E6	0x2A08      	INCF        R8, 1, 0
;__Lib_Math.c,273 :: 		
0x26E8	0xB4D8      	BTFSC       STATUS, 2, 0
;__Lib_Math.c,274 :: 		
0x26EA	0x2A09      	INCF        R9, 1, 0
;__Lib_Math.c,276 :: 		
0x26EC	0x0C00      	RETLW       0
;__Lib_Math.c,278 :: 		
0x26EE	0xAE05      	BTFSS       R5, 7, 0
;__Lib_Math.c,279 :: 		
0x26F0	0xD00D      	BRA         $+28
;__Lib_Math.c,280 :: 		
0x26F2	0xBE01      	BTFSC       R1, 7, 0
;__Lib_Math.c,281 :: 		
0x26F4	0xD007      	BRA         $+16
;__Lib_Math.c,282 :: 		
0x26F6	0x5001      	MOVF        R1, 0, 0
;__Lib_Math.c,283 :: 		
0x26F8	0x6E09      	MOVWF       R9, 0
;__Lib_Math.c,284 :: 		
0x26FA	0x5000      	MOVF        R0, 0, 0
;__Lib_Math.c,285 :: 		
0x26FC	0x6E08      	MOVWF       R8, 0
;__Lib_Math.c,286 :: 		
0x26FE	0x6A01      	CLRF        R1, 0
;__Lib_Math.c,287 :: 		
0x2700	0x6A00      	CLRF        R0, 0
;__Lib_Math.c,288 :: 		
0x2702	0xD7E8      	BRA         $-46
;__Lib_Math.c,289 :: 		
0x2704	0x6A01      	CLRF        R1, 0
;__Lib_Math.c,290 :: 		
0x2706	0x6A00      	CLRF        R0, 0
;__Lib_Math.c,291 :: 		
0x2708	0x2A00      	INCF        R0, 1, 0
;__Lib_Math.c,292 :: 		
0x270A	0x0C00      	RETLW       0
;__Lib_Math.c,294 :: 		
0x270C	0x1E01      	COMF        R1, 1, 0
;__Lib_Math.c,295 :: 		
0x270E	0x1E00      	COMF        R0, 1, 0
;__Lib_Math.c,296 :: 		
0x2710	0x2A0B      	INCF        R11, 1, 0
;__Lib_Math.c,297 :: 		
0x2712	0xD7DD      	BRA         $-68
;__Lib_Math.c,299 :: 		
0x2714	0x2A08      	INCF        R8, 1, 0
;__Lib_Math.c,300 :: 		
0x2716	0xB4D8      	BTFSC       STATUS, 2, 0
;__Lib_Math.c,301 :: 		
0x2718	0x2A09      	INCF        R9, 1, 0
;__Lib_Math.c,302 :: 		
0x271A	0x5004      	MOVF        R4, 0, 0
;__Lib_Math.c,303 :: 		
0x271C	0x5C08      	SUBWF       R8, 0, 0
;__Lib_Math.c,304 :: 		
0x271E	0xA4D8      	BTFSS       STATUS, 2, 0
;__Lib_Math.c,305 :: 		
0x2720	0xD7D9      	BRA         $-76
;__Lib_Math.c,306 :: 		
0x2722	0x5005      	MOVF        R5, 0, 0
;__Lib_Math.c,307 :: 		
0x2724	0x5C09      	SUBWF       R9, 0, 0
;__Lib_Math.c,308 :: 		
0x2726	0xA4D8      	BTFSS       STATUS, 2, 0
;__Lib_Math.c,309 :: 		
0x2728	0xD7D5      	BRA         $-84
;__Lib_Math.c,310 :: 		
0x272A	0x6A09      	CLRF        R9, 0
;__Lib_Math.c,311 :: 		
0x272C	0x6A08      	CLRF        R8, 0
;__Lib_Math.c,312 :: 		
0x272E	0x2A00      	INCF        R0, 1, 0
;__Lib_Math.c,313 :: 		
0x2730	0xB4D8      	BTFSC       STATUS, 2, 0
;__Lib_Math.c,314 :: 		
0x2732	0x2A01      	INCF        R1, 1, 0
;__Lib_Math.c,315 :: 		
0x2734	0xAE01      	BTFSS       R1, 7, 0
;__Lib_Math.c,316 :: 		
0x2736	0xD7CE      	BRA         $-98
;__Lib_Math.c,317 :: 		
0x2738	0x0000      	NOP
;__Lib_Math.c,318 :: 		
0x273A	0x0CFF      	RETLW       255
;__Lib_Math.c,320 :: 		
L_end_Div_16x16_S:
0x273C	0x0012      	RETURN      0
; end of _Div_16x16_S
_Lcd_Chr:
;__Lib_Lcd.c,65 :: 		
;__Lib_Lcd.c,66 :: 		
0x273E	0xD00F      	BRA         L_Lcd_Chr4
;__Lib_Lcd.c,67 :: 		
L_Lcd_Chr6:
0x2740	0x0E80      	MOVLW       128
0x2742	0x6E36      	MOVWF       FARG_Lcd_Chr_row 
0x2744	0xD019      	BRA         L_Lcd_Chr5
;__Lib_Lcd.c,68 :: 		
L_Lcd_Chr7:
0x2746	0x0EC0      	MOVLW       192
0x2748	0x6E36      	MOVWF       FARG_Lcd_Chr_row 
0x274A	0xD016      	BRA         L_Lcd_Chr5
;__Lib_Lcd.c,69 :: 		
L_Lcd_Chr8:
0x274C	0x0E94      	MOVLW       148
0x274E	0x6E36      	MOVWF       FARG_Lcd_Chr_row 
0x2750	0xD013      	BRA         L_Lcd_Chr5
;__Lib_Lcd.c,70 :: 		
L_Lcd_Chr9:
0x2752	0x0ED4      	MOVLW       212
0x2754	0x6E36      	MOVWF       FARG_Lcd_Chr_row 
0x2756	0xD010      	BRA         L_Lcd_Chr5
;__Lib_Lcd.c,71 :: 		
L_Lcd_Chr10:
0x2758	0x0E80      	MOVLW       128
0x275A	0x6E36      	MOVWF       FARG_Lcd_Chr_row 
;__Lib_Lcd.c,72 :: 		
0x275C	0xD00D      	BRA         L_Lcd_Chr5
L_Lcd_Chr4:
0x275E	0x5036      	MOVF        FARG_Lcd_Chr_row, 0 
0x2760	0x0A01      	XORLW       1
0x2762	0xE0EE      	BZ          L_Lcd_Chr6
0x2764	0x5036      	MOVF        FARG_Lcd_Chr_row, 0 
0x2766	0x0A02      	XORLW       2
0x2768	0xE0EE      	BZ          L_Lcd_Chr7
0x276A	0x5036      	MOVF        FARG_Lcd_Chr_row, 0 
0x276C	0x0A03      	XORLW       3
0x276E	0xE0EE      	BZ          L_Lcd_Chr8
0x2770	0x5036      	MOVF        FARG_Lcd_Chr_row, 0 
0x2772	0x0A04      	XORLW       4
0x2774	0xE0EE      	BZ          L_Lcd_Chr9
0x2776	0xD7F0      	BRA         L_Lcd_Chr10
L_Lcd_Chr5:
;__Lib_Lcd.c,74 :: 		
0x2778	0x0437      	DECF        FARG_Lcd_Chr_column, 0 
0x277A	0x6E00      	MOVWF       R0 
0x277C	0x5036      	MOVF        FARG_Lcd_Chr_row, 0 
0x277E	0x2600      	ADDWF       R0, 1 
0x2780	0xF036C000  	MOVFF       R0, FARG_Lcd_Chr_row
;__Lib_Lcd.c,76 :: 		
0x2784	0x8033      	BSF         __Lib_Lcd_cmd_status, BitPos(__Lib_Lcd_cmd_status+0) 
;__Lib_Lcd.c,77 :: 		
0x2786	0xF03EC000  	MOVFF       R0, FARG_Lcd_Cmd_out_char
0x278A	0xDDFC      	RCALL       _Lcd_Cmd
;__Lib_Lcd.c,79 :: 		
0x278C	0x9033      	BCF         __Lib_Lcd_cmd_status, BitPos(__Lib_Lcd_cmd_status+0) 
;__Lib_Lcd.c,80 :: 		
0x278E	0xF03EC038  	MOVFF       FARG_Lcd_Chr_out_char, FARG_Lcd_Cmd_out_char
0x2792	0xDDF8      	RCALL       _Lcd_Cmd
;__Lib_Lcd.c,81 :: 		
0x2794	0x8033      	BSF         __Lib_Lcd_cmd_status, BitPos(__Lib_Lcd_cmd_status+0) 
;__Lib_Lcd.c,82 :: 		
L_end_Lcd_Chr:
0x2796	0x0012      	RETURN      0
; end of _Lcd_Chr
_Ow_Write:
;__Lib_OneWire.c,58 :: 		
;__Lib_OneWire.c,61 :: 		
0x2798	0xF001C038  	MOVFF       FARG_Ow_Write_pin, R1
0x279C	0x0E01      	MOVLW       1
0x279E	0x6E00      	MOVWF       R0 
0x27A0	0x5001      	MOVF        R1, 0 
L__Ow_Write17:
0x27A2	0xE004      	BZ          L__Ow_Write18
0x27A4	0x3600      	RLCF        R0, 1 
0x27A6	0x9000      	BCF         R0, 0 
0x27A8	0x0FFF      	ADDLW       255
0x27AA	0xD7FB      	BRA         L__Ow_Write17
L__Ow_Write18:
0x27AC	0xF03CC000  	MOVFF       R0, Ow_Write_bit_mask_1_L0
;__Lib_OneWire.c,62 :: 		
0x27B0	0x1E00      	COMF        R0, 1 
0x27B2	0xF03BC000  	MOVFF       R0, Ow_Write_bit_mask_0_L0
;__Lib_OneWire.c,64 :: 		
0x27B6	0xFFE9C036  	MOVFF       FARG_Ow_Write_port, FSR0
0x27BA	0xFFEAC037  	MOVFF       FARG_Ow_Write_port+1, FSR0+1
;__Lib_OneWire.c,65 :: 		
0x27BE	0x5000      	MOVF        R0, 0 
0x27C0	0x16EF      	ANDWF       INDF0, 1 
;__Lib_OneWire.c,67 :: 		
0x27C2	0x0E12      	MOVLW       18
0x27C4	0x26E9      	ADDWF       FSR0L, 1 
;__Lib_OneWire.c,69 :: 		
0x27C6	0x6A3A      	CLRF        Ow_Write_i_L0 
L_Ow_Write4:
0x27C8	0x503A      	MOVF        Ow_Write_i_L0, 0 
0x27CA	0x0807      	SUBLW       7
0x27CC	0xE315      	BNC         L_Ow_Write5
;__Lib_OneWire.c,70 :: 		
0x27CE	0xF000C03A  	MOVFF       Ow_Write_i_L0, R0
0x27D2	0xF001C039  	MOVFF       FARG_Ow_Write_data_, R1
0x27D6	0x5000      	MOVF        R0, 0 
L__Ow_Write19:
0x27D8	0xE004      	BZ          L__Ow_Write20
0x27DA	0x3201      	RRCF        R1, 1 
0x27DC	0x9E01      	BCF         R1, 7 
0x27DE	0x0FFF      	ADDLW       255
0x27E0	0xD7FB      	BRA         L__Ow_Write19
L__Ow_Write20:
;__Lib_OneWire.c,73 :: 		
0x27E2	0x503B      	MOVF        Ow_Write_bit_mask_0_L0, 0 
0x27E4	0x16EF      	ANDWF       INDF0, 1 
;__Lib_OneWire.c,75 :: 		
0x27E6	0xA001      	BTFSS       R1, 0 
0x27E8	0xD002      	BRA         L_Ow_Write7
;__Lib_OneWire.c,76 :: 		
0x27EA	0x503C      	MOVF        Ow_Write_bit_mask_1_L0, 0 
0x27EC	0x12EF      	IORWF       INDF0, 1 
;__Lib_OneWire.c,77 :: 		
L_Ow_Write7:
;__Lib_OneWire.c,79 :: 		
0x27EE	0xDE45      	RCALL       _Delay_80us
;__Lib_OneWire.c,81 :: 		
0x27F0	0x503C      	MOVF        Ow_Write_bit_mask_1_L0, 0 
0x27F2	0x12EF      	IORWF       INDF0, 1 
;__Lib_OneWire.c,69 :: 		
0x27F4	0x2A3A      	INCF        Ow_Write_i_L0, 1 
;__Lib_OneWire.c,83 :: 		
0x27F6	0xD7E8      	BRA         L_Ow_Write4
L_Ow_Write5:
;__Lib_OneWire.c,84 :: 		
0x27F8	0x0E12      	MOVLW       18
0x27FA	0x5EE9      	SUBWF       FSR0L, 1 
;__Lib_OneWire.c,86 :: 		
0x27FC	0xDDAA      	RCALL       _Delay_50us
;__Lib_OneWire.c,87 :: 		
0x27FE	0xDDA9      	RCALL       _Delay_50us
;__Lib_OneWire.c,88 :: 		
L_end_Ow_Write:
0x2800	0x0012      	RETURN      0
; end of _Ow_Write
_Mul_16X16_U:
;__Lib_Math.c,440 :: 		
;__Lib_Math.c,447 :: 		
0x2802	0x6A0B      	CLRF        R11, 0
;__Lib_Math.c,448 :: 		
0x2804	0x6A0A      	CLRF        R10, 0
;__Lib_Math.c,449 :: 		
0x2806	0x6A09      	CLRF        R9, 0
;__Lib_Math.c,450 :: 		
0x2808	0x5000      	MOVF        R0, 0, 0
;__Lib_Math.c,451 :: 		
0x280A	0x0204      	MULWF       R4, 0
;__Lib_Math.c,453 :: 		
0x280C	0xF009CFF4  	MOVFF       PRODH, R9
;__Lib_Math.c,454 :: 		
0x2810	0xF008CFF3  	MOVFF       PRODL, R8
;__Lib_Math.c,455 :: 		
0x2814	0x5001      	MOVF        R1, 0, 0
;__Lib_Math.c,456 :: 		
0x2816	0x0205      	MULWF       R5, 0
;__Lib_Math.c,458 :: 		
0x2818	0xF00BCFF4  	MOVFF       PRODH, R11
;__Lib_Math.c,459 :: 		
0x281C	0xF00ACFF3  	MOVFF       PRODL, R10
;__Lib_Math.c,460 :: 		
0x2820	0x5000      	MOVF        R0, 0, 0
;__Lib_Math.c,461 :: 		
0x2822	0x0205      	MULWF       R5, 0
;__Lib_Math.c,463 :: 		
0x2824	0x50F3      	MOVF        PRODL, 0, 0
;__Lib_Math.c,464 :: 		
0x2826	0x2609      	ADDWF       R9, 1, 0
;__Lib_Math.c,465 :: 		
0x2828	0x50F4      	MOVF        PRODH, 0, 0
;__Lib_Math.c,466 :: 		
0x282A	0x220A      	ADDWFC      R10, 1, 0
;__Lib_Math.c,467 :: 		
0x282C	0x6AE8      	CLRF        WREG, 0
;__Lib_Math.c,468 :: 		
0x282E	0x220B      	ADDWFC      R11, 1, 0
;__Lib_Math.c,469 :: 		
0x2830	0x5001      	MOVF        R1, 0, 0
;__Lib_Math.c,470 :: 		
0x2832	0x0204      	MULWF       R4, 0
;__Lib_Math.c,472 :: 		
0x2834	0x50F3      	MOVF        PRODL, 0, 0
;__Lib_Math.c,473 :: 		
0x2836	0x2609      	ADDWF       R9, 1, 0
;__Lib_Math.c,474 :: 		
0x2838	0x50F4      	MOVF        PRODH, 0, 0
;__Lib_Math.c,475 :: 		
0x283A	0x220A      	ADDWFC      R10, 1, 0
;__Lib_Math.c,476 :: 		
0x283C	0x6AE8      	CLRF        WREG, 0
;__Lib_Math.c,477 :: 		
0x283E	0x220B      	ADDWFC      R11, 1, 0
;__Lib_Math.c,479 :: 		
0x2840	0xF000C008  	MOVFF       R8, R0
;__Lib_Math.c,480 :: 		
0x2844	0xF001C009  	MOVFF       R9, R1
;__Lib_Math.c,481 :: 		
0x2848	0xF002C00A  	MOVFF       R10, R2
;__Lib_Math.c,482 :: 		
0x284C	0xF003C00B  	MOVFF       R11, R3
;__Lib_Math.c,485 :: 		
L_end_Mul_16X16_U:
0x2850	0x0012      	RETURN      0
; end of _Mul_16X16_U
0x286E	0xF015EE10  	LFSR        1, 21
0x2872	0x0E1C      	MOVLW       28
0x2874	0x6E00      	MOVWF       R0 
0x2876	0x0E01      	MOVLW       1
0x2878	0x6E01      	MOVWF       R1 
0x287A	0x0E52      	MOVLW       82
0x287C	0x6EF6      	MOVWF       4086 
0x287E	0x0E28      	MOVLW       40
0x2880	0x6EF7      	MOVWF       TBLPTRH 
0x2882	0x0E00      	MOVLW       0
0x2884	0x6EF8      	MOVWF       TBLPTRU 
0x2886	0xF012ECE9  	CALL        9682, 0
0x288A	0x0012      	RETURN      0
;DS18B20.c,0 :: ?ICS_temp
0x2852	0x0017 ;?ICS_temp+0
; end of ?ICS_temp
;DS18B20.c,0 :: ?ICS?lstr1_DS18B20
0x2854	0x3030 ;?ICS?lstr1_DS18B20+0
0x2856	0x2E30 ;?ICS?lstr1_DS18B20+2
0x2858	0x3030 ;?ICS?lstr1_DS18B20+4
0x285A	0x3030 ;?ICS?lstr1_DS18B20+6
0x285C	0x00 ;?ICS?lstr1_DS18B20+8
; end of ?ICS?lstr1_DS18B20
;DS18B20.c,0 :: ?ICS?lstr2_DS18B20
0x285D	0x5420 ;?ICS?lstr2_DS18B20+0
0x285F	0x6D65 ;?ICS?lstr2_DS18B20+2
0x2861	0x6570 ;?ICS?lstr2_DS18B20+4
0x2863	0x6172 ;?ICS?lstr2_DS18B20+6
0x2865	0x7574 ;?ICS?lstr2_DS18B20+8
0x2867	0x6572 ;?ICS?lstr2_DS18B20+10
0x2869	0x203A ;?ICS?lstr2_DS18B20+12
0x286B	0x2020 ;?ICS?lstr2_DS18B20+14
0x286D	0x00 ;?ICS?lstr2_DS18B20+16
; end of ?ICS?lstr2_DS18B20
Symbol List:
//** Routines locations **
//ADDRESS    SIZE    PROCEDURE
//----------------------------------------------
0x2000     [850]    _main
0x2352      [14]    _Delay_50us
0x2360      [22]    _Delay_5500us
0x2376      [14]    _Delay_1us
0x2384     [124]    _Lcd_Cmd
0x2400      [88]    _Div_16x16_S_L
0x2458      [12]    _Lcd_Chr_CP
0x2464      [22]    _Delay_500us
0x247A      [22]    _Delay_80us
0x2490      [84]    _Ow_Reset
0x24E4     [116]    _Ow_Read
0x2558     [122]    _Lcd_Out
0x25D2      [16]    ___CC2DW
0x25E2     [150]    _Lcd_Init
0x2678     [198]    _Div_16x16_S
0x273E      [90]    _Lcd_Chr
0x2798     [106]    _Ow_Write
0x2802      [80]    _Mul_16X16_U
//** Variables locations ** 
//ADDRESS    SIZE    VARIABLE
//----------------------------------------------
0x0000       [1]    R0
0x0001       [1]    R1
0x0002       [1]    R2
0x0003       [1]    R3
0x0004       [1]    R4
0x0005       [1]    R5
0x0006       [1]    R6
0x0007       [1]    R7
0x0008       [1]    R8
0x0009       [1]    R9
0x000A       [1]    R10
0x000B       [1]    R11
0x000C       [1]    R12
0x000D       [1]    R13
0x000E       [1]    R14
0x000F       [1]    R15
0x0010       [1]    R16
0x0011       [1]    R17
0x0012       [1]    R18
0x0013       [1]    R19
0x0014       [1]    R20
0x0015       [2]    _temp
0x0017       [9]    ?lstr1_DS18B20
0x0020      [17]    ?lstr2_DS18B20
0x0031       [2]    _raw_temp
0x0033       [0]    __Lib_Lcd_cmd_status
0x0034       [2]    FLOC__main
0x0036       [2]    FARG_Ow_Reset_port
0x0036       [2]    FARG_Ow_Write_port
0x0036       [2]    FARG_Ow_Read_port
0x0036       [1]    FARG_Lcd_Out_row
0x0036       [1]    FARG_Lcd_Chr_row
0x0037       [1]    FARG_Lcd_Out_column
0x0037       [1]    FARG_Lcd_Chr_column
0x0038       [1]    FARG_Ow_Read_pin
0x0038       [1]    FARG_Ow_Reset_pin
0x0038       [1]    FARG_Ow_Write_pin
0x0038       [1]    FARG_Lcd_Chr_out_char
0x0038       [2]    FARG_Lcd_Out_text
0x0039       [1]    Ow_Read_i_L0
0x0039       [1]    FARG_Ow_Write_data_
0x0039       [1]    Ow_Reset_res_L0
0x003A       [1]    Ow_Read_tmp_L0
0x003A       [1]    Lcd_Out_i_L0
0x003A       [1]    Ow_Reset_bit_mask_1_L0
0x003A       [1]    Ow_Write_i_L0
0x003B       [1]    Ow_Read_bit_mask_0_L0
0x003B       [1]    Ow_Write_bit_mask_0_L0
0x003C       [1]    Ow_Write_bit_mask_1_L0
0x003C       [1]    Ow_Read_bit_mask_1_L0
0x003D       [1]    FARG_Lcd_Chr_CP_out_char
0x003E       [1]    FARG_Lcd_Cmd_out_char
0x0F80       [1]    PORTA
0x0F8A       [0]    LCD_RS
0x0F8A       [0]    LATB6_bit
0x0F8A       [0]    LATB5_bit
0x0F8A       [0]    LCD_D7
0x0F8A       [0]    LCD_D4
0x0F8A       [0]    LATB2_bit
0x0F8A       [0]    LATB0_bit
0x0F8A       [0]    LCD_EN
0x0F8A       [0]    LCD_D5
0x0F8A       [0]    LATB4_bit
0x0F8A       [0]    LATB3_bit
0x0F8A       [0]    LCD_D6
0x0F93       [0]    LCD_D5_Direction
0x0F93       [0]    TRISB0_bit
0x0F93       [0]    LCD_EN_Direction
0x0F93       [0]    LCD_D6_Direction
0x0F93       [0]    LCD_D7_Direction
0x0F93       [0]    LCD_D4_Direction
0x0F93       [0]    LCD_RS_Direction
0x0F93       [0]    TRISB4_bit
0x0F93       [0]    TRISB6_bit
0x0F93       [0]    TRISB5_bit
0x0F93       [0]    TRISB3_bit
0x0F93       [0]    TRISB2_bit
0x0FD8       [1]    STATUS
0x0FD9       [1]    FSR2L
0x0FDA       [1]    FSR2H
0x0FDE       [1]    POSTINC2
0x0FE0       [1]    BSR
0x0FE1       [1]    FSR1L
0x0FE2       [1]    FSR1H
0x0FE4       [1]    PREINC1
0x0FE6       [1]    POSTINC1
0x0FE7       [1]    INDF1
0x0FE8       [1]    WREG
0x0FE9       [2]    FSR0
0x0FE9       [1]    FSR0L
0x0FEA       [1]    FSR0H
0x0FEE       [1]    POSTINC0
0x0FEF       [1]    INDF0
0x0FF3       [1]    PRODL
0x0FF4       [1]    PRODH
0x0FF5       [1]    TABLAT
0x0FF6       [1]    TBLPTRL
0x0FF7       [1]    TBLPTRH
0x0FF8       [1]    TBLPTRU
//** Constants locations ** 
//ADDRESS    SIZE    CONSTANT
//----------------------------------------------
0x2852       [2]    ?ICS_temp
0x2854       [9]    ?ICS?lstr1_DS18B20
0x285D      [17]    ?ICS?lstr2_DS18B20
