;  LST file generated by mikroListExporter - v.2.0 
; Date/Time: 14/10/2021 11:37:51 a. m.
;----------------------------------------------

;Address Opcode 	ASM
0x0000	0xF010EF00  	GOTO        8192
0x0004	0x0000      	NOP
0x0006	0x0000      	NOP
0x0008	0xF000EF00  	GOTO        0
0x000C	0x0000      	NOP
0x000E	0x0000      	NOP
0x0010	0x0000      	NOP
0x0012	0x0000      	NOP
0x0014	0x0000      	NOP
0x0016	0x0000      	NOP
0x0018	0xD7F3      	BRA         0
_main:
;push_button.c,28 :: 		void main() org 0x2000         //Se instancia el vector de inicio usando bootloader MICROSIDE
;push_button.c,30 :: 		LATA4_bit = 0;               //Escribe ceros a la salida del pin A4
0x2000	0x9889      	BCF         LATA4_bit, BitPos(LATA4_bit+0) 
;push_button.c,31 :: 		TRISA4_bit = 0;              //Se declara como un pin de salida
0x2002	0x9892      	BCF         TRISA4_bit, BitPos(TRISA4_bit+0) 
;push_button.c,32 :: 		TRISA2_bit = 1;              //Se declara como un pin de entrada
0x2004	0x8492      	BSF         TRISA2_bit, BitPos(TRISA2_bit+0) 
;push_button.c,34 :: 		while(1)
L_main0:
;push_button.c,36 :: 		if (Boton==1) {             //Pregunta el estado del boton
0x2006	0xA480      	BTFSS       PORTA, 2 
0x2008	0xD002      	BRA         L_main2
;push_button.c,37 :: 		LED_OFF;                 //Apaga el LED
0x200A	0x9889      	BCF         LATA4_bit, BitPos(LATA4_bit+0) 
;push_button.c,38 :: 		} else {
0x200C	0xD001      	BRA         L_main3
L_main2:
;push_button.c,39 :: 		LED_ON;                  //Enciende el LED
0x200E	0x8889      	BSF         LATA4_bit, BitPos(LATA4_bit+0) 
;push_button.c,40 :: 		}
L_main3:
;push_button.c,41 :: 		}
0x2010	0xD7FA      	BRA         L_main0
;push_button.c,43 :: 		}
L_end_main:
0x2012	0xD7FF      	BRA         $+0
; end of _main
Symbol List:
//** Routines locations **
//ADDRESS    SIZE    PROCEDURE
//----------------------------------------------
0x2000      [20]    _main
//** Variables locations ** 
//ADDRESS    SIZE    VARIABLE
//----------------------------------------------
0x0000       [1]    R0
0x0001       [1]    R1
0x0002       [1]    R2
0x0003       [1]    R3
0x0004       [1]    R4
0x0005       [1]    R5
0x0006       [1]    R6
0x0007       [1]    R7
0x0008       [1]    R8
0x0009       [1]    R9
0x000A       [1]    R10
0x000B       [1]    R11
0x000C       [1]    R12
0x000D       [1]    R13
0x000E       [1]    R14
0x000F       [1]    R15
0x0010       [1]    R16
0x0011       [1]    R17
0x0012       [1]    R18
0x0013       [1]    R19
0x0014       [1]    R20
0x0F80       [1]    PORTA
0x0F89       [0]    LATA4_bit
0x0F92       [0]    TRISA2_bit
0x0F92       [0]    TRISA4_bit
0x0FD8       [1]    STATUS
0x0FD9       [1]    FSR2L
0x0FDA       [1]    FSR2H
0x0FDE       [1]    POSTINC2
0x0FE0       [1]    BSR
0x0FE1       [1]    FSR1L
0x0FE2       [1]    FSR1H
0x0FE4       [1]    PREINC1
0x0FE6       [1]    POSTINC1
0x0FE7       [1]    INDF1
0x0FE8       [1]    WREG
0x0FE9       [1]    FSR0L
0x0FEA       [1]    FSR0H
0x0FEE       [1]    POSTINC0
0x0FF3       [1]    PRODL
0x0FF4       [1]    PRODH
0x0FF5       [1]    TABLAT
0x0FF6       [1]    TBLPTRL
0x0FF7       [1]    TBLPTRH
0x0FF8       [1]    TBLPTRU
