;  LST file generated by mikroListExporter - v.2.0 
; Date/Time: 14/10/2021 03:20:49 p. m.
;----------------------------------------------

;Address Opcode 	ASM
0x0000	0xF010EF00  	GOTO        8192
0x0004	0x0000      	NOP
0x0006	0x0000      	NOP
0x0008	0xF000EF00  	GOTO        0
0x000C	0x0000      	NOP
0x000E	0x0000      	NOP
0x0010	0x0000      	NOP
0x0012	0x0000      	NOP
0x0014	0x0000      	NOP
0x0016	0x0000      	NOP
0x0018	0xD7F3      	BRA         0
_main:
0x2000	0xF012EC3F  	CALL        9342, 0
;MotorDCInfrarrojo.c,20 :: 		void main(void) org 0x2000
;MotorDCInfrarrojo.c,22 :: 		TRISC = 0X00;                              // Declaramos el puerto como salida
0x2004	0x6A94      	CLRF        TRISC 
;MotorDCInfrarrojo.c,23 :: 		PWM1_Init (5000);                          // Inicializa PWM a 5000 Hz
0x2006	0x80CA      	BSF         T2CON, 0, 0
0x2008	0x82CA      	BSF         T2CON, 1, 0
0x200A	0x0E95      	MOVLW       149
0x200C	0x6ECB      	MOVWF       PR2, 0
0x200E	0xD919      	RCALL       _PWM1_Init
;MotorDCInfrarrojo.c,24 :: 		PWM1_Start ();
0x2010	0xD91C      	RCALL       _PWM1_Start
;MotorDCInfrarrojo.c,25 :: 		TRISA0_bit = 1;                            //PIN como entrada
0x2012	0x8092      	BSF         TRISA0_bit, BitPos(TRISA0_bit+0) 
;MotorDCInfrarrojo.c,26 :: 		ADC_Init_Advanced(_ADC_INTERNAL_REF);      //Voltaje de referencia a VDD y GND
0x2014	0x6A1C      	CLRF        FARG_ADC_Init_Advanced_reference 
0x2016	0xD8E7      	RCALL       _ADC_Init_Advanced
;MotorDCInfrarrojo.c,28 :: 		while (1)
L_main0:
;MotorDCInfrarrojo.c,30 :: 		VALOR_ADC = ADC_Get_Sample(3)*1.53;   //Lee el valor del ADC y lo guarda en la variable
0x2018	0x0E03      	MOVLW       3
0x201A	0x6E1C      	MOVWF       FARG_ADC_Get_Sample_channel 
0x201C	0xD8FB      	RCALL       _ADC_Get_Sample
0x201E	0xDA1B      	RCALL       _word2double
0x2020	0x0E0A      	MOVLW       10
0x2022	0x6E04      	MOVWF       R4 
0x2024	0x0ED7      	MOVLW       215
0x2026	0x6E05      	MOVWF       R5 
0x2028	0x0E43      	MOVLW       67
0x202A	0x6E06      	MOVWF       R6 
0x202C	0x0E7F      	MOVLW       127
0x202E	0x6E07      	MOVWF       R7 
0x2030	0xD982      	RCALL       _Mul_32x32_FP
0x2032	0xD910      	RCALL       _double2int
0x2034	0xF01AC000  	MOVFF       R0, _VALOR_ADC
0x2038	0xF01BC001  	MOVFF       R1, _VALOR_ADC+1
;MotorDCInfrarrojo.c,31 :: 		PWM1_Set_Duty (VALOR_ADC);
0x203C	0xF01CC000  	MOVFF       R0, FARG_PWM1_Set_Duty_new_duty
0x2040	0xD89C      	RCALL       _PWM1_Set_Duty
;MotorDCInfrarrojo.c,32 :: 		}
0x2042	0xD7EA      	BRA         L_main0
;MotorDCInfrarrojo.c,33 :: 		}
L_end_main:
0x2044	0xD7FF      	BRA         $+0
; end of _main
_FIXSIGN32:
;__Lib_MathDouble.c,117 :: 		
;__Lib_MathDouble.c,121 :: 		
0x2046	0xAE0A      	BTFSS       R10, 7, 0
;__Lib_MathDouble.c,122 :: 		
0x2048	0x9E02      	BCF         R2, 7, 0
;__Lib_MathDouble.c,123 :: 		
0x204A	0x0E00      	MOVLW       0
;__Lib_MathDouble.c,125 :: 		
L_end_FIXSIGN32:
0x204C	0x0012      	RETURN      0
; end of _FIXSIGN32
_SETFUN32:
;__Lib_MathDouble.c,144 :: 		
;__Lib_MathDouble.c,152 :: 		
0x204E	0x840B      	BSF         R11, 2, 0
;__Lib_MathDouble.c,153 :: 		
0x2050	0xAE0B      	BTFSS       R11, 7, 0
;__Lib_MathDouble.c,154 :: 		
0x2052	0xF010EF32  	GOTO        SETFUN32EEE
;__Lib_MathDouble.c,156 :: 		
0x2056	0x0E01      	MOVLW       1
;__Lib_MathDouble.c,157 :: 		
0x2058	0x6E03      	MOVWF       R3, 0
;__Lib_MathDouble.c,158 :: 		
0x205A	0x6A02      	CLRF        R2, 0
;__Lib_MathDouble.c,159 :: 		
0x205C	0x6A01      	CLRF        R1, 0
;__Lib_MathDouble.c,160 :: 		
0x205E	0x6A00      	CLRF        R0, 0
;__Lib_MathDouble.c,161 :: 		
0x2060	0x360A      	RLCF        R10, 1, 0
;__Lib_MathDouble.c,162 :: 		
0x2062	0x3202      	RRCF        R2, 1, 0
;__Lib_MathDouble.c,163 :: 		
SETFUN32EEE:
;__Lib_MathDouble.c,164 :: 		
0x2064	0x0EFF      	MOVLW       255
;__Lib_MathDouble.c,166 :: 		
L_end_SETFUN32:
0x2066	0x0012      	RETURN      0
; end of _SETFUN32
_RES032:
;__Lib_MathDouble.c,128 :: 		
;__Lib_MathDouble.c,134 :: 		
0x2068	0x6A02      	CLRF        R2, 0
;__Lib_MathDouble.c,135 :: 		
0x206A	0x6A01      	CLRF        R1, 0
;__Lib_MathDouble.c,136 :: 		
0x206C	0x6A00      	CLRF        R0, 0
;__Lib_MathDouble.c,137 :: 		
0x206E	0x6A08      	CLRF        R8, 0
;__Lib_MathDouble.c,138 :: 		
0x2070	0x6A03      	CLRF        R3, 0
;__Lib_MathDouble.c,139 :: 		
0x2072	0x0E00      	MOVLW       0
;__Lib_MathDouble.c,141 :: 		
L_end_RES032:
0x2074	0x0012      	RETURN      0
; end of _RES032
_Mul_16X16_U:
;__Lib_Math.c,440 :: 		
;__Lib_Math.c,447 :: 		
0x2076	0x6A0B      	CLRF        R11, 0
;__Lib_Math.c,448 :: 		
0x2078	0x6A0A      	CLRF        R10, 0
;__Lib_Math.c,449 :: 		
0x207A	0x6A09      	CLRF        R9, 0
;__Lib_Math.c,450 :: 		
0x207C	0x5000      	MOVF        R0, 0, 0
;__Lib_Math.c,451 :: 		
0x207E	0x0204      	MULWF       R4, 0
;__Lib_Math.c,453 :: 		
0x2080	0xF009CFF4  	MOVFF       PRODH, R9
;__Lib_Math.c,454 :: 		
0x2084	0xF008CFF3  	MOVFF       PRODL, R8
;__Lib_Math.c,455 :: 		
0x2088	0x5001      	MOVF        R1, 0, 0
;__Lib_Math.c,456 :: 		
0x208A	0x0205      	MULWF       R5, 0
;__Lib_Math.c,458 :: 		
0x208C	0xF00BCFF4  	MOVFF       PRODH, R11
;__Lib_Math.c,459 :: 		
0x2090	0xF00ACFF3  	MOVFF       PRODL, R10
;__Lib_Math.c,460 :: 		
0x2094	0x5000      	MOVF        R0, 0, 0
;__Lib_Math.c,461 :: 		
0x2096	0x0205      	MULWF       R5, 0
;__Lib_Math.c,463 :: 		
0x2098	0x50F3      	MOVF        PRODL, 0, 0
;__Lib_Math.c,464 :: 		
0x209A	0x2609      	ADDWF       R9, 1, 0
;__Lib_Math.c,465 :: 		
0x209C	0x50F4      	MOVF        PRODH, 0, 0
;__Lib_Math.c,466 :: 		
0x209E	0x220A      	ADDWFC      R10, 1, 0
;__Lib_Math.c,467 :: 		
0x20A0	0x6AE8      	CLRF        WREG, 0
;__Lib_Math.c,468 :: 		
0x20A2	0x220B      	ADDWFC      R11, 1, 0
;__Lib_Math.c,469 :: 		
0x20A4	0x5001      	MOVF        R1, 0, 0
;__Lib_Math.c,470 :: 		
0x20A6	0x0204      	MULWF       R4, 0
;__Lib_Math.c,472 :: 		
0x20A8	0x50F3      	MOVF        PRODL, 0, 0
;__Lib_Math.c,473 :: 		
0x20AA	0x2609      	ADDWF       R9, 1, 0
;__Lib_Math.c,474 :: 		
0x20AC	0x50F4      	MOVF        PRODH, 0, 0
;__Lib_Math.c,475 :: 		
0x20AE	0x220A      	ADDWFC      R10, 1, 0
;__Lib_Math.c,476 :: 		
0x20B0	0x6AE8      	CLRF        WREG, 0
;__Lib_Math.c,477 :: 		
0x20B2	0x220B      	ADDWFC      R11, 1, 0
;__Lib_Math.c,479 :: 		
0x20B4	0xF000C008  	MOVFF       R8, R0
;__Lib_Math.c,480 :: 		
0x20B8	0xF001C009  	MOVFF       R9, R1
;__Lib_Math.c,481 :: 		
0x20BC	0xF002C00A  	MOVFF       R10, R2
;__Lib_Math.c,482 :: 		
0x20C0	0xF003C00B  	MOVFF       R11, R3
;__Lib_Math.c,485 :: 		
L_end_Mul_16X16_U:
0x20C4	0x0012      	RETURN      0
; end of _Mul_16X16_U
_NRM3232:
;__Lib_MathDouble.c,455 :: 		
;__Lib_MathDouble.c,463 :: 		
0x20C6	0x6A0C      	CLRF        R12, 0
;__Lib_MathDouble.c,464 :: 		
0x20C8	0x6A0E      	CLRF        R14, 0
;__Lib_MathDouble.c,465 :: 		
0x20CA	0x5002      	MOVF        R2, 0, 0
;__Lib_MathDouble.c,466 :: 		
0x20CC	0xA4D8      	BTFSS       STATUS, 2, 0
;__Lib_MathDouble.c,467 :: 		
0x20CE	0xF010EF7C  	GOTO        NORM3232
;__Lib_MathDouble.c,468 :: 		
0x20D2	0xF002C001  	MOVFF       R1, R2
;__Lib_MathDouble.c,469 :: 		
0x20D6	0xF001C000  	MOVFF       R0, R1
;__Lib_MathDouble.c,470 :: 		
0x20DA	0x6A00      	CLRF        R0, 0
;__Lib_MathDouble.c,471 :: 		
0x20DC	0x860E      	BSF         R14, 3, 0
;__Lib_MathDouble.c,473 :: 		
0x20DE	0x5002      	MOVF        R2, 0, 0
;__Lib_MathDouble.c,474 :: 		
0x20E0	0xA4D8      	BTFSS       STATUS, 2, 0
;__Lib_MathDouble.c,475 :: 		
0x20E2	0xF010EF7C  	GOTO        NORM3232
;__Lib_MathDouble.c,476 :: 		
0x20E6	0xF002C001  	MOVFF       R1, R2
;__Lib_MathDouble.c,477 :: 		
0x20EA	0x6A01      	CLRF        R1, 0
;__Lib_MathDouble.c,478 :: 		
0x20EC	0x960E      	BCF         R14, 3, 0
;__Lib_MathDouble.c,479 :: 		
0x20EE	0x880E      	BSF         R14, 4, 0
;__Lib_MathDouble.c,481 :: 		
0x20F0	0x5002      	MOVF        R2, 0, 0
;__Lib_MathDouble.c,482 :: 		
0x20F2	0xB4D8      	BTFSC       STATUS, 2, 0
;__Lib_MathDouble.c,483 :: 		
0x20F4	0xF010EF8E  	GOTO        JPNRES032
;__Lib_MathDouble.c,484 :: 		
NORM3232:
;__Lib_MathDouble.c,485 :: 		
0x20F8	0x500E      	MOVF        R14, 0, 0
;__Lib_MathDouble.c,486 :: 		
0x20FA	0x5E03      	SUBWF       R3, 1, 0
;__Lib_MathDouble.c,487 :: 		
0x20FC	0xA4D8      	BTFSS       STATUS, 2, 0
;__Lib_MathDouble.c,488 :: 		
0x20FE	0xA0D8      	BTFSS       STATUS, 0, 0
;__Lib_MathDouble.c,489 :: 		
0x2100	0xF010EF93  	GOTO        JPNSETFUN32
;__Lib_MathDouble.c,490 :: 		
0x2104	0x90D8      	BCF         STATUS, 0, 0
;__Lib_MathDouble.c,491 :: 		
NORM3232A:
;__Lib_MathDouble.c,492 :: 		
0x2106	0xBE02      	BTFSC       R2, 7, 0
;__Lib_MathDouble.c,493 :: 		
0x2108	0xF010EF98  	GOTO        JMPNFIXSIGN32
;__Lib_MathDouble.c,494 :: 		
0x210C	0x3600      	RLCF        R0, 1, 0
;__Lib_MathDouble.c,495 :: 		
0x210E	0x3601      	RLCF        R1, 1, 0
;__Lib_MathDouble.c,496 :: 		
0x2110	0x3602      	RLCF        R2, 1, 0
;__Lib_MathDouble.c,497 :: 		
0x2112	0x2E03      	DECFSZ      R3, 1, 0
;__Lib_MathDouble.c,498 :: 		
0x2114	0xF010EF83  	GOTO        NORM3232A
;__Lib_MathDouble.c,499 :: 		
0x2118	0xF010EF93  	GOTO        JPNSETFUN32
;__Lib_MathDouble.c,500 :: 		
JPNRES032:
;__Lib_MathDouble.c,501 :: 		
0x211C	0x0E01      	MOVLW       1
;__Lib_MathDouble.c,502 :: 		
0x211E	0x6E0C      	MOVWF       R12, 0
;__Lib_MathDouble.c,504 :: 		
0x2120	0xDFA3      	RCALL       _RES032
;__Lib_MathDouble.c,506 :: 		
0x2122	0xF010EF9B  	GOTO        NORM32EEE
;__Lib_MathDouble.c,507 :: 		
JPNSETFUN32:
;__Lib_MathDouble.c,508 :: 		
0x2126	0x0E02      	MOVLW       2
;__Lib_MathDouble.c,509 :: 		
0x2128	0x6E0C      	MOVWF       R12, 0
;__Lib_MathDouble.c,511 :: 		
0x212A	0xDF91      	RCALL       _SETFUN32
;__Lib_MathDouble.c,513 :: 		
0x212C	0xF010EF9B  	GOTO        NORM32EEE
;__Lib_MathDouble.c,514 :: 		
JMPNFIXSIGN32:
;__Lib_MathDouble.c,515 :: 		
0x2130	0x0E04      	MOVLW       4
;__Lib_MathDouble.c,516 :: 		
0x2132	0x6E0C      	MOVWF       R12, 0
;__Lib_MathDouble.c,518 :: 		
0x2134	0xDF88      	RCALL       _FIXSIGN32
;__Lib_MathDouble.c,520 :: 		
NORM32EEE:
;__Lib_MathDouble.c,527 :: 		
L_end_NRM3232:
0x2136	0x0012      	RETURN      0
; end of _NRM3232
_Delay_22us:
;__Lib_Delays.c,15 :: 		void Delay_22us() {
;__Lib_Delays.c,16 :: 		Delay_us(22);
0x2138	0x0E57      	MOVLW       87
0x213A	0x6E0D      	MOVWF       R13, 0
L_Delay_22us2:
0x213C	0x2E0D      	DECFSZ      R13, 1, 0
0x213E	0xD7FE      	BRA         L_Delay_22us2
0x2140	0x0000      	NOP
0x2142	0x0000      	NOP
;__Lib_Delays.c,17 :: 		}
L_end_Delay_22us:
0x2144	0x0012      	RETURN      0
; end of _Delay_22us
_SETFOV32:
;__Lib_MathDouble.c,82 :: 		
;__Lib_MathDouble.c,90 :: 		
0x2146	0x820B      	BSF         R11, 1, 0
;__Lib_MathDouble.c,91 :: 		
0x2148	0xAE0B      	BTFSS       R11, 7, 0
;__Lib_MathDouble.c,92 :: 		
0x214A	0xF010EFAD  	GOTO        SETFOV32EEE
;__Lib_MathDouble.c,94 :: 		
0x214E	0x6803      	SETF        R3, 0
;__Lib_MathDouble.c,95 :: 		
0x2150	0x6802      	SETF        R2, 0
;__Lib_MathDouble.c,96 :: 		
0x2152	0x6801      	SETF        R1, 0
;__Lib_MathDouble.c,97 :: 		
0x2154	0x6800      	SETF        R0, 0
;__Lib_MathDouble.c,98 :: 		
0x2156	0x360A      	RLCF        R10, 1, 0
;__Lib_MathDouble.c,99 :: 		
0x2158	0x3202      	RRCF        R2, 1, 0
;__Lib_MathDouble.c,100 :: 		
SETFOV32EEE:
;__Lib_MathDouble.c,101 :: 		
0x215A	0x0EFF      	MOVLW       255
;__Lib_MathDouble.c,103 :: 		
L_end_SETFOV32:
0x215C	0x0012      	RETURN      0
; end of _SETFOV32
_SETIOV3224:
;__Lib_MathDouble.c,530 :: 		
;__Lib_MathDouble.c,537 :: 		
0x215E	0x800B      	BSF         R11, 0, 0
;__Lib_MathDouble.c,538 :: 		
0x2160	0xAE0B      	BTFSS       R11, 7, 0
;__Lib_MathDouble.c,539 :: 		
0x2162	0xF010EFBB  	GOTO        SETIOV3224EEE
;__Lib_MathDouble.c,541 :: 		
0x2166	0x6A02      	CLRF        R2, 0
;__Lib_MathDouble.c,542 :: 		
0x2168	0xAE0A      	BTFSS       R10, 7, 0
;__Lib_MathDouble.c,543 :: 		
0x216A	0x0EFF      	MOVLW       255
;__Lib_MathDouble.c,544 :: 		
0x216C	0x6E02      	MOVWF       R2, 0
;__Lib_MathDouble.c,545 :: 		
0x216E	0x6E01      	MOVWF       R1, 0
;__Lib_MathDouble.c,546 :: 		
0x2170	0x6E00      	MOVWF       R0, 0
;__Lib_MathDouble.c,547 :: 		
0x2172	0x360A      	RLCF        R10, 1, 0
;__Lib_MathDouble.c,548 :: 		
0x2174	0x3202      	RRCF        R2, 1, 0
;__Lib_MathDouble.c,549 :: 		
SETIOV3224EEE:
;__Lib_MathDouble.c,550 :: 		
0x2176	0x0EFF      	MOVLW       255
;__Lib_MathDouble.c,552 :: 		
L_end_SETIOV3224:
0x2178	0x0012      	RETURN      0
; end of _SETIOV3224
_PWM1_Set_Duty:
;__Lib_PWM_c21.c,42 :: 		
;__Lib_PWM_c21.c,46 :: 		
0x217A	0x50CB      	MOVF        PR2, 0 
0x217C	0x0F01      	ADDLW       1
0x217E	0x6E00      	MOVWF       R0 
0x2180	0x6A01      	CLRF        R1 
0x2182	0x0E00      	MOVLW       0
0x2184	0x2201      	ADDWFC      R1, 1 
0x2186	0xF004C01C  	MOVFF       FARG_PWM1_Set_Duty_new_duty, R4
0x218A	0x0E00      	MOVLW       0
0x218C	0x6E05      	MOVWF       R5 
0x218E	0xDF73      	RCALL       _Mul_16X16_U
0x2190	0x0E06      	MOVLW       6
0x2192	0x6E02      	MOVWF       R2 
0x2194	0xF004C000  	MOVFF       R0, R4
0x2198	0xF005C001  	MOVFF       R1, R5
0x219C	0x5002      	MOVF        R2, 0 
L__PWM1_Set_Duty10:
0x219E	0xE005      	BZ          L__PWM1_Set_Duty11
0x21A0	0x3205      	RRCF        R5, 1 
0x21A2	0x3204      	RRCF        R4, 1 
0x21A4	0x9E05      	BCF         R5, 7 
0x21A6	0x0FFF      	ADDLW       255
0x21A8	0xD7FA      	BRA         L__PWM1_Set_Duty10
L__PWM1_Set_Duty11:
;__Lib_PWM_c21.c,47 :: 		
0x21AA	0x0E04      	MOVLW       4
0x21AC	0x6E01      	MOVWF       R1 
0x21AE	0xF000C004  	MOVFF       R4, R0
0x21B2	0x5001      	MOVF        R1, 0 
L__PWM1_Set_Duty12:
0x21B4	0xE004      	BZ          L__PWM1_Set_Duty13
0x21B6	0x3600      	RLCF        R0, 1 
0x21B8	0x9000      	BCF         R0, 0 
0x21BA	0x0FFF      	ADDLW       255
0x21BC	0xD7FB      	BRA         L__PWM1_Set_Duty12
L__PWM1_Set_Duty13:
0x21BE	0x0E30      	MOVLW       48
0x21C0	0x1400      	ANDWF       R0, 0 
0x21C2	0x6E03      	MOVWF       R3 
;__Lib_PWM_c21.c,48 :: 		
0x21C4	0xF000C004  	MOVFF       R4, R0
0x21C8	0xF001C005  	MOVFF       R5, R1
0x21CC	0x3201      	RRCF        R1, 1 
0x21CE	0x3200      	RRCF        R0, 1 
0x21D0	0x9E01      	BCF         R1, 7 
0x21D2	0x3201      	RRCF        R1, 1 
0x21D4	0x3200      	RRCF        R0, 1 
0x21D6	0x9E01      	BCF         R1, 7 
0x21D8	0xFFBEC000  	MOVFF       R0, CCPR1L
;__Lib_PWM_c21.c,49 :: 		
0x21DC	0x0E0F      	MOVLW       15
0x21DE	0x16BD      	ANDWF       CCP1CON, 1 
;__Lib_PWM_c21.c,50 :: 		
0x21E0	0x5003      	MOVF        R3, 0 
0x21E2	0x12BD      	IORWF       CCP1CON, 1 
;__Lib_PWM_c21.c,51 :: 		
L_end_PWM1_Set_Duty:
0x21E4	0x0012      	RETURN      0
; end of _PWM1_Set_Duty
_ADC_Init_Advanced:
;__Lib_ADC_A_D.c,23 :: 		
;__Lib_ADC_A_D.c,24 :: 		
0x21E6	0x0E14      	MOVLW       _ADC_Get_Sample
0x21E8	0x6E16      	MOVWF       _ADC_Get_Sample_Ptr 
0x21EA	0x0E22      	MOVLW       hi_addr(_ADC_Get_Sample)
0x21EC	0x6E17      	MOVWF       _ADC_Get_Sample_Ptr+1 
0x21EE	0x0E1C      	MOVLW       FARG_ADC_Get_Sample_channel
0x21F0	0x6E18      	MOVWF       _ADC_Get_Sample_Ptr+2 
0x21F2	0x0E00      	MOVLW       hi_addr(FARG_ADC_Get_Sample_channel)
0x21F4	0x6E19      	MOVWF       _ADC_Get_Sample_Ptr+3 
;__Lib_ADC_A_D.c,26 :: 		
0x21F6	0x6AC2      	CLRF        ADCON0 
;__Lib_ADC_A_D.c,27 :: 		
0x21F8	0x1C15      	COMF        _vref_mask, 0 
0x21FA	0x6E00      	MOVWF       R0 
0x21FC	0x5000      	MOVF        R0, 0 
0x21FE	0x16C1      	ANDWF       ADCON1, 1 
;__Lib_ADC_A_D.c,28 :: 		
0x2200	0x5015      	MOVF        _vref_mask, 0 
0x2202	0x141C      	ANDWF       FARG_ADC_Init_Advanced_reference, 0 
0x2204	0x6E00      	MOVWF       R0 
0x2206	0x5000      	MOVF        R0, 0 
0x2208	0x12C1      	IORWF       ADCON1, 1 
;__Lib_ADC_A_D.c,29 :: 		
0x220A	0x0E07      	MOVLW       7
0x220C	0x12C0      	IORWF       ADCON2, 1 
;__Lib_ADC_A_D.c,30 :: 		
0x220E	0x8EC0      	BSF         ADCON2, 7 
;__Lib_ADC_A_D.c,31 :: 		
0x2210	0x80C2      	BSF         ADCON0, 0 
;__Lib_ADC_A_D.c,32 :: 		
L_end_ADC_Init_Advanced:
0x2212	0x0012      	RETURN      0
; end of _ADC_Init_Advanced
_ADC_Get_Sample:
;__Lib_ADC_A_D.c,34 :: 		
;__Lib_ADC_A_D.c,37 :: 		
0x2214	0x0E83      	MOVLW       131
0x2216	0x16C2      	ANDWF       ADCON0, 1 
;__Lib_ADC_A_D.c,39 :: 		
0x2218	0xF000C01C  	MOVFF       FARG_ADC_Get_Sample_channel, R0
0x221C	0x3600      	RLCF        R0, 1 
0x221E	0x9000      	BCF         R0, 0 
0x2220	0x3600      	RLCF        R0, 1 
0x2222	0x9000      	BCF         R0, 0 
0x2224	0x5000      	MOVF        R0, 0 
0x2226	0x12C2      	IORWF       ADCON0, 1 
;__Lib_ADC_A_D.c,41 :: 		
0x2228	0xDF87      	RCALL       _Delay_22us
;__Lib_ADC_A_D.c,42 :: 		
0x222A	0x82C2      	BSF         ADCON0, 1 
;__Lib_ADC_A_D.c,43 :: 		
L_ADC_Get_Sample0:
0x222C	0xA2C2      	BTFSS       ADCON0, 1 
0x222E	0xD001      	BRA         L_ADC_Get_Sample1
;__Lib_ADC_A_D.c,44 :: 		
0x2230	0xD7FD      	BRA         L_ADC_Get_Sample0
L_ADC_Get_Sample1:
;__Lib_ADC_A_D.c,45 :: 		
0x2232	0xF001CFC4  	MOVFF       ADRESH, R1
0x2236	0x6A00      	CLRF        R0 
;__Lib_ADC_A_D.c,46 :: 		
0x2238	0x50C3      	MOVF        ADRESL, 0 
0x223A	0x1200      	IORWF       R0, 1 
0x223C	0x0E00      	MOVLW       0
0x223E	0x1201      	IORWF       R1, 1 
;__Lib_ADC_A_D.c,48 :: 		
;__Lib_ADC_A_D.c,49 :: 		
L_end_ADC_Get_Sample:
0x2240	0x0012      	RETURN      0
; end of _ADC_Get_Sample
_PWM1_Init:
;__Lib_PWM_c21.c,35 :: 		
;__Lib_PWM_c21.c,36 :: 		
;__Lib_PWM_c21.c,37 :: 		
0x2242	0x6ABE      	CLRF        CCPR1L 
;__Lib_PWM_c21.c,38 :: 		
0x2244	0x98BD      	BCF         CCP1CON, 4 
;__Lib_PWM_c21.c,39 :: 		
0x2246	0x9ABD      	BCF         CCP1CON, 5 
;__Lib_PWM_c21.c,40 :: 		
L_end_PWM1_Init:
0x2248	0x0012      	RETURN      0
; end of _PWM1_Init
_PWM1_Start:
;__Lib_PWM_c21.c,53 :: 		
;__Lib_PWM_c21.c,54 :: 		
0x224A	0x9494      	BCF         TRISC2_bit, BitPos(TRISC2_bit+0) 
;__Lib_PWM_c21.c,55 :: 		
0x224C	0x84CA      	BSF         T2CON, 2 
;__Lib_PWM_c21.c,56 :: 		
0x224E	0x0E0C      	MOVLW       12
0x2250	0x12BD      	IORWF       CCP1CON, 1 
;__Lib_PWM_c21.c,57 :: 		
L_end_PWM1_Start:
0x2252	0x0012      	RETURN      0
; end of _PWM1_Start
_double2int:
;__Lib_MathDouble.c,1897 :: 		
;__Lib_MathDouble.c,1906 :: 		
0x2254	0x6A0B      	CLRF        R11, 0
;__Lib_MathDouble.c,1907 :: 		
0x2256	0x5003      	MOVF        R3, 0, 0
;__Lib_MathDouble.c,1908 :: 		
0x2258	0xB4D8      	BTFSC       STATUS, 2, 0
;__Lib_MathDouble.c,1909 :: 		
0x225A	0xF011EF70  	GOTO        IRES016
;__Lib_MathDouble.c,1910 :: 		
0x225E	0x5002      	MOVF        R2, 0, 0
;__Lib_MathDouble.c,1911 :: 		
0x2260	0x6E0A      	MOVWF       R10, 0
;__Lib_MathDouble.c,1912 :: 		
0x2262	0x8E02      	BSF         R2, 7, 0
;__Lib_MathDouble.c,1914 :: 		
0x2264	0x0E8E      	MOVLW       142
;__Lib_MathDouble.c,1915 :: 		
0x2266	0x5E03      	SUBWF       R3, 1, 0
;__Lib_MathDouble.c,1916 :: 		
0x2268	0xAE03      	BTFSS       R3, 7, 0
;__Lib_MathDouble.c,1917 :: 		
0x226A	0xF011EF74  	GOTO        SETIOV16
;__Lib_MathDouble.c,1918 :: 		
0x226E	0x6C03      	NEGF        R3, 0
;__Lib_MathDouble.c,1920 :: 		
0x2270	0x0E08      	MOVLW       8
;__Lib_MathDouble.c,1921 :: 		
0x2272	0x5C03      	SUBWF       R3, 0, 0
;__Lib_MathDouble.c,1922 :: 		
0x2274	0xA0D8      	BTFSS       STATUS, 0, 0
;__Lib_MathDouble.c,1923 :: 		
0x2276	0xF011EF4F  	GOTO        TSHIFT3216
;__Lib_MathDouble.c,1924 :: 		
0x227A	0x6E03      	MOVWF       R3, 0
;__Lib_MathDouble.c,1925 :: 		
0x227C	0x3601      	RLCF        R1, 1, 0
;__Lib_MathDouble.c,1926 :: 		
0x227E	0xF001C002  	MOVFF       R2, R1
;__Lib_MathDouble.c,1927 :: 		
0x2282	0x6A02      	CLRF        R2, 0
;__Lib_MathDouble.c,1929 :: 		
0x2284	0x0E08      	MOVLW       8
;__Lib_MathDouble.c,1930 :: 		
0x2286	0x5C03      	SUBWF       R3, 0, 0
;__Lib_MathDouble.c,1931 :: 		
0x2288	0xA0D8      	BTFSS       STATUS, 0, 0
;__Lib_MathDouble.c,1932 :: 		
0x228A	0xF011EF4F  	GOTO        TSHIFT3216
;__Lib_MathDouble.c,1933 :: 		
0x228E	0x6E03      	MOVWF       R3, 0
;__Lib_MathDouble.c,1934 :: 		
0x2290	0x3601      	RLCF        R1, 1, 0
;__Lib_MathDouble.c,1935 :: 		
0x2292	0x6A01      	CLRF        R1, 0
;__Lib_MathDouble.c,1937 :: 		
0x2294	0x5003      	MOVF        R3, 0, 0
;__Lib_MathDouble.c,1938 :: 		
0x2296	0xA4D8      	BTFSS       STATUS, 2, 0
;__Lib_MathDouble.c,1939 :: 		
0x2298	0x90D8      	BCF         STATUS, 0, 0
;__Lib_MathDouble.c,1940 :: 		
0x229A	0xF011EF59  	GOTO        SHIFT3216OK
;__Lib_MathDouble.c,1941 :: 		
TSHIFT3216:
;__Lib_MathDouble.c,1942 :: 		
0x229E	0x5003      	MOVF        R3, 0, 0
;__Lib_MathDouble.c,1943 :: 		
0x22A0	0xB4D8      	BTFSC       STATUS, 2, 0
;__Lib_MathDouble.c,1944 :: 		
0x22A2	0xF011EF59  	GOTO        SHIFT3216OK
;__Lib_MathDouble.c,1945 :: 		
SHIFT3216:
;__Lib_MathDouble.c,1946 :: 		
0x22A6	0x90D8      	BCF         STATUS, 0, 0
;__Lib_MathDouble.c,1947 :: 		
0x22A8	0x3202      	RRCF        R2, 1, 0
;__Lib_MathDouble.c,1948 :: 		
0x22AA	0x3201      	RRCF        R1, 1, 0
;__Lib_MathDouble.c,1949 :: 		
0x22AC	0x2E03      	DECFSZ      R3, 1, 0
;__Lib_MathDouble.c,1950 :: 		
0x22AE	0xF011EF53  	GOTO        SHIFT3216
;__Lib_MathDouble.c,1951 :: 		
SHIFT3216OK:
;__Lib_MathDouble.c,1952 :: 		
0x22B2	0xBC0B      	BTFSC       R11, 6, 0
;__Lib_MathDouble.c,1953 :: 		
0x22B4	0xA001      	BTFSS       R1, 0, 0
;__Lib_MathDouble.c,1954 :: 		
0x22B6	0xF011EF66  	GOTO        INT3216OK
;__Lib_MathDouble.c,1955 :: 		
0x22BA	0xA0D8      	BTFSS       STATUS, 0, 0
;__Lib_MathDouble.c,1956 :: 		
0x22BC	0xF011EF66  	GOTO        INT3216OK
;__Lib_MathDouble.c,1957 :: 		
0x22C0	0x2A01      	INCF        R1, 1, 0
;__Lib_MathDouble.c,1958 :: 		
0x22C2	0xB4D8      	BTFSC       STATUS, 2, 0
;__Lib_MathDouble.c,1959 :: 		
0x22C4	0x2A02      	INCF        R2, 1, 0
;__Lib_MathDouble.c,1960 :: 		
0x22C6	0xBE02      	BTFSC       R2, 7, 0
;__Lib_MathDouble.c,1961 :: 		
0x22C8	0xF011EF83  	GOTO        JPJSETIOV3224
;__Lib_MathDouble.c,1962 :: 		
INT3216OK:
;__Lib_MathDouble.c,1963 :: 		
0x22CC	0xAE0A      	BTFSS       R10, 7, 0
;__Lib_MathDouble.c,1964 :: 		
0x22CE	0xF011EF88  	GOTO        INT3216EOK
;__Lib_MathDouble.c,1966 :: 		
0x22D2	0x1E02      	COMF        R2, 1, 0
;__Lib_MathDouble.c,1967 :: 		
0x22D4	0x1E01      	COMF        R1, 1, 0
;__Lib_MathDouble.c,1968 :: 		
0x22D6	0x2A01      	INCF        R1, 1, 0
;__Lib_MathDouble.c,1969 :: 		
0x22D8	0xB4D8      	BTFSC       STATUS, 2, 0
;__Lib_MathDouble.c,1970 :: 		
0x22DA	0x2A02      	INCF        R2, 1, 0
;__Lib_MathDouble.c,1971 :: 		
0x22DC	0xF011EF88  	GOTO        INT3216EOK
;__Lib_MathDouble.c,1973 :: 		
IRES016:
;__Lib_MathDouble.c,1974 :: 		
0x22E0	0x6A02      	CLRF        R2, 0
;__Lib_MathDouble.c,1975 :: 		
0x22E2	0x6A01      	CLRF        R1, 0
;__Lib_MathDouble.c,1976 :: 		
0x22E4	0xF011EF88  	GOTO        INT3216EOK
;__Lib_MathDouble.c,1977 :: 		
SETIOV16:
;__Lib_MathDouble.c,1978 :: 		
0x22E8	0x800B      	BSF         R11, 0, 0
;__Lib_MathDouble.c,1979 :: 		
0x22EA	0xAE0B      	BTFSS       R11, 7, 0
;__Lib_MathDouble.c,1980 :: 		
0x22EC	0xF011EF8C  	GOTO        INT3216EER
;__Lib_MathDouble.c,1982 :: 		
0x22F0	0x6A02      	CLRF        R2, 0
;__Lib_MathDouble.c,1983 :: 		
0x22F2	0xAE0A      	BTFSS       R10, 7, 0
;__Lib_MathDouble.c,1984 :: 		
0x22F4	0xF011EF8C  	GOTO        INT3216EER
;__Lib_MathDouble.c,1985 :: 		
0x22F8	0x0EFF      	MOVLW       255
;__Lib_MathDouble.c,1986 :: 		
0x22FA	0x6E02      	MOVWF       R2, 0
;__Lib_MathDouble.c,1987 :: 		
0x22FC	0x6E01      	MOVWF       R1, 0
;__Lib_MathDouble.c,1988 :: 		
0x22FE	0x360A      	RLCF        R10, 1, 0
;__Lib_MathDouble.c,1989 :: 		
0x2300	0x3202      	RRCF        R2, 1, 0
;__Lib_MathDouble.c,1990 :: 		
0x2302	0xF011EF8C  	GOTO        INT3216EER
;__Lib_MathDouble.c,1992 :: 		
JPJSETIOV3224:
;__Lib_MathDouble.c,1993 :: 		
0x2306	0x0E01      	MOVLW       1
;__Lib_MathDouble.c,1994 :: 		
0x2308	0x6E0C      	MOVWF       R12, 0
;__Lib_MathDouble.c,1996 :: 		
0x230A	0xDF29      	RCALL       _SETIOV3224
;__Lib_MathDouble.c,1998 :: 		
0x230C	0xF011EF8E  	GOTO        INT3216EEE
;__Lib_MathDouble.c,1999 :: 		
INT3216EOK:
;__Lib_MathDouble.c,2000 :: 		
0x2310	0x0E00      	MOVLW       0
;__Lib_MathDouble.c,2001 :: 		
0x2312	0x6E0C      	MOVWF       R12, 0
;__Lib_MathDouble.c,2002 :: 		
0x2314	0xF011EF8E  	GOTO        INT3216EEE
;__Lib_MathDouble.c,2003 :: 		
INT3216EER:
;__Lib_MathDouble.c,2004 :: 		
0x2318	0x0EFF      	MOVLW       255
;__Lib_MathDouble.c,2005 :: 		
0x231A	0x6E0C      	MOVWF       R12, 0
;__Lib_MathDouble.c,2006 :: 		
INT3216EEE:
;__Lib_MathDouble.c,2007 :: 		
0x231C	0x5001      	MOVF        R1, 0, 0
;__Lib_MathDouble.c,2008 :: 		
0x231E	0x6E00      	MOVWF       R0, 0
;__Lib_MathDouble.c,2009 :: 		
0x2320	0x5002      	MOVF        R2, 0, 0
;__Lib_MathDouble.c,2010 :: 		
0x2322	0x6E01      	MOVWF       R1, 0
;__Lib_MathDouble.c,2015 :: 		
L_end_double2int:
0x2324	0x0012      	RETURN      0
; end of _double2int
___CC2DW:
;__Lib_System.c,21 :: 		
;__Lib_System.c,23 :: 		
_CC2DL_Loop1:
;__Lib_System.c,24 :: 		
0x2326	0x0009      	TBLRD*+
;__Lib_System.c,25 :: 		
0x2328	0xFFE6CFF5  	MOVFF       TABLAT, POSTINC1
;__Lib_System.c,26 :: 		
0x232C	0x0600      	DECF        R0, 1, 0
;__Lib_System.c,27 :: 		
0x232E	0xE1FB      	BNZ         _CC2DL_Loop1
;__Lib_System.c,28 :: 		
0x2330	0x0601      	DECF        R1, 1, 0
;__Lib_System.c,29 :: 		
0x2332	0xE1F9      	BNZ         _CC2DL_Loop1
;__Lib_System.c,31 :: 		
L_end___CC2DW:
0x2334	0x0012      	RETURN      0
; end of ___CC2DW
_Mul_32x32_FP:
;__Lib_MathDouble.c,1130 :: 		
;__Lib_MathDouble.c,1148 :: 		
0x2336	0x6A08      	CLRF        R8, 0
;__Lib_MathDouble.c,1149 :: 		
0x2338	0x6A09      	CLRF        R9, 0
;__Lib_MathDouble.c,1151 :: 		
0x233A	0x0E00      	MOVLW       0
;__Lib_MathDouble.c,1152 :: 		
0x233C	0x6207      	CPFSEQ      R7, 0
;__Lib_MathDouble.c,1153 :: 		
0x233E	0x6403      	CPFSGT      R3, 0
;__Lib_MathDouble.c,1154 :: 		
0x2340	0xF012EF20  	GOTO        MULJPRES032
;__Lib_MathDouble.c,1157 :: 		
0x2344	0x5002      	MOVF        R2, 0, 0
;__Lib_MathDouble.c,1158 :: 		
0x2346	0x1806      	XORWF       R6, 0, 0
;__Lib_MathDouble.c,1159 :: 		
0x2348	0x6E0A      	MOVWF       R10, 0
;__Lib_MathDouble.c,1161 :: 		
0x234A	0x5007      	MOVF        R7, 0, 0
;__Lib_MathDouble.c,1162 :: 		
0x234C	0x2603      	ADDWF       R3, 1, 0
;__Lib_MathDouble.c,1163 :: 		
0x234E	0x0E7E      	MOVLW       126
;__Lib_MathDouble.c,1164 :: 		
0x2350	0xA0D8      	BTFSS       STATUS, 0, 0
;__Lib_MathDouble.c,1165 :: 		
0x2352	0xF011EFB1  	GOTO        MTUN32
;__Lib_MathDouble.c,1167 :: 		
0x2356	0x5E03      	SUBWF       R3, 1, 0
;__Lib_MathDouble.c,1168 :: 		
0x2358	0xB0D8      	BTFSC       STATUS, 0, 0
;__Lib_MathDouble.c,1169 :: 		
0x235A	0xF012EF24  	GOTO        MULJPSETFOV32
;__Lib_MathDouble.c,1170 :: 		
0x235E	0xF011EFB5  	GOTO        MOK32
;__Lib_MathDouble.c,1172 :: 		
MTUN32:
;__Lib_MathDouble.c,1173 :: 		
0x2362	0x5E03      	SUBWF       R3, 1, 0
;__Lib_MathDouble.c,1174 :: 		
0x2364	0xA0D8      	BTFSS       STATUS, 0, 0
;__Lib_MathDouble.c,1175 :: 		
0x2366	0xF012EF28  	GOTO        MULJPSETFUN32
;__Lib_MathDouble.c,1177 :: 		
MOK32:
;__Lib_MathDouble.c,1178 :: 		
0x236A	0x8E02      	BSF         R2, 7, 0
;__Lib_MathDouble.c,1179 :: 		
0x236C	0x8E06      	BSF         R6, 7, 0
;__Lib_MathDouble.c,1181 :: 		
0x236E	0xF00EC002  	MOVFF       R2, R14
;__Lib_MathDouble.c,1182 :: 		
0x2372	0xF00BC001  	MOVFF       R1, R11
;__Lib_MathDouble.c,1183 :: 		
0x2376	0xF00DC000  	MOVFF       R0, R13
;__Lib_MathDouble.c,1185 :: 		
0x237A	0x5000      	MOVF        R0, 0, 0
;__Lib_MathDouble.c,1186 :: 		
0x237C	0x0204      	MULWF       R4, 0
;__Lib_MathDouble.c,1187 :: 		
0x237E	0xF00CCFF4  	MOVFF       PRODH, R12
;__Lib_MathDouble.c,1189 :: 		
0x2382	0x5001      	MOVF        R1, 0, 0
;__Lib_MathDouble.c,1190 :: 		
0x2384	0x0205      	MULWF       R5, 0
;__Lib_MathDouble.c,1191 :: 		
0x2386	0xF000CFF4  	MOVFF       PRODH, R0
;__Lib_MathDouble.c,1192 :: 		
0x238A	0xF008CFF3  	MOVFF       PRODL, R8
;__Lib_MathDouble.c,1194 :: 		
0x238E	0x0204      	MULWF       R4, 0
;__Lib_MathDouble.c,1195 :: 		
0x2390	0x50F3      	MOVF        PRODL, 0, 0
;__Lib_MathDouble.c,1196 :: 		
0x2392	0x260C      	ADDWF       R12, 1, 0
;__Lib_MathDouble.c,1197 :: 		
0x2394	0x50F4      	MOVF        PRODH, 0, 0
;__Lib_MathDouble.c,1198 :: 		
0x2396	0x2208      	ADDWFC      R8, 1, 0
;__Lib_MathDouble.c,1199 :: 		
0x2398	0x0E00      	MOVLW       0
;__Lib_MathDouble.c,1200 :: 		
0x239A	0x2200      	ADDWFC      R0, 1, 0
;__Lib_MathDouble.c,1202 :: 		
0x239C	0x500D      	MOVF        R13, 0, 0
;__Lib_MathDouble.c,1203 :: 		
0x239E	0x0205      	MULWF       R5, 0
;__Lib_MathDouble.c,1204 :: 		
0x23A0	0x50F3      	MOVF        PRODL, 0, 0
;__Lib_MathDouble.c,1205 :: 		
0x23A2	0x260C      	ADDWF       R12, 1, 0
;__Lib_MathDouble.c,1206 :: 		
0x23A4	0x50F4      	MOVF        PRODH, 0, 0
;__Lib_MathDouble.c,1207 :: 		
0x23A6	0x2208      	ADDWFC      R8, 1, 0
;__Lib_MathDouble.c,1208 :: 		
0x23A8	0x0E00      	MOVLW       0
;__Lib_MathDouble.c,1209 :: 		
0x23AA	0x2200      	ADDWFC      R0, 1, 0
;__Lib_MathDouble.c,1211 :: 		
0x23AC	0x5002      	MOVF        R2, 0, 0
;__Lib_MathDouble.c,1212 :: 		
0x23AE	0x0204      	MULWF       R4, 0
;__Lib_MathDouble.c,1213 :: 		
0x23B0	0x50F3      	MOVF        PRODL, 0, 0
;__Lib_MathDouble.c,1214 :: 		
0x23B2	0x2608      	ADDWF       R8, 1, 0
;__Lib_MathDouble.c,1215 :: 		
0x23B4	0x50F4      	MOVF        PRODH, 0, 0
;__Lib_MathDouble.c,1216 :: 		
0x23B6	0x2200      	ADDWFC      R0, 1, 0
;__Lib_MathDouble.c,1217 :: 		
0x23B8	0x5002      	MOVF        R2, 0, 0
;__Lib_MathDouble.c,1218 :: 		
0x23BA	0x0205      	MULWF       R5, 0
;__Lib_MathDouble.c,1219 :: 		
0x23BC	0x6A01      	CLRF        R1, 0
;__Lib_MathDouble.c,1220 :: 		
0x23BE	0x0E00      	MOVLW       0
;__Lib_MathDouble.c,1221 :: 		
0x23C0	0x2201      	ADDWFC      R1, 1, 0
;__Lib_MathDouble.c,1222 :: 		
0x23C2	0x50F3      	MOVF        PRODL, 0, 0
;__Lib_MathDouble.c,1223 :: 		
0x23C4	0x2600      	ADDWF       R0, 1, 0
;__Lib_MathDouble.c,1224 :: 		
0x23C6	0x50F4      	MOVF        PRODH, 0, 0
;__Lib_MathDouble.c,1225 :: 		
0x23C8	0x2201      	ADDWFC      R1, 1, 0
;__Lib_MathDouble.c,1227 :: 		
0x23CA	0x500D      	MOVF        R13, 0, 0
;__Lib_MathDouble.c,1228 :: 		
0x23CC	0x0206      	MULWF       R6, 0
;__Lib_MathDouble.c,1229 :: 		
0x23CE	0x50F3      	MOVF        PRODL, 0, 0
;__Lib_MathDouble.c,1230 :: 		
0x23D0	0x2608      	ADDWF       R8, 1, 0
;__Lib_MathDouble.c,1231 :: 		
0x23D2	0x50F4      	MOVF        PRODH, 0, 0
;__Lib_MathDouble.c,1232 :: 		
0x23D4	0x2200      	ADDWFC      R0, 1, 0
;__Lib_MathDouble.c,1233 :: 		
0x23D6	0x6A02      	CLRF        R2, 0
;__Lib_MathDouble.c,1234 :: 		
0x23D8	0x0E00      	MOVLW       0
;__Lib_MathDouble.c,1235 :: 		
0x23DA	0x2201      	ADDWFC      R1, 1, 0
;__Lib_MathDouble.c,1236 :: 		
0x23DC	0x2202      	ADDWFC      R2, 1, 0
;__Lib_MathDouble.c,1238 :: 		
0x23DE	0x500B      	MOVF        R11, 0, 0
;__Lib_MathDouble.c,1239 :: 		
0x23E0	0x0206      	MULWF       R6, 0
;__Lib_MathDouble.c,1240 :: 		
0x23E2	0x50F3      	MOVF        PRODL, 0, 0
;__Lib_MathDouble.c,1241 :: 		
0x23E4	0x2600      	ADDWF       R0, 1, 0
;__Lib_MathDouble.c,1242 :: 		
0x23E6	0x50F4      	MOVF        PRODH, 0, 0
;__Lib_MathDouble.c,1243 :: 		
0x23E8	0x2201      	ADDWFC      R1, 1, 0
;__Lib_MathDouble.c,1244 :: 		
0x23EA	0x0E00      	MOVLW       0
;__Lib_MathDouble.c,1245 :: 		
0x23EC	0x2202      	ADDWFC      R2, 1, 0
;__Lib_MathDouble.c,1247 :: 		
0x23EE	0x500E      	MOVF        R14, 0, 0
;__Lib_MathDouble.c,1248 :: 		
0x23F0	0x0206      	MULWF       R6, 0
;__Lib_MathDouble.c,1249 :: 		
0x23F2	0x50F3      	MOVF        PRODL, 0, 0
;__Lib_MathDouble.c,1250 :: 		
0x23F4	0x2601      	ADDWF       R1, 1, 0
;__Lib_MathDouble.c,1251 :: 		
0x23F6	0x50F4      	MOVF        PRODH, 0, 0
;__Lib_MathDouble.c,1252 :: 		
0x23F8	0x2202      	ADDWFC      R2, 1, 0
;__Lib_MathDouble.c,1254 :: 		
0x23FA	0xBE02      	BTFSC       R2, 7, 0
;__Lib_MathDouble.c,1255 :: 		
0x23FC	0xF012EF08  	GOTO        MROUND32
;__Lib_MathDouble.c,1256 :: 		
0x2400	0x3608      	RLCF        R8, 1, 0
;__Lib_MathDouble.c,1257 :: 		
0x2402	0x3600      	RLCF        R0, 1, 0
;__Lib_MathDouble.c,1258 :: 		
0x2404	0x3601      	RLCF        R1, 1, 0
;__Lib_MathDouble.c,1259 :: 		
0x2406	0x3602      	RLCF        R2, 1, 0
;__Lib_MathDouble.c,1260 :: 		
0x2408	0x0603      	DECF        R3, 1, 0
;__Lib_MathDouble.c,1261 :: 		
0x240A	0xB4D8      	BTFSC       STATUS, 2, 0
;__Lib_MathDouble.c,1262 :: 		
0x240C	0xF012EF28  	GOTO        MULJPSETFUN32
;__Lib_MathDouble.c,1264 :: 		
MROUND32:
;__Lib_MathDouble.c,1267 :: 		
0x2410	0xF012EF1B  	GOTO        MUL32OK
;__Lib_MathDouble.c,1268 :: 		
0x2414	0x80D8      	BSF         STATUS, 0, 0
;__Lib_MathDouble.c,1269 :: 		
0x2416	0x0E80      	MOVLW       128
;__Lib_MathDouble.c,1270 :: 		
0x2418	0x6408      	CPFSGT      R8, 0
;__Lib_MathDouble.c,1271 :: 		
0x241A	0x3000      	RRCF        R0, 0, 0
;__Lib_MathDouble.c,1272 :: 		
0x241C	0x0E00      	MOVLW       0
;__Lib_MathDouble.c,1273 :: 		
0x241E	0x2200      	ADDWFC      R0, 1, 0
;__Lib_MathDouble.c,1274 :: 		
0x2420	0x2201      	ADDWFC      R1, 1, 0
;__Lib_MathDouble.c,1275 :: 		
0x2422	0x2202      	ADDWFC      R2, 1, 0
;__Lib_MathDouble.c,1277 :: 		
0x2424	0xA0D8      	BTFSS       STATUS, 0, 0
;__Lib_MathDouble.c,1278 :: 		
0x2426	0xF012EF1B  	GOTO        MUL32OK
;__Lib_MathDouble.c,1279 :: 		
0x242A	0x3202      	RRCF        R2, 1, 0
;__Lib_MathDouble.c,1280 :: 		
0x242C	0x3201      	RRCF        R1, 1, 0
;__Lib_MathDouble.c,1281 :: 		
0x242E	0x3200      	RRCF        R0, 1, 0
;__Lib_MathDouble.c,1282 :: 		
0x2430	0x4A03      	INFSNZ      R3, 1, 0
;__Lib_MathDouble.c,1283 :: 		
0x2432	0xF012EF24  	GOTO        MULJPSETFOV32
;__Lib_MathDouble.c,1285 :: 		
MUL32OK:
;__Lib_MathDouble.c,1286 :: 		
0x2436	0xAE0A      	BTFSS       R10, 7, 0
;__Lib_MathDouble.c,1287 :: 		
0x2438	0x9E02      	BCF         R2, 7, 0
;__Lib_MathDouble.c,1289 :: 		
0x243A	0x0E00      	MOVLW       0
;__Lib_MathDouble.c,1290 :: 		
0x243C	0xF012EF2A  	GOTO        MULEEE
;__Lib_MathDouble.c,1291 :: 		
MULJPRES032:
;__Lib_MathDouble.c,1292 :: 		
0x2440	0x0E01      	MOVLW       1
;__Lib_MathDouble.c,1295 :: 		
0x2442	0xDE12      	RCALL       _RES032
;__Lib_MathDouble.c,1297 :: 		
0x2444	0xF012EF2A  	GOTO        MULEEE
;__Lib_MathDouble.c,1298 :: 		
MULJPSETFOV32:
;__Lib_MathDouble.c,1299 :: 		
0x2448	0x0E02      	MOVLW       2
;__Lib_MathDouble.c,1302 :: 		
0x244A	0xDE7D      	RCALL       _SETFOV32
;__Lib_MathDouble.c,1304 :: 		
0x244C	0xF012EF2A  	GOTO        MULEEE
;__Lib_MathDouble.c,1305 :: 		
MULJPSETFUN32:
;__Lib_MathDouble.c,1306 :: 		
0x2450	0x0E04      	MOVLW       4
;__Lib_MathDouble.c,1309 :: 		
0x2452	0xDDFD      	RCALL       _SETFUN32
;__Lib_MathDouble.c,1311 :: 		
MULEEE:
;__Lib_MathDouble.c,1318 :: 		
L_end_Mul_32x32_FP:
0x2454	0x0012      	RETURN      0
; end of _Mul_32x32_FP
_word2double:
;__Lib_MathDouble.c,2335 :: 		
;__Lib_MathDouble.c,2344 :: 		
0x2456	0x5000      	MOVF        R0, 0, 0
;__Lib_MathDouble.c,2345 :: 		
0x2458	0x6E08      	MOVWF       R8, 0
;__Lib_MathDouble.c,2346 :: 		
0x245A	0x5001      	MOVF        R1, 0, 0
;__Lib_MathDouble.c,2347 :: 		
0x245C	0x6E00      	MOVWF       R0, 0
;__Lib_MathDouble.c,2348 :: 		
0x245E	0x6A01      	CLRF        R1, 0
;__Lib_MathDouble.c,2349 :: 		
0x2460	0x6A02      	CLRF        R2, 0
;__Lib_MathDouble.c,2350 :: 		
0x2462	0x6A03      	CLRF        R3, 0
;__Lib_MathDouble.c,2353 :: 		
0x2464	0x6A0B      	CLRF        R11, 0
;__Lib_MathDouble.c,2354 :: 		
0x2466	0x6A0C      	CLRF        R12, 0
;__Lib_MathDouble.c,2356 :: 		
0x2468	0x0E96      	MOVLW       150
;__Lib_MathDouble.c,2357 :: 		
0x246A	0x6E03      	MOVWF       R3, 0
;__Lib_MathDouble.c,2358 :: 		
0x246C	0x6A0A      	CLRF        R10, 0
;__Lib_MathDouble.c,2360 :: 		
0x246E	0xF001C000  	MOVFF       R0, R1
;__Lib_MathDouble.c,2361 :: 		
0x2472	0xF000C008  	MOVFF       R8, R0
;__Lib_MathDouble.c,2362 :: 		
0x2476	0x6A08      	CLRF        R8, 0
;__Lib_MathDouble.c,2363 :: 		
0x2478	0x6A02      	CLRF        R2, 0
;__Lib_MathDouble.c,2365 :: 		
0x247A	0xDE25      	RCALL       _NRM3232
;__Lib_MathDouble.c,2366 :: 		
L_end_word2double:
0x247C	0x0012      	RETURN      0
; end of _word2double
0x247E	0xF015EE10  	LFSR        1, 21
0x2482	0x0E01      	MOVLW       1
0x2484	0x6E00      	MOVWF       R0 
0x2486	0x0E01      	MOVLW       1
0x2488	0x6E01      	MOVWF       R1 
0x248A	0x0EFF      	MOVLW       255
0x248C	0x6EF6      	MOVWF       4086 
0x248E	0x0E1F      	MOVLW       31
0x2490	0x6EF7      	MOVWF       TBLPTRH 
0x2492	0x0E00      	MOVLW       0
0x2494	0x6EF8      	MOVWF       TBLPTRU 
0x2496	0xF011EC93  	CALL        8998, 0
0x249A	0x0012      	RETURN      0
;__Lib_ADC_A_D.c,0 :: ?ICS_vref_mask
0x1FFF	0x30 ;?ICS_vref_mask+0
; end of ?ICS_vref_mask
Symbol List:
//** Routines locations **
//ADDRESS    SIZE    PROCEDURE
//----------------------------------------------
0x2000      [70]    _main
0x2046       [8]    _FIXSIGN32
0x204E      [26]    _SETFUN32
0x2068      [14]    _RES032
0x2076      [80]    _Mul_16X16_U
0x20C6     [114]    _NRM3232
0x2138      [14]    _Delay_22us
0x2146      [24]    _SETFOV32
0x215E      [28]    _SETIOV3224
0x217A     [108]    _PWM1_Set_Duty
0x21E6      [46]    _ADC_Init_Advanced
0x2214      [46]    _ADC_Get_Sample
0x2242       [8]    _PWM1_Init
0x224A      [10]    _PWM1_Start
0x2254     [210]    _double2int
0x2326      [16]    ___CC2DW
0x2336     [288]    _Mul_32x32_FP
0x2456      [40]    _word2double
//** Variables locations ** 
//ADDRESS    SIZE    VARIABLE
//----------------------------------------------
0x0000       [1]    R0
0x0001       [1]    R1
0x0002       [1]    R2
0x0003       [1]    R3
0x0004       [1]    R4
0x0005       [1]    R5
0x0006       [1]    R6
0x0007       [1]    R7
0x0008       [1]    R8
0x0009       [1]    R9
0x000A       [1]    R10
0x000B       [1]    R11
0x000C       [1]    R12
0x000D       [1]    R13
0x000E       [1]    R14
0x000F       [1]    R15
0x0010       [1]    R16
0x0011       [1]    R17
0x0012       [1]    R18
0x0013       [1]    R19
0x0014       [1]    R20
0x0015       [1]    _vref_mask
0x0016       [4]    _ADC_Get_Sample_Ptr
0x001A       [2]    _VALOR_ADC
0x001C       [4]    FARG_PWM1_Init_PWM_Freq
0x001C       [1]    FARG_ADC_Init_Advanced_reference
0x001C       [1]    FARG_PWM1_Set_Duty_new_duty
0x001C       [1]    FARG_ADC_Get_Sample_channel
0x0F92       [0]    TRISA0_bit
0x0F94       [1]    TRISC
0x0F94       [0]    TRISC2_bit
0x0FBD       [1]    CCP1CON
0x0FBE       [1]    CCPR1L
0x0FC0       [1]    ADCON2
0x0FC1       [1]    ADCON1
0x0FC2       [1]    ADCON0
0x0FC3       [1]    ADRESL
0x0FC4       [1]    ADRESH
0x0FCA       [1]    T2CON
0x0FCB       [1]    PR2
0x0FD8       [1]    STATUS
0x0FD9       [1]    FSR2L
0x0FDA       [1]    FSR2H
0x0FDE       [1]    POSTINC2
0x0FE0       [1]    BSR
0x0FE1       [1]    FSR1L
0x0FE2       [1]    FSR1H
0x0FE4       [1]    PREINC1
0x0FE6       [1]    POSTINC1
0x0FE7       [1]    INDF1
0x0FE8       [1]    WREG
0x0FE9       [1]    FSR0L
0x0FEA       [1]    FSR0H
0x0FEE       [1]    POSTINC0
0x0FF3       [1]    PRODL
0x0FF4       [1]    PRODH
0x0FF5       [1]    TABLAT
0x0FF6       [1]    TBLPTRL
0x0FF7       [1]    TBLPTRH
0x0FF8       [1]    TBLPTRU
//** Constants locations ** 
//ADDRESS    SIZE    CONSTANT
//----------------------------------------------
0x1FFF       [1]    ?ICS_vref_mask
