;  LST file generated by mikroListExporter - v.2.0 
; Date/Time: 14/10/2021 05:04:48 p. m.
;----------------------------------------------

;Address Opcode 	ASM
0x0000	0xF010EF00  	GOTO        8192
0x0004	0x0000      	NOP
0x0006	0x0000      	NOP
0x0008	0xF000EF00  	GOTO        0
0x000C	0x0000      	NOP
0x000E	0x0000      	NOP
0x0010	0x0000      	NOP
0x0012	0x0000      	NOP
0x0014	0x0000      	NOP
0x0016	0x0000      	NOP
0x0018	0xD7F3      	BRA         0
_main:
0x2000	0xF015ECDF  	CALL        11198, 0
;LM35.c,41 :: 		void main() org 0x2000
;LM35.c,43 :: 		ANSELB  = 0;                     //Configura los pines del puerto B como digitales
0x2004	0x010F      	MOVLB       15
0x2006	0x6B5C      	CLRF        ANSELB, 1
;LM35.c,44 :: 		C1ON_bit = 0;                    // Disable comparators
0x2008	0x9E98      	BCF         C1ON_bit, BitPos(C1ON_bit+0) 
;LM35.c,45 :: 		C2ON_bit = 0;
0x200A	0x9E99      	BCF         C2ON_bit, BitPos(C2ON_bit+0) 
;LM35.c,46 :: 		TRISA0_bit = 1;                  //PIN como entrada
0x200C	0x8092      	BSF         TRISA0_bit, BitPos(TRISA0_bit+0) 
;LM35.c,47 :: 		ANSA0_bit = 1;                   //PIN como analógico
0x200E	0x815B      	BSF         ANSA0_bit, BitPos(ANSA0_bit+0), 1
;LM35.c,48 :: 		Lcd_Init();                      //Initializa el LCD
0x2010	0xDACA      	RCALL       _Lcd_Init
;LM35.c,49 :: 		Lcd_Out(1,2,txt);
0x2012	0x0E01      	MOVLW       1
0x2014	0x6E44      	MOVWF       FARG_Lcd_Out_row 
0x2016	0x0E02      	MOVLW       2
0x2018	0x6E45      	MOVWF       FARG_Lcd_Out_column 
0x201A	0x0E20      	MOVLW       _txt
0x201C	0x6E46      	MOVWF       FARG_Lcd_Out_text 
0x201E	0x0E00      	MOVLW       hi_addr(_txt)
0x2020	0x6E47      	MOVWF       FARG_Lcd_Out_text+1 
0x2022	0xDB0C      	RCALL       _Lcd_Out
;LM35.c,50 :: 		Lcd_Cmd(_LCD_CLEAR);             //Limpia el display
0x2024	0x0E01      	MOVLW       1
0x2026	0x6E56      	MOVWF       FARG_Lcd_Cmd_out_char 
0x2028	0xD8B3      	RCALL       _Lcd_Cmd
;LM35.c,51 :: 		Lcd_Cmd(_LCD_CURSOR_OFF);        //Posiciona el Cursor
0x202A	0x0E0C      	MOVLW       12
0x202C	0x6E56      	MOVWF       FARG_Lcd_Cmd_out_char 
0x202E	0xD8B0      	RCALL       _Lcd_Cmd
;LM35.c,53 :: 		while(1) {
L_main0:
;LM35.c,54 :: 		delay_ms(100);
0x2030	0x0E07      	MOVLW       7
0x2032	0x6E0B      	MOVWF       R11, 0
0x2034	0x0E17      	MOVLW       23
0x2036	0x6E0C      	MOVWF       R12, 0
0x2038	0x0E6A      	MOVLW       106
0x203A	0x6E0D      	MOVWF       R13, 0
L_main2:
0x203C	0x2E0D      	DECFSZ      R13, 1, 0
0x203E	0xD7FE      	BRA         L_main2
0x2040	0x2E0C      	DECFSZ      R12, 1, 0
0x2042	0xD7FC      	BRA         L_main2
0x2044	0x2E0B      	DECFSZ      R11, 1, 0
0x2046	0xD7FA      	BRA         L_main2
0x2048	0x0000      	NOP
;LM35.c,55 :: 		temperatura = ADC_Read(0);          //lee voltaje analogico en puerto A0
0x204A	0x6A44      	CLRF        FARG_ADC_Read_channel 
0x204C	0xF015EC96  	CALL        _ADC_Read, 0
0x2050	0xF015ECB5  	CALL        _word2double, 0
0x2054	0xF040C000  	MOVFF       R0, _temperatura
0x2058	0xF041C001  	MOVFF       R1, _temperatura+1
0x205C	0xF042C002  	MOVFF       R2, _temperatura+2
0x2060	0xF043C003  	MOVFF       R3, _temperatura+3
;LM35.c,56 :: 		temperatura = temperatura * 0.488;  //Da formato al valor de salida
0x2064	0x0E23      	MOVLW       35
0x2066	0x6E04      	MOVWF       R4 
0x2068	0x0EDB      	MOVLW       219
0x206A	0x6E05      	MOVWF       R5 
0x206C	0x0E79      	MOVLW       121
0x206E	0x6E06      	MOVWF       R6 
0x2070	0x0E7D      	MOVLW       125
0x2072	0x6E07      	MOVWF       R7 
0x2074	0xD9FA      	RCALL       _Mul_32x32_FP
0x2076	0xF040C000  	MOVFF       R0, _temperatura
0x207A	0xF041C001  	MOVFF       R1, _temperatura+1
0x207E	0xF042C002  	MOVFF       R2, _temperatura+2
0x2082	0xF043C003  	MOVFF       R3, _temperatura+3
;LM35.c,57 :: 		FloatToStr(temperatura, raw_temp);
0x2086	0xF044C000  	MOVFF       R0, FARG_FloatToStr_fnum
0x208A	0xF045C001  	MOVFF       R1, FARG_FloatToStr_fnum+1
0x208E	0xF046C002  	MOVFF       R2, FARG_FloatToStr_fnum+2
0x2092	0xF047C003  	MOVFF       R3, FARG_FloatToStr_fnum+3
0x2096	0x0E30      	MOVLW       _raw_temp
0x2098	0x6E48      	MOVWF       FARG_FloatToStr_str 
0x209A	0x0E00      	MOVLW       hi_addr(_raw_temp)
0x209C	0x6E49      	MOVWF       FARG_FloatToStr_str+1 
0x209E	0xDB0B      	RCALL       _FloatToStr
;LM35.c,58 :: 		delay_ms(100);
0x20A0	0x0E07      	MOVLW       7
0x20A2	0x6E0B      	MOVWF       R11, 0
0x20A4	0x0E17      	MOVLW       23
0x20A6	0x6E0C      	MOVWF       R12, 0
0x20A8	0x0E6A      	MOVLW       106
0x20AA	0x6E0D      	MOVWF       R13, 0
L_main3:
0x20AC	0x2E0D      	DECFSZ      R13, 1, 0
0x20AE	0xD7FE      	BRA         L_main3
0x20B0	0x2E0C      	DECFSZ      R12, 1, 0
0x20B2	0xD7FC      	BRA         L_main3
0x20B4	0x2E0B      	DECFSZ      R11, 1, 0
0x20B6	0xD7FA      	BRA         L_main3
0x20B8	0x0000      	NOP
;LM35.c,59 :: 		Lcd_Out(1,2,txt);
0x20BA	0x0E01      	MOVLW       1
0x20BC	0x6E44      	MOVWF       FARG_Lcd_Out_row 
0x20BE	0x0E02      	MOVLW       2
0x20C0	0x6E45      	MOVWF       FARG_Lcd_Out_column 
0x20C2	0x0E20      	MOVLW       _txt
0x20C4	0x6E46      	MOVWF       FARG_Lcd_Out_text 
0x20C6	0x0E00      	MOVLW       hi_addr(_txt)
0x20C8	0x6E47      	MOVWF       FARG_Lcd_Out_text+1 
0x20CA	0xDAB8      	RCALL       _Lcd_Out
;LM35.c,60 :: 		Lcd_Out(2,2,"Temp:");
0x20CC	0x0E02      	MOVLW       2
0x20CE	0x6E44      	MOVWF       FARG_Lcd_Out_row 
0x20D0	0x0E02      	MOVLW       2
0x20D2	0x6E45      	MOVWF       FARG_Lcd_Out_column 
0x20D4	0x0E2A      	MOVLW       ?lstr1_LM35
0x20D6	0x6E46      	MOVWF       FARG_Lcd_Out_text 
0x20D8	0x0E00      	MOVLW       hi_addr(?lstr1_LM35)
0x20DA	0x6E47      	MOVWF       FARG_Lcd_Out_text+1 
0x20DC	0xDAAF      	RCALL       _Lcd_Out
;LM35.c,61 :: 		Lcd_Chr(2,7,raw_temp[0]);
0x20DE	0x0E02      	MOVLW       2
0x20E0	0x6E44      	MOVWF       FARG_Lcd_Chr_row 
0x20E2	0x0E07      	MOVLW       7
0x20E4	0x6E45      	MOVWF       FARG_Lcd_Chr_column 
0x20E6	0xF046C030  	MOVFF       _raw_temp, FARG_Lcd_Chr_out_char
0x20EA	0xF015EC67  	CALL        _Lcd_Chr, 0
;LM35.c,62 :: 		Lcd_Chr(2,8,raw_temp[1]);
0x20EE	0x0E02      	MOVLW       2
0x20F0	0x6E44      	MOVWF       FARG_Lcd_Chr_row 
0x20F2	0x0E08      	MOVLW       8
0x20F4	0x6E45      	MOVWF       FARG_Lcd_Chr_column 
0x20F6	0xF046C031  	MOVFF       _raw_temp+1, FARG_Lcd_Chr_out_char
0x20FA	0xF015EC67  	CALL        _Lcd_Chr, 0
;LM35.c,63 :: 		Lcd_Chr(2,9,raw_temp[2]);
0x20FE	0x0E02      	MOVLW       2
0x2100	0x6E44      	MOVWF       FARG_Lcd_Chr_row 
0x2102	0x0E09      	MOVLW       9
0x2104	0x6E45      	MOVWF       FARG_Lcd_Chr_column 
0x2106	0xF046C032  	MOVFF       _raw_temp+2, FARG_Lcd_Chr_out_char
0x210A	0xF015EC67  	CALL        _Lcd_Chr, 0
;LM35.c,64 :: 		Lcd_Chr(2,10,raw_temp[3]);
0x210E	0x0E02      	MOVLW       2
0x2110	0x6E44      	MOVWF       FARG_Lcd_Chr_row 
0x2112	0x0E0A      	MOVLW       10
0x2114	0x6E45      	MOVWF       FARG_Lcd_Chr_column 
0x2116	0xF046C033  	MOVFF       _raw_temp+3, FARG_Lcd_Chr_out_char
0x211A	0xF015EC67  	CALL        _Lcd_Chr, 0
;LM35.c,65 :: 		delay_ms(100);
0x211E	0x0E07      	MOVLW       7
0x2120	0x6E0B      	MOVWF       R11, 0
0x2122	0x0E17      	MOVLW       23
0x2124	0x6E0C      	MOVWF       R12, 0
0x2126	0x0E6A      	MOVLW       106
0x2128	0x6E0D      	MOVWF       R13, 0
L_main4:
0x212A	0x2E0D      	DECFSZ      R13, 1, 0
0x212C	0xD7FE      	BRA         L_main4
0x212E	0x2E0C      	DECFSZ      R12, 1, 0
0x2130	0xD7FC      	BRA         L_main4
0x2132	0x2E0B      	DECFSZ      R11, 1, 0
0x2134	0xD7FA      	BRA         L_main4
0x2136	0x0000      	NOP
;LM35.c,66 :: 		}
0x2138	0xD77B      	BRA         L_main0
;LM35.c,67 :: 		}
L_end_main:
0x213A	0xD7FF      	BRA         $+0
; end of _main
_Delay_5500us:
;__Lib_Delays.c,31 :: 		void Delay_5500us() {
;__Lib_Delays.c,32 :: 		Delay_us(5500);
0x213C	0x0E56      	MOVLW       86
0x213E	0x6E0C      	MOVWF       R12, 0
0x2140	0x0EB5      	MOVLW       181
0x2142	0x6E0D      	MOVWF       R13, 0
L_Delay_5500us6:
0x2144	0x2E0D      	DECFSZ      R13, 1, 0
0x2146	0xD7FE      	BRA         L_Delay_5500us6
0x2148	0x2E0C      	DECFSZ      R12, 1, 0
0x214A	0xD7FC      	BRA         L_Delay_5500us6
0x214C	0x0000      	NOP
0x214E	0x0000      	NOP
;__Lib_Delays.c,33 :: 		}
L_end_Delay_5500us:
0x2150	0x0012      	RETURN      0
; end of _Delay_5500us
_Delay_50us:
;__Lib_Delays.c,19 :: 		void Delay_50us() {
;__Lib_Delays.c,20 :: 		Delay_us(50);
0x2152	0x0EC7      	MOVLW       199
0x2154	0x6E0D      	MOVWF       R13, 0
L_Delay_50us3:
0x2156	0x2E0D      	DECFSZ      R13, 1, 0
0x2158	0xD7FE      	BRA         L_Delay_50us3
0x215A	0x0000      	NOP
0x215C	0x0000      	NOP
;__Lib_Delays.c,21 :: 		}
L_end_Delay_50us:
0x215E	0x0012      	RETURN      0
; end of _Delay_50us
_Delay_1us:
;__Lib_Delays.c,7 :: 		void Delay_1us() {
;__Lib_Delays.c,8 :: 		Delay_us(1);
0x2160	0x0E03      	MOVLW       3
0x2162	0x6E0D      	MOVWF       R13, 0
L_Delay_1us0:
0x2164	0x2E0D      	DECFSZ      R13, 1, 0
0x2166	0xD7FE      	BRA         L_Delay_1us0
0x2168	0x0000      	NOP
0x216A	0x0000      	NOP
;__Lib_Delays.c,9 :: 		}
L_end_Delay_1us:
0x216C	0x0012      	RETURN      0
; end of _Delay_1us
_SETFUN32:
;__Lib_MathDouble.c,144 :: 		
;__Lib_MathDouble.c,152 :: 		
0x216E	0x840B      	BSF         R11, 2, 0
;__Lib_MathDouble.c,153 :: 		
0x2170	0xAE0B      	BTFSS       R11, 7, 0
;__Lib_MathDouble.c,154 :: 		
0x2172	0xF010EFC2  	GOTO        SETFUN32EEE
;__Lib_MathDouble.c,156 :: 		
0x2176	0x0E01      	MOVLW       1
;__Lib_MathDouble.c,157 :: 		
0x2178	0x6E03      	MOVWF       R3, 0
;__Lib_MathDouble.c,158 :: 		
0x217A	0x6A02      	CLRF        R2, 0
;__Lib_MathDouble.c,159 :: 		
0x217C	0x6A01      	CLRF        R1, 0
;__Lib_MathDouble.c,160 :: 		
0x217E	0x6A00      	CLRF        R0, 0
;__Lib_MathDouble.c,161 :: 		
0x2180	0x360A      	RLCF        R10, 1, 0
;__Lib_MathDouble.c,162 :: 		
0x2182	0x3202      	RRCF        R2, 1, 0
;__Lib_MathDouble.c,163 :: 		
SETFUN32EEE:
;__Lib_MathDouble.c,164 :: 		
0x2184	0x0EFF      	MOVLW       255
;__Lib_MathDouble.c,166 :: 		
L_end_SETFUN32:
0x2186	0x0012      	RETURN      0
; end of _SETFUN32
_FIXSIGN32:
;__Lib_MathDouble.c,117 :: 		
;__Lib_MathDouble.c,121 :: 		
0x2188	0xAE0A      	BTFSS       R10, 7, 0
;__Lib_MathDouble.c,122 :: 		
0x218A	0x9E02      	BCF         R2, 7, 0
;__Lib_MathDouble.c,123 :: 		
0x218C	0x0E00      	MOVLW       0
;__Lib_MathDouble.c,125 :: 		
L_end_FIXSIGN32:
0x218E	0x0012      	RETURN      0
; end of _FIXSIGN32
_Lcd_Cmd:
;__Lib_Lcd.c,18 :: 		
;__Lib_Lcd.c,20 :: 		
0x2190	0xBE56      	BTFSC       FARG_Lcd_Cmd_out_char, 7 
0x2192	0xD002      	BRA         L__Lcd_Cmd21
0x2194	0x9C8A      	BCF         LCD_D7, BitPos(LCD_D7+0) 
0x2196	0xD001      	BRA         L__Lcd_Cmd22
L__Lcd_Cmd21:
0x2198	0x8C8A      	BSF         LCD_D7, BitPos(LCD_D7+0) 
L__Lcd_Cmd22:
;__Lib_Lcd.c,21 :: 		
0x219A	0xBC56      	BTFSC       FARG_Lcd_Cmd_out_char, 6 
0x219C	0xD002      	BRA         L__Lcd_Cmd23
0x219E	0x9A8A      	BCF         LCD_D6, BitPos(LCD_D6+0) 
0x21A0	0xD001      	BRA         L__Lcd_Cmd24
L__Lcd_Cmd23:
0x21A2	0x8A8A      	BSF         LCD_D6, BitPos(LCD_D6+0) 
L__Lcd_Cmd24:
;__Lib_Lcd.c,22 :: 		
0x21A4	0xBA56      	BTFSC       FARG_Lcd_Cmd_out_char, 5 
0x21A6	0xD002      	BRA         L__Lcd_Cmd25
0x21A8	0x988A      	BCF         LCD_D5, BitPos(LCD_D5+0) 
0x21AA	0xD001      	BRA         L__Lcd_Cmd26
L__Lcd_Cmd25:
0x21AC	0x888A      	BSF         LCD_D5, BitPos(LCD_D5+0) 
L__Lcd_Cmd26:
;__Lib_Lcd.c,23 :: 		
0x21AE	0xB856      	BTFSC       FARG_Lcd_Cmd_out_char, 4 
0x21B0	0xD002      	BRA         L__Lcd_Cmd27
0x21B2	0x968A      	BCF         LCD_D4, BitPos(LCD_D4+0) 
0x21B4	0xD001      	BRA         L__Lcd_Cmd28
L__Lcd_Cmd27:
0x21B6	0x868A      	BSF         LCD_D4, BitPos(LCD_D4+0) 
L__Lcd_Cmd28:
;__Lib_Lcd.c,25 :: 		
0x21B8	0xB03F      	BTFSC       __Lib_Lcd_cmd_status, BitPos(__Lib_Lcd_cmd_status+0) 
0x21BA	0xD002      	BRA         L__Lcd_Cmd29
0x21BC	0x808A      	BSF         LCD_RS, BitPos(LCD_RS+0) 
0x21BE	0xD001      	BRA         L__Lcd_Cmd30
L__Lcd_Cmd29:
0x21C0	0x908A      	BCF         LCD_RS, BitPos(LCD_RS+0) 
L__Lcd_Cmd30:
;__Lib_Lcd.c,28 :: 		
0x21C2	0x848A      	BSF         LCD_EN, BitPos(LCD_EN+0) 
;__Lib_Lcd.c,29 :: 		
0x21C4	0xDFCD      	RCALL       _Delay_1us
;__Lib_Lcd.c,30 :: 		
0x21C6	0x948A      	BCF         LCD_EN, BitPos(LCD_EN+0) 
;__Lib_Lcd.c,33 :: 		
0x21C8	0xB656      	BTFSC       FARG_Lcd_Cmd_out_char, 3 
0x21CA	0xD002      	BRA         L__Lcd_Cmd31
0x21CC	0x9C8A      	BCF         LCD_D7, BitPos(LCD_D7+0) 
0x21CE	0xD001      	BRA         L__Lcd_Cmd32
L__Lcd_Cmd31:
0x21D0	0x8C8A      	BSF         LCD_D7, BitPos(LCD_D7+0) 
L__Lcd_Cmd32:
;__Lib_Lcd.c,34 :: 		
0x21D2	0xB456      	BTFSC       FARG_Lcd_Cmd_out_char, 2 
0x21D4	0xD002      	BRA         L__Lcd_Cmd33
0x21D6	0x9A8A      	BCF         LCD_D6, BitPos(LCD_D6+0) 
0x21D8	0xD001      	BRA         L__Lcd_Cmd34
L__Lcd_Cmd33:
0x21DA	0x8A8A      	BSF         LCD_D6, BitPos(LCD_D6+0) 
L__Lcd_Cmd34:
;__Lib_Lcd.c,35 :: 		
0x21DC	0xB256      	BTFSC       FARG_Lcd_Cmd_out_char, 1 
0x21DE	0xD002      	BRA         L__Lcd_Cmd35
0x21E0	0x988A      	BCF         LCD_D5, BitPos(LCD_D5+0) 
0x21E2	0xD001      	BRA         L__Lcd_Cmd36
L__Lcd_Cmd35:
0x21E4	0x888A      	BSF         LCD_D5, BitPos(LCD_D5+0) 
L__Lcd_Cmd36:
;__Lib_Lcd.c,36 :: 		
0x21E6	0xB056      	BTFSC       FARG_Lcd_Cmd_out_char, 0 
0x21E8	0xD002      	BRA         L__Lcd_Cmd37
0x21EA	0x968A      	BCF         LCD_D4, BitPos(LCD_D4+0) 
0x21EC	0xD001      	BRA         L__Lcd_Cmd38
L__Lcd_Cmd37:
0x21EE	0x868A      	BSF         LCD_D4, BitPos(LCD_D4+0) 
L__Lcd_Cmd38:
;__Lib_Lcd.c,38 :: 		
0x21F0	0xB03F      	BTFSC       __Lib_Lcd_cmd_status, BitPos(__Lib_Lcd_cmd_status+0) 
0x21F2	0xD002      	BRA         L__Lcd_Cmd39
0x21F4	0x808A      	BSF         LCD_RS, BitPos(LCD_RS+0) 
0x21F6	0xD001      	BRA         L__Lcd_Cmd40
L__Lcd_Cmd39:
0x21F8	0x908A      	BCF         LCD_RS, BitPos(LCD_RS+0) 
L__Lcd_Cmd40:
;__Lib_Lcd.c,40 :: 		
0x21FA	0x848A      	BSF         LCD_EN, BitPos(LCD_EN+0) 
;__Lib_Lcd.c,41 :: 		
0x21FC	0xDFB1      	RCALL       _Delay_1us
;__Lib_Lcd.c,42 :: 		
0x21FE	0x948A      	BCF         LCD_EN, BitPos(LCD_EN+0) 
;__Lib_Lcd.c,44 :: 		
0x2200	0xA03F      	BTFSS       __Lib_Lcd_cmd_status, BitPos(__Lib_Lcd_cmd_status+0) 
0x2202	0xD002      	BRA         L_Lcd_Cmd0
;__Lib_Lcd.c,45 :: 		
0x2204	0xDF9B      	RCALL       _Delay_5500us
0x2206	0xD001      	BRA         L_Lcd_Cmd1
L_Lcd_Cmd0:
;__Lib_Lcd.c,47 :: 		
0x2208	0xDFA4      	RCALL       _Delay_50us
L_Lcd_Cmd1:
;__Lib_Lcd.c,48 :: 		
L_end_Lcd_Cmd:
0x220A	0x0012      	RETURN      0
; end of _Lcd_Cmd
_RES032:
;__Lib_MathDouble.c,128 :: 		
;__Lib_MathDouble.c,134 :: 		
0x220C	0x6A02      	CLRF        R2, 0
;__Lib_MathDouble.c,135 :: 		
0x220E	0x6A01      	CLRF        R1, 0
;__Lib_MathDouble.c,136 :: 		
0x2210	0x6A00      	CLRF        R0, 0
;__Lib_MathDouble.c,137 :: 		
0x2212	0x6A08      	CLRF        R8, 0
;__Lib_MathDouble.c,138 :: 		
0x2214	0x6A03      	CLRF        R3, 0
;__Lib_MathDouble.c,139 :: 		
0x2216	0x0E00      	MOVLW       0
;__Lib_MathDouble.c,141 :: 		
L_end_RES032:
0x2218	0x0012      	RETURN      0
; end of _RES032
_SETFOV32:
;__Lib_MathDouble.c,82 :: 		
;__Lib_MathDouble.c,90 :: 		
0x221A	0x820B      	BSF         R11, 1, 0
;__Lib_MathDouble.c,91 :: 		
0x221C	0xAE0B      	BTFSS       R11, 7, 0
;__Lib_MathDouble.c,92 :: 		
0x221E	0xF011EF17  	GOTO        SETFOV32EEE
;__Lib_MathDouble.c,94 :: 		
0x2222	0x6803      	SETF        R3, 0
;__Lib_MathDouble.c,95 :: 		
0x2224	0x6802      	SETF        R2, 0
;__Lib_MathDouble.c,96 :: 		
0x2226	0x6801      	SETF        R1, 0
;__Lib_MathDouble.c,97 :: 		
0x2228	0x6800      	SETF        R0, 0
;__Lib_MathDouble.c,98 :: 		
0x222A	0x360A      	RLCF        R10, 1, 0
;__Lib_MathDouble.c,99 :: 		
0x222C	0x3202      	RRCF        R2, 1, 0
;__Lib_MathDouble.c,100 :: 		
SETFOV32EEE:
;__Lib_MathDouble.c,101 :: 		
0x222E	0x0EFF      	MOVLW       255
;__Lib_MathDouble.c,103 :: 		
L_end_SETFOV32:
0x2230	0x0012      	RETURN      0
; end of _SETFOV32
_NRM3232:
;__Lib_MathDouble.c,455 :: 		
;__Lib_MathDouble.c,463 :: 		
0x2232	0x6A0C      	CLRF        R12, 0
;__Lib_MathDouble.c,464 :: 		
0x2234	0x6A0E      	CLRF        R14, 0
;__Lib_MathDouble.c,465 :: 		
0x2236	0x5002      	MOVF        R2, 0, 0
;__Lib_MathDouble.c,466 :: 		
0x2238	0xA4D8      	BTFSS       STATUS, 2, 0
;__Lib_MathDouble.c,467 :: 		
0x223A	0xF011EF32  	GOTO        NORM3232
;__Lib_MathDouble.c,468 :: 		
0x223E	0xF002C001  	MOVFF       R1, R2
;__Lib_MathDouble.c,469 :: 		
0x2242	0xF001C000  	MOVFF       R0, R1
;__Lib_MathDouble.c,470 :: 		
0x2246	0x6A00      	CLRF        R0, 0
;__Lib_MathDouble.c,471 :: 		
0x2248	0x860E      	BSF         R14, 3, 0
;__Lib_MathDouble.c,473 :: 		
0x224A	0x5002      	MOVF        R2, 0, 0
;__Lib_MathDouble.c,474 :: 		
0x224C	0xA4D8      	BTFSS       STATUS, 2, 0
;__Lib_MathDouble.c,475 :: 		
0x224E	0xF011EF32  	GOTO        NORM3232
;__Lib_MathDouble.c,476 :: 		
0x2252	0xF002C001  	MOVFF       R1, R2
;__Lib_MathDouble.c,477 :: 		
0x2256	0x6A01      	CLRF        R1, 0
;__Lib_MathDouble.c,478 :: 		
0x2258	0x960E      	BCF         R14, 3, 0
;__Lib_MathDouble.c,479 :: 		
0x225A	0x880E      	BSF         R14, 4, 0
;__Lib_MathDouble.c,481 :: 		
0x225C	0x5002      	MOVF        R2, 0, 0
;__Lib_MathDouble.c,482 :: 		
0x225E	0xB4D8      	BTFSC       STATUS, 2, 0
;__Lib_MathDouble.c,483 :: 		
0x2260	0xF011EF44  	GOTO        JPNRES032
;__Lib_MathDouble.c,484 :: 		
NORM3232:
;__Lib_MathDouble.c,485 :: 		
0x2264	0x500E      	MOVF        R14, 0, 0
;__Lib_MathDouble.c,486 :: 		
0x2266	0x5E03      	SUBWF       R3, 1, 0
;__Lib_MathDouble.c,487 :: 		
0x2268	0xA4D8      	BTFSS       STATUS, 2, 0
;__Lib_MathDouble.c,488 :: 		
0x226A	0xA0D8      	BTFSS       STATUS, 0, 0
;__Lib_MathDouble.c,489 :: 		
0x226C	0xF011EF49  	GOTO        JPNSETFUN32
;__Lib_MathDouble.c,490 :: 		
0x2270	0x90D8      	BCF         STATUS, 0, 0
;__Lib_MathDouble.c,491 :: 		
NORM3232A:
;__Lib_MathDouble.c,492 :: 		
0x2272	0xBE02      	BTFSC       R2, 7, 0
;__Lib_MathDouble.c,493 :: 		
0x2274	0xF011EF4E  	GOTO        JMPNFIXSIGN32
;__Lib_MathDouble.c,494 :: 		
0x2278	0x3600      	RLCF        R0, 1, 0
;__Lib_MathDouble.c,495 :: 		
0x227A	0x3601      	RLCF        R1, 1, 0
;__Lib_MathDouble.c,496 :: 		
0x227C	0x3602      	RLCF        R2, 1, 0
;__Lib_MathDouble.c,497 :: 		
0x227E	0x2E03      	DECFSZ      R3, 1, 0
;__Lib_MathDouble.c,498 :: 		
0x2280	0xF011EF39  	GOTO        NORM3232A
;__Lib_MathDouble.c,499 :: 		
0x2284	0xF011EF49  	GOTO        JPNSETFUN32
;__Lib_MathDouble.c,500 :: 		
JPNRES032:
;__Lib_MathDouble.c,501 :: 		
0x2288	0x0E01      	MOVLW       1
;__Lib_MathDouble.c,502 :: 		
0x228A	0x6E0C      	MOVWF       R12, 0
;__Lib_MathDouble.c,504 :: 		
0x228C	0xDFBF      	RCALL       _RES032
;__Lib_MathDouble.c,506 :: 		
0x228E	0xF011EF51  	GOTO        NORM32EEE
;__Lib_MathDouble.c,507 :: 		
JPNSETFUN32:
;__Lib_MathDouble.c,508 :: 		
0x2292	0x0E02      	MOVLW       2
;__Lib_MathDouble.c,509 :: 		
0x2294	0x6E0C      	MOVWF       R12, 0
;__Lib_MathDouble.c,511 :: 		
0x2296	0xDF6B      	RCALL       _SETFUN32
;__Lib_MathDouble.c,513 :: 		
0x2298	0xF011EF51  	GOTO        NORM32EEE
;__Lib_MathDouble.c,514 :: 		
JMPNFIXSIGN32:
;__Lib_MathDouble.c,515 :: 		
0x229C	0x0E04      	MOVLW       4
;__Lib_MathDouble.c,516 :: 		
0x229E	0x6E0C      	MOVWF       R12, 0
;__Lib_MathDouble.c,518 :: 		
0x22A0	0xDF73      	RCALL       _FIXSIGN32
;__Lib_MathDouble.c,520 :: 		
NORM32EEE:
;__Lib_MathDouble.c,527 :: 		
L_end_NRM3232:
0x22A2	0x0012      	RETURN      0
; end of _NRM3232
_strcpy:
;__Lib_CString.c,126 :: 		
;__Lib_CString.c,129 :: 		
0x22A4	0xF004C052  	MOVFF       FARG_strcpy_to, R4
0x22A8	0xF005C053  	MOVFF       FARG_strcpy_to+1, R5
;__Lib_CString.c,130 :: 		
L_strcpy34:
0x22AC	0xF002C004  	MOVFF       R4, R2
0x22B0	0xF003C005  	MOVFF       R5, R3
0x22B4	0x4A04      	INFSNZ      R4, 1 
0x22B6	0x2A05      	INCF        R5, 1 
0x22B8	0xF000C054  	MOVFF       FARG_strcpy_from, R0
0x22BC	0xF001C055  	MOVFF       FARG_strcpy_from+1, R1
0x22C0	0x4A54      	INFSNZ      FARG_strcpy_from, 1 
0x22C2	0x2A55      	INCF        FARG_strcpy_from+1, 1 
0x22C4	0xFFE9C000  	MOVFF       R0, FSR0L
0x22C8	0xFFEAC001  	MOVFF       R1, FSR0H
0x22CC	0xFFE1C002  	MOVFF       R2, FSR1L
0x22D0	0xFFE2C003  	MOVFF       R3, FSR1H
0x22D4	0xFFE6CFEE  	MOVFF       POSTINC0, POSTINC1
0x22D8	0xFFE9C002  	MOVFF       R2, FSR0L
0x22DC	0xFFEAC003  	MOVFF       R3, FSR0H
0x22E0	0x52EE      	MOVF        POSTINC0, 1 
0x22E2	0xE001      	BZ          L_strcpy35
;__Lib_CString.c,131 :: 		
0x22E4	0xD7E3      	BRA         L_strcpy34
L_strcpy35:
;__Lib_CString.c,132 :: 		
0x22E6	0xF000C052  	MOVFF       FARG_strcpy_to, R0
0x22EA	0xF001C053  	MOVFF       FARG_strcpy_to+1, R1
;__Lib_CString.c,133 :: 		
L_end_strcpy:
0x22EE	0x0012      	RETURN      0
; end of _strcpy
_Compare_Double:
;__Lib_MathDouble.c,2518 :: 		
;__Lib_MathDouble.c,2529 :: 		
0x22F0	0x6A0A      	CLRF        R10, 0
;__Lib_MathDouble.c,2530 :: 		
0x22F2	0x5003      	MOVF        R3, 0, 0
;__Lib_MathDouble.c,2531 :: 		
0x22F4	0xA4D8      	BTFSS       STATUS, 2, 0
;__Lib_MathDouble.c,2532 :: 		
0x22F6	0x800A      	BSF         R10, 0, 0
;__Lib_MathDouble.c,2533 :: 		
0x22F8	0x5007      	MOVF        R7, 0, 0
;__Lib_MathDouble.c,2534 :: 		
0x22FA	0xA4D8      	BTFSS       STATUS, 2, 0
;__Lib_MathDouble.c,2535 :: 		
0x22FC	0x820A      	BSF         R10, 1, 0
;__Lib_MathDouble.c,2537 :: 		
0x22FE	0x500A      	MOVF        R10, 0, 0
;__Lib_MathDouble.c,2538 :: 		
0x2300	0xB4D8      	BTFSC       STATUS, 2, 0
;__Lib_MathDouble.c,2539 :: 		
0x2302	0xF011EFDB  	GOTO        COMPARE_EQU
;__Lib_MathDouble.c,2540 :: 		
0x2306	0x0A03      	XORLW       3
;__Lib_MathDouble.c,2541 :: 		
0x2308	0xB4D8      	BTFSC       STATUS, 2, 0
;__Lib_MathDouble.c,2542 :: 		
0x230A	0xF011EF94  	GOTO        COMPARE_NOTZERO
;__Lib_MathDouble.c,2544 :: 		
0x230E	0xB00A      	BTFSC       R10, 0, 0
;__Lib_MathDouble.c,2545 :: 		
0x2310	0xF011EF8F  	GOTO        COMPARE_XNOTZERO
;__Lib_MathDouble.c,2547 :: 		
0x2314	0xAE06      	BTFSS       R6, 7, 0
;__Lib_MathDouble.c,2548 :: 		
0x2316	0xF011EFD9  	GOTO        COMPARE_LT
;__Lib_MathDouble.c,2549 :: 		
0x231A	0xF011EFD7  	GOTO        COMPARE_GT
;__Lib_MathDouble.c,2550 :: 		
COMPARE_XNOTZERO:
;__Lib_MathDouble.c,2551 :: 		
0x231E	0xAE02      	BTFSS       R2, 7, 0
;__Lib_MathDouble.c,2552 :: 		
0x2320	0xF011EFD7  	GOTO        COMPARE_GT
;__Lib_MathDouble.c,2553 :: 		
0x2324	0xF011EFD9  	GOTO        COMPARE_LT
;__Lib_MathDouble.c,2555 :: 		
COMPARE_NOTZERO:
;__Lib_MathDouble.c,2556 :: 		
0x2328	0x5002      	MOVF        R2, 0, 0
;__Lib_MathDouble.c,2557 :: 		
0x232A	0x0B80      	ANDLW       128
;__Lib_MathDouble.c,2558 :: 		
0x232C	0x6E0A      	MOVWF       R10, 0
;__Lib_MathDouble.c,2559 :: 		
0x232E	0x9E02      	BCF         R2, 7, 0
;__Lib_MathDouble.c,2561 :: 		
0x2330	0x5006      	MOVF        R6, 0, 0
;__Lib_MathDouble.c,2562 :: 		
0x2332	0x0B80      	ANDLW       128
;__Lib_MathDouble.c,2563 :: 		
0x2334	0x9E06      	BCF         R6, 7, 0
;__Lib_MathDouble.c,2565 :: 		
0x2336	0x180A      	XORWF       R10, 0, 0
;__Lib_MathDouble.c,2566 :: 		
0x2338	0xB4D8      	BTFSC       STATUS, 2, 0
;__Lib_MathDouble.c,2567 :: 		
0x233A	0xF011EFA5  	GOTO        COMPARE_TESTALL
;__Lib_MathDouble.c,2569 :: 		
0x233E	0x500A      	MOVF        R10, 0, 0
;__Lib_MathDouble.c,2570 :: 		
0x2340	0xB4D8      	BTFSC       STATUS, 2, 0
;__Lib_MathDouble.c,2571 :: 		
0x2342	0xF011EFD7  	GOTO        COMPARE_GT
;__Lib_MathDouble.c,2572 :: 		
0x2346	0xF011EFD9  	GOTO        COMPARE_LT
;__Lib_MathDouble.c,2574 :: 		
COMPARE_TESTALL:
;__Lib_MathDouble.c,2575 :: 		
0x234A	0x5007      	MOVF        R7, 0, 0
;__Lib_MathDouble.c,2576 :: 		
0x234C	0x5C03      	SUBWF       R3, 0, 0
;__Lib_MathDouble.c,2577 :: 		
0x234E	0xB4D8      	BTFSC       STATUS, 2, 0
;__Lib_MathDouble.c,2578 :: 		
0x2350	0xF011EFAF  	GOTO        COMPARE_C1
;__Lib_MathDouble.c,2579 :: 		
0x2354	0xA0D8      	BTFSS       STATUS, 0, 0
;__Lib_MathDouble.c,2580 :: 		
0x2356	0xF011EFCB  	GOTO        GT_FALSE
;__Lib_MathDouble.c,2581 :: 		
0x235A	0xF011EFD1  	GOTO        GT_TRUE
;__Lib_MathDouble.c,2582 :: 		
COMPARE_C1:
;__Lib_MathDouble.c,2583 :: 		
0x235E	0x5006      	MOVF        R6, 0, 0
;__Lib_MathDouble.c,2584 :: 		
0x2360	0x5C02      	SUBWF       R2, 0, 0
;__Lib_MathDouble.c,2585 :: 		
0x2362	0xB4D8      	BTFSC       STATUS, 2, 0
;__Lib_MathDouble.c,2586 :: 		
0x2364	0xF011EFB9  	GOTO        COMPARE_C2
;__Lib_MathDouble.c,2587 :: 		
0x2368	0xA0D8      	BTFSS       STATUS, 0, 0
;__Lib_MathDouble.c,2588 :: 		
0x236A	0xF011EFCB  	GOTO        GT_FALSE
;__Lib_MathDouble.c,2589 :: 		
0x236E	0xF011EFD1  	GOTO        GT_TRUE
;__Lib_MathDouble.c,2590 :: 		
COMPARE_C2:
;__Lib_MathDouble.c,2591 :: 		
0x2372	0x5005      	MOVF        R5, 0, 0
;__Lib_MathDouble.c,2592 :: 		
0x2374	0x5C01      	SUBWF       R1, 0, 0
;__Lib_MathDouble.c,2593 :: 		
0x2376	0xB4D8      	BTFSC       STATUS, 2, 0
;__Lib_MathDouble.c,2594 :: 		
0x2378	0xF011EFC3  	GOTO        COMPARE_C3
;__Lib_MathDouble.c,2595 :: 		
0x237C	0xA0D8      	BTFSS       STATUS, 0, 0
;__Lib_MathDouble.c,2596 :: 		
0x237E	0xF011EFCB  	GOTO        GT_FALSE
;__Lib_MathDouble.c,2597 :: 		
0x2382	0xF011EFD1  	GOTO        GT_TRUE
;__Lib_MathDouble.c,2598 :: 		
COMPARE_C3:
;__Lib_MathDouble.c,2599 :: 		
0x2386	0x5004      	MOVF        R4, 0, 0
;__Lib_MathDouble.c,2600 :: 		
0x2388	0x5C00      	SUBWF       R0, 0, 0
;__Lib_MathDouble.c,2601 :: 		
0x238A	0xB4D8      	BTFSC       STATUS, 2, 0
;__Lib_MathDouble.c,2602 :: 		
0x238C	0xF011EFDB  	GOTO        COMPARE_EQU
;__Lib_MathDouble.c,2603 :: 		
0x2390	0xB0D8      	BTFSC       STATUS, 0, 0
;__Lib_MathDouble.c,2604 :: 		
0x2392	0xF011EFD1  	GOTO        GT_TRUE
;__Lib_MathDouble.c,2606 :: 		
GT_FALSE:
;__Lib_MathDouble.c,2607 :: 		
0x2396	0x520A      	MOVF        R10, 1, 0
;__Lib_MathDouble.c,2608 :: 		
0x2398	0xB4D8      	BTFSC       STATUS, 2, 0
;__Lib_MathDouble.c,2609 :: 		
0x239A	0xF011EFD9  	GOTO        COMPARE_LT
;__Lib_MathDouble.c,2610 :: 		
0x239E	0xF011EFD7  	GOTO        COMPARE_GT
;__Lib_MathDouble.c,2611 :: 		
GT_TRUE:
;__Lib_MathDouble.c,2612 :: 		
0x23A2	0x520A      	MOVF        R10, 1, 0
;__Lib_MathDouble.c,2613 :: 		
0x23A4	0xB4D8      	BTFSC       STATUS, 2, 0
;__Lib_MathDouble.c,2614 :: 		
0x23A6	0xF011EFD7  	GOTO        COMPARE_GT
;__Lib_MathDouble.c,2615 :: 		
0x23AA	0xF011EFD9  	GOTO        COMPARE_LT
;__Lib_MathDouble.c,2617 :: 		
COMPARE_GT:
;__Lib_MathDouble.c,2620 :: 		
0x23AE	0x80D8      	BSF         STATUS, 0, 0
;__Lib_MathDouble.c,2621 :: 		
0x23B0	0x0012      	RETURN      0
;__Lib_MathDouble.c,2622 :: 		
COMPARE_LT:
;__Lib_MathDouble.c,2625 :: 		
0x23B2	0x90D8      	BCF         STATUS, 0, 0
;__Lib_MathDouble.c,2626 :: 		
0x23B4	0x0012      	RETURN      0
;__Lib_MathDouble.c,2627 :: 		
COMPARE_EQU:
;__Lib_MathDouble.c,2630 :: 		
0x23B6	0x80D8      	BSF         STATUS, 0, 0
;__Lib_MathDouble.c,2631 :: 		
0x23B8	0x84D8      	BSF         STATUS, 2, 0
;__Lib_MathDouble.c,2632 :: 		
0x23BA	0x0012      	RETURN      0
;__Lib_MathDouble.c,2634 :: 		
L_end_Compare_Double:
0x23BC	0x0012      	RETURN      0
; end of _Compare_Double
_Delay_22us:
;__Lib_Delays.c,15 :: 		void Delay_22us() {
;__Lib_Delays.c,16 :: 		Delay_us(22);
0x23BE	0x0E57      	MOVLW       87
0x23C0	0x6E0D      	MOVWF       R13, 0
L_Delay_22us2:
0x23C2	0x2E0D      	DECFSZ      R13, 1, 0
0x23C4	0xD7FE      	BRA         L_Delay_22us2
0x23C6	0x0000      	NOP
0x23C8	0x0000      	NOP
;__Lib_Delays.c,17 :: 		}
L_end_Delay_22us:
0x23CA	0x0012      	RETURN      0
; end of _Delay_22us
_Div_8X8_S:
;__Lib_Math.c,326 :: 		
;__Lib_Math.c,335 :: 		
0x23CC	0x6A0D      	CLRF        R13, 0
;__Lib_Math.c,336 :: 		
0x23CE	0x6A08      	CLRF        R8, 0
;__Lib_Math.c,337 :: 		
0x23D0	0x5000      	MOVF        R0, 0, 0
;__Lib_Math.c,338 :: 		
0x23D2	0xB4D8      	BTFSC       STATUS, 2, 0
;__Lib_Math.c,339 :: 		
0x23D4	0x0C00      	RETLW       0
;__Lib_Math.c,340 :: 		
0x23D6	0x1804      	XORWF       R4, 0, 0
;__Lib_Math.c,341 :: 		
0x23D8	0x6E0A      	MOVWF       R10, 0
;__Lib_Math.c,342 :: 		
0x23DA	0xBE0A      	BTFSC       R10, 7, 0
;__Lib_Math.c,343 :: 		
0x23DC	0x1E0D      	COMF        R13, 1, 0
;__Lib_Math.c,344 :: 		
0x23DE	0x6A0B      	CLRF        R11, 0
;__Lib_Math.c,345 :: 		
0x23E0	0xAE04      	BTFSS       R4, 7, 0
;__Lib_Math.c,346 :: 		
0x23E2	0xD002      	BRA         $+6
;__Lib_Math.c,347 :: 		
0x23E4	0x1E04      	COMF        R4, 1, 0
;__Lib_Math.c,348 :: 		
0x23E6	0x2A04      	INCF        R4, 1, 0
;__Lib_Math.c,349 :: 		
0x23E8	0xAE00      	BTFSS       R0, 7, 0
;__Lib_Math.c,350 :: 		
0x23EA	0xD002      	BRA         $+6
;__Lib_Math.c,351 :: 		
0x23EC	0x1E00      	COMF        R0, 1, 0
;__Lib_Math.c,352 :: 		
0x23EE	0x2A00      	INCF        R0, 1, 0
;__Lib_Math.c,353 :: 		
0x23F0	0x5000      	MOVF        R0, 0, 0
;__Lib_Math.c,354 :: 		
0x23F2	0x1004      	IORWF       R4, 0, 0
;__Lib_Math.c,355 :: 		
0x23F4	0x6E0A      	MOVWF       R10, 0
;__Lib_Math.c,356 :: 		
0x23F6	0xBE0A      	BTFSC       R10, 7, 0
;__Lib_Math.c,357 :: 		
0x23F8	0xD01F      	BRA         $+64
;__Lib_Math.c,358 :: 		
0x23FA	0x5004      	MOVF        R4, 0, 0
;__Lib_Math.c,359 :: 		
0x23FC	0x5E08      	SUBWF       R8, 1, 0
;__Lib_Math.c,360 :: 		
0x23FE	0x3600      	RLCF        R0, 1, 0
;__Lib_Math.c,361 :: 		
0x2400	0x3400      	RLCF        R0, 0, 0
;__Lib_Math.c,362 :: 		
0x2402	0x3608      	RLCF        R8, 1, 0
;__Lib_Math.c,363 :: 		
0x2404	0x5004      	MOVF        R4, 0, 0
;__Lib_Math.c,364 :: 		
0x2406	0x2608      	ADDWF       R8, 1, 0
;__Lib_Math.c,365 :: 		
0x2408	0x3600      	RLCF        R0, 1, 0
;__Lib_Math.c,366 :: 		
0x240A	0x0E06      	MOVLW       6
;__Lib_Math.c,367 :: 		
0x240C	0x6E0C      	MOVWF       R12, 0
;__Lib_Math.c,368 :: 		
0x240E	0x3400      	RLCF        R0, 0, 0
;__Lib_Math.c,369 :: 		
0x2410	0x3608      	RLCF        R8, 1, 0
;__Lib_Math.c,370 :: 		
0x2412	0x5004      	MOVF        R4, 0, 0
;__Lib_Math.c,371 :: 		
0x2414	0xB000      	BTFSC       R0, 0, 0
;__Lib_Math.c,372 :: 		
0x2416	0x5E08      	SUBWF       R8, 1, 0
;__Lib_Math.c,373 :: 		
0x2418	0xA000      	BTFSS       R0, 0, 0
;__Lib_Math.c,374 :: 		
0x241A	0x2608      	ADDWF       R8, 1, 0
;__Lib_Math.c,375 :: 		
0x241C	0x3600      	RLCF        R0, 1, 0
;__Lib_Math.c,376 :: 		
0x241E	0x2E0C      	DECFSZ      R12, 1, 0
;__Lib_Math.c,377 :: 		
0x2420	0xD7F6      	BRA         $-18
;__Lib_Math.c,378 :: 		
0x2422	0xA000      	BTFSS       R0, 0, 0
;__Lib_Math.c,379 :: 		
0x2424	0x2608      	ADDWF       R8, 1, 0
;__Lib_Math.c,380 :: 		
0x2426	0xB00B      	BTFSC       R11, 0, 0
;__Lib_Math.c,381 :: 		
0x2428	0xD015      	BRA         $+44
;__Lib_Math.c,382 :: 		
0x242A	0xAE0D      	BTFSS       R13, 7, 0
;__Lib_Math.c,383 :: 		
0x242C	0x0C00      	RETLW       0
;__Lib_Math.c,384 :: 		
0x242E	0x1E00      	COMF        R0, 1, 0
;__Lib_Math.c,385 :: 		
0x2430	0x2A00      	INCF        R0, 1, 0
;__Lib_Math.c,386 :: 		
0x2432	0x1E08      	COMF        R8, 1, 0
;__Lib_Math.c,387 :: 		
0x2434	0x2A08      	INCF        R8, 1, 0
;__Lib_Math.c,388 :: 		
0x2436	0x0C00      	RETLW       0
;__Lib_Math.c,389 :: 		
0x2438	0xAE04      	BTFSS       R4, 7, 0
;__Lib_Math.c,390 :: 		
0x243A	0xD009      	BRA         $+20
;__Lib_Math.c,391 :: 		
0x243C	0xBE00      	BTFSC       R0, 7, 0
;__Lib_Math.c,392 :: 		
0x243E	0xD004      	BRA         $+10
;__Lib_Math.c,393 :: 		
0x2440	0x5000      	MOVF        R0, 0, 0
;__Lib_Math.c,394 :: 		
0x2442	0x6E08      	MOVWF       R8, 0
;__Lib_Math.c,395 :: 		
0x2444	0x6A00      	CLRF        R0, 0
;__Lib_Math.c,396 :: 		
0x2446	0xD7F1      	BRA         $-28
;__Lib_Math.c,397 :: 		
0x2448	0x6A00      	CLRF        R0, 0
;__Lib_Math.c,398 :: 		
0x244A	0x2A00      	INCF        R0, 1, 0
;__Lib_Math.c,399 :: 		
0x244C	0x0C00      	RETLW       0
;__Lib_Math.c,400 :: 		
0x244E	0x1E00      	COMF        R0, 1, 0
;__Lib_Math.c,401 :: 		
0x2450	0x2A0B      	INCF        R11, 1, 0
;__Lib_Math.c,402 :: 		
0x2452	0xD7D3      	BRA         $-88
;__Lib_Math.c,403 :: 		
0x2454	0x2A08      	INCF        R8, 1, 0
;__Lib_Math.c,404 :: 		
0x2456	0x5004      	MOVF        R4, 0, 0
;__Lib_Math.c,405 :: 		
0x2458	0x5C08      	SUBWF       R8, 0, 0
;__Lib_Math.c,406 :: 		
0x245A	0xA4D8      	BTFSS       STATUS, 2, 0
;__Lib_Math.c,407 :: 		
0x245C	0xD7E6      	BRA         $-50
;__Lib_Math.c,408 :: 		
0x245E	0x6A08      	CLRF        R8, 0
;__Lib_Math.c,409 :: 		
0x2460	0x2A00      	INCF        R0, 1, 0
;__Lib_Math.c,410 :: 		
0x2462	0xAE00      	BTFSS       R0, 7, 0
;__Lib_Math.c,411 :: 		
0x2464	0xD7E2      	BRA         $-58
;__Lib_Math.c,412 :: 		
0x2466	0x0CFF      	RETLW       255
;__Lib_Math.c,414 :: 		
L_end_Div_8X8_S:
0x2468	0x0012      	RETURN      0
; end of _Div_8X8_S
_Mul_32x32_FP:
;__Lib_MathDouble.c,1130 :: 		
;__Lib_MathDouble.c,1148 :: 		
0x246A	0x6A08      	CLRF        R8, 0
;__Lib_MathDouble.c,1149 :: 		
0x246C	0x6A09      	CLRF        R9, 0
;__Lib_MathDouble.c,1151 :: 		
0x246E	0x0E00      	MOVLW       0
;__Lib_MathDouble.c,1152 :: 		
0x2470	0x6207      	CPFSEQ      R7, 0
;__Lib_MathDouble.c,1153 :: 		
0x2472	0x6403      	CPFSGT      R3, 0
;__Lib_MathDouble.c,1154 :: 		
0x2474	0xF012EFBA  	GOTO        MULJPRES032
;__Lib_MathDouble.c,1157 :: 		
0x2478	0x5002      	MOVF        R2, 0, 0
;__Lib_MathDouble.c,1158 :: 		
0x247A	0x1806      	XORWF       R6, 0, 0
;__Lib_MathDouble.c,1159 :: 		
0x247C	0x6E0A      	MOVWF       R10, 0
;__Lib_MathDouble.c,1161 :: 		
0x247E	0x5007      	MOVF        R7, 0, 0
;__Lib_MathDouble.c,1162 :: 		
0x2480	0x2603      	ADDWF       R3, 1, 0
;__Lib_MathDouble.c,1163 :: 		
0x2482	0x0E7E      	MOVLW       126
;__Lib_MathDouble.c,1164 :: 		
0x2484	0xA0D8      	BTFSS       STATUS, 0, 0
;__Lib_MathDouble.c,1165 :: 		
0x2486	0xF012EF4B  	GOTO        MTUN32
;__Lib_MathDouble.c,1167 :: 		
0x248A	0x5E03      	SUBWF       R3, 1, 0
;__Lib_MathDouble.c,1168 :: 		
0x248C	0xB0D8      	BTFSC       STATUS, 0, 0
;__Lib_MathDouble.c,1169 :: 		
0x248E	0xF012EFBE  	GOTO        MULJPSETFOV32
;__Lib_MathDouble.c,1170 :: 		
0x2492	0xF012EF4F  	GOTO        MOK32
;__Lib_MathDouble.c,1172 :: 		
MTUN32:
;__Lib_MathDouble.c,1173 :: 		
0x2496	0x5E03      	SUBWF       R3, 1, 0
;__Lib_MathDouble.c,1174 :: 		
0x2498	0xA0D8      	BTFSS       STATUS, 0, 0
;__Lib_MathDouble.c,1175 :: 		
0x249A	0xF012EFC2  	GOTO        MULJPSETFUN32
;__Lib_MathDouble.c,1177 :: 		
MOK32:
;__Lib_MathDouble.c,1178 :: 		
0x249E	0x8E02      	BSF         R2, 7, 0
;__Lib_MathDouble.c,1179 :: 		
0x24A0	0x8E06      	BSF         R6, 7, 0
;__Lib_MathDouble.c,1181 :: 		
0x24A2	0xF00EC002  	MOVFF       R2, R14
;__Lib_MathDouble.c,1182 :: 		
0x24A6	0xF00BC001  	MOVFF       R1, R11
;__Lib_MathDouble.c,1183 :: 		
0x24AA	0xF00DC000  	MOVFF       R0, R13
;__Lib_MathDouble.c,1185 :: 		
0x24AE	0x5000      	MOVF        R0, 0, 0
;__Lib_MathDouble.c,1186 :: 		
0x24B0	0x0204      	MULWF       R4, 0
;__Lib_MathDouble.c,1187 :: 		
0x24B2	0xF00CCFF4  	MOVFF       PRODH, R12
;__Lib_MathDouble.c,1189 :: 		
0x24B6	0x5001      	MOVF        R1, 0, 0
;__Lib_MathDouble.c,1190 :: 		
0x24B8	0x0205      	MULWF       R5, 0
;__Lib_MathDouble.c,1191 :: 		
0x24BA	0xF000CFF4  	MOVFF       PRODH, R0
;__Lib_MathDouble.c,1192 :: 		
0x24BE	0xF008CFF3  	MOVFF       PRODL, R8
;__Lib_MathDouble.c,1194 :: 		
0x24C2	0x0204      	MULWF       R4, 0
;__Lib_MathDouble.c,1195 :: 		
0x24C4	0x50F3      	MOVF        PRODL, 0, 0
;__Lib_MathDouble.c,1196 :: 		
0x24C6	0x260C      	ADDWF       R12, 1, 0
;__Lib_MathDouble.c,1197 :: 		
0x24C8	0x50F4      	MOVF        PRODH, 0, 0
;__Lib_MathDouble.c,1198 :: 		
0x24CA	0x2208      	ADDWFC      R8, 1, 0
;__Lib_MathDouble.c,1199 :: 		
0x24CC	0x0E00      	MOVLW       0
;__Lib_MathDouble.c,1200 :: 		
0x24CE	0x2200      	ADDWFC      R0, 1, 0
;__Lib_MathDouble.c,1202 :: 		
0x24D0	0x500D      	MOVF        R13, 0, 0
;__Lib_MathDouble.c,1203 :: 		
0x24D2	0x0205      	MULWF       R5, 0
;__Lib_MathDouble.c,1204 :: 		
0x24D4	0x50F3      	MOVF        PRODL, 0, 0
;__Lib_MathDouble.c,1205 :: 		
0x24D6	0x260C      	ADDWF       R12, 1, 0
;__Lib_MathDouble.c,1206 :: 		
0x24D8	0x50F4      	MOVF        PRODH, 0, 0
;__Lib_MathDouble.c,1207 :: 		
0x24DA	0x2208      	ADDWFC      R8, 1, 0
;__Lib_MathDouble.c,1208 :: 		
0x24DC	0x0E00      	MOVLW       0
;__Lib_MathDouble.c,1209 :: 		
0x24DE	0x2200      	ADDWFC      R0, 1, 0
;__Lib_MathDouble.c,1211 :: 		
0x24E0	0x5002      	MOVF        R2, 0, 0
;__Lib_MathDouble.c,1212 :: 		
0x24E2	0x0204      	MULWF       R4, 0
;__Lib_MathDouble.c,1213 :: 		
0x24E4	0x50F3      	MOVF        PRODL, 0, 0
;__Lib_MathDouble.c,1214 :: 		
0x24E6	0x2608      	ADDWF       R8, 1, 0
;__Lib_MathDouble.c,1215 :: 		
0x24E8	0x50F4      	MOVF        PRODH, 0, 0
;__Lib_MathDouble.c,1216 :: 		
0x24EA	0x2200      	ADDWFC      R0, 1, 0
;__Lib_MathDouble.c,1217 :: 		
0x24EC	0x5002      	MOVF        R2, 0, 0
;__Lib_MathDouble.c,1218 :: 		
0x24EE	0x0205      	MULWF       R5, 0
;__Lib_MathDouble.c,1219 :: 		
0x24F0	0x6A01      	CLRF        R1, 0
;__Lib_MathDouble.c,1220 :: 		
0x24F2	0x0E00      	MOVLW       0
;__Lib_MathDouble.c,1221 :: 		
0x24F4	0x2201      	ADDWFC      R1, 1, 0
;__Lib_MathDouble.c,1222 :: 		
0x24F6	0x50F3      	MOVF        PRODL, 0, 0
;__Lib_MathDouble.c,1223 :: 		
0x24F8	0x2600      	ADDWF       R0, 1, 0
;__Lib_MathDouble.c,1224 :: 		
0x24FA	0x50F4      	MOVF        PRODH, 0, 0
;__Lib_MathDouble.c,1225 :: 		
0x24FC	0x2201      	ADDWFC      R1, 1, 0
;__Lib_MathDouble.c,1227 :: 		
0x24FE	0x500D      	MOVF        R13, 0, 0
;__Lib_MathDouble.c,1228 :: 		
0x2500	0x0206      	MULWF       R6, 0
;__Lib_MathDouble.c,1229 :: 		
0x2502	0x50F3      	MOVF        PRODL, 0, 0
;__Lib_MathDouble.c,1230 :: 		
0x2504	0x2608      	ADDWF       R8, 1, 0
;__Lib_MathDouble.c,1231 :: 		
0x2506	0x50F4      	MOVF        PRODH, 0, 0
;__Lib_MathDouble.c,1232 :: 		
0x2508	0x2200      	ADDWFC      R0, 1, 0
;__Lib_MathDouble.c,1233 :: 		
0x250A	0x6A02      	CLRF        R2, 0
;__Lib_MathDouble.c,1234 :: 		
0x250C	0x0E00      	MOVLW       0
;__Lib_MathDouble.c,1235 :: 		
0x250E	0x2201      	ADDWFC      R1, 1, 0
;__Lib_MathDouble.c,1236 :: 		
0x2510	0x2202      	ADDWFC      R2, 1, 0
;__Lib_MathDouble.c,1238 :: 		
0x2512	0x500B      	MOVF        R11, 0, 0
;__Lib_MathDouble.c,1239 :: 		
0x2514	0x0206      	MULWF       R6, 0
;__Lib_MathDouble.c,1240 :: 		
0x2516	0x50F3      	MOVF        PRODL, 0, 0
;__Lib_MathDouble.c,1241 :: 		
0x2518	0x2600      	ADDWF       R0, 1, 0
;__Lib_MathDouble.c,1242 :: 		
0x251A	0x50F4      	MOVF        PRODH, 0, 0
;__Lib_MathDouble.c,1243 :: 		
0x251C	0x2201      	ADDWFC      R1, 1, 0
;__Lib_MathDouble.c,1244 :: 		
0x251E	0x0E00      	MOVLW       0
;__Lib_MathDouble.c,1245 :: 		
0x2520	0x2202      	ADDWFC      R2, 1, 0
;__Lib_MathDouble.c,1247 :: 		
0x2522	0x500E      	MOVF        R14, 0, 0
;__Lib_MathDouble.c,1248 :: 		
0x2524	0x0206      	MULWF       R6, 0
;__Lib_MathDouble.c,1249 :: 		
0x2526	0x50F3      	MOVF        PRODL, 0, 0
;__Lib_MathDouble.c,1250 :: 		
0x2528	0x2601      	ADDWF       R1, 1, 0
;__Lib_MathDouble.c,1251 :: 		
0x252A	0x50F4      	MOVF        PRODH, 0, 0
;__Lib_MathDouble.c,1252 :: 		
0x252C	0x2202      	ADDWFC      R2, 1, 0
;__Lib_MathDouble.c,1254 :: 		
0x252E	0xBE02      	BTFSC       R2, 7, 0
;__Lib_MathDouble.c,1255 :: 		
0x2530	0xF012EFA2  	GOTO        MROUND32
;__Lib_MathDouble.c,1256 :: 		
0x2534	0x3608      	RLCF        R8, 1, 0
;__Lib_MathDouble.c,1257 :: 		
0x2536	0x3600      	RLCF        R0, 1, 0
;__Lib_MathDouble.c,1258 :: 		
0x2538	0x3601      	RLCF        R1, 1, 0
;__Lib_MathDouble.c,1259 :: 		
0x253A	0x3602      	RLCF        R2, 1, 0
;__Lib_MathDouble.c,1260 :: 		
0x253C	0x0603      	DECF        R3, 1, 0
;__Lib_MathDouble.c,1261 :: 		
0x253E	0xB4D8      	BTFSC       STATUS, 2, 0
;__Lib_MathDouble.c,1262 :: 		
0x2540	0xF012EFC2  	GOTO        MULJPSETFUN32
;__Lib_MathDouble.c,1264 :: 		
MROUND32:
;__Lib_MathDouble.c,1267 :: 		
0x2544	0xF012EFB5  	GOTO        MUL32OK
;__Lib_MathDouble.c,1268 :: 		
0x2548	0x80D8      	BSF         STATUS, 0, 0
;__Lib_MathDouble.c,1269 :: 		
0x254A	0x0E80      	MOVLW       128
;__Lib_MathDouble.c,1270 :: 		
0x254C	0x6408      	CPFSGT      R8, 0
;__Lib_MathDouble.c,1271 :: 		
0x254E	0x3000      	RRCF        R0, 0, 0
;__Lib_MathDouble.c,1272 :: 		
0x2550	0x0E00      	MOVLW       0
;__Lib_MathDouble.c,1273 :: 		
0x2552	0x2200      	ADDWFC      R0, 1, 0
;__Lib_MathDouble.c,1274 :: 		
0x2554	0x2201      	ADDWFC      R1, 1, 0
;__Lib_MathDouble.c,1275 :: 		
0x2556	0x2202      	ADDWFC      R2, 1, 0
;__Lib_MathDouble.c,1277 :: 		
0x2558	0xA0D8      	BTFSS       STATUS, 0, 0
;__Lib_MathDouble.c,1278 :: 		
0x255A	0xF012EFB5  	GOTO        MUL32OK
;__Lib_MathDouble.c,1279 :: 		
0x255E	0x3202      	RRCF        R2, 1, 0
;__Lib_MathDouble.c,1280 :: 		
0x2560	0x3201      	RRCF        R1, 1, 0
;__Lib_MathDouble.c,1281 :: 		
0x2562	0x3200      	RRCF        R0, 1, 0
;__Lib_MathDouble.c,1282 :: 		
0x2564	0x4A03      	INFSNZ      R3, 1, 0
;__Lib_MathDouble.c,1283 :: 		
0x2566	0xF012EFBE  	GOTO        MULJPSETFOV32
;__Lib_MathDouble.c,1285 :: 		
MUL32OK:
;__Lib_MathDouble.c,1286 :: 		
0x256A	0xAE0A      	BTFSS       R10, 7, 0
;__Lib_MathDouble.c,1287 :: 		
0x256C	0x9E02      	BCF         R2, 7, 0
;__Lib_MathDouble.c,1289 :: 		
0x256E	0x0E00      	MOVLW       0
;__Lib_MathDouble.c,1290 :: 		
0x2570	0xF012EFC4  	GOTO        MULEEE
;__Lib_MathDouble.c,1291 :: 		
MULJPRES032:
;__Lib_MathDouble.c,1292 :: 		
0x2574	0x0E01      	MOVLW       1
;__Lib_MathDouble.c,1295 :: 		
0x2576	0xDE4A      	RCALL       _RES032
;__Lib_MathDouble.c,1297 :: 		
0x2578	0xF012EFC4  	GOTO        MULEEE
;__Lib_MathDouble.c,1298 :: 		
MULJPSETFOV32:
;__Lib_MathDouble.c,1299 :: 		
0x257C	0x0E02      	MOVLW       2
;__Lib_MathDouble.c,1302 :: 		
0x257E	0xDE4D      	RCALL       _SETFOV32
;__Lib_MathDouble.c,1304 :: 		
0x2580	0xF012EFC4  	GOTO        MULEEE
;__Lib_MathDouble.c,1305 :: 		
MULJPSETFUN32:
;__Lib_MathDouble.c,1306 :: 		
0x2584	0x0E04      	MOVLW       4
;__Lib_MathDouble.c,1309 :: 		
0x2586	0xDDF3      	RCALL       _SETFUN32
;__Lib_MathDouble.c,1311 :: 		
MULEEE:
;__Lib_MathDouble.c,1318 :: 		
L_end_Mul_32x32_FP:
0x2588	0x0012      	RETURN      0
; end of _Mul_32x32_FP
_Lcd_Chr_CP:
;__Lib_Lcd.c,50 :: 		
;__Lib_Lcd.c,52 :: 		
0x258A	0x903F      	BCF         __Lib_Lcd_cmd_status, BitPos(__Lib_Lcd_cmd_status+0) 
;__Lib_Lcd.c,53 :: 		
0x258C	0xF056C052  	MOVFF       FARG_Lcd_Chr_CP_out_char, FARG_Lcd_Cmd_out_char
0x2590	0xDDFF      	RCALL       _Lcd_Cmd
;__Lib_Lcd.c,54 :: 		
0x2592	0x803F      	BSF         __Lib_Lcd_cmd_status, BitPos(__Lib_Lcd_cmd_status+0) 
;__Lib_Lcd.c,55 :: 		
L_end_Lcd_Chr_CP:
0x2594	0x0012      	RETURN      0
; end of _Lcd_Chr_CP
___CC2DW:
;__Lib_System.c,21 :: 		
;__Lib_System.c,23 :: 		
_CC2DL_Loop1:
;__Lib_System.c,24 :: 		
0x2596	0x0009      	TBLRD*+
;__Lib_System.c,25 :: 		
0x2598	0xFFE6CFF5  	MOVFF       TABLAT, POSTINC1
;__Lib_System.c,26 :: 		
0x259C	0x0600      	DECF        R0, 1, 0
;__Lib_System.c,27 :: 		
0x259E	0xE1FB      	BNZ         _CC2DL_Loop1
;__Lib_System.c,28 :: 		
0x25A0	0x0601      	DECF        R1, 1, 0
;__Lib_System.c,29 :: 		
0x25A2	0xE1F9      	BNZ         _CC2DL_Loop1
;__Lib_System.c,31 :: 		
L_end___CC2DW:
0x25A4	0x0012      	RETURN      0
; end of ___CC2DW
_Lcd_Init:
;__Lib_Lcd.c,84 :: 		
;__Lib_Lcd.c,86 :: 		
0x25A6	0x9493      	BCF         LCD_EN_Direction, BitPos(LCD_EN_Direction+0) 
;__Lib_Lcd.c,87 :: 		
0x25A8	0x9093      	BCF         LCD_RS_Direction, BitPos(LCD_RS_Direction+0) 
;__Lib_Lcd.c,88 :: 		
0x25AA	0x9693      	BCF         LCD_D4_Direction, BitPos(LCD_D4_Direction+0) 
;__Lib_Lcd.c,89 :: 		
0x25AC	0x9893      	BCF         LCD_D5_Direction, BitPos(LCD_D5_Direction+0) 
;__Lib_Lcd.c,90 :: 		
0x25AE	0x9A93      	BCF         LCD_D6_Direction, BitPos(LCD_D6_Direction+0) 
;__Lib_Lcd.c,91 :: 		
0x25B0	0x9C93      	BCF         LCD_D7_Direction, BitPos(LCD_D7_Direction+0) 
;__Lib_Lcd.c,93 :: 		
0x25B2	0x948A      	BCF         LCD_EN, BitPos(LCD_EN+0) 
;__Lib_Lcd.c,94 :: 		
0x25B4	0x908A      	BCF         LCD_RS, BitPos(LCD_RS+0) 
;__Lib_Lcd.c,95 :: 		
0x25B6	0x9C8A      	BCF         LCD_D7, BitPos(LCD_D7+0) 
;__Lib_Lcd.c,96 :: 		
0x25B8	0x9A8A      	BCF         LCD_D6, BitPos(LCD_D6+0) 
;__Lib_Lcd.c,97 :: 		
0x25BA	0x988A      	BCF         LCD_D5, BitPos(LCD_D5+0) 
;__Lib_Lcd.c,98 :: 		
0x25BC	0x968A      	BCF         LCD_D4, BitPos(LCD_D4+0) 
;__Lib_Lcd.c,100 :: 		
0x25BE	0xDDBE      	RCALL       _Delay_5500us
;__Lib_Lcd.c,101 :: 		
0x25C0	0xDDBD      	RCALL       _Delay_5500us
;__Lib_Lcd.c,102 :: 		
0x25C2	0xDDBC      	RCALL       _Delay_5500us
;__Lib_Lcd.c,105 :: 		
0x25C4	0x888A      	BSF         LCD_D5, BitPos(LCD_D5+0) 
;__Lib_Lcd.c,106 :: 		
0x25C6	0x868A      	BSF         LCD_D4, BitPos(LCD_D4+0) 
;__Lib_Lcd.c,107 :: 		
0x25C8	0x848A      	BSF         LCD_EN, BitPos(LCD_EN+0) 
;__Lib_Lcd.c,108 :: 		
0x25CA	0xDDCA      	RCALL       _Delay_1us
;__Lib_Lcd.c,109 :: 		
0x25CC	0x948A      	BCF         LCD_EN, BitPos(LCD_EN+0) 
;__Lib_Lcd.c,110 :: 		
0x25CE	0xDDB6      	RCALL       _Delay_5500us
;__Lib_Lcd.c,112 :: 		
0x25D0	0x848A      	BSF         LCD_EN, BitPos(LCD_EN+0) 
;__Lib_Lcd.c,113 :: 		
0x25D2	0xDDC6      	RCALL       _Delay_1us
;__Lib_Lcd.c,114 :: 		
0x25D4	0x948A      	BCF         LCD_EN, BitPos(LCD_EN+0) 
;__Lib_Lcd.c,115 :: 		
0x25D6	0xDDB2      	RCALL       _Delay_5500us
;__Lib_Lcd.c,117 :: 		
0x25D8	0x848A      	BSF         LCD_EN, BitPos(LCD_EN+0) 
;__Lib_Lcd.c,118 :: 		
0x25DA	0xDDC2      	RCALL       _Delay_1us
;__Lib_Lcd.c,119 :: 		
0x25DC	0x948A      	BCF         LCD_EN, BitPos(LCD_EN+0) 
;__Lib_Lcd.c,120 :: 		
0x25DE	0xDDAE      	RCALL       _Delay_5500us
;__Lib_Lcd.c,123 :: 		
0x25E0	0x968A      	BCF         LCD_D4, BitPos(LCD_D4+0) 
;__Lib_Lcd.c,124 :: 		
0x25E2	0x848A      	BSF         LCD_EN, BitPos(LCD_EN+0) 
;__Lib_Lcd.c,125 :: 		
0x25E4	0xDDBD      	RCALL       _Delay_1us
;__Lib_Lcd.c,126 :: 		
0x25E6	0x948A      	BCF         LCD_EN, BitPos(LCD_EN+0) 
;__Lib_Lcd.c,127 :: 		
0x25E8	0xDDA9      	RCALL       _Delay_5500us
;__Lib_Lcd.c,130 :: 		
0x25EA	0x848A      	BSF         LCD_EN, BitPos(LCD_EN+0) 
;__Lib_Lcd.c,131 :: 		
0x25EC	0xDDB9      	RCALL       _Delay_1us
;__Lib_Lcd.c,132 :: 		
0x25EE	0x948A      	BCF         LCD_EN, BitPos(LCD_EN+0) 
;__Lib_Lcd.c,134 :: 		
0x25F0	0x988A      	BCF         LCD_D5, BitPos(LCD_D5+0) 
;__Lib_Lcd.c,135 :: 		
0x25F2	0x8C8A      	BSF         LCD_D7, BitPos(LCD_D7+0) 
;__Lib_Lcd.c,136 :: 		
0x25F4	0x848A      	BSF         LCD_EN, BitPos(LCD_EN+0) 
;__Lib_Lcd.c,137 :: 		
0x25F6	0xDDB4      	RCALL       _Delay_1us
;__Lib_Lcd.c,138 :: 		
0x25F8	0x948A      	BCF         LCD_EN, BitPos(LCD_EN+0) 
;__Lib_Lcd.c,139 :: 		
0x25FA	0xDDA0      	RCALL       _Delay_5500us
;__Lib_Lcd.c,142 :: 		
0x25FC	0x9C8A      	BCF         LCD_D7, BitPos(LCD_D7+0) 
;__Lib_Lcd.c,143 :: 		
0x25FE	0x868A      	BSF         LCD_D4, BitPos(LCD_D4+0) 
;__Lib_Lcd.c,144 :: 		
0x2600	0x848A      	BSF         LCD_EN, BitPos(LCD_EN+0) 
;__Lib_Lcd.c,145 :: 		
0x2602	0xDDAE      	RCALL       _Delay_1us
;__Lib_Lcd.c,146 :: 		
0x2604	0x948A      	BCF         LCD_EN, BitPos(LCD_EN+0) 
;__Lib_Lcd.c,148 :: 		
0x2606	0x968A      	BCF         LCD_D4, BitPos(LCD_D4+0) 
;__Lib_Lcd.c,149 :: 		
0x2608	0x848A      	BSF         LCD_EN, BitPos(LCD_EN+0) 
;__Lib_Lcd.c,150 :: 		
0x260A	0xDDAA      	RCALL       _Delay_1us
;__Lib_Lcd.c,151 :: 		
0x260C	0x948A      	BCF         LCD_EN, BitPos(LCD_EN+0) 
;__Lib_Lcd.c,152 :: 		
0x260E	0xDD96      	RCALL       _Delay_5500us
;__Lib_Lcd.c,155 :: 		
0x2610	0x848A      	BSF         LCD_EN, BitPos(LCD_EN+0) 
;__Lib_Lcd.c,156 :: 		
0x2612	0xDDA6      	RCALL       _Delay_1us
;__Lib_Lcd.c,157 :: 		
0x2614	0x948A      	BCF         LCD_EN, BitPos(LCD_EN+0) 
;__Lib_Lcd.c,159 :: 		
0x2616	0x868A      	BSF         LCD_D4, BitPos(LCD_D4+0) 
;__Lib_Lcd.c,160 :: 		
0x2618	0x848A      	BSF         LCD_EN, BitPos(LCD_EN+0) 
;__Lib_Lcd.c,161 :: 		
0x261A	0xDDA2      	RCALL       _Delay_1us
;__Lib_Lcd.c,162 :: 		
0x261C	0x948A      	BCF         LCD_EN, BitPos(LCD_EN+0) 
;__Lib_Lcd.c,163 :: 		
0x261E	0xDD8E      	RCALL       _Delay_5500us
;__Lib_Lcd.c,166 :: 		
0x2620	0x968A      	BCF         LCD_D4, BitPos(LCD_D4+0) 
;__Lib_Lcd.c,167 :: 		
0x2622	0x848A      	BSF         LCD_EN, BitPos(LCD_EN+0) 
;__Lib_Lcd.c,168 :: 		
0x2624	0xDD9D      	RCALL       _Delay_1us
;__Lib_Lcd.c,169 :: 		
0x2626	0x948A      	BCF         LCD_EN, BitPos(LCD_EN+0) 
;__Lib_Lcd.c,171 :: 		
0x2628	0x8C8A      	BSF         LCD_D7, BitPos(LCD_D7+0) 
;__Lib_Lcd.c,172 :: 		
0x262A	0x8A8A      	BSF         LCD_D6, BitPos(LCD_D6+0) 
;__Lib_Lcd.c,173 :: 		
0x262C	0x888A      	BSF         LCD_D5, BitPos(LCD_D5+0) 
;__Lib_Lcd.c,174 :: 		
0x262E	0x868A      	BSF         LCD_D4, BitPos(LCD_D4+0) 
;__Lib_Lcd.c,175 :: 		
0x2630	0x848A      	BSF         LCD_EN, BitPos(LCD_EN+0) 
;__Lib_Lcd.c,176 :: 		
0x2632	0xDD96      	RCALL       _Delay_1us
;__Lib_Lcd.c,177 :: 		
0x2634	0x948A      	BCF         LCD_EN, BitPos(LCD_EN+0) 
;__Lib_Lcd.c,179 :: 		
0x2636	0xDD82      	RCALL       _Delay_5500us
;__Lib_Lcd.c,181 :: 		
0x2638	0x803F      	BSF         __Lib_Lcd_cmd_status, BitPos(__Lib_Lcd_cmd_status+0) 
;__Lib_Lcd.c,182 :: 		
L_end_Lcd_Init:
0x263A	0x0012      	RETURN      0
; end of _Lcd_Init
_Lcd_Out:
;__Lib_Lcd.c,184 :: 		
;__Lib_Lcd.c,187 :: 		
0x263C	0xD00F      	BRA         L_Lcd_Out11
;__Lib_Lcd.c,188 :: 		
L_Lcd_Out13:
0x263E	0x0E80      	MOVLW       128
0x2640	0x6E44      	MOVWF       FARG_Lcd_Out_row 
0x2642	0xD019      	BRA         L_Lcd_Out12
;__Lib_Lcd.c,189 :: 		
L_Lcd_Out14:
0x2644	0x0EC0      	MOVLW       192
0x2646	0x6E44      	MOVWF       FARG_Lcd_Out_row 
0x2648	0xD016      	BRA         L_Lcd_Out12
;__Lib_Lcd.c,190 :: 		
L_Lcd_Out15:
0x264A	0x0E94      	MOVLW       148
0x264C	0x6E44      	MOVWF       FARG_Lcd_Out_row 
0x264E	0xD013      	BRA         L_Lcd_Out12
;__Lib_Lcd.c,191 :: 		
L_Lcd_Out16:
0x2650	0x0ED4      	MOVLW       212
0x2652	0x6E44      	MOVWF       FARG_Lcd_Out_row 
0x2654	0xD010      	BRA         L_Lcd_Out12
;__Lib_Lcd.c,192 :: 		
L_Lcd_Out17:
0x2656	0x0E80      	MOVLW       128
0x2658	0x6E44      	MOVWF       FARG_Lcd_Out_row 
;__Lib_Lcd.c,193 :: 		
0x265A	0xD00D      	BRA         L_Lcd_Out12
L_Lcd_Out11:
0x265C	0x5044      	MOVF        FARG_Lcd_Out_row, 0 
0x265E	0x0A01      	XORLW       1
0x2660	0xE0EE      	BZ          L_Lcd_Out13
0x2662	0x5044      	MOVF        FARG_Lcd_Out_row, 0 
0x2664	0x0A02      	XORLW       2
0x2666	0xE0EE      	BZ          L_Lcd_Out14
0x2668	0x5044      	MOVF        FARG_Lcd_Out_row, 0 
0x266A	0x0A03      	XORLW       3
0x266C	0xE0EE      	BZ          L_Lcd_Out15
0x266E	0x5044      	MOVF        FARG_Lcd_Out_row, 0 
0x2670	0x0A04      	XORLW       4
0x2672	0xE0EE      	BZ          L_Lcd_Out16
0x2674	0xD7F0      	BRA         L_Lcd_Out17
L_Lcd_Out12:
;__Lib_Lcd.c,194 :: 		
0x2676	0x0445      	DECF        FARG_Lcd_Out_column, 0 
0x2678	0x6E00      	MOVWF       R0 
0x267A	0x5044      	MOVF        FARG_Lcd_Out_row, 0 
0x267C	0x2600      	ADDWF       R0, 1 
0x267E	0xF044C000  	MOVFF       R0, FARG_Lcd_Out_row
;__Lib_Lcd.c,196 :: 		
0x2682	0xF056C000  	MOVFF       R0, FARG_Lcd_Cmd_out_char
0x2686	0xDD84      	RCALL       _Lcd_Cmd
;__Lib_Lcd.c,197 :: 		
0x2688	0x903F      	BCF         __Lib_Lcd_cmd_status, BitPos(__Lib_Lcd_cmd_status+0) 
;__Lib_Lcd.c,198 :: 		
0x268A	0x6A48      	CLRF        Lcd_Out_i_L0 
;__Lib_Lcd.c,199 :: 		
L_Lcd_Out18:
0x268C	0x5048      	MOVF        Lcd_Out_i_L0, 0 
0x268E	0x2446      	ADDWF       FARG_Lcd_Out_text, 0 
0x2690	0x6EE9      	MOVWF       FSR0L 
0x2692	0x0E00      	MOVLW       0
0x2694	0x2047      	ADDWFC      FARG_Lcd_Out_text+1, 0 
0x2696	0x6EEA      	MOVWF       FSR0L+1 
0x2698	0x52EE      	MOVF        POSTINC0, 1 
0x269A	0xE00B      	BZ          L_Lcd_Out19
;__Lib_Lcd.c,200 :: 		
0x269C	0x5048      	MOVF        Lcd_Out_i_L0, 0 
0x269E	0x2446      	ADDWF       FARG_Lcd_Out_text, 0 
0x26A0	0x6EE9      	MOVWF       FSR0L 
0x26A2	0x0E00      	MOVLW       0
0x26A4	0x2047      	ADDWFC      FARG_Lcd_Out_text+1, 0 
0x26A6	0x6EEA      	MOVWF       FSR0L+1 
0x26A8	0xF052CFEE  	MOVFF       POSTINC0, FARG_Lcd_Chr_CP_out_char
0x26AC	0xDF6E      	RCALL       _Lcd_Chr_CP
0x26AE	0x2A48      	INCF        Lcd_Out_i_L0, 1 
0x26B0	0xD7ED      	BRA         L_Lcd_Out18
L_Lcd_Out19:
;__Lib_Lcd.c,201 :: 		
0x26B2	0x803F      	BSF         __Lib_Lcd_cmd_status, BitPos(__Lib_Lcd_cmd_status+0) 
;__Lib_Lcd.c,202 :: 		
L_end_Lcd_Out:
0x26B4	0x0012      	RETURN      0
; end of _Lcd_Out
_FloatToStr:
;__Lib_Conversions.c,521 :: 		
;__Lib_Conversions.c,523 :: 		
0x26B6	0x6A50      	CLRF        FloatToStr_bpoint_L0 
0x26B8	0x6A51      	CLRF        FloatToStr_dexpon_L0 
;__Lib_Conversions.c,528 :: 		
0x26BA	0xF04CC044  	MOVFF       FARG_FloatToStr_fnum, FloatToStr_un_L0
0x26BE	0xF04DC045  	MOVFF       FARG_FloatToStr_fnum+1, FloatToStr_un_L0+1
0x26C2	0xF04EC046  	MOVFF       FARG_FloatToStr_fnum+2, FloatToStr_un_L0+2
0x26C6	0xF04FC047  	MOVFF       FARG_FloatToStr_fnum+3, FloatToStr_un_L0+3
;__Lib_Conversions.c,529 :: 		
0x26CA	0x504F      	MOVF        FloatToStr_un_L0+3, 0 
0x26CC	0x0AFF      	XORLW       255
0x26CE	0xE108      	BNZ         L__FloatToStr417
0x26D0	0x504E      	MOVF        FloatToStr_un_L0+2, 0 
0x26D2	0x0AFF      	XORLW       255
0x26D4	0xE105      	BNZ         L__FloatToStr417
0x26D6	0x504D      	MOVF        FloatToStr_un_L0+1, 0 
0x26D8	0x0AFF      	XORLW       255
0x26DA	0xE102      	BNZ         L__FloatToStr417
0x26DC	0x504C      	MOVF        FloatToStr_un_L0, 0 
0x26DE	0x0AFF      	XORLW       255
L__FloatToStr417:
0x26E0	0xE10C      	BNZ         L_FloatToStr90
;__Lib_Conversions.c,530 :: 		
0x26E2	0xF052C048  	MOVFF       FARG_FloatToStr_str, FARG_strcpy_to
0x26E6	0xF053C049  	MOVFF       FARG_FloatToStr_str+1, FARG_strcpy_to+1
0x26EA	0x0E17      	MOVLW       ?lstr1___Lib_Conversions
0x26EC	0x6E54      	MOVWF       FARG_strcpy_from 
0x26EE	0x0E00      	MOVLW       hi_addr(?lstr1___Lib_Conversions)
0x26F0	0x6E55      	MOVWF       FARG_strcpy_from+1 
0x26F2	0xDDD8      	RCALL       _strcpy
;__Lib_Conversions.c,531 :: 		
0x26F4	0x0E03      	MOVLW       3
0x26F6	0x6E00      	MOVWF       R0 
0x26F8	0xD1E9      	BRA         L_end_FloatToStr
;__Lib_Conversions.c,532 :: 		
L_FloatToStr90:
;__Lib_Conversions.c,533 :: 		
0x26FA	0x0E01      	MOVLW       1
0x26FC	0x6E4A      	MOVWF       FloatToStr_i_L0 
;__Lib_Conversions.c,534 :: 		
0x26FE	0xAE4E      	BTFSS       FloatToStr_un_L0+2, 7 
0x2700	0xD00E      	BRA         L_FloatToStr91
;__Lib_Conversions.c,535 :: 		
0x2702	0x0E80      	MOVLW       128
0x2704	0x184E      	XORWF       FloatToStr_un_L0+2, 0 
0x2706	0x6E00      	MOVWF       R0 
0x2708	0xF04EC000  	MOVFF       R0, FloatToStr_un_L0+2
;__Lib_Conversions.c,536 :: 		
0x270C	0x2A4A      	INCF        FloatToStr_i_L0, 1 
;__Lib_Conversions.c,537 :: 		
0x270E	0xFFE1C048  	MOVFF       FARG_FloatToStr_str, FSR1L
0x2712	0xFFE2C049  	MOVFF       FARG_FloatToStr_str+1, FSR1H
0x2716	0x0E2D      	MOVLW       45
0x2718	0x6EE6      	MOVWF       POSTINC1 
0x271A	0x4A48      	INFSNZ      FARG_FloatToStr_str, 1 
0x271C	0x2A49      	INCF        FARG_FloatToStr_str+1, 1 
;__Lib_Conversions.c,538 :: 		
L_FloatToStr91:
;__Lib_Conversions.c,539 :: 		
0x271E	0x0E00      	MOVLW       0
0x2720	0x6E00      	MOVWF       R0 
0x2722	0x184F      	XORWF       FloatToStr_un_L0+3, 0 
0x2724	0xE108      	BNZ         L__FloatToStr418
0x2726	0x5000      	MOVF        R0, 0 
0x2728	0x184E      	XORWF       FloatToStr_un_L0+2, 0 
0x272A	0xE105      	BNZ         L__FloatToStr418
0x272C	0x5000      	MOVF        R0, 0 
0x272E	0x184D      	XORWF       FloatToStr_un_L0+1, 0 
0x2730	0xE102      	BNZ         L__FloatToStr418
0x2732	0x504C      	MOVF        FloatToStr_un_L0, 0 
0x2734	0x0A00      	XORLW       0
L__FloatToStr418:
0x2736	0xE10B      	BNZ         L_FloatToStr92
;__Lib_Conversions.c,540 :: 		
0x2738	0xF052C048  	MOVFF       FARG_FloatToStr_str, FARG_strcpy_to
0x273C	0xF053C049  	MOVFF       FARG_FloatToStr_str+1, FARG_strcpy_to+1
0x2740	0x0E15      	MOVLW       ?lstr2___Lib_Conversions
0x2742	0x6E54      	MOVWF       FARG_strcpy_from 
0x2744	0x0E00      	MOVLW       hi_addr(?lstr2___Lib_Conversions)
0x2746	0x6E55      	MOVWF       FARG_strcpy_from+1 
0x2748	0xDDAD      	RCALL       _strcpy
;__Lib_Conversions.c,541 :: 		
0x274A	0x6A00      	CLRF        R0 
0x274C	0xD1BF      	BRA         L_end_FloatToStr
;__Lib_Conversions.c,542 :: 		
L_FloatToStr92:
;__Lib_Conversions.c,543 :: 		
0x274E	0x504F      	MOVF        FloatToStr_un_L0+3, 0 
0x2750	0x0AFF      	XORLW       255
0x2752	0xE108      	BNZ         L__FloatToStr419
0x2754	0x504E      	MOVF        FloatToStr_un_L0+2, 0 
0x2756	0x0A00      	XORLW       0
0x2758	0xE105      	BNZ         L__FloatToStr419
0x275A	0x504D      	MOVF        FloatToStr_un_L0+1, 0 
0x275C	0x0A00      	XORLW       0
0x275E	0xE102      	BNZ         L__FloatToStr419
0x2760	0x504C      	MOVF        FloatToStr_un_L0, 0 
0x2762	0x0A00      	XORLW       0
L__FloatToStr419:
0x2764	0xE10C      	BNZ         L_FloatToStr93
;__Lib_Conversions.c,544 :: 		
0x2766	0xF052C048  	MOVFF       FARG_FloatToStr_str, FARG_strcpy_to
0x276A	0xF053C049  	MOVFF       FARG_FloatToStr_str+1, FARG_strcpy_to+1
0x276E	0x0E1B      	MOVLW       ?lstr3___Lib_Conversions
0x2770	0x6E54      	MOVWF       FARG_strcpy_from 
0x2772	0x0E00      	MOVLW       hi_addr(?lstr3___Lib_Conversions)
0x2774	0x6E55      	MOVWF       FARG_strcpy_from+1 
0x2776	0xDD96      	RCALL       _strcpy
;__Lib_Conversions.c,545 :: 		
0x2778	0xF000C04A  	MOVFF       FloatToStr_i_L0, R0
0x277C	0xD1A7      	BRA         L_end_FloatToStr
;__Lib_Conversions.c,546 :: 		
L_FloatToStr93:
;__Lib_Conversions.c,554 :: 		
L_FloatToStr94:
0x277E	0x0E00      	MOVLW       0
0x2780	0x6E04      	MOVWF       R4 
0x2782	0x0E00      	MOVLW       0
0x2784	0x6E05      	MOVWF       R5 
0x2786	0x0E00      	MOVLW       0
0x2788	0x6E06      	MOVWF       R6 
0x278A	0x0E7F      	MOVLW       127
0x278C	0x6E07      	MOVWF       R7 
0x278E	0xF000C04C  	MOVFF       FloatToStr_un_L0, R0
0x2792	0xF001C04D  	MOVFF       FloatToStr_un_L0+1, R1
0x2796	0xF002C04E  	MOVFF       FloatToStr_un_L0+2, R2
0x279A	0xF003C04F  	MOVFF       FloatToStr_un_L0+3, R3
0x279E	0xDDA8      	RCALL       _Compare_Double
0x27A0	0x0E01      	MOVLW       1
0x27A2	0xB0D8      	BTFSC       STATUS, 0 
0x27A4	0x0E00      	MOVLW       0
0x27A6	0x6E00      	MOVWF       R0 
0x27A8	0x5200      	MOVF        R0, 1 
0x27AA	0xE01B      	BZ          L_FloatToStr95
;__Lib_Conversions.c,555 :: 		
0x27AC	0xF000C04C  	MOVFF       FloatToStr_un_L0, R0
0x27B0	0xF001C04D  	MOVFF       FloatToStr_un_L0+1, R1
0x27B4	0xF002C04E  	MOVFF       FloatToStr_un_L0+2, R2
0x27B8	0xF003C04F  	MOVFF       FloatToStr_un_L0+3, R3
0x27BC	0x0E00      	MOVLW       0
0x27BE	0x6E04      	MOVWF       R4 
0x27C0	0x0E00      	MOVLW       0
0x27C2	0x6E05      	MOVWF       R5 
0x27C4	0x0E20      	MOVLW       32
0x27C6	0x6E06      	MOVWF       R6 
0x27C8	0x0E82      	MOVLW       130
0x27CA	0x6E07      	MOVWF       R7 
0x27CC	0xDE4E      	RCALL       _Mul_32x32_FP
0x27CE	0xF04CC000  	MOVFF       R0, FloatToStr_un_L0
0x27D2	0xF04DC001  	MOVFF       R1, FloatToStr_un_L0+1
0x27D6	0xF04EC002  	MOVFF       R2, FloatToStr_un_L0+2
0x27DA	0xF04FC003  	MOVFF       R3, FloatToStr_un_L0+3
;__Lib_Conversions.c,556 :: 		
0x27DE	0x0651      	DECF        FloatToStr_dexpon_L0, 1 
;__Lib_Conversions.c,557 :: 		
0x27E0	0xD7CE      	BRA         L_FloatToStr94
L_FloatToStr95:
;__Lib_Conversions.c,562 :: 		
L_FloatToStr96:
0x27E2	0x0E00      	MOVLW       0
0x27E4	0x6E04      	MOVWF       R4 
0x27E6	0x0E00      	MOVLW       0
0x27E8	0x6E05      	MOVWF       R5 
0x27EA	0x0E20      	MOVLW       32
0x27EC	0x6E06      	MOVWF       R6 
0x27EE	0x0E82      	MOVLW       130
0x27F0	0x6E07      	MOVWF       R7 
0x27F2	0xF000C04C  	MOVFF       FloatToStr_un_L0, R0
0x27F6	0xF001C04D  	MOVFF       FloatToStr_un_L0+1, R1
0x27FA	0xF002C04E  	MOVFF       FloatToStr_un_L0+2, R2
0x27FE	0xF003C04F  	MOVFF       FloatToStr_un_L0+3, R3
0x2802	0xDD76      	RCALL       _Compare_Double
0x2804	0x0E00      	MOVLW       0
0x2806	0xB0D8      	BTFSC       STATUS, 0 
0x2808	0x0E01      	MOVLW       1
0x280A	0x6E00      	MOVWF       R0 
0x280C	0x5200      	MOVF        R0, 1 
0x280E	0xE01B      	BZ          L_FloatToStr97
;__Lib_Conversions.c,563 :: 		
0x2810	0xF000C04C  	MOVFF       FloatToStr_un_L0, R0
0x2814	0xF001C04D  	MOVFF       FloatToStr_un_L0+1, R1
0x2818	0xF002C04E  	MOVFF       FloatToStr_un_L0+2, R2
0x281C	0xF003C04F  	MOVFF       FloatToStr_un_L0+3, R3
0x2820	0x0ECD      	MOVLW       205
0x2822	0x6E04      	MOVWF       R4 
0x2824	0x0ECC      	MOVLW       204
0x2826	0x6E05      	MOVWF       R5 
0x2828	0x0E4C      	MOVLW       76
0x282A	0x6E06      	MOVWF       R6 
0x282C	0x0E7B      	MOVLW       123
0x282E	0x6E07      	MOVWF       R7 
0x2830	0xDE1C      	RCALL       _Mul_32x32_FP
0x2832	0xF04CC000  	MOVFF       R0, FloatToStr_un_L0
0x2836	0xF04DC001  	MOVFF       R1, FloatToStr_un_L0+1
0x283A	0xF04EC002  	MOVFF       R2, FloatToStr_un_L0+2
0x283E	0xF04FC003  	MOVFF       R3, FloatToStr_un_L0+3
;__Lib_Conversions.c,564 :: 		
0x2842	0x2A51      	INCF        FloatToStr_dexpon_L0, 1 
;__Lib_Conversions.c,565 :: 		
0x2844	0xD7CE      	BRA         L_FloatToStr96
L_FloatToStr97:
;__Lib_Conversions.c,574 :: 		
0x2846	0x0EFF      	MOVLW       255
0x2848	0x144C      	ANDWF       FloatToStr_un_L0, 0 
0x284A	0x6E08      	MOVWF       R8 
0x284C	0x0EFF      	MOVLW       255
0x284E	0x144D      	ANDWF       FloatToStr_un_L0+1, 0 
0x2850	0x6E09      	MOVWF       R9 
0x2852	0x0E7F      	MOVLW       127
0x2854	0x144E      	ANDWF       FloatToStr_un_L0+2, 0 
0x2856	0x6E0A      	MOVWF       R10 
0x2858	0x0E00      	MOVLW       0
0x285A	0x144F      	ANDWF       FloatToStr_un_L0+3, 0 
0x285C	0x6E0B      	MOVWF       R11 
;__Lib_Conversions.c,575 :: 		
0x285E	0xF004C008  	MOVFF       R8, R4
0x2862	0xF005C009  	MOVFF       R9, R5
0x2866	0xF006C00A  	MOVFF       R10, R6
0x286A	0xF007C00B  	MOVFF       R11, R7
0x286E	0x3604      	RLCF        R4, 1 
0x2870	0x9004      	BCF         R4, 0 
0x2872	0x3605      	RLCF        R5, 1 
0x2874	0x3606      	RLCF        R6, 1 
0x2876	0x3607      	RLCF        R7, 1 
;__Lib_Conversions.c,576 :: 		
0x2878	0x0E00      	MOVLW       0
0x287A	0x144C      	ANDWF       FloatToStr_un_L0, 0 
0x287C	0x6E00      	MOVWF       R0 
0x287E	0x0E00      	MOVLW       0
0x2880	0x144D      	ANDWF       FloatToStr_un_L0+1, 0 
0x2882	0x6E01      	MOVWF       R1 
0x2884	0x0E00      	MOVLW       0
0x2886	0x144E      	ANDWF       FloatToStr_un_L0+2, 0 
0x2888	0x6E02      	MOVWF       R2 
0x288A	0x0EFF      	MOVLW       255
0x288C	0x144F      	ANDWF       FloatToStr_un_L0+3, 0 
0x288E	0x6E03      	MOVWF       R3 
0x2890	0xF04CC000  	MOVFF       R0, FloatToStr_un_L0
0x2894	0xF04DC001  	MOVFF       R1, FloatToStr_un_L0+1
0x2898	0xF04EC002  	MOVFF       R2, FloatToStr_un_L0+2
0x289C	0xF04FC003  	MOVFF       R3, FloatToStr_un_L0+3
;__Lib_Conversions.c,577 :: 		
0x28A0	0x5004      	MOVF        R4, 0 
0x28A2	0x104C      	IORWF       FloatToStr_un_L0, 0 
0x28A4	0x6E00      	MOVWF       R0 
0x28A6	0x5005      	MOVF        R5, 0 
0x28A8	0x104D      	IORWF       FloatToStr_un_L0+1, 0 
0x28AA	0x6E01      	MOVWF       R1 
0x28AC	0x5006      	MOVF        R6, 0 
0x28AE	0x104E      	IORWF       FloatToStr_un_L0+2, 0 
0x28B0	0x6E02      	MOVWF       R2 
0x28B2	0x5007      	MOVF        R7, 0 
0x28B4	0x104F      	IORWF       FloatToStr_un_L0+3, 0 
0x28B6	0x6E03      	MOVWF       R3 
0x28B8	0xF04CC000  	MOVFF       R0, FloatToStr_un_L0
0x28BC	0xF04DC001  	MOVFF       R1, FloatToStr_un_L0+1
0x28C0	0xF04EC002  	MOVFF       R2, FloatToStr_un_L0+2
0x28C4	0xF04FC003  	MOVFF       R3, FloatToStr_un_L0+3
;__Lib_Conversions.c,579 :: 		
0x28C8	0x0E7F      	MOVLW       127
0x28CA	0x5C4F      	SUBWF       FloatToStr_un_L0+3, 0 
0x28CC	0x6E00      	MOVWF       R0 
0x28CE	0xF04BC000  	MOVFF       R0, FloatToStr_d_L0
;__Lib_Conversions.c,582 :: 		
0x28D2	0x0E01      	MOVLW       1
0x28D4	0x6E4F      	MOVWF       FloatToStr_un_L0+3 
;__Lib_Conversions.c,583 :: 		
0x28D6	0xF004C000  	MOVFF       R0, R4
0x28DA	0xF000C04C  	MOVFF       FloatToStr_un_L0, R0
0x28DE	0xF001C04D  	MOVFF       FloatToStr_un_L0+1, R1
0x28E2	0xF002C04E  	MOVFF       FloatToStr_un_L0+2, R2
0x28E6	0xF003C04F  	MOVFF       FloatToStr_un_L0+3, R3
0x28EA	0x5004      	MOVF        R4, 0 
L__FloatToStr420:
0x28EC	0xE007      	BZ          L__FloatToStr421
0x28EE	0x3600      	RLCF        R0, 1 
0x28F0	0x9000      	BCF         R0, 0 
0x28F2	0x3601      	RLCF        R1, 1 
0x28F4	0x3602      	RLCF        R2, 1 
0x28F6	0x3603      	RLCF        R3, 1 
0x28F8	0x0FFF      	ADDLW       255
0x28FA	0xD7F8      	BRA         L__FloatToStr420
L__FloatToStr421:
0x28FC	0xF04CC000  	MOVFF       R0, FloatToStr_un_L0
0x2900	0xF04DC001  	MOVFF       R1, FloatToStr_un_L0+1
0x2904	0xF04EC002  	MOVFF       R2, FloatToStr_un_L0+2
0x2908	0xF04FC003  	MOVFF       R3, FloatToStr_un_L0+3
;__Lib_Conversions.c,584 :: 		
0x290C	0xFFE1C048  	MOVFF       FARG_FloatToStr_str, FSR1L
0x2910	0xFFE2C049  	MOVFF       FARG_FloatToStr_str+1, FSR1H
0x2914	0x504F      	MOVF        FloatToStr_un_L0+3, 0 
0x2916	0x0F30      	ADDLW       48
0x2918	0x6EE6      	MOVWF       POSTINC1 
0x291A	0x4A48      	INFSNZ      FARG_FloatToStr_str, 1 
0x291C	0x2A49      	INCF        FARG_FloatToStr_str+1, 1 
;__Lib_Conversions.c,585 :: 		
0x291E	0x0E80      	MOVLW       128
0x2920	0x1851      	XORWF       FloatToStr_dexpon_L0, 0 
0x2922	0x6E00      	MOVWF       R0 
0x2924	0x0E80      	MOVLW       128
0x2926	0x0A01      	XORLW       1
0x2928	0x5C00      	SUBWF       R0, 0 
0x292A	0xE308      	BNC         L__FloatToStr346
0x292C	0x0E80      	MOVLW       128
0x292E	0x0A06      	XORLW       6
0x2930	0x6E00      	MOVWF       R0 
0x2932	0x0E80      	MOVLW       128
0x2934	0x1851      	XORWF       FloatToStr_dexpon_L0, 0 
0x2936	0x5C00      	SUBWF       R0, 0 
0x2938	0xE301      	BNC         L__FloatToStr346
0x293A	0xD00A      	BRA         L_FloatToStr100
L__FloatToStr346:
;__Lib_Conversions.c,586 :: 		
0x293C	0xFFE1C048  	MOVFF       FARG_FloatToStr_str, FSR1L
0x2940	0xFFE2C049  	MOVFF       FARG_FloatToStr_str+1, FSR1H
0x2944	0x0E2E      	MOVLW       46
0x2946	0x6EE6      	MOVWF       POSTINC1 
0x2948	0x4A48      	INFSNZ      FARG_FloatToStr_str, 1 
0x294A	0x2A49      	INCF        FARG_FloatToStr_str+1, 1 
;__Lib_Conversions.c,587 :: 		
0x294C	0x0E01      	MOVLW       1
0x294E	0x6E50      	MOVWF       FloatToStr_bpoint_L0 
;__Lib_Conversions.c,588 :: 		
L_FloatToStr100:
;__Lib_Conversions.c,589 :: 		
0x2950	0x0E06      	MOVLW       6
0x2952	0x6E4B      	MOVWF       FloatToStr_d_L0 
L_FloatToStr101:
0x2954	0x504B      	MOVF        FloatToStr_d_L0, 0 
0x2956	0x0A00      	XORLW       0
0x2958	0xE054      	BZ          L_FloatToStr102
;__Lib_Conversions.c,590 :: 		
0x295A	0x6A4F      	CLRF        FloatToStr_un_L0+3 
;__Lib_Conversions.c,591 :: 		
0x295C	0xF000C04C  	MOVFF       FloatToStr_un_L0, R0
0x2960	0xF001C04D  	MOVFF       FloatToStr_un_L0+1, R1
0x2964	0xF002C04E  	MOVFF       FloatToStr_un_L0+2, R2
0x2968	0xF003C04F  	MOVFF       FloatToStr_un_L0+3, R3
0x296C	0x3600      	RLCF        R0, 1 
0x296E	0x9000      	BCF         R0, 0 
0x2970	0x3601      	RLCF        R1, 1 
0x2972	0x3602      	RLCF        R2, 1 
0x2974	0x3603      	RLCF        R3, 1 
0x2976	0x3600      	RLCF        R0, 1 
0x2978	0x9000      	BCF         R0, 0 
0x297A	0x3601      	RLCF        R1, 1 
0x297C	0x3602      	RLCF        R2, 1 
0x297E	0x3603      	RLCF        R3, 1 
0x2980	0x504C      	MOVF        FloatToStr_un_L0, 0 
0x2982	0x2600      	ADDWF       R0, 1 
0x2984	0x504D      	MOVF        FloatToStr_un_L0+1, 0 
0x2986	0x2201      	ADDWFC      R1, 1 
0x2988	0x504E      	MOVF        FloatToStr_un_L0+2, 0 
0x298A	0x2202      	ADDWFC      R2, 1 
0x298C	0x504F      	MOVF        FloatToStr_un_L0+3, 0 
0x298E	0x2203      	ADDWFC      R3, 1 
0x2990	0xF04CC000  	MOVFF       R0, FloatToStr_un_L0
0x2994	0xF04DC001  	MOVFF       R1, FloatToStr_un_L0+1
0x2998	0xF04EC002  	MOVFF       R2, FloatToStr_un_L0+2
0x299C	0xF04FC003  	MOVFF       R3, FloatToStr_un_L0+3
;__Lib_Conversions.c,592 :: 		
0x29A0	0xF000C04C  	MOVFF       FloatToStr_un_L0, R0
0x29A4	0xF001C04D  	MOVFF       FloatToStr_un_L0+1, R1
0x29A8	0xF002C04E  	MOVFF       FloatToStr_un_L0+2, R2
0x29AC	0xF003C04F  	MOVFF       FloatToStr_un_L0+3, R3
0x29B0	0x3600      	RLCF        R0, 1 
0x29B2	0x9000      	BCF         R0, 0 
0x29B4	0x3601      	RLCF        R1, 1 
0x29B6	0x3602      	RLCF        R2, 1 
0x29B8	0x3603      	RLCF        R3, 1 
0x29BA	0xF04CC000  	MOVFF       R0, FloatToStr_un_L0
0x29BE	0xF04DC001  	MOVFF       R1, FloatToStr_un_L0+1
0x29C2	0xF04EC002  	MOVFF       R2, FloatToStr_un_L0+2
0x29C6	0xF04FC003  	MOVFF       R3, FloatToStr_un_L0+3
;__Lib_Conversions.c,593 :: 		
0x29CA	0xFFE1C048  	MOVFF       FARG_FloatToStr_str, FSR1L
0x29CE	0xFFE2C049  	MOVFF       FARG_FloatToStr_str+1, FSR1H
0x29D2	0x504F      	MOVF        FloatToStr_un_L0+3, 0 
0x29D4	0x0F30      	ADDLW       48
0x29D6	0x6EE6      	MOVWF       POSTINC1 
0x29D8	0x4A48      	INFSNZ      FARG_FloatToStr_str, 1 
0x29DA	0x2A49      	INCF        FARG_FloatToStr_str+1, 1 
;__Lib_Conversions.c,594 :: 		
0x29DC	0x5050      	MOVF        FloatToStr_bpoint_L0, 0 
0x29DE	0x0A00      	XORLW       0
0x29E0	0xE10E      	BNZ         L_FloatToStr104
;__Lib_Conversions.c,595 :: 		
0x29E2	0x0651      	DECF        FloatToStr_dexpon_L0, 1 
0x29E4	0x5051      	MOVF        FloatToStr_dexpon_L0, 0 
0x29E6	0x0A00      	XORLW       0
0x29E8	0xE10A      	BNZ         L_FloatToStr105
;__Lib_Conversions.c,596 :: 		
0x29EA	0xFFE1C048  	MOVFF       FARG_FloatToStr_str, FSR1L
0x29EE	0xFFE2C049  	MOVFF       FARG_FloatToStr_str+1, FSR1H
0x29F2	0x0E2E      	MOVLW       46
0x29F4	0x6EE6      	MOVWF       POSTINC1 
0x29F6	0x4A48      	INFSNZ      FARG_FloatToStr_str, 1 
0x29F8	0x2A49      	INCF        FARG_FloatToStr_str+1, 1 
;__Lib_Conversions.c,597 :: 		
0x29FA	0x0E01      	MOVLW       1
0x29FC	0x6E50      	MOVWF       FloatToStr_bpoint_L0 
;__Lib_Conversions.c,598 :: 		
L_FloatToStr105:
L_FloatToStr104:
;__Lib_Conversions.c,589 :: 		
0x29FE	0x064B      	DECF        FloatToStr_d_L0, 1 
;__Lib_Conversions.c,599 :: 		
0x2A00	0xD7A9      	BRA         L_FloatToStr101
L_FloatToStr102:
;__Lib_Conversions.c,600 :: 		
L_FloatToStr106:
0x2A02	0x0EFF      	MOVLW       255
0x2A04	0x2448      	ADDWF       FARG_FloatToStr_str, 0 
0x2A06	0x6EE9      	MOVWF       FSR0L 
0x2A08	0x0EFF      	MOVLW       255
0x2A0A	0x2049      	ADDWFC      FARG_FloatToStr_str+1, 0 
0x2A0C	0x6EEA      	MOVWF       FSR0L+1 
0x2A0E	0x50EE      	MOVF        POSTINC0, 0 
0x2A10	0x0A30      	XORLW       48
0x2A12	0xE105      	BNZ         L_FloatToStr107
;__Lib_Conversions.c,601 :: 		
0x2A14	0x0E01      	MOVLW       1
0x2A16	0x5E48      	SUBWF       FARG_FloatToStr_str, 1 
0x2A18	0x0E00      	MOVLW       0
0x2A1A	0x5A49      	SUBWFB      FARG_FloatToStr_str+1, 1 
0x2A1C	0xD7F2      	BRA         L_FloatToStr106
L_FloatToStr107:
;__Lib_Conversions.c,602 :: 		
0x2A1E	0x0EFF      	MOVLW       255
0x2A20	0x2448      	ADDWF       FARG_FloatToStr_str, 0 
0x2A22	0x6EE9      	MOVWF       FSR0L 
0x2A24	0x0EFF      	MOVLW       255
0x2A26	0x2049      	ADDWFC      FARG_FloatToStr_str+1, 0 
0x2A28	0x6EEA      	MOVWF       FSR0L+1 
0x2A2A	0x50EE      	MOVF        POSTINC0, 0 
0x2A2C	0x0A2E      	XORLW       46
0x2A2E	0xE104      	BNZ         L_FloatToStr108
;__Lib_Conversions.c,603 :: 		
0x2A30	0x0E01      	MOVLW       1
0x2A32	0x5E48      	SUBWF       FARG_FloatToStr_str, 1 
0x2A34	0x0E00      	MOVLW       0
0x2A36	0x5A49      	SUBWFB      FARG_FloatToStr_str+1, 1 
L_FloatToStr108:
;__Lib_Conversions.c,604 :: 		
0x2A38	0x5051      	MOVF        FloatToStr_dexpon_L0, 0 
0x2A3A	0x0A00      	XORLW       0
0x2A3C	0xE041      	BZ          L_FloatToStr109
;__Lib_Conversions.c,605 :: 		
0x2A3E	0xFFE1C048  	MOVFF       FARG_FloatToStr_str, FSR1L
0x2A42	0xFFE2C049  	MOVFF       FARG_FloatToStr_str+1, FSR1H
0x2A46	0x0E65      	MOVLW       101
0x2A48	0x6EE6      	MOVWF       POSTINC1 
0x2A4A	0x4A48      	INFSNZ      FARG_FloatToStr_str, 1 
0x2A4C	0x2A49      	INCF        FARG_FloatToStr_str+1, 1 
;__Lib_Conversions.c,606 :: 		
0x2A4E	0x0E80      	MOVLW       128
0x2A50	0x1851      	XORWF       FloatToStr_dexpon_L0, 0 
0x2A52	0x6E00      	MOVWF       R0 
0x2A54	0x0E80      	MOVLW       128
0x2A56	0x0A00      	XORLW       0
0x2A58	0x5C00      	SUBWF       R0, 0 
0x2A5A	0xE20B      	BC          L_FloatToStr110
;__Lib_Conversions.c,607 :: 		
0x2A5C	0xFFE1C048  	MOVFF       FARG_FloatToStr_str, FSR1L
0x2A60	0xFFE2C049  	MOVFF       FARG_FloatToStr_str+1, FSR1H
0x2A64	0x0E2D      	MOVLW       45
0x2A66	0x6EE6      	MOVWF       POSTINC1 
0x2A68	0x4A48      	INFSNZ      FARG_FloatToStr_str, 1 
0x2A6A	0x2A49      	INCF        FARG_FloatToStr_str+1, 1 
;__Lib_Conversions.c,608 :: 		
0x2A6C	0x5051      	MOVF        FloatToStr_dexpon_L0, 0 
0x2A6E	0x0800      	SUBLW       0
0x2A70	0x6E51      	MOVWF       FloatToStr_dexpon_L0 
;__Lib_Conversions.c,609 :: 		
L_FloatToStr110:
;__Lib_Conversions.c,610 :: 		
0x2A72	0xF04BC051  	MOVFF       FloatToStr_dexpon_L0, FloatToStr_d_L0
;__Lib_Conversions.c,611 :: 		
0x2A76	0x0E80      	MOVLW       128
0x2A78	0x0A09      	XORLW       9
0x2A7A	0x6E00      	MOVWF       R0 
0x2A7C	0x0E80      	MOVLW       128
0x2A7E	0x1851      	XORWF       FloatToStr_dexpon_L0, 0 
0x2A80	0x5C00      	SUBWF       R0, 0 
0x2A82	0xE20E      	BC          L_FloatToStr111
;__Lib_Conversions.c,612 :: 		
0x2A84	0x0E0A      	MOVLW       10
0x2A86	0x6E04      	MOVWF       R4 
0x2A88	0xF000C04B  	MOVFF       FloatToStr_d_L0, R0
0x2A8C	0xDC9F      	RCALL       _Div_8X8_S
0x2A8E	0xFFE1C048  	MOVFF       FARG_FloatToStr_str, FSR1L
0x2A92	0xFFE2C049  	MOVFF       FARG_FloatToStr_str+1, FSR1H
0x2A96	0x5000      	MOVF        R0, 0 
0x2A98	0x0F30      	ADDLW       48
0x2A9A	0x6EE6      	MOVWF       POSTINC1 
0x2A9C	0x4A48      	INFSNZ      FARG_FloatToStr_str, 1 
0x2A9E	0x2A49      	INCF        FARG_FloatToStr_str+1, 1 
L_FloatToStr111:
;__Lib_Conversions.c,613 :: 		
0x2AA0	0x0E0A      	MOVLW       10
0x2AA2	0x6E04      	MOVWF       R4 
0x2AA4	0xF000C04B  	MOVFF       FloatToStr_d_L0, R0
0x2AA8	0xDC91      	RCALL       _Div_8X8_S
0x2AAA	0xF000C008  	MOVFF       R8, R0
0x2AAE	0xFFE1C048  	MOVFF       FARG_FloatToStr_str, FSR1L
0x2AB2	0xFFE2C049  	MOVFF       FARG_FloatToStr_str+1, FSR1H
0x2AB6	0x5000      	MOVF        R0, 0 
0x2AB8	0x0F30      	ADDLW       48
0x2ABA	0x6EE6      	MOVWF       POSTINC1 
0x2ABC	0x4A48      	INFSNZ      FARG_FloatToStr_str, 1 
0x2ABE	0x2A49      	INCF        FARG_FloatToStr_str+1, 1 
;__Lib_Conversions.c,614 :: 		
L_FloatToStr109:
;__Lib_Conversions.c,615 :: 		
0x2AC0	0xFFE1C048  	MOVFF       FARG_FloatToStr_str, FSR1L
0x2AC4	0xFFE2C049  	MOVFF       FARG_FloatToStr_str+1, FSR1H
0x2AC8	0x6AE6      	CLRF        POSTINC1 
;__Lib_Conversions.c,616 :: 		
0x2ACA	0x6A00      	CLRF        R0 
;__Lib_Conversions.c,617 :: 		
L_end_FloatToStr:
0x2ACC	0x0012      	RETURN      0
; end of _FloatToStr
_Lcd_Chr:
;__Lib_Lcd.c,65 :: 		
;__Lib_Lcd.c,66 :: 		
0x2ACE	0xD00F      	BRA         L_Lcd_Chr4
;__Lib_Lcd.c,67 :: 		
L_Lcd_Chr6:
0x2AD0	0x0E80      	MOVLW       128
0x2AD2	0x6E44      	MOVWF       FARG_Lcd_Chr_row 
0x2AD4	0xD019      	BRA         L_Lcd_Chr5
;__Lib_Lcd.c,68 :: 		
L_Lcd_Chr7:
0x2AD6	0x0EC0      	MOVLW       192
0x2AD8	0x6E44      	MOVWF       FARG_Lcd_Chr_row 
0x2ADA	0xD016      	BRA         L_Lcd_Chr5
;__Lib_Lcd.c,69 :: 		
L_Lcd_Chr8:
0x2ADC	0x0E94      	MOVLW       148
0x2ADE	0x6E44      	MOVWF       FARG_Lcd_Chr_row 
0x2AE0	0xD013      	BRA         L_Lcd_Chr5
;__Lib_Lcd.c,70 :: 		
L_Lcd_Chr9:
0x2AE2	0x0ED4      	MOVLW       212
0x2AE4	0x6E44      	MOVWF       FARG_Lcd_Chr_row 
0x2AE6	0xD010      	BRA         L_Lcd_Chr5
;__Lib_Lcd.c,71 :: 		
L_Lcd_Chr10:
0x2AE8	0x0E80      	MOVLW       128
0x2AEA	0x6E44      	MOVWF       FARG_Lcd_Chr_row 
;__Lib_Lcd.c,72 :: 		
0x2AEC	0xD00D      	BRA         L_Lcd_Chr5
L_Lcd_Chr4:
0x2AEE	0x5044      	MOVF        FARG_Lcd_Chr_row, 0 
0x2AF0	0x0A01      	XORLW       1
0x2AF2	0xE0EE      	BZ          L_Lcd_Chr6
0x2AF4	0x5044      	MOVF        FARG_Lcd_Chr_row, 0 
0x2AF6	0x0A02      	XORLW       2
0x2AF8	0xE0EE      	BZ          L_Lcd_Chr7
0x2AFA	0x5044      	MOVF        FARG_Lcd_Chr_row, 0 
0x2AFC	0x0A03      	XORLW       3
0x2AFE	0xE0EE      	BZ          L_Lcd_Chr8
0x2B00	0x5044      	MOVF        FARG_Lcd_Chr_row, 0 
0x2B02	0x0A04      	XORLW       4
0x2B04	0xE0EE      	BZ          L_Lcd_Chr9
0x2B06	0xD7F0      	BRA         L_Lcd_Chr10
L_Lcd_Chr5:
;__Lib_Lcd.c,74 :: 		
0x2B08	0x0445      	DECF        FARG_Lcd_Chr_column, 0 
0x2B0A	0x6E00      	MOVWF       R0 
0x2B0C	0x5044      	MOVF        FARG_Lcd_Chr_row, 0 
0x2B0E	0x2600      	ADDWF       R0, 1 
0x2B10	0xF044C000  	MOVFF       R0, FARG_Lcd_Chr_row
;__Lib_Lcd.c,76 :: 		
0x2B14	0x803F      	BSF         __Lib_Lcd_cmd_status, BitPos(__Lib_Lcd_cmd_status+0) 
;__Lib_Lcd.c,77 :: 		
0x2B16	0xF056C000  	MOVFF       R0, FARG_Lcd_Cmd_out_char
0x2B1A	0xF010ECC8  	CALL        _Lcd_Cmd, 0
;__Lib_Lcd.c,79 :: 		
0x2B1E	0x903F      	BCF         __Lib_Lcd_cmd_status, BitPos(__Lib_Lcd_cmd_status+0) 
;__Lib_Lcd.c,80 :: 		
0x2B20	0xF056C046  	MOVFF       FARG_Lcd_Chr_out_char, FARG_Lcd_Cmd_out_char
0x2B24	0xF010ECC8  	CALL        _Lcd_Cmd, 0
;__Lib_Lcd.c,81 :: 		
0x2B28	0x803F      	BSF         __Lib_Lcd_cmd_status, BitPos(__Lib_Lcd_cmd_status+0) 
;__Lib_Lcd.c,82 :: 		
L_end_Lcd_Chr:
0x2B2A	0x0012      	RETURN      0
; end of _Lcd_Chr
_ADC_Read:
;__Lib_ADC_4xK50.c,68 :: 		
;__Lib_ADC_4xK50.c,71 :: 		
0x2B2C	0x6AC2      	CLRF        ADCON0 
;__Lib_ADC_4xK50.c,72 :: 		
0x2B2E	0x1C1F      	COMF        _vref_mask, 0 
0x2B30	0x6E00      	MOVWF       R0 
0x2B32	0x5000      	MOVF        R0, 0 
0x2B34	0x16C1      	ANDWF       ADCON1, 1 
;__Lib_ADC_4xK50.c,73 :: 		
0x2B36	0x0E07      	MOVLW       7
0x2B38	0x12C0      	IORWF       ADCON2, 1 
;__Lib_ADC_4xK50.c,74 :: 		
0x2B3A	0x8EC0      	BSF         ADCON2, 7 
;__Lib_ADC_4xK50.c,75 :: 		
0x2B3C	0xF000C044  	MOVFF       FARG_ADC_Read_channel, R0
0x2B40	0x3600      	RLCF        R0, 1 
0x2B42	0x9000      	BCF         R0, 0 
0x2B44	0x3600      	RLCF        R0, 1 
0x2B46	0x9000      	BCF         R0, 0 
0x2B48	0x5000      	MOVF        R0, 0 
0x2B4A	0x12C2      	IORWF       ADCON0, 1 
;__Lib_ADC_4xK50.c,76 :: 		
0x2B4C	0x80C2      	BSF         ADCON0, 0 
;__Lib_ADC_4xK50.c,77 :: 		
0x2B4E	0xDC37      	RCALL       _Delay_22us
;__Lib_ADC_4xK50.c,78 :: 		
0x2B50	0x82C2      	BSF         ADCON0, 1 
;__Lib_ADC_4xK50.c,79 :: 		
L_ADC_Read6:
0x2B52	0xA2C2      	BTFSS       ADCON0, 1 
0x2B54	0xD001      	BRA         L_ADC_Read7
;__Lib_ADC_4xK50.c,80 :: 		
0x2B56	0xD7FD      	BRA         L_ADC_Read6
L_ADC_Read7:
;__Lib_ADC_4xK50.c,81 :: 		
0x2B58	0xF001CFC4  	MOVFF       ADRESH, R1
0x2B5C	0x6A00      	CLRF        R0 
;__Lib_ADC_4xK50.c,82 :: 		
0x2B5E	0x50C3      	MOVF        ADRESL, 0 
0x2B60	0x1200      	IORWF       R0, 1 
0x2B62	0x0E00      	MOVLW       0
0x2B64	0x1201      	IORWF       R1, 1 
;__Lib_ADC_4xK50.c,83 :: 		
0x2B66	0x90C2      	BCF         ADCON0, 0 
;__Lib_ADC_4xK50.c,85 :: 		
;__Lib_ADC_4xK50.c,86 :: 		
L_end_ADC_Read:
0x2B68	0x0012      	RETURN      0
; end of _ADC_Read
_word2double:
;__Lib_MathDouble.c,2335 :: 		
;__Lib_MathDouble.c,2344 :: 		
0x2B6A	0x5000      	MOVF        R0, 0, 0
;__Lib_MathDouble.c,2345 :: 		
0x2B6C	0x6E08      	MOVWF       R8, 0
;__Lib_MathDouble.c,2346 :: 		
0x2B6E	0x5001      	MOVF        R1, 0, 0
;__Lib_MathDouble.c,2347 :: 		
0x2B70	0x6E00      	MOVWF       R0, 0
;__Lib_MathDouble.c,2348 :: 		
0x2B72	0x6A01      	CLRF        R1, 0
;__Lib_MathDouble.c,2349 :: 		
0x2B74	0x6A02      	CLRF        R2, 0
;__Lib_MathDouble.c,2350 :: 		
0x2B76	0x6A03      	CLRF        R3, 0
;__Lib_MathDouble.c,2353 :: 		
0x2B78	0x6A0B      	CLRF        R11, 0
;__Lib_MathDouble.c,2354 :: 		
0x2B7A	0x6A0C      	CLRF        R12, 0
;__Lib_MathDouble.c,2356 :: 		
0x2B7C	0x0E96      	MOVLW       150
;__Lib_MathDouble.c,2357 :: 		
0x2B7E	0x6E03      	MOVWF       R3, 0
;__Lib_MathDouble.c,2358 :: 		
0x2B80	0x6A0A      	CLRF        R10, 0
;__Lib_MathDouble.c,2360 :: 		
0x2B82	0xF001C000  	MOVFF       R0, R1
;__Lib_MathDouble.c,2361 :: 		
0x2B86	0xF000C008  	MOVFF       R8, R0
;__Lib_MathDouble.c,2362 :: 		
0x2B8A	0x6A08      	CLRF        R8, 0
;__Lib_MathDouble.c,2363 :: 		
0x2B8C	0x6A02      	CLRF        R2, 0
;__Lib_MathDouble.c,2365 :: 		
0x2B8E	0xF011EC19  	CALL        _NRM3232, 0
;__Lib_MathDouble.c,2366 :: 		
L_end_word2double:
0x2B92	0x0012      	RETURN      0
; end of _word2double
0x2BBE	0xF015EE10  	LFSR        1, 21
0x2BC2	0x0E2A      	MOVLW       42
0x2BC4	0x6E00      	MOVWF       R0 
0x2BC6	0x0E01      	MOVLW       1
0x2BC8	0x6E01      	MOVWF       R1 
0x2BCA	0x0E94      	MOVLW       148
0x2BCC	0x6EF6      	MOVWF       TBLPTR 
0x2BCE	0x0E2B      	MOVLW       43
0x2BD0	0x6EF7      	MOVWF       TBLPTRH 
0x2BD2	0x0E00      	MOVLW       0
0x2BD4	0x6EF8      	MOVWF       TBLPTRU 
0x2BD6	0xF012ECCB  	CALL        9622, 0
0x2BDA	0x0012      	RETURN      0
;__Lib_Conversions.c,0 :: ?ICS?lstr2___Lib_Conversions
0x2B94	0x0030 ;?ICS?lstr2___Lib_Conversions+0
; end of ?ICS?lstr2___Lib_Conversions
;__Lib_Conversions.c,0 :: ?ICS?lstr1___Lib_Conversions
0x2B96	0x614E ;?ICS?lstr1___Lib_Conversions+0
0x2B98	0x004E ;?ICS?lstr1___Lib_Conversions+2
; end of ?ICS?lstr1___Lib_Conversions
;__Lib_Conversions.c,0 :: ?ICS?lstr3___Lib_Conversions
0x2B9A	0x4E49 ;?ICS?lstr3___Lib_Conversions+0
0x2B9C	0x0046 ;?ICS?lstr3___Lib_Conversions+2
; end of ?ICS?lstr3___Lib_Conversions
;__Lib_ADC_4xK50.c,0 :: ?ICS_vref_mask
0x2B9E	0x0F ;?ICS_vref_mask+0
; end of ?ICS_vref_mask
;LM35.c,0 :: ?ICS_txt
0x2B9F	0x694D ;?ICS_txt+0
0x2BA1	0x7263 ;?ICS_txt+2
0x2BA3	0x736F ;?ICS_txt+4
0x2BA5	0x6469 ;?ICS_txt+6
0x2BA7	0x0065 ;?ICS_txt+8
; end of ?ICS_txt
;LM35.c,0 :: ?ICS?lstr1_LM35
0x2BA9	0x6554 ;?ICS?lstr1_LM35+0
0x2BAB	0x706D ;?ICS?lstr1_LM35+2
0x2BAD	0x003A ;?ICS?lstr1_LM35+4
; end of ?ICS?lstr1_LM35
;LM35.c,0 :: ?ICS_raw_temp
0x2BAF	0x0000 ;?ICS_raw_temp+0
0x2BB1	0x0000 ;?ICS_raw_temp+2
0x2BB3	0x0000 ;?ICS_raw_temp+4
0x2BB5	0x0000 ;?ICS_raw_temp+6
0x2BB7	0x0000 ;?ICS_raw_temp+8
0x2BB9	0x0000 ;?ICS_raw_temp+10
0x2BBB	0x0000 ;?ICS_raw_temp+12
0x2BBD	0x00 ;?ICS_raw_temp+14
; end of ?ICS_raw_temp
Symbol List:
//** Routines locations **
//ADDRESS    SIZE    PROCEDURE
//----------------------------------------------
0x2000     [316]    _main
0x213C      [22]    _Delay_5500us
0x2152      [14]    _Delay_50us
0x2160      [14]    _Delay_1us
0x216E      [26]    _SETFUN32
0x2188       [8]    _FIXSIGN32
0x2190     [124]    _Lcd_Cmd
0x220C      [14]    _RES032
0x221A      [24]    _SETFOV32
0x2232     [114]    _NRM3232
0x22A4      [76]    _strcpy
0x22F0     [206]    _Compare_Double
0x23BE      [14]    _Delay_22us
0x23CC     [158]    _Div_8X8_S
0x246A     [288]    _Mul_32x32_FP
0x258A      [12]    _Lcd_Chr_CP
0x2596      [16]    ___CC2DW
0x25A6     [150]    _Lcd_Init
0x263C     [122]    _Lcd_Out
0x26B6    [1048]    _FloatToStr
0x2ACE      [94]    _Lcd_Chr
0x2B2C      [62]    _ADC_Read
0x2B6A      [42]    _word2double
//** Variables locations ** 
//ADDRESS    SIZE    VARIABLE
//----------------------------------------------
0x0000       [1]    R0
0x0001       [1]    __Lib_Conversions_Adjust_Hex_tmp_L0
0x0001       [1]    R1
0x0002       [2]    memcpy_dd_L0
0x0002       [2]    memset_pp_L0
0x0002       [2]    memchr_s_L0
0x0002       [2]    strlen_cp_L0
0x0002       [1]    R2
0x0003       [1]    R3
0x0003       [2]    memmove_tt_L0
0x0003       [2]    Ltrim_original_L0
0x0004       [2]    strcpy_cp_L0
0x0004       [2]    strcat_cp_L0
0x0004       [2]    strncat_cp_L0
0x0004       [2]    memcpy_ss_L0
0x0004       [1]    R4
0x0004       [2]    strncpy_cp_L0
0x0005       [1]    R5
0x0005       [2]    Ltrim_p_L0
0x0005       [2]    LongIntToHex_input_half_L0
0x0005       [2]    memmove_ff_L0
0x0005       [2]    LongWordToHex_input_half_L0
0x0006       [1]    R6
0x0007       [1]    R7
0x0008       [1]    R8
0x0009       [1]    R9
0x000A       [1]    R10
0x000B       [1]    R11
0x000C       [1]    R12
0x000D       [1]    R13
0x000E       [1]    R14
0x000F       [1]    R15
0x0010       [1]    R16
0x0011       [1]    R17
0x0012       [1]    R18
0x0013       [1]    R19
0x0014       [1]    R20
0x0015       [2]    ?lstr2___Lib_Conversions
0x0017       [4]    ?lstr1___Lib_Conversions
0x001B       [4]    ?lstr3___Lib_Conversions
0x001F       [1]    _vref_mask
0x0020      [10]    _txt
0x002A       [6]    ?lstr1_LM35
0x0030      [15]    _raw_temp
0x003F       [0]    __Lib_Lcd_cmd_status
0x0040       [4]    _temperatura
0x0044       [4]    FARG_FloatToStr_fnum
0x0044       [1]    FARG_ADC_Read_channel
0x0044       [1]    FARG_Lcd_Chr_row
0x0044       [1]    FARG_Lcd_Out_row
0x0045       [1]    FARG_Lcd_Chr_column
0x0045       [1]    FARG_Lcd_Out_column
0x0046       [2]    FARG_Lcd_Out_text
0x0046       [1]    FARG_Lcd_Chr_out_char
0x0048       [2]    FARG_FloatToStr_str
0x0048       [1]    Lcd_Out_i_L0
0x004A       [1]    FloatToStr_i_L0
0x004B       [1]    FloatToStr_d_L0
0x004C       [4]    FloatToStr_un_L0
0x0050       [1]    FloatToStr_bpoint_L0
0x0051       [1]    FloatToStr_dexpon_L0
0x0052       [2]    FARG_strcpy_to
0x0052       [1]    FARG_Lcd_Chr_CP_out_char
0x0054       [2]    FARG_strcpy_from
0x0056       [1]    FARG_Lcd_Cmd_out_char
0x0F5B       [0]    ANSA0_bit
0x0F5C       [1]    ANSELB
0x0F8A       [0]    LCD_D5
0x0F8A       [0]    LCD_D6
0x0F8A       [0]    LCD_D4
0x0F8A       [0]    LCD_RS
0x0F8A       [0]    LCD_EN
0x0F8A       [0]    LATB2_bit
0x0F8A       [0]    LCD_D7
0x0F8A       [0]    LATB0_bit
0x0F8A       [0]    LATB5_bit
0x0F8A       [0]    LATB6_bit
0x0F8A       [0]    LATB3_bit
0x0F8A       [0]    LATB4_bit
0x0F92       [0]    TRISA0_bit
0x0F93       [0]    TRISB6_bit
0x0F93       [0]    TRISB2_bit
0x0F93       [0]    TRISB5_bit
0x0F93       [0]    TRISB0_bit
0x0F93       [0]    TRISB3_bit
0x0F93       [0]    LCD_D4_Direction
0x0F93       [0]    LCD_EN_Direction
0x0F93       [0]    LCD_RS_Direction
0x0F93       [0]    LCD_D5_Direction
0x0F93       [0]    TRISB4_bit
0x0F93       [0]    LCD_D7_Direction
0x0F93       [0]    LCD_D6_Direction
0x0F98       [0]    C1ON_bit
0x0F99       [0]    C2ON_bit
0x0FC0       [1]    ADCON2
0x0FC1       [1]    ADCON1
0x0FC2       [1]    ADCON0
0x0FC3       [1]    ADRESL
0x0FC4       [1]    ADRESH
0x0FD8       [1]    STATUS
0x0FD9       [1]    FSR2L
0x0FDA       [1]    FSR2H
0x0FDE       [1]    POSTINC2
0x0FE0       [1]    BSR
0x0FE1       [1]    FSR1L
0x0FE2       [1]    FSR1H
0x0FE4       [1]    PREINC1
0x0FE6       [1]    POSTINC1
0x0FE7       [1]    INDF1
0x0FE8       [1]    WREG
0x0FE9       [1]    FSR0L
0x0FEA       [1]    FSR0H
0x0FEE       [1]    POSTINC0
0x0FF3       [1]    PRODL
0x0FF4       [1]    PRODH
0x0FF5       [1]    TABLAT
0x0FF6       [1]    TBLPTRL
0x0FF6       [3]    TBLPTR
0x0FF7       [1]    TBLPTRH
0x0FF8       [1]    TBLPTRU
//** Constants locations ** 
//ADDRESS    SIZE    CONSTANT
//----------------------------------------------
0x2B94       [2]    ?ICS?lstr2___Lib_Conversions
0x2B96       [4]    ?ICS?lstr1___Lib_Conversions
0x2B9A       [4]    ?ICS?lstr3___Lib_Conversions
0x2B9E       [1]    ?ICS_vref_mask
0x2B9F      [10]    ?ICS_txt
0x2BA9       [6]    ?ICS?lstr1_LM35
0x2BAF      [15]    ?ICS_raw_temp
