;  LST file generated by mikroListExporter - v.2.0 
; Date/Time: 14/10/2021 11:57:08 a. m.
;----------------------------------------------

;Address Opcode 	ASM
0x0000	0xF010EF00  	GOTO        8192
0x0004	0x0000      	NOP
0x0006	0x0000      	NOP
0x0008	0xF000EF00  	GOTO        0
0x000C	0x0000      	NOP
0x000E	0x0000      	NOP
0x0010	0x0000      	NOP
0x0012	0x0000      	NOP
0x0014	0x0000      	NOP
0x0016	0x0000      	NOP
0x0018	0xD7F3      	BRA         0
_main:
0x2000	0xF010EC46  	CALL        8332, 0
;ADC SetPoint.c,28 :: 		void main() org 0x2000                   //vector de inicio usando bootloader MICROSIDE
;ADC SetPoint.c,30 :: 		LATA4_bit = 0;                       //SALIDA A4
0x2004	0x9889      	BCF         LATA4_bit, BitPos(LATA4_bit+0) 
;ADC SetPoint.c,31 :: 		TRISA4_bit = 0;                      //PIN COMO SALIDA
0x2006	0x9892      	BCF         TRISA4_bit, BitPos(TRISA4_bit+0) 
;ADC SetPoint.c,32 :: 		TRISA0_bit = 1;                      //PIN como entrada
0x2008	0x8092      	BSF         TRISA0_bit, BitPos(TRISA0_bit+0) 
;ADC SetPoint.c,33 :: 		ANSA0_bit = 1;                       //PIN como analógico
0x200A	0x010F      	MOVLB       15
0x200C	0x815B      	BSF         ANSA0_bit, BitPos(ANSA0_bit+0), 1
;ADC SetPoint.c,35 :: 		while (1)
L_main0:
;ADC SetPoint.c,37 :: 		ValorPOT=ADC_Read(0);            //Leer el valor del potenciometro
0x200E	0x6A18      	CLRF        FARG_ADC_Read_channel 
0x2010	0xD81E      	RCALL       _ADC_Read
0x2012	0xF016C000  	MOVFF       R0, _ValorPOT
0x2016	0xF017C001  	MOVFF       R1, _ValorPOT+1
;ADC SetPoint.c,39 :: 		if(ValorPot <= 512)              //Compara el valor de el ADC con 512
0x201A	0x5001      	MOVF        R1, 0 
0x201C	0x0802      	SUBLW       2
0x201E	0xE102      	BNZ         L__main5
0x2020	0x5000      	MOVF        R0, 0 
0x2022	0x0800      	SUBLW       0
L__main5:
0x2024	0xE302      	BNC         L_main2
;ADC SetPoint.c,41 :: 		LED_OFF;                     //Apaga el LED
0x2026	0x9889      	BCF         LATA4_bit, BitPos(LATA4_bit+0) 
;ADC SetPoint.c,42 :: 		}
0x2028	0xD001      	BRA         L_main3
L_main2:
;ADC SetPoint.c,46 :: 		LED_ON;                        //Enciende el LED
0x202A	0x8889      	BSF         LATA4_bit, BitPos(LATA4_bit+0) 
;ADC SetPoint.c,47 :: 		}
L_main3:
;ADC SetPoint.c,49 :: 		}
0x202C	0xD7F0      	BRA         L_main0
;ADC SetPoint.c,50 :: 		}
L_end_main:
0x202E	0xD7FF      	BRA         $+0
; end of _main
_Delay_22us:
;__Lib_Delays.c,15 :: 		void Delay_22us() {
;__Lib_Delays.c,16 :: 		Delay_us(22);
0x2030	0x0E57      	MOVLW       87
0x2032	0x6E0D      	MOVWF       R13, 0
L_Delay_22us2:
0x2034	0x2E0D      	DECFSZ      R13, 1, 0
0x2036	0xD7FE      	BRA         L_Delay_22us2
0x2038	0x0000      	NOP
0x203A	0x0000      	NOP
;__Lib_Delays.c,17 :: 		}
L_end_Delay_22us:
0x203C	0x0012      	RETURN      0
; end of _Delay_22us
___CC2DW:
;__Lib_System.c,21 :: 		
;__Lib_System.c,23 :: 		
_CC2DL_Loop1:
;__Lib_System.c,24 :: 		
0x203E	0x0009      	TBLRD*+
;__Lib_System.c,25 :: 		
0x2040	0xFFE6CFF5  	MOVFF       TABLAT, POSTINC1
;__Lib_System.c,26 :: 		
0x2044	0x0600      	DECF        R0, 1, 0
;__Lib_System.c,27 :: 		
0x2046	0xE1FB      	BNZ         _CC2DL_Loop1
;__Lib_System.c,28 :: 		
0x2048	0x0601      	DECF        R1, 1, 0
;__Lib_System.c,29 :: 		
0x204A	0xE1F9      	BNZ         _CC2DL_Loop1
;__Lib_System.c,31 :: 		
L_end___CC2DW:
0x204C	0x0012      	RETURN      0
; end of ___CC2DW
_ADC_Read:
;__Lib_ADC_4xK50.c,68 :: 		
;__Lib_ADC_4xK50.c,71 :: 		
0x204E	0x6AC2      	CLRF        ADCON0 
;__Lib_ADC_4xK50.c,72 :: 		
0x2050	0x1C15      	COMF        _vref_mask, 0 
0x2052	0x6E00      	MOVWF       R0 
0x2054	0x5000      	MOVF        R0, 0 
0x2056	0x16C1      	ANDWF       ADCON1, 1 
;__Lib_ADC_4xK50.c,73 :: 		
0x2058	0x0E07      	MOVLW       7
0x205A	0x12C0      	IORWF       ADCON2, 1 
;__Lib_ADC_4xK50.c,74 :: 		
0x205C	0x8EC0      	BSF         ADCON2, 7 
;__Lib_ADC_4xK50.c,75 :: 		
0x205E	0xF000C018  	MOVFF       FARG_ADC_Read_channel, R0
0x2062	0x3600      	RLCF        R0, 1 
0x2064	0x9000      	BCF         R0, 0 
0x2066	0x3600      	RLCF        R0, 1 
0x2068	0x9000      	BCF         R0, 0 
0x206A	0x5000      	MOVF        R0, 0 
0x206C	0x12C2      	IORWF       ADCON0, 1 
;__Lib_ADC_4xK50.c,76 :: 		
0x206E	0x80C2      	BSF         ADCON0, 0 
;__Lib_ADC_4xK50.c,77 :: 		
0x2070	0xDFDF      	RCALL       _Delay_22us
;__Lib_ADC_4xK50.c,78 :: 		
0x2072	0x82C2      	BSF         ADCON0, 1 
;__Lib_ADC_4xK50.c,79 :: 		
L_ADC_Read6:
0x2074	0xA2C2      	BTFSS       ADCON0, 1 
0x2076	0xD001      	BRA         L_ADC_Read7
;__Lib_ADC_4xK50.c,80 :: 		
0x2078	0xD7FD      	BRA         L_ADC_Read6
L_ADC_Read7:
;__Lib_ADC_4xK50.c,81 :: 		
0x207A	0xF001CFC4  	MOVFF       ADRESH, R1
0x207E	0x6A00      	CLRF        R0 
;__Lib_ADC_4xK50.c,82 :: 		
0x2080	0x50C3      	MOVF        ADRESL, 0 
0x2082	0x1200      	IORWF       R0, 1 
0x2084	0x0E00      	MOVLW       0
0x2086	0x1201      	IORWF       R1, 1 
;__Lib_ADC_4xK50.c,83 :: 		
0x2088	0x90C2      	BCF         ADCON0, 0 
;__Lib_ADC_4xK50.c,85 :: 		
;__Lib_ADC_4xK50.c,86 :: 		
L_end_ADC_Read:
0x208A	0x0012      	RETURN      0
; end of _ADC_Read
0x208C	0xF015EE10  	LFSR        1, 21
0x2090	0x0E01      	MOVLW       1
0x2092	0x6E00      	MOVWF       R0 
0x2094	0x0E01      	MOVLW       1
0x2096	0x6E01      	MOVWF       R1 
0x2098	0x0EFF      	MOVLW       255
0x209A	0x6EF6      	MOVWF       4086 
0x209C	0x0E1F      	MOVLW       31
0x209E	0x6EF7      	MOVWF       TBLPTRH 
0x20A0	0x0E00      	MOVLW       0
0x20A2	0x6EF8      	MOVWF       TBLPTRU 
0x20A4	0xF010EC1F  	CALL        8254, 0
0x20A8	0x0012      	RETURN      0
;__Lib_ADC_4xK50.c,0 :: ?ICS_vref_mask
0x1FFF	0x0F ;?ICS_vref_mask+0
; end of ?ICS_vref_mask
Symbol List:
//** Routines locations **
//ADDRESS    SIZE    PROCEDURE
//----------------------------------------------
0x2000      [48]    _main
0x2030      [14]    _Delay_22us
0x203E      [16]    ___CC2DW
0x204E      [62]    _ADC_Read
//** Variables locations ** 
//ADDRESS    SIZE    VARIABLE
//----------------------------------------------
0x0000       [1]    R0
0x0001       [1]    R1
0x0002       [1]    R2
0x0003       [1]    R3
0x0004       [1]    R4
0x0005       [1]    R5
0x0006       [1]    R6
0x0007       [1]    R7
0x0008       [1]    R8
0x0009       [1]    R9
0x000A       [1]    R10
0x000B       [1]    R11
0x000C       [1]    R12
0x000D       [1]    R13
0x000E       [1]    R14
0x000F       [1]    R15
0x0010       [1]    R16
0x0011       [1]    R17
0x0012       [1]    R18
0x0013       [1]    R19
0x0014       [1]    R20
0x0015       [1]    _vref_mask
0x0016       [2]    _ValorPOT
0x0018       [1]    FARG_ADC_Read_channel
0x0F5B       [0]    ANSA0_bit
0x0F89       [0]    LATA4_bit
0x0F92       [0]    TRISA0_bit
0x0F92       [0]    TRISA4_bit
0x0FC0       [1]    ADCON2
0x0FC1       [1]    ADCON1
0x0FC2       [1]    ADCON0
0x0FC3       [1]    ADRESL
0x0FC4       [1]    ADRESH
0x0FD8       [1]    STATUS
0x0FD9       [1]    FSR2L
0x0FDA       [1]    FSR2H
0x0FDE       [1]    POSTINC2
0x0FE0       [1]    BSR
0x0FE1       [1]    FSR1L
0x0FE2       [1]    FSR1H
0x0FE4       [1]    PREINC1
0x0FE6       [1]    POSTINC1
0x0FE7       [1]    INDF1
0x0FE8       [1]    WREG
0x0FE9       [1]    FSR0L
0x0FEA       [1]    FSR0H
0x0FEE       [1]    POSTINC0
0x0FF3       [1]    PRODL
0x0FF4       [1]    PRODH
0x0FF5       [1]    TABLAT
0x0FF6       [1]    TBLPTRL
0x0FF7       [1]    TBLPTRH
0x0FF8       [1]    TBLPTRU
//** Constants locations ** 
//ADDRESS    SIZE    CONSTANT
//----------------------------------------------
0x1FFF       [1]    ?ICS_vref_mask
