;  LST file generated by mikroListExporter - v.2.0 
; Date/Time: 14/09/2021 01:42:25 p. m.
;----------------------------------------------

;Address Opcode 	ASM
0x0000	0xF010EF00  	GOTO        8192
0x0004	0x0000      	NOP
0x0006	0x0000      	NOP
0x0008	0xF000EF00  	GOTO        0
0x000C	0x0000      	NOP
0x000E	0x0000      	NOP
0x0010	0x0000      	NOP
0x0012	0x0000      	NOP
0x0014	0x0000      	NOP
0x0016	0x0000      	NOP
0x0018	0xD7F3      	BRA         0
_main:
0x2000	0xF010ECB0  	CALL        8544, 0
;ADC.c,17 :: 		void main() org 0x2000                                 //vector de inicio usando bootloader MICROSIDE
;ADC.c,19 :: 		TRISB = 0x00;                                      //PUERTO B COMO SALIDA
0x2004	0x6A93      	CLRF        TRISB 
;ADC.c,20 :: 		TRISA0_bit = 1;                                    //PIN como entrada
0x2006	0x8092      	BSF         TRISA0_bit, BitPos(TRISA0_bit+0) 
;ADC.c,21 :: 		ANSA0_bit = 1;                                     //PIN como analógico
0x2008	0x010F      	MOVLB       15
0x200A	0x815B      	BSF         ANSA0_bit, BitPos(ANSA0_bit+0), 1
;ADC.c,22 :: 		ADC_Init_Advanced(_ADC_INTERNAL_REF);              //Voltaje de referencia a VDD y GND
0x200C	0x6A1D      	CLRF        FARG_ADC_Init_Advanced_reference 
0x200E	0xD86B      	RCALL       _ADC_Init_Advanced
;ADC.c,23 :: 		while (1)
L_main0:
;ADC.c,25 :: 		ValorPOT=ADC_Get_Sample(3);                    //Leer el valor del potenciometro
0x2010	0x0E03      	MOVLW       3
0x2012	0x6E1D      	MOVWF       FARG_ADC_Get_Sample_channel 
0x2014	0xD88D      	RCALL       _ADC_Get_Sample
0x2016	0xF017C000  	MOVFF       R0, _ValorPOT
0x201A	0xF018C001  	MOVFF       R1, _ValorPOT+1
;ADC.c,27 :: 		if(ValorPot <=114)                            //Compara el valor de el ADC con 114
0x201E	0x0E00      	MOVLW       0
0x2020	0x6E02      	MOVWF       R2 
0x2022	0x5001      	MOVF        R1, 0 
0x2024	0x5C02      	SUBWF       R2, 0 
0x2026	0xE102      	BNZ         L__main20
0x2028	0x5000      	MOVF        R0, 0 
0x202A	0x0872      	SUBLW       114
L__main20:
0x202C	0xE302      	BNC         L_main2
;ADC.c,29 :: 		LATB=0b00000000;                         // Leds activos
0x202E	0x6A8A      	CLRF        LATB 
;ADC.c,30 :: 		}
0x2030	0xD049      	BRA         L_main3
L_main2:
;ADC.c,31 :: 		else if(ValorPot <=228)                    //Compara el valor de el ADC con 228
0x2032	0x0E00      	MOVLW       0
0x2034	0x6E00      	MOVWF       R0 
0x2036	0x5018      	MOVF        _ValorPOT+1, 0 
0x2038	0x5C00      	SUBWF       R0, 0 
0x203A	0xE102      	BNZ         L__main21
0x203C	0x5017      	MOVF        _ValorPOT, 0 
0x203E	0x08E4      	SUBLW       228
L__main21:
0x2040	0xE303      	BNC         L_main4
;ADC.c,33 :: 		LATB=0b00000001;                         // Leds activos
0x2042	0x0E01      	MOVLW       1
0x2044	0x6E8A      	MOVWF       LATB 
;ADC.c,34 :: 		}
0x2046	0xD03E      	BRA         L_main5
L_main4:
;ADC.c,35 :: 		else if(ValorPot <=342)                  //Compara el valor de el ADC con 342
0x2048	0x5018      	MOVF        _ValorPOT+1, 0 
0x204A	0x0801      	SUBLW       1
0x204C	0xE102      	BNZ         L__main22
0x204E	0x5017      	MOVF        _ValorPOT, 0 
0x2050	0x0856      	SUBLW       86
L__main22:
0x2052	0xE303      	BNC         L_main6
;ADC.c,37 :: 		LATB=0b00000011;                         // Leds activos
0x2054	0x0E03      	MOVLW       3
0x2056	0x6E8A      	MOVWF       LATB 
;ADC.c,38 :: 		}
0x2058	0xD035      	BRA         L_main7
L_main6:
;ADC.c,39 :: 		else if(ValorPot <=456)                  //Compara el valor de el ADC con 456
0x205A	0x5018      	MOVF        _ValorPOT+1, 0 
0x205C	0x0801      	SUBLW       1
0x205E	0xE102      	BNZ         L__main23
0x2060	0x5017      	MOVF        _ValorPOT, 0 
0x2062	0x08C8      	SUBLW       200
L__main23:
0x2064	0xE303      	BNC         L_main8
;ADC.c,41 :: 		LATB=0b00000111;                         // Leds activos
0x2066	0x0E07      	MOVLW       7
0x2068	0x6E8A      	MOVWF       LATB 
;ADC.c,42 :: 		}
0x206A	0xD02C      	BRA         L_main9
L_main8:
;ADC.c,43 :: 		else if(ValorPot <=570)                  //Compara el valor de el ADC con 570
0x206C	0x5018      	MOVF        _ValorPOT+1, 0 
0x206E	0x0802      	SUBLW       2
0x2070	0xE102      	BNZ         L__main24
0x2072	0x5017      	MOVF        _ValorPOT, 0 
0x2074	0x083A      	SUBLW       58
L__main24:
0x2076	0xE303      	BNC         L_main10
;ADC.c,45 :: 		LATB=0b00001111;                         // Leds activos
0x2078	0x0E0F      	MOVLW       15
0x207A	0x6E8A      	MOVWF       LATB 
;ADC.c,46 :: 		}
0x207C	0xD023      	BRA         L_main11
L_main10:
;ADC.c,47 :: 		else if(ValorPot <=684)                 //Compara el valor de el ADC con 684
0x207E	0x5018      	MOVF        _ValorPOT+1, 0 
0x2080	0x0802      	SUBLW       2
0x2082	0xE102      	BNZ         L__main25
0x2084	0x5017      	MOVF        _ValorPOT, 0 
0x2086	0x08AC      	SUBLW       172
L__main25:
0x2088	0xE303      	BNC         L_main12
;ADC.c,49 :: 		LATB=0b00011111;                         // Leds activos
0x208A	0x0E1F      	MOVLW       31
0x208C	0x6E8A      	MOVWF       LATB 
;ADC.c,50 :: 		}
0x208E	0xD01A      	BRA         L_main13
L_main12:
;ADC.c,51 :: 		else if(ValorPot <=798)                  //Compara el valor de el ADC con 798
0x2090	0x5018      	MOVF        _ValorPOT+1, 0 
0x2092	0x0803      	SUBLW       3
0x2094	0xE102      	BNZ         L__main26
0x2096	0x5017      	MOVF        _ValorPOT, 0 
0x2098	0x081E      	SUBLW       30
L__main26:
0x209A	0xE303      	BNC         L_main14
;ADC.c,53 :: 		LATB=0b00111111;                         // Leds activos
0x209C	0x0E3F      	MOVLW       63
0x209E	0x6E8A      	MOVWF       LATB 
;ADC.c,54 :: 		}
0x20A0	0xD011      	BRA         L_main15
L_main14:
;ADC.c,55 :: 		else if(ValorPot <=912)                  //Compara el valor de el ADC con 912
0x20A2	0x5018      	MOVF        _ValorPOT+1, 0 
0x20A4	0x0803      	SUBLW       3
0x20A6	0xE102      	BNZ         L__main27
0x20A8	0x5017      	MOVF        _ValorPOT, 0 
0x20AA	0x0890      	SUBLW       144
L__main27:
0x20AC	0xE303      	BNC         L_main16
;ADC.c,57 :: 		LATB=0b01111111;                         // Leds activos
0x20AE	0x0E7F      	MOVLW       127
0x20B0	0x6E8A      	MOVWF       LATB 
;ADC.c,58 :: 		}
0x20B2	0xD008      	BRA         L_main17
L_main16:
;ADC.c,59 :: 		else if(ValorPot <=1024)                 //Compara el valor de el ADC con 1024
0x20B4	0x5018      	MOVF        _ValorPOT+1, 0 
0x20B6	0x0804      	SUBLW       4
0x20B8	0xE102      	BNZ         L__main28
0x20BA	0x5017      	MOVF        _ValorPOT, 0 
0x20BC	0x0800      	SUBLW       0
L__main28:
0x20BE	0xE302      	BNC         L_main18
;ADC.c,61 :: 		LATB=0b11111111;                         // Leds activos
0x20C0	0x0EFF      	MOVLW       255
0x20C2	0x6E8A      	MOVWF       LATB 
;ADC.c,62 :: 		}
L_main18:
L_main17:
L_main15:
L_main13:
L_main11:
L_main9:
L_main7:
L_main5:
L_main3:
;ADC.c,64 :: 		}
0x20C4	0xD7A5      	BRA         L_main0
;ADC.c,66 :: 		}
L_end_main:
0x20C6	0xD7FF      	BRA         $+0
; end of _main
_Delay_22us:
;__Lib_Delays.c,15 :: 		void Delay_22us() {
;__Lib_Delays.c,16 :: 		Delay_us(22);
0x20C8	0x0E57      	MOVLW       87
0x20CA	0x6E0D      	MOVWF       R13, 0
L_Delay_22us2:
0x20CC	0x2E0D      	DECFSZ      R13, 1, 0
0x20CE	0xD7FE      	BRA         L_Delay_22us2
0x20D0	0x0000      	NOP
0x20D2	0x0000      	NOP
;__Lib_Delays.c,17 :: 		}
L_end_Delay_22us:
0x20D4	0x0012      	RETURN      0
; end of _Delay_22us
___CC2DW:
;__Lib_System.c,21 :: 		
;__Lib_System.c,23 :: 		
_CC2DL_Loop1:
;__Lib_System.c,24 :: 		
0x20D6	0x0009      	TBLRD*+
;__Lib_System.c,25 :: 		
0x20D8	0xFFE6CFF5  	MOVFF       TABLAT, POSTINC1
;__Lib_System.c,26 :: 		
0x20DC	0x0600      	DECF        R0, 1, 0
;__Lib_System.c,27 :: 		
0x20DE	0xE1FB      	BNZ         _CC2DL_Loop1
;__Lib_System.c,28 :: 		
0x20E0	0x0601      	DECF        R1, 1, 0
;__Lib_System.c,29 :: 		
0x20E2	0xE1F9      	BNZ         _CC2DL_Loop1
;__Lib_System.c,31 :: 		
L_end___CC2DW:
0x20E4	0x0012      	RETURN      0
; end of ___CC2DW
_ADC_Init_Advanced:
;__Lib_ADC_4xK50.c,32 :: 		
;__Lib_ADC_4xK50.c,33 :: 		
0x20E6	0x0E30      	MOVLW       _ADC_Get_Sample
0x20E8	0x6E19      	MOVWF       _ADC_Get_Sample_Ptr 
0x20EA	0x0E21      	MOVLW       hi_addr(_ADC_Get_Sample)
0x20EC	0x6E1A      	MOVWF       _ADC_Get_Sample_Ptr+1 
0x20EE	0x0E1D      	MOVLW       FARG_ADC_Get_Sample_channel
0x20F0	0x6E1B      	MOVWF       _ADC_Get_Sample_Ptr+2 
0x20F2	0x0E00      	MOVLW       hi_addr(FARG_ADC_Get_Sample_channel)
0x20F4	0x6E1C      	MOVWF       _ADC_Get_Sample_Ptr+3 
;__Lib_ADC_4xK50.c,35 :: 		
0x20F6	0x6AC2      	CLRF        ADCON0 
;__Lib_ADC_4xK50.c,36 :: 		
0x20F8	0x5016      	MOVF        _mult_mask, 0 
0x20FA	0x141D      	ANDWF       FARG_ADC_Init_Advanced_reference, 0 
0x20FC	0x6E00      	MOVWF       R0 
0x20FE	0xE009      	BZ          L_ADC_Init_Advanced0
;__Lib_ADC_4xK50.c,37 :: 		
0x2100	0x5016      	MOVF        _mult_mask, 0 
0x2102	0x141D      	ANDWF       FARG_ADC_Init_Advanced_reference, 0 
0x2104	0x6E7D      	MOVWF       VREFCON0 
;__Lib_ADC_4xK50.c,38 :: 		
0x2106	0x8E7D      	BSF         VREFCON0, 7 
;__Lib_ADC_4xK50.c,39 :: 		
L_ADC_Init_Advanced1:
0x2108	0xBC7D      	BTFSC       VREFCON0, 6 
0x210A	0xD002      	BRA         L_ADC_Init_Advanced2
;__Lib_ADC_4xK50.c,40 :: 		
0x210C	0x0000      	NOP
0x210E	0xD7FC      	BRA         L_ADC_Init_Advanced1
L_ADC_Init_Advanced2:
;__Lib_ADC_4xK50.c,41 :: 		
0x2110	0xD001      	BRA         L_ADC_Init_Advanced3
L_ADC_Init_Advanced0:
;__Lib_ADC_4xK50.c,43 :: 		
0x2112	0x6A7D      	CLRF        VREFCON0 
L_ADC_Init_Advanced3:
;__Lib_ADC_4xK50.c,44 :: 		
0x2114	0x1C15      	COMF        _vref_mask, 0 
0x2116	0x6E00      	MOVWF       R0 
0x2118	0x5000      	MOVF        R0, 0 
0x211A	0x16C1      	ANDWF       ADCON1, 1 
;__Lib_ADC_4xK50.c,45 :: 		
0x211C	0x5015      	MOVF        _vref_mask, 0 
0x211E	0x141D      	ANDWF       FARG_ADC_Init_Advanced_reference, 0 
0x2120	0x6E00      	MOVWF       R0 
0x2122	0x5000      	MOVF        R0, 0 
0x2124	0x12C1      	IORWF       ADCON1, 1 
;__Lib_ADC_4xK50.c,46 :: 		
0x2126	0x0E07      	MOVLW       7
0x2128	0x12C0      	IORWF       ADCON2, 1 
;__Lib_ADC_4xK50.c,47 :: 		
0x212A	0x8EC0      	BSF         ADCON2, 7 
;__Lib_ADC_4xK50.c,48 :: 		
0x212C	0x80C2      	BSF         ADCON0, 0 
;__Lib_ADC_4xK50.c,49 :: 		
L_end_ADC_Init_Advanced:
0x212E	0x0012      	RETURN      0
; end of _ADC_Init_Advanced
_ADC_Get_Sample:
;__Lib_ADC_4xK50.c,51 :: 		
;__Lib_ADC_4xK50.c,54 :: 		
0x2130	0x0E83      	MOVLW       131
0x2132	0x16C2      	ANDWF       ADCON0, 1 
;__Lib_ADC_4xK50.c,56 :: 		
0x2134	0xF000C01D  	MOVFF       FARG_ADC_Get_Sample_channel, R0
0x2138	0x3600      	RLCF        R0, 1 
0x213A	0x9000      	BCF         R0, 0 
0x213C	0x3600      	RLCF        R0, 1 
0x213E	0x9000      	BCF         R0, 0 
0x2140	0x5000      	MOVF        R0, 0 
0x2142	0x12C2      	IORWF       ADCON0, 1 
;__Lib_ADC_4xK50.c,58 :: 		
0x2144	0xDFC1      	RCALL       _Delay_22us
;__Lib_ADC_4xK50.c,59 :: 		
0x2146	0x82C2      	BSF         ADCON0, 1 
;__Lib_ADC_4xK50.c,60 :: 		
L_ADC_Get_Sample4:
0x2148	0xA2C2      	BTFSS       ADCON0, 1 
0x214A	0xD001      	BRA         L_ADC_Get_Sample5
;__Lib_ADC_4xK50.c,61 :: 		
0x214C	0xD7FD      	BRA         L_ADC_Get_Sample4
L_ADC_Get_Sample5:
;__Lib_ADC_4xK50.c,62 :: 		
0x214E	0xF001CFC4  	MOVFF       ADRESH, R1
0x2152	0x6A00      	CLRF        R0 
;__Lib_ADC_4xK50.c,63 :: 		
0x2154	0x50C3      	MOVF        ADRESL, 0 
0x2156	0x1200      	IORWF       R0, 1 
0x2158	0x0E00      	MOVLW       0
0x215A	0x1201      	IORWF       R1, 1 
;__Lib_ADC_4xK50.c,65 :: 		
;__Lib_ADC_4xK50.c,66 :: 		
L_end_ADC_Get_Sample:
0x215C	0x0012      	RETURN      0
; end of _ADC_Get_Sample
0x2160	0xF015EE10  	LFSR        1, 21
0x2164	0x0E02      	MOVLW       2
0x2166	0x6E00      	MOVWF       R0 
0x2168	0x0E01      	MOVLW       1
0x216A	0x6E01      	MOVWF       R1 
0x216C	0x0E5E      	MOVLW       94
0x216E	0x6EF6      	MOVWF       4086 
0x2170	0x0E21      	MOVLW       33
0x2172	0x6EF7      	MOVWF       TBLPTRH 
0x2174	0x0E00      	MOVLW       0
0x2176	0x6EF8      	MOVWF       TBLPTRU 
0x2178	0xF010EC6B  	CALL        8406, 0
0x217C	0x0012      	RETURN      0
;__Lib_ADC_4xK50.c,0 :: ?ICS_vref_mask
0x215E	0x0F ;?ICS_vref_mask+0
; end of ?ICS_vref_mask
;__Lib_ADC_4xK50.c,0 :: ?ICS_mult_mask
0x215F	0x30 ;?ICS_mult_mask+0
; end of ?ICS_mult_mask
Symbol List:
//** Routines locations **
//ADDRESS    SIZE    PROCEDURE
//----------------------------------------------
0x2000     [200]    _main
0x20C8      [14]    _Delay_22us
0x20D6      [16]    ___CC2DW
0x20E6      [74]    _ADC_Init_Advanced
0x2130      [46]    _ADC_Get_Sample
//** Variables locations ** 
//ADDRESS    SIZE    VARIABLE
//----------------------------------------------
0x0000       [1]    R0
0x0001       [1]    R1
0x0002       [1]    R2
0x0003       [1]    R3
0x0004       [1]    R4
0x0005       [1]    R5
0x0006       [1]    R6
0x0007       [1]    R7
0x0008       [1]    R8
0x0009       [1]    R9
0x000A       [1]    R10
0x000B       [1]    R11
0x000C       [1]    R12
0x000D       [1]    R13
0x000E       [1]    R14
0x000F       [1]    R15
0x0010       [1]    R16
0x0011       [1]    R17
0x0012       [1]    R18
0x0013       [1]    R19
0x0014       [1]    R20
0x0015       [1]    _vref_mask
0x0016       [1]    _mult_mask
0x0017       [2]    _ValorPOT
0x0019       [4]    _ADC_Get_Sample_Ptr
0x001D       [1]    FARG_ADC_Get_Sample_channel
0x001D       [1]    FARG_ADC_Init_Advanced_reference
0x0F5B       [0]    ANSA0_bit
0x0F7D       [1]    VREFCON0
0x0F8A       [1]    LATB
0x0F92       [0]    TRISA0_bit
0x0F93       [1]    TRISB
0x0FC0       [1]    ADCON2
0x0FC1       [1]    ADCON1
0x0FC2       [1]    ADCON0
0x0FC3       [1]    ADRESL
0x0FC4       [1]    ADRESH
0x0FD8       [1]    STATUS
0x0FD9       [1]    FSR2L
0x0FDA       [1]    FSR2H
0x0FDE       [1]    POSTINC2
0x0FE0       [1]    BSR
0x0FE1       [1]    FSR1L
0x0FE2       [1]    FSR1H
0x0FE4       [1]    PREINC1
0x0FE6       [1]    POSTINC1
0x0FE7       [1]    INDF1
0x0FE8       [1]    WREG
0x0FE9       [1]    FSR0L
0x0FEA       [1]    FSR0H
0x0FEE       [1]    POSTINC0
0x0FF3       [1]    PRODL
0x0FF4       [1]    PRODH
0x0FF5       [1]    TABLAT
0x0FF6       [1]    TBLPTRL
0x0FF7       [1]    TBLPTRH
0x0FF8       [1]    TBLPTRU
//** Constants locations ** 
//ADDRESS    SIZE    CONSTANT
//----------------------------------------------
0x215E       [1]    ?ICS_vref_mask
0x215F       [1]    ?ICS_mult_mask
