;  LST file generated by mikroListExporter - v.2.0 
; Date/Time: 15/10/2021 01:33:59 p. m.
;----------------------------------------------

;Address Opcode 	ASM
0x0000	0xF010EF00  	GOTO        8192
0x0004	0x0000      	NOP
0x0006	0x0000      	NOP
0x0008	0xF000EF00  	GOTO        0
0x000C	0x0000      	NOP
0x000E	0x0000      	NOP
0x0010	0x0000      	NOP
0x0012	0x0000      	NOP
0x0014	0x0000      	NOP
0x0016	0x0000      	NOP
0x0018	0xD7F3      	BRA         0
_main:
0x2000	0x0E44      	MOVLW       68
0x2002	0x6E15      	MOVWF       ?lstr1_HCSR04 
0x2004	0x0E69      	MOVLW       105
0x2006	0x6E16      	MOVWF       22 
0x2008	0x0E73      	MOVLW       115
0x200A	0x6E17      	MOVWF       23 
0x200C	0x0E74      	MOVLW       116
0x200E	0x6E18      	MOVWF       24 
0x2010	0x0E2E      	MOVLW       46
0x2012	0x6E19      	MOVWF       25 
0x2014	0x0E3A      	MOVLW       58
0x2016	0x6E1A      	MOVWF       26 
0x2018	0x0E20      	MOVLW       32
0x201A	0x6E1B      	MOVWF       27 
0x201C	0x6A1C      	CLRF        28 
0x201E	0x0E63      	MOVLW       99
0x2020	0x6E1D      	MOVWF       ?lstr2_HCSR04 
0x2022	0x0E6D      	MOVLW       109
0x2024	0x6E1E      	MOVWF       30 
0x2026	0x6A1F      	CLRF        31 
;HCSR04.c,48 :: 		void main() org 0x2000 {
;HCSR04.c,49 :: 		ADCON1 = 0x0F;
0x2028	0x0E0F      	MOVLW       15
0x202A	0x6EC1      	MOVWF       ADCON1 
;HCSR04.c,50 :: 		C1ON_bit = 0;                      // Deshabilita los comparadores
0x202C	0x9E98      	BCF         C1ON_bit, BitPos(C1ON_bit+0) 
;HCSR04.c,51 :: 		C2ON_bit = 0;
0x202E	0x9E99      	BCF         C2ON_bit, BitPos(C2ON_bit+0) 
;HCSR04.c,53 :: 		HCSR04_Init(3);                    // Conexión con el sensor HCSR04
0x2030	0x0E03      	MOVLW       3
0x2032	0x6E2B      	MOVWF       FARG_HCSR04_Init_mode 
0x2034	0xDB41      	RCALL       _HCSR04_Init
;HCSR04.c,55 :: 		Lcd_Init();                        // Inicializa el LCD
0x2036	0xDAED      	RCALL       _Lcd_Init
;HCSR04.c,56 :: 		Lcd_Cmd(_LCD_CLEAR);               // Limpia el LCD
0x2038	0x0E01      	MOVLW       1
0x203A	0x6E33      	MOVWF       FARG_Lcd_Cmd_out_char 
0x203C	0xD8C0      	RCALL       _Lcd_Cmd
;HCSR04.c,57 :: 		Lcd_Cmd(_LCD_CURSOR_OFF);          // Posiciona el cursor del LCD
0x203E	0x0E0C      	MOVLW       12
0x2040	0x6E33      	MOVWF       FARG_Lcd_Cmd_out_char 
0x2042	0xD8BD      	RCALL       _Lcd_Cmd
;HCSR04.c,59 :: 		while(1)
L_main10:
;HCSR04.c,61 :: 		Distancia = HCSR04_Read()/10;   //Se obtiene la lectura del sensor
0x2044	0xDB49      	RCALL       _HCSR04_Read
0x2046	0x0E0A      	MOVLW       10
0x2048	0x6E04      	MOVWF       R4 
0x204A	0x0E00      	MOVLW       0
0x204C	0x6E05      	MOVWF       R5 
0x204E	0xD98B      	RCALL       _Div_16X16_U
0x2050	0xF029C000  	MOVFF       R0, _Distancia
0x2054	0xF02AC001  	MOVFF       R1, _Distancia+1
;HCSR04.c,62 :: 		WordToStrWithZeros( Distancia, text );  //Se convierte el valor que se imprimirá en el LCD
0x2058	0xF02BC000  	MOVFF       R0, FARG_WordToStrWithZeros_input
0x205C	0xF02CC001  	MOVFF       R1, FARG_WordToStrWithZeros_input+1
0x2060	0x0E20      	MOVLW       _text
0x2062	0x6E2D      	MOVWF       FARG_WordToStrWithZeros_output 
0x2064	0x0E00      	MOVLW       hi_addr(_text)
0x2066	0x6E2E      	MOVWF       FARG_WordToStrWithZeros_output+1 
0x2068	0xDB87      	RCALL       _WordToStrWithZeros
;HCSR04.c,63 :: 		Lcd_Out( 1, 1, "Dist.: " );
0x206A	0x0E01      	MOVLW       1
0x206C	0x6E2B      	MOVWF       FARG_Lcd_Out_row 
0x206E	0x0E01      	MOVLW       1
0x2070	0x6E2C      	MOVWF       FARG_Lcd_Out_column 
0x2072	0x0E15      	MOVLW       ?lstr1_HCSR04
0x2074	0x6E2D      	MOVWF       FARG_Lcd_Out_text 
0x2076	0x0E00      	MOVLW       hi_addr(?lstr1_HCSR04)
0x2078	0x6E2E      	MOVWF       FARG_Lcd_Out_text+1 
0x207A	0xDBC5      	RCALL       _Lcd_Out
;HCSR04.c,64 :: 		Lcd_Out_CP( text );
0x207C	0x0E20      	MOVLW       _text
0x207E	0x6E2B      	MOVWF       FARG_Lcd_Out_CP_text 
0x2080	0x0E00      	MOVLW       hi_addr(_text)
0x2082	0x6E2C      	MOVWF       FARG_Lcd_Out_CP_text+1 
0x2084	0xDBFD      	RCALL       _Lcd_Out_CP
;HCSR04.c,65 :: 		Lcd_Out_CP( "cm" );
0x2086	0x0E1D      	MOVLW       ?lstr2_HCSR04
0x2088	0x6E2B      	MOVWF       FARG_Lcd_Out_CP_text 
0x208A	0x0E00      	MOVLW       hi_addr(?lstr2_HCSR04)
0x208C	0x6E2C      	MOVWF       FARG_Lcd_Out_CP_text+1 
0x208E	0xDBF8      	RCALL       _Lcd_Out_CP
;HCSR04.c,66 :: 		Delay_ms( 300 );
0x2090	0x0E13      	MOVLW       19
0x2092	0x6E0B      	MOVWF       R11, 0
0x2094	0x0E44      	MOVLW       68
0x2096	0x6E0C      	MOVWF       R12, 0
0x2098	0x0E44      	MOVLW       68
0x209A	0x6E0D      	MOVWF       R13, 0
L_main12:
0x209C	0x2E0D      	DECFSZ      R13, 1, 0
0x209E	0xD7FE      	BRA         L_main12
0x20A0	0x2E0C      	DECFSZ      R12, 1, 0
0x20A2	0xD7FC      	BRA         L_main12
0x20A4	0x2E0B      	DECFSZ      R11, 1, 0
0x20A6	0xD7FA      	BRA         L_main12
0x20A8	0x0000      	NOP
;HCSR04.c,67 :: 		}
0x20AA	0xD7CC      	BRA         L_main10
;HCSR04.c,69 :: 		}
L_end_main:
0x20AC	0xD7FF      	BRA         $+0
; end of _main
_RES032:
;__Lib_MathDouble.c,128 :: 		
;__Lib_MathDouble.c,134 :: 		
0x20AE	0x6A02      	CLRF        R2, 0
;__Lib_MathDouble.c,135 :: 		
0x20B0	0x6A01      	CLRF        R1, 0
;__Lib_MathDouble.c,136 :: 		
0x20B2	0x6A00      	CLRF        R0, 0
;__Lib_MathDouble.c,137 :: 		
0x20B4	0x6A08      	CLRF        R8, 0
;__Lib_MathDouble.c,138 :: 		
0x20B6	0x6A03      	CLRF        R3, 0
;__Lib_MathDouble.c,139 :: 		
0x20B8	0x0E00      	MOVLW       0
;__Lib_MathDouble.c,141 :: 		
L_end_RES032:
0x20BA	0x0012      	RETURN      0
; end of _RES032
_SETFUN32:
;__Lib_MathDouble.c,144 :: 		
;__Lib_MathDouble.c,152 :: 		
0x20BC	0x840B      	BSF         R11, 2, 0
;__Lib_MathDouble.c,153 :: 		
0x20BE	0xAE0B      	BTFSS       R11, 7, 0
;__Lib_MathDouble.c,154 :: 		
0x20C0	0xF010EF69  	GOTO        SETFUN32EEE
;__Lib_MathDouble.c,156 :: 		
0x20C4	0x0E01      	MOVLW       1
;__Lib_MathDouble.c,157 :: 		
0x20C6	0x6E03      	MOVWF       R3, 0
;__Lib_MathDouble.c,158 :: 		
0x20C8	0x6A02      	CLRF        R2, 0
;__Lib_MathDouble.c,159 :: 		
0x20CA	0x6A01      	CLRF        R1, 0
;__Lib_MathDouble.c,160 :: 		
0x20CC	0x6A00      	CLRF        R0, 0
;__Lib_MathDouble.c,161 :: 		
0x20CE	0x360A      	RLCF        R10, 1, 0
;__Lib_MathDouble.c,162 :: 		
0x20D0	0x3202      	RRCF        R2, 1, 0
;__Lib_MathDouble.c,163 :: 		
SETFUN32EEE:
;__Lib_MathDouble.c,164 :: 		
0x20D2	0x0EFF      	MOVLW       255
;__Lib_MathDouble.c,166 :: 		
L_end_SETFUN32:
0x20D4	0x0012      	RETURN      0
; end of _SETFUN32
_FIXSIGN32:
;__Lib_MathDouble.c,117 :: 		
;__Lib_MathDouble.c,121 :: 		
0x20D6	0xAE0A      	BTFSS       R10, 7, 0
;__Lib_MathDouble.c,122 :: 		
0x20D8	0x9E02      	BCF         R2, 7, 0
;__Lib_MathDouble.c,123 :: 		
0x20DA	0x0E00      	MOVLW       0
;__Lib_MathDouble.c,125 :: 		
L_end_FIXSIGN32:
0x20DC	0x0012      	RETURN      0
; end of _FIXSIGN32
_Delay_1us:
;__Lib_Delays.c,7 :: 		void Delay_1us() {
;__Lib_Delays.c,8 :: 		Delay_us(1);
0x20DE	0x0E03      	MOVLW       3
0x20E0	0x6E0D      	MOVWF       R13, 0
L_Delay_1us0:
0x20E2	0x2E0D      	DECFSZ      R13, 1, 0
0x20E4	0xD7FE      	BRA         L_Delay_1us0
0x20E6	0x0000      	NOP
0x20E8	0x0000      	NOP
;__Lib_Delays.c,9 :: 		}
L_end_Delay_1us:
0x20EA	0x0012      	RETURN      0
; end of _Delay_1us
_Delay_5500us:
;__Lib_Delays.c,31 :: 		void Delay_5500us() {
;__Lib_Delays.c,32 :: 		Delay_us(5500);
0x20EC	0x0E56      	MOVLW       86
0x20EE	0x6E0C      	MOVWF       R12, 0
0x20F0	0x0EB5      	MOVLW       181
0x20F2	0x6E0D      	MOVWF       R13, 0
L_Delay_5500us6:
0x20F4	0x2E0D      	DECFSZ      R13, 1, 0
0x20F6	0xD7FE      	BRA         L_Delay_5500us6
0x20F8	0x2E0C      	DECFSZ      R12, 1, 0
0x20FA	0xD7FC      	BRA         L_Delay_5500us6
0x20FC	0x0000      	NOP
0x20FE	0x0000      	NOP
;__Lib_Delays.c,33 :: 		}
L_end_Delay_5500us:
0x2100	0x0012      	RETURN      0
; end of _Delay_5500us
_Delay_50us:
;__Lib_Delays.c,19 :: 		void Delay_50us() {
;__Lib_Delays.c,20 :: 		Delay_us(50);
0x2102	0x0EC7      	MOVLW       199
0x2104	0x6E0D      	MOVWF       R13, 0
L_Delay_50us3:
0x2106	0x2E0D      	DECFSZ      R13, 1, 0
0x2108	0xD7FE      	BRA         L_Delay_50us3
0x210A	0x0000      	NOP
0x210C	0x0000      	NOP
;__Lib_Delays.c,21 :: 		}
L_end_Delay_50us:
0x210E	0x0012      	RETURN      0
; end of _Delay_50us
_SETIOV3224:
;__Lib_MathDouble.c,530 :: 		
;__Lib_MathDouble.c,537 :: 		
0x2110	0x800B      	BSF         R11, 0, 0
;__Lib_MathDouble.c,538 :: 		
0x2112	0xAE0B      	BTFSS       R11, 7, 0
;__Lib_MathDouble.c,539 :: 		
0x2114	0xF010EF94  	GOTO        SETIOV3224EEE
;__Lib_MathDouble.c,541 :: 		
0x2118	0x6A02      	CLRF        R2, 0
;__Lib_MathDouble.c,542 :: 		
0x211A	0xAE0A      	BTFSS       R10, 7, 0
;__Lib_MathDouble.c,543 :: 		
0x211C	0x0EFF      	MOVLW       255
;__Lib_MathDouble.c,544 :: 		
0x211E	0x6E02      	MOVWF       R2, 0
;__Lib_MathDouble.c,545 :: 		
0x2120	0x6E01      	MOVWF       R1, 0
;__Lib_MathDouble.c,546 :: 		
0x2122	0x6E00      	MOVWF       R0, 0
;__Lib_MathDouble.c,547 :: 		
0x2124	0x360A      	RLCF        R10, 1, 0
;__Lib_MathDouble.c,548 :: 		
0x2126	0x3202      	RRCF        R2, 1, 0
;__Lib_MathDouble.c,549 :: 		
SETIOV3224EEE:
;__Lib_MathDouble.c,550 :: 		
0x2128	0x0EFF      	MOVLW       255
;__Lib_MathDouble.c,552 :: 		
L_end_SETIOV3224:
0x212A	0x0012      	RETURN      0
; end of _SETIOV3224
_SETFDZ32:
;__Lib_MathDouble.c,106 :: 		
;__Lib_MathDouble.c,110 :: 		
0x212C	0x6A0B      	CLRF        R11, 0
;__Lib_MathDouble.c,111 :: 		
0x212E	0x860B      	BSF         R11, 3, 0
;__Lib_MathDouble.c,112 :: 		
0x2130	0x0EFF      	MOVLW       255
;__Lib_MathDouble.c,114 :: 		
L_end_SETFDZ32:
0x2132	0x0012      	RETURN      0
; end of _SETFDZ32
_SETFOV32:
;__Lib_MathDouble.c,82 :: 		
;__Lib_MathDouble.c,90 :: 		
0x2134	0x820B      	BSF         R11, 1, 0
;__Lib_MathDouble.c,91 :: 		
0x2136	0xAE0B      	BTFSS       R11, 7, 0
;__Lib_MathDouble.c,92 :: 		
0x2138	0xF010EFA4  	GOTO        SETFOV32EEE
;__Lib_MathDouble.c,94 :: 		
0x213C	0x6803      	SETF        R3, 0
;__Lib_MathDouble.c,95 :: 		
0x213E	0x6802      	SETF        R2, 0
;__Lib_MathDouble.c,96 :: 		
0x2140	0x6801      	SETF        R1, 0
;__Lib_MathDouble.c,97 :: 		
0x2142	0x6800      	SETF        R0, 0
;__Lib_MathDouble.c,98 :: 		
0x2144	0x360A      	RLCF        R10, 1, 0
;__Lib_MathDouble.c,99 :: 		
0x2146	0x3202      	RRCF        R2, 1, 0
;__Lib_MathDouble.c,100 :: 		
SETFOV32EEE:
;__Lib_MathDouble.c,101 :: 		
0x2148	0x0EFF      	MOVLW       255
;__Lib_MathDouble.c,103 :: 		
L_end_SETFOV32:
0x214A	0x0012      	RETURN      0
; end of _SETFOV32
_NRM3232:
;__Lib_MathDouble.c,455 :: 		
;__Lib_MathDouble.c,463 :: 		
0x214C	0x6A0C      	CLRF        R12, 0
;__Lib_MathDouble.c,464 :: 		
0x214E	0x6A0E      	CLRF        R14, 0
;__Lib_MathDouble.c,465 :: 		
0x2150	0x5002      	MOVF        R2, 0, 0
;__Lib_MathDouble.c,466 :: 		
0x2152	0xA4D8      	BTFSS       STATUS, 2, 0
;__Lib_MathDouble.c,467 :: 		
0x2154	0xF010EFBF  	GOTO        NORM3232
;__Lib_MathDouble.c,468 :: 		
0x2158	0xF002C001  	MOVFF       R1, R2
;__Lib_MathDouble.c,469 :: 		
0x215C	0xF001C000  	MOVFF       R0, R1
;__Lib_MathDouble.c,470 :: 		
0x2160	0x6A00      	CLRF        R0, 0
;__Lib_MathDouble.c,471 :: 		
0x2162	0x860E      	BSF         R14, 3, 0
;__Lib_MathDouble.c,473 :: 		
0x2164	0x5002      	MOVF        R2, 0, 0
;__Lib_MathDouble.c,474 :: 		
0x2166	0xA4D8      	BTFSS       STATUS, 2, 0
;__Lib_MathDouble.c,475 :: 		
0x2168	0xF010EFBF  	GOTO        NORM3232
;__Lib_MathDouble.c,476 :: 		
0x216C	0xF002C001  	MOVFF       R1, R2
;__Lib_MathDouble.c,477 :: 		
0x2170	0x6A01      	CLRF        R1, 0
;__Lib_MathDouble.c,478 :: 		
0x2172	0x960E      	BCF         R14, 3, 0
;__Lib_MathDouble.c,479 :: 		
0x2174	0x880E      	BSF         R14, 4, 0
;__Lib_MathDouble.c,481 :: 		
0x2176	0x5002      	MOVF        R2, 0, 0
;__Lib_MathDouble.c,482 :: 		
0x2178	0xB4D8      	BTFSC       STATUS, 2, 0
;__Lib_MathDouble.c,483 :: 		
0x217A	0xF010EFD1  	GOTO        JPNRES032
;__Lib_MathDouble.c,484 :: 		
NORM3232:
;__Lib_MathDouble.c,485 :: 		
0x217E	0x500E      	MOVF        R14, 0, 0
;__Lib_MathDouble.c,486 :: 		
0x2180	0x5E03      	SUBWF       R3, 1, 0
;__Lib_MathDouble.c,487 :: 		
0x2182	0xA4D8      	BTFSS       STATUS, 2, 0
;__Lib_MathDouble.c,488 :: 		
0x2184	0xA0D8      	BTFSS       STATUS, 0, 0
;__Lib_MathDouble.c,489 :: 		
0x2186	0xF010EFD6  	GOTO        JPNSETFUN32
;__Lib_MathDouble.c,490 :: 		
0x218A	0x90D8      	BCF         STATUS, 0, 0
;__Lib_MathDouble.c,491 :: 		
NORM3232A:
;__Lib_MathDouble.c,492 :: 		
0x218C	0xBE02      	BTFSC       R2, 7, 0
;__Lib_MathDouble.c,493 :: 		
0x218E	0xF010EFDB  	GOTO        JMPNFIXSIGN32
;__Lib_MathDouble.c,494 :: 		
0x2192	0x3600      	RLCF        R0, 1, 0
;__Lib_MathDouble.c,495 :: 		
0x2194	0x3601      	RLCF        R1, 1, 0
;__Lib_MathDouble.c,496 :: 		
0x2196	0x3602      	RLCF        R2, 1, 0
;__Lib_MathDouble.c,497 :: 		
0x2198	0x2E03      	DECFSZ      R3, 1, 0
;__Lib_MathDouble.c,498 :: 		
0x219A	0xF010EFC6  	GOTO        NORM3232A
;__Lib_MathDouble.c,499 :: 		
0x219E	0xF010EFD6  	GOTO        JPNSETFUN32
;__Lib_MathDouble.c,500 :: 		
JPNRES032:
;__Lib_MathDouble.c,501 :: 		
0x21A2	0x0E01      	MOVLW       1
;__Lib_MathDouble.c,502 :: 		
0x21A4	0x6E0C      	MOVWF       R12, 0
;__Lib_MathDouble.c,504 :: 		
0x21A6	0xDF83      	RCALL       _RES032
;__Lib_MathDouble.c,506 :: 		
0x21A8	0xF010EFDE  	GOTO        NORM32EEE
;__Lib_MathDouble.c,507 :: 		
JPNSETFUN32:
;__Lib_MathDouble.c,508 :: 		
0x21AC	0x0E02      	MOVLW       2
;__Lib_MathDouble.c,509 :: 		
0x21AE	0x6E0C      	MOVWF       R12, 0
;__Lib_MathDouble.c,511 :: 		
0x21B0	0xDF85      	RCALL       _SETFUN32
;__Lib_MathDouble.c,513 :: 		
0x21B2	0xF010EFDE  	GOTO        NORM32EEE
;__Lib_MathDouble.c,514 :: 		
JMPNFIXSIGN32:
;__Lib_MathDouble.c,515 :: 		
0x21B6	0x0E04      	MOVLW       4
;__Lib_MathDouble.c,516 :: 		
0x21B8	0x6E0C      	MOVWF       R12, 0
;__Lib_MathDouble.c,518 :: 		
0x21BA	0xDF8D      	RCALL       _FIXSIGN32
;__Lib_MathDouble.c,520 :: 		
NORM32EEE:
;__Lib_MathDouble.c,527 :: 		
L_end_NRM3232:
0x21BC	0x0012      	RETURN      0
; end of _NRM3232
_Lcd_Cmd:
;__Lib_Lcd.c,18 :: 		
;__Lib_Lcd.c,20 :: 		
0x21BE	0xBE33      	BTFSC       FARG_Lcd_Cmd_out_char, 7 
0x21C0	0xD002      	BRA         L__Lcd_Cmd21
0x21C2	0x9C8A      	BCF         LCD_D7, BitPos(LCD_D7+0) 
0x21C4	0xD001      	BRA         L__Lcd_Cmd22
L__Lcd_Cmd21:
0x21C6	0x8C8A      	BSF         LCD_D7, BitPos(LCD_D7+0) 
L__Lcd_Cmd22:
;__Lib_Lcd.c,21 :: 		
0x21C8	0xBC33      	BTFSC       FARG_Lcd_Cmd_out_char, 6 
0x21CA	0xD002      	BRA         L__Lcd_Cmd23
0x21CC	0x9A8A      	BCF         LCD_D6, BitPos(LCD_D6+0) 
0x21CE	0xD001      	BRA         L__Lcd_Cmd24
L__Lcd_Cmd23:
0x21D0	0x8A8A      	BSF         LCD_D6, BitPos(LCD_D6+0) 
L__Lcd_Cmd24:
;__Lib_Lcd.c,22 :: 		
0x21D2	0xBA33      	BTFSC       FARG_Lcd_Cmd_out_char, 5 
0x21D4	0xD002      	BRA         L__Lcd_Cmd25
0x21D6	0x988A      	BCF         LCD_D5, BitPos(LCD_D5+0) 
0x21D8	0xD001      	BRA         L__Lcd_Cmd26
L__Lcd_Cmd25:
0x21DA	0x888A      	BSF         LCD_D5, BitPos(LCD_D5+0) 
L__Lcd_Cmd26:
;__Lib_Lcd.c,23 :: 		
0x21DC	0xB833      	BTFSC       FARG_Lcd_Cmd_out_char, 4 
0x21DE	0xD002      	BRA         L__Lcd_Cmd27
0x21E0	0x968A      	BCF         LCD_D4, BitPos(LCD_D4+0) 
0x21E2	0xD001      	BRA         L__Lcd_Cmd28
L__Lcd_Cmd27:
0x21E4	0x868A      	BSF         LCD_D4, BitPos(LCD_D4+0) 
L__Lcd_Cmd28:
;__Lib_Lcd.c,25 :: 		
0x21E6	0xB028      	BTFSC       __Lib_Lcd_cmd_status, BitPos(__Lib_Lcd_cmd_status+0) 
0x21E8	0xD002      	BRA         L__Lcd_Cmd29
0x21EA	0x808A      	BSF         LCD_RS, BitPos(LCD_RS+0) 
0x21EC	0xD001      	BRA         L__Lcd_Cmd30
L__Lcd_Cmd29:
0x21EE	0x908A      	BCF         LCD_RS, BitPos(LCD_RS+0) 
L__Lcd_Cmd30:
;__Lib_Lcd.c,28 :: 		
0x21F0	0x848A      	BSF         LCD_EN, BitPos(LCD_EN+0) 
;__Lib_Lcd.c,29 :: 		
0x21F2	0xDF75      	RCALL       _Delay_1us
;__Lib_Lcd.c,30 :: 		
0x21F4	0x948A      	BCF         LCD_EN, BitPos(LCD_EN+0) 
;__Lib_Lcd.c,33 :: 		
0x21F6	0xB633      	BTFSC       FARG_Lcd_Cmd_out_char, 3 
0x21F8	0xD002      	BRA         L__Lcd_Cmd31
0x21FA	0x9C8A      	BCF         LCD_D7, BitPos(LCD_D7+0) 
0x21FC	0xD001      	BRA         L__Lcd_Cmd32
L__Lcd_Cmd31:
0x21FE	0x8C8A      	BSF         LCD_D7, BitPos(LCD_D7+0) 
L__Lcd_Cmd32:
;__Lib_Lcd.c,34 :: 		
0x2200	0xB433      	BTFSC       FARG_Lcd_Cmd_out_char, 2 
0x2202	0xD002      	BRA         L__Lcd_Cmd33
0x2204	0x9A8A      	BCF         LCD_D6, BitPos(LCD_D6+0) 
0x2206	0xD001      	BRA         L__Lcd_Cmd34
L__Lcd_Cmd33:
0x2208	0x8A8A      	BSF         LCD_D6, BitPos(LCD_D6+0) 
L__Lcd_Cmd34:
;__Lib_Lcd.c,35 :: 		
0x220A	0xB233      	BTFSC       FARG_Lcd_Cmd_out_char, 1 
0x220C	0xD002      	BRA         L__Lcd_Cmd35
0x220E	0x988A      	BCF         LCD_D5, BitPos(LCD_D5+0) 
0x2210	0xD001      	BRA         L__Lcd_Cmd36
L__Lcd_Cmd35:
0x2212	0x888A      	BSF         LCD_D5, BitPos(LCD_D5+0) 
L__Lcd_Cmd36:
;__Lib_Lcd.c,36 :: 		
0x2214	0xB033      	BTFSC       FARG_Lcd_Cmd_out_char, 0 
0x2216	0xD002      	BRA         L__Lcd_Cmd37
0x2218	0x968A      	BCF         LCD_D4, BitPos(LCD_D4+0) 
0x221A	0xD001      	BRA         L__Lcd_Cmd38
L__Lcd_Cmd37:
0x221C	0x868A      	BSF         LCD_D4, BitPos(LCD_D4+0) 
L__Lcd_Cmd38:
;__Lib_Lcd.c,38 :: 		
0x221E	0xB028      	BTFSC       __Lib_Lcd_cmd_status, BitPos(__Lib_Lcd_cmd_status+0) 
0x2220	0xD002      	BRA         L__Lcd_Cmd39
0x2222	0x808A      	BSF         LCD_RS, BitPos(LCD_RS+0) 
0x2224	0xD001      	BRA         L__Lcd_Cmd40
L__Lcd_Cmd39:
0x2226	0x908A      	BCF         LCD_RS, BitPos(LCD_RS+0) 
L__Lcd_Cmd40:
;__Lib_Lcd.c,40 :: 		
0x2228	0x848A      	BSF         LCD_EN, BitPos(LCD_EN+0) 
;__Lib_Lcd.c,41 :: 		
0x222A	0xDF59      	RCALL       _Delay_1us
;__Lib_Lcd.c,42 :: 		
0x222C	0x948A      	BCF         LCD_EN, BitPos(LCD_EN+0) 
;__Lib_Lcd.c,44 :: 		
0x222E	0xA028      	BTFSS       __Lib_Lcd_cmd_status, BitPos(__Lib_Lcd_cmd_status+0) 
0x2230	0xD002      	BRA         L_Lcd_Cmd0
;__Lib_Lcd.c,45 :: 		
0x2232	0xDF5C      	RCALL       _Delay_5500us
0x2234	0xD001      	BRA         L_Lcd_Cmd1
L_Lcd_Cmd0:
;__Lib_Lcd.c,47 :: 		
0x2236	0xDF65      	RCALL       _Delay_50us
L_Lcd_Cmd1:
;__Lib_Lcd.c,48 :: 		
L_end_Lcd_Cmd:
0x2238	0x0012      	RETURN      0
; end of _Lcd_Cmd
_Lcd_Chr_CP:
;__Lib_Lcd.c,50 :: 		
;__Lib_Lcd.c,52 :: 		
0x223A	0x9028      	BCF         __Lib_Lcd_cmd_status, BitPos(__Lib_Lcd_cmd_status+0) 
;__Lib_Lcd.c,53 :: 		
0x223C	0xF033C032  	MOVFF       FARG_Lcd_Chr_CP_out_char, FARG_Lcd_Cmd_out_char
0x2240	0xDFBE      	RCALL       _Lcd_Cmd
;__Lib_Lcd.c,54 :: 		
0x2242	0x8028      	BSF         __Lib_Lcd_cmd_status, BitPos(__Lib_Lcd_cmd_status+0) 
;__Lib_Lcd.c,55 :: 		
L_end_Lcd_Chr_CP:
0x2244	0x0012      	RETURN      0
; end of _Lcd_Chr_CP
_Mul_32x32_FP:
;__Lib_MathDouble.c,1130 :: 		
;__Lib_MathDouble.c,1148 :: 		
0x2246	0x6A08      	CLRF        R8, 0
;__Lib_MathDouble.c,1149 :: 		
0x2248	0x6A09      	CLRF        R9, 0
;__Lib_MathDouble.c,1151 :: 		
0x224A	0x0E00      	MOVLW       0
;__Lib_MathDouble.c,1152 :: 		
0x224C	0x6207      	CPFSEQ      R7, 0
;__Lib_MathDouble.c,1153 :: 		
0x224E	0x6403      	CPFSGT      R3, 0
;__Lib_MathDouble.c,1154 :: 		
0x2250	0xF011EFA8  	GOTO        MULJPRES032
;__Lib_MathDouble.c,1157 :: 		
0x2254	0x5002      	MOVF        R2, 0, 0
;__Lib_MathDouble.c,1158 :: 		
0x2256	0x1806      	XORWF       R6, 0, 0
;__Lib_MathDouble.c,1159 :: 		
0x2258	0x6E0A      	MOVWF       R10, 0
;__Lib_MathDouble.c,1161 :: 		
0x225A	0x5007      	MOVF        R7, 0, 0
;__Lib_MathDouble.c,1162 :: 		
0x225C	0x2603      	ADDWF       R3, 1, 0
;__Lib_MathDouble.c,1163 :: 		
0x225E	0x0E7E      	MOVLW       126
;__Lib_MathDouble.c,1164 :: 		
0x2260	0xA0D8      	BTFSS       STATUS, 0, 0
;__Lib_MathDouble.c,1165 :: 		
0x2262	0xF011EF39  	GOTO        MTUN32
;__Lib_MathDouble.c,1167 :: 		
0x2266	0x5E03      	SUBWF       R3, 1, 0
;__Lib_MathDouble.c,1168 :: 		
0x2268	0xB0D8      	BTFSC       STATUS, 0, 0
;__Lib_MathDouble.c,1169 :: 		
0x226A	0xF011EFAC  	GOTO        MULJPSETFOV32
;__Lib_MathDouble.c,1170 :: 		
0x226E	0xF011EF3D  	GOTO        MOK32
;__Lib_MathDouble.c,1172 :: 		
MTUN32:
;__Lib_MathDouble.c,1173 :: 		
0x2272	0x5E03      	SUBWF       R3, 1, 0
;__Lib_MathDouble.c,1174 :: 		
0x2274	0xA0D8      	BTFSS       STATUS, 0, 0
;__Lib_MathDouble.c,1175 :: 		
0x2276	0xF011EFB0  	GOTO        MULJPSETFUN32
;__Lib_MathDouble.c,1177 :: 		
MOK32:
;__Lib_MathDouble.c,1178 :: 		
0x227A	0x8E02      	BSF         R2, 7, 0
;__Lib_MathDouble.c,1179 :: 		
0x227C	0x8E06      	BSF         R6, 7, 0
;__Lib_MathDouble.c,1181 :: 		
0x227E	0xF00EC002  	MOVFF       R2, R14
;__Lib_MathDouble.c,1182 :: 		
0x2282	0xF00BC001  	MOVFF       R1, R11
;__Lib_MathDouble.c,1183 :: 		
0x2286	0xF00DC000  	MOVFF       R0, R13
;__Lib_MathDouble.c,1185 :: 		
0x228A	0x5000      	MOVF        R0, 0, 0
;__Lib_MathDouble.c,1186 :: 		
0x228C	0x0204      	MULWF       R4, 0
;__Lib_MathDouble.c,1187 :: 		
0x228E	0xF00CCFF4  	MOVFF       PRODH, R12
;__Lib_MathDouble.c,1189 :: 		
0x2292	0x5001      	MOVF        R1, 0, 0
;__Lib_MathDouble.c,1190 :: 		
0x2294	0x0205      	MULWF       R5, 0
;__Lib_MathDouble.c,1191 :: 		
0x2296	0xF000CFF4  	MOVFF       PRODH, R0
;__Lib_MathDouble.c,1192 :: 		
0x229A	0xF008CFF3  	MOVFF       PRODL, R8
;__Lib_MathDouble.c,1194 :: 		
0x229E	0x0204      	MULWF       R4, 0
;__Lib_MathDouble.c,1195 :: 		
0x22A0	0x50F3      	MOVF        PRODL, 0, 0
;__Lib_MathDouble.c,1196 :: 		
0x22A2	0x260C      	ADDWF       R12, 1, 0
;__Lib_MathDouble.c,1197 :: 		
0x22A4	0x50F4      	MOVF        PRODH, 0, 0
;__Lib_MathDouble.c,1198 :: 		
0x22A6	0x2208      	ADDWFC      R8, 1, 0
;__Lib_MathDouble.c,1199 :: 		
0x22A8	0x0E00      	MOVLW       0
;__Lib_MathDouble.c,1200 :: 		
0x22AA	0x2200      	ADDWFC      R0, 1, 0
;__Lib_MathDouble.c,1202 :: 		
0x22AC	0x500D      	MOVF        R13, 0, 0
;__Lib_MathDouble.c,1203 :: 		
0x22AE	0x0205      	MULWF       R5, 0
;__Lib_MathDouble.c,1204 :: 		
0x22B0	0x50F3      	MOVF        PRODL, 0, 0
;__Lib_MathDouble.c,1205 :: 		
0x22B2	0x260C      	ADDWF       R12, 1, 0
;__Lib_MathDouble.c,1206 :: 		
0x22B4	0x50F4      	MOVF        PRODH, 0, 0
;__Lib_MathDouble.c,1207 :: 		
0x22B6	0x2208      	ADDWFC      R8, 1, 0
;__Lib_MathDouble.c,1208 :: 		
0x22B8	0x0E00      	MOVLW       0
;__Lib_MathDouble.c,1209 :: 		
0x22BA	0x2200      	ADDWFC      R0, 1, 0
;__Lib_MathDouble.c,1211 :: 		
0x22BC	0x5002      	MOVF        R2, 0, 0
;__Lib_MathDouble.c,1212 :: 		
0x22BE	0x0204      	MULWF       R4, 0
;__Lib_MathDouble.c,1213 :: 		
0x22C0	0x50F3      	MOVF        PRODL, 0, 0
;__Lib_MathDouble.c,1214 :: 		
0x22C2	0x2608      	ADDWF       R8, 1, 0
;__Lib_MathDouble.c,1215 :: 		
0x22C4	0x50F4      	MOVF        PRODH, 0, 0
;__Lib_MathDouble.c,1216 :: 		
0x22C6	0x2200      	ADDWFC      R0, 1, 0
;__Lib_MathDouble.c,1217 :: 		
0x22C8	0x5002      	MOVF        R2, 0, 0
;__Lib_MathDouble.c,1218 :: 		
0x22CA	0x0205      	MULWF       R5, 0
;__Lib_MathDouble.c,1219 :: 		
0x22CC	0x6A01      	CLRF        R1, 0
;__Lib_MathDouble.c,1220 :: 		
0x22CE	0x0E00      	MOVLW       0
;__Lib_MathDouble.c,1221 :: 		
0x22D0	0x2201      	ADDWFC      R1, 1, 0
;__Lib_MathDouble.c,1222 :: 		
0x22D2	0x50F3      	MOVF        PRODL, 0, 0
;__Lib_MathDouble.c,1223 :: 		
0x22D4	0x2600      	ADDWF       R0, 1, 0
;__Lib_MathDouble.c,1224 :: 		
0x22D6	0x50F4      	MOVF        PRODH, 0, 0
;__Lib_MathDouble.c,1225 :: 		
0x22D8	0x2201      	ADDWFC      R1, 1, 0
;__Lib_MathDouble.c,1227 :: 		
0x22DA	0x500D      	MOVF        R13, 0, 0
;__Lib_MathDouble.c,1228 :: 		
0x22DC	0x0206      	MULWF       R6, 0
;__Lib_MathDouble.c,1229 :: 		
0x22DE	0x50F3      	MOVF        PRODL, 0, 0
;__Lib_MathDouble.c,1230 :: 		
0x22E0	0x2608      	ADDWF       R8, 1, 0
;__Lib_MathDouble.c,1231 :: 		
0x22E2	0x50F4      	MOVF        PRODH, 0, 0
;__Lib_MathDouble.c,1232 :: 		
0x22E4	0x2200      	ADDWFC      R0, 1, 0
;__Lib_MathDouble.c,1233 :: 		
0x22E6	0x6A02      	CLRF        R2, 0
;__Lib_MathDouble.c,1234 :: 		
0x22E8	0x0E00      	MOVLW       0
;__Lib_MathDouble.c,1235 :: 		
0x22EA	0x2201      	ADDWFC      R1, 1, 0
;__Lib_MathDouble.c,1236 :: 		
0x22EC	0x2202      	ADDWFC      R2, 1, 0
;__Lib_MathDouble.c,1238 :: 		
0x22EE	0x500B      	MOVF        R11, 0, 0
;__Lib_MathDouble.c,1239 :: 		
0x22F0	0x0206      	MULWF       R6, 0
;__Lib_MathDouble.c,1240 :: 		
0x22F2	0x50F3      	MOVF        PRODL, 0, 0
;__Lib_MathDouble.c,1241 :: 		
0x22F4	0x2600      	ADDWF       R0, 1, 0
;__Lib_MathDouble.c,1242 :: 		
0x22F6	0x50F4      	MOVF        PRODH, 0, 0
;__Lib_MathDouble.c,1243 :: 		
0x22F8	0x2201      	ADDWFC      R1, 1, 0
;__Lib_MathDouble.c,1244 :: 		
0x22FA	0x0E00      	MOVLW       0
;__Lib_MathDouble.c,1245 :: 		
0x22FC	0x2202      	ADDWFC      R2, 1, 0
;__Lib_MathDouble.c,1247 :: 		
0x22FE	0x500E      	MOVF        R14, 0, 0
;__Lib_MathDouble.c,1248 :: 		
0x2300	0x0206      	MULWF       R6, 0
;__Lib_MathDouble.c,1249 :: 		
0x2302	0x50F3      	MOVF        PRODL, 0, 0
;__Lib_MathDouble.c,1250 :: 		
0x2304	0x2601      	ADDWF       R1, 1, 0
;__Lib_MathDouble.c,1251 :: 		
0x2306	0x50F4      	MOVF        PRODH, 0, 0
;__Lib_MathDouble.c,1252 :: 		
0x2308	0x2202      	ADDWFC      R2, 1, 0
;__Lib_MathDouble.c,1254 :: 		
0x230A	0xBE02      	BTFSC       R2, 7, 0
;__Lib_MathDouble.c,1255 :: 		
0x230C	0xF011EF90  	GOTO        MROUND32
;__Lib_MathDouble.c,1256 :: 		
0x2310	0x3608      	RLCF        R8, 1, 0
;__Lib_MathDouble.c,1257 :: 		
0x2312	0x3600      	RLCF        R0, 1, 0
;__Lib_MathDouble.c,1258 :: 		
0x2314	0x3601      	RLCF        R1, 1, 0
;__Lib_MathDouble.c,1259 :: 		
0x2316	0x3602      	RLCF        R2, 1, 0
;__Lib_MathDouble.c,1260 :: 		
0x2318	0x0603      	DECF        R3, 1, 0
;__Lib_MathDouble.c,1261 :: 		
0x231A	0xB4D8      	BTFSC       STATUS, 2, 0
;__Lib_MathDouble.c,1262 :: 		
0x231C	0xF011EFB0  	GOTO        MULJPSETFUN32
;__Lib_MathDouble.c,1264 :: 		
MROUND32:
;__Lib_MathDouble.c,1267 :: 		
0x2320	0xF011EFA3  	GOTO        MUL32OK
;__Lib_MathDouble.c,1268 :: 		
0x2324	0x80D8      	BSF         STATUS, 0, 0
;__Lib_MathDouble.c,1269 :: 		
0x2326	0x0E80      	MOVLW       128
;__Lib_MathDouble.c,1270 :: 		
0x2328	0x6408      	CPFSGT      R8, 0
;__Lib_MathDouble.c,1271 :: 		
0x232A	0x3000      	RRCF        R0, 0, 0
;__Lib_MathDouble.c,1272 :: 		
0x232C	0x0E00      	MOVLW       0
;__Lib_MathDouble.c,1273 :: 		
0x232E	0x2200      	ADDWFC      R0, 1, 0
;__Lib_MathDouble.c,1274 :: 		
0x2330	0x2201      	ADDWFC      R1, 1, 0
;__Lib_MathDouble.c,1275 :: 		
0x2332	0x2202      	ADDWFC      R2, 1, 0
;__Lib_MathDouble.c,1277 :: 		
0x2334	0xA0D8      	BTFSS       STATUS, 0, 0
;__Lib_MathDouble.c,1278 :: 		
0x2336	0xF011EFA3  	GOTO        MUL32OK
;__Lib_MathDouble.c,1279 :: 		
0x233A	0x3202      	RRCF        R2, 1, 0
;__Lib_MathDouble.c,1280 :: 		
0x233C	0x3201      	RRCF        R1, 1, 0
;__Lib_MathDouble.c,1281 :: 		
0x233E	0x3200      	RRCF        R0, 1, 0
;__Lib_MathDouble.c,1282 :: 		
0x2340	0x4A03      	INFSNZ      R3, 1, 0
;__Lib_MathDouble.c,1283 :: 		
0x2342	0xF011EFAC  	GOTO        MULJPSETFOV32
;__Lib_MathDouble.c,1285 :: 		
MUL32OK:
;__Lib_MathDouble.c,1286 :: 		
0x2346	0xAE0A      	BTFSS       R10, 7, 0
;__Lib_MathDouble.c,1287 :: 		
0x2348	0x9E02      	BCF         R2, 7, 0
;__Lib_MathDouble.c,1289 :: 		
0x234A	0x0E00      	MOVLW       0
;__Lib_MathDouble.c,1290 :: 		
0x234C	0xF011EFB2  	GOTO        MULEEE
;__Lib_MathDouble.c,1291 :: 		
MULJPRES032:
;__Lib_MathDouble.c,1292 :: 		
0x2350	0x0E01      	MOVLW       1
;__Lib_MathDouble.c,1295 :: 		
0x2352	0xDEAD      	RCALL       _RES032
;__Lib_MathDouble.c,1297 :: 		
0x2354	0xF011EFB2  	GOTO        MULEEE
;__Lib_MathDouble.c,1298 :: 		
MULJPSETFOV32:
;__Lib_MathDouble.c,1299 :: 		
0x2358	0x0E02      	MOVLW       2
;__Lib_MathDouble.c,1302 :: 		
0x235A	0xDEEC      	RCALL       _SETFOV32
;__Lib_MathDouble.c,1304 :: 		
0x235C	0xF011EFB2  	GOTO        MULEEE
;__Lib_MathDouble.c,1305 :: 		
MULJPSETFUN32:
;__Lib_MathDouble.c,1306 :: 		
0x2360	0x0E04      	MOVLW       4
;__Lib_MathDouble.c,1309 :: 		
0x2362	0xDEAC      	RCALL       _SETFUN32
;__Lib_MathDouble.c,1311 :: 		
MULEEE:
;__Lib_MathDouble.c,1318 :: 		
L_end_Mul_32x32_FP:
0x2364	0x0012      	RETURN      0
; end of _Mul_32x32_FP
_Div_16X16_U:
;__Lib_Math.c,102 :: 		
;__Lib_Math.c,109 :: 		
0x2366	0x6A08      	CLRF        R8, 0
;__Lib_Math.c,110 :: 		
0x2368	0x6A09      	CLRF        R9, 0
;__Lib_Math.c,111 :: 		
0x236A	0x0E10      	MOVLW       16
;__Lib_Math.c,112 :: 		
0x236C	0x6E0C      	MOVWF       R12, 0
;__Lib_Math.c,113 :: 		
0x236E	0x3401      	RLCF        R1, 0, 0
;__Lib_Math.c,114 :: 		
0x2370	0x3608      	RLCF        R8, 1, 0
;__Lib_Math.c,115 :: 		
0x2372	0x3609      	RLCF        R9, 1, 0
;__Lib_Math.c,116 :: 		
0x2374	0x5004      	MOVF        R4, 0, 0
;__Lib_Math.c,117 :: 		
0x2376	0x5E08      	SUBWF       R8, 1, 0
;__Lib_Math.c,118 :: 		
0x2378	0x5005      	MOVF        R5, 0, 0
;__Lib_Math.c,119 :: 		
0x237A	0xA0D8      	BTFSS       STATUS, 0, 0
;__Lib_Math.c,120 :: 		
0x237C	0x3C05      	INCFSZ      R5, 0, 0
;__Lib_Math.c,121 :: 		
0x237E	0x5E09      	SUBWF       R9, 1, 0
;__Lib_Math.c,122 :: 		
0x2380	0xB0D8      	BTFSC       STATUS, 0, 0
;__Lib_Math.c,123 :: 		
0x2382	0xD007      	BRA         $+16
;__Lib_Math.c,124 :: 		
0x2384	0x5004      	MOVF        R4, 0, 0
;__Lib_Math.c,125 :: 		
0x2386	0x2608      	ADDWF       R8, 1, 0
;__Lib_Math.c,126 :: 		
0x2388	0x5005      	MOVF        R5, 0, 0
;__Lib_Math.c,127 :: 		
0x238A	0xB0D8      	BTFSC       STATUS, 0, 0
;__Lib_Math.c,128 :: 		
0x238C	0x3C05      	INCFSZ      R5, 0, 0
;__Lib_Math.c,129 :: 		
0x238E	0x2609      	ADDWF       R9, 1, 0
;__Lib_Math.c,130 :: 		
0x2390	0x90D8      	BCF         STATUS, 0, 0
;__Lib_Math.c,131 :: 		
0x2392	0x3600      	RLCF        R0, 1, 0
;__Lib_Math.c,132 :: 		
0x2394	0x3601      	RLCF        R1, 1, 0
;__Lib_Math.c,133 :: 		
0x2396	0x2E0C      	DECFSZ      R12, 1, 0
;__Lib_Math.c,134 :: 		
0x2398	0xD7EA      	BRA         $-42
;__Lib_Math.c,136 :: 		
L_end_Div_16X16_U:
0x239A	0x0012      	RETURN      0
; end of _Div_16X16_U
_word2double:
;__Lib_MathDouble.c,2335 :: 		
;__Lib_MathDouble.c,2344 :: 		
0x239C	0x5000      	MOVF        R0, 0, 0
;__Lib_MathDouble.c,2345 :: 		
0x239E	0x6E08      	MOVWF       R8, 0
;__Lib_MathDouble.c,2346 :: 		
0x23A0	0x5001      	MOVF        R1, 0, 0
;__Lib_MathDouble.c,2347 :: 		
0x23A2	0x6E00      	MOVWF       R0, 0
;__Lib_MathDouble.c,2348 :: 		
0x23A4	0x6A01      	CLRF        R1, 0
;__Lib_MathDouble.c,2349 :: 		
0x23A6	0x6A02      	CLRF        R2, 0
;__Lib_MathDouble.c,2350 :: 		
0x23A8	0x6A03      	CLRF        R3, 0
;__Lib_MathDouble.c,2353 :: 		
0x23AA	0x6A0B      	CLRF        R11, 0
;__Lib_MathDouble.c,2354 :: 		
0x23AC	0x6A0C      	CLRF        R12, 0
;__Lib_MathDouble.c,2356 :: 		
0x23AE	0x0E96      	MOVLW       150
;__Lib_MathDouble.c,2357 :: 		
0x23B0	0x6E03      	MOVWF       R3, 0
;__Lib_MathDouble.c,2358 :: 		
0x23B2	0x6A0A      	CLRF        R10, 0
;__Lib_MathDouble.c,2360 :: 		
0x23B4	0xF001C000  	MOVFF       R0, R1
;__Lib_MathDouble.c,2361 :: 		
0x23B8	0xF000C008  	MOVFF       R8, R0
;__Lib_MathDouble.c,2362 :: 		
0x23BC	0x6A08      	CLRF        R8, 0
;__Lib_MathDouble.c,2363 :: 		
0x23BE	0x6A02      	CLRF        R2, 0
;__Lib_MathDouble.c,2365 :: 		
0x23C0	0xDEC5      	RCALL       _NRM3232
;__Lib_MathDouble.c,2366 :: 		
L_end_word2double:
0x23C2	0x0012      	RETURN      0
; end of _word2double
_Div_32x32_FP:
;__Lib_MathDouble.c,1325 :: 		
;__Lib_MathDouble.c,1339 :: 		
0x23C4	0x5004      	MOVF        R4, 0 
0x23C6	0x0A00      	XORLW       0
0x23C8	0xE112      	BNZ         L_Div_32x32_FP11
;__Lib_MathDouble.c,1340 :: 		
0x23CA	0x5005      	MOVF        R5, 0 
0x23CC	0x0A00      	XORLW       0
0x23CE	0xE10F      	BNZ         L_Div_32x32_FP12
;__Lib_MathDouble.c,1341 :: 		
0x23D0	0x5006      	MOVF        R6, 0 
0x23D2	0x0A00      	XORLW       0
0x23D4	0xE10C      	BNZ         L_Div_32x32_FP13
;__Lib_MathDouble.c,1342 :: 		
0x23D6	0x5007      	MOVF        R7, 0 
0x23D8	0x0A00      	XORLW       0
0x23DA	0xE109      	BNZ         L_Div_32x32_FP14
;__Lib_MathDouble.c,1343 :: 		
0x23DC	0x0EFF      	MOVLW       255
0x23DE	0x6E00      	MOVWF       R0 
;__Lib_MathDouble.c,1344 :: 		
0x23E0	0x0EFF      	MOVLW       255
0x23E2	0x6E01      	MOVWF       R1 
;__Lib_MathDouble.c,1345 :: 		
0x23E4	0x0E7F      	MOVLW       127
0x23E6	0x6E02      	MOVWF       R2 
;__Lib_MathDouble.c,1346 :: 		
0x23E8	0x0EFF      	MOVLW       255
0x23EA	0x6E03      	MOVWF       R3 
;__Lib_MathDouble.c,1347 :: 		
0x23EC	0xD0A4      	BRA         L_end_Div_32x32_FP
;__Lib_MathDouble.c,1348 :: 		
L_Div_32x32_FP14:
L_Div_32x32_FP13:
L_Div_32x32_FP12:
L_Div_32x32_FP11:
;__Lib_MathDouble.c,1353 :: 		
0x23EE	0x6A08      	CLRF        R8, 0
;__Lib_MathDouble.c,1354 :: 		
0x23F0	0x6A09      	CLRF        R9, 0
;__Lib_MathDouble.c,1356 :: 		
0x23F2	0x5007      	MOVF        R7, 0, 0
;__Lib_MathDouble.c,1357 :: 		
0x23F4	0xB4D8      	BTFSC       STATUS, 2, 0
;__Lib_MathDouble.c,1358 :: 		
0x23F6	0xF012EF8D  	GOTO        JPDSETFDZ32
;__Lib_MathDouble.c,1360 :: 		
0x23FA	0x5003      	MOVF        R3, 0, 0
;__Lib_MathDouble.c,1361 :: 		
0x23FC	0xB4D8      	BTFSC       STATUS, 2, 0
;__Lib_MathDouble.c,1362 :: 		
0x23FE	0xF012EF91  	GOTO        JPDRES032
;__Lib_MathDouble.c,1364 :: 		
0x2402	0x5002      	MOVF        R2, 0, 0
;__Lib_MathDouble.c,1365 :: 		
0x2404	0x1806      	XORWF       R6, 0, 0
;__Lib_MathDouble.c,1366 :: 		
0x2406	0x6E0A      	MOVWF       R10, 0
;__Lib_MathDouble.c,1367 :: 		
0x2408	0x8E02      	BSF         R2, 7, 0
;__Lib_MathDouble.c,1368 :: 		
0x240A	0x8E06      	BSF         R6, 7, 0
;__Lib_MathDouble.c,1370 :: 		
0x240C	0x6A0E      	CLRF        R14, 0
;__Lib_MathDouble.c,1371 :: 		
0x240E	0xF008C002  	MOVFF       R2, R8
;__Lib_MathDouble.c,1372 :: 		
0x2412	0xF00CC001  	MOVFF       R1, R12
;__Lib_MathDouble.c,1373 :: 		
0x2416	0xF00DC000  	MOVFF       R0, R13
;__Lib_MathDouble.c,1375 :: 		
0x241A	0x5004      	MOVF        R4, 0, 0
;__Lib_MathDouble.c,1376 :: 		
0x241C	0x5E0D      	SUBWF       R13, 1, 0
;__Lib_MathDouble.c,1377 :: 		
0x241E	0x5005      	MOVF        R5, 0, 0
;__Lib_MathDouble.c,1378 :: 		
0x2420	0xA0D8      	BTFSS       STATUS, 0, 0
;__Lib_MathDouble.c,1379 :: 		
0x2422	0x3C05      	INCFSZ      R5, 0, 0
;__Lib_MathDouble.c,1381 :: 		
0x2424	0x5E0C      	SUBWF       R12, 1, 0
;__Lib_MathDouble.c,1382 :: 		
0x2426	0x5006      	MOVF        R6, 0, 0
;__Lib_MathDouble.c,1383 :: 		
0x2428	0xA0D8      	BTFSS       STATUS, 0, 0
;__Lib_MathDouble.c,1384 :: 		
0x242A	0x3C06      	INCFSZ      R6, 0, 0
;__Lib_MathDouble.c,1386 :: 		
0x242C	0x5E08      	SUBWF       R8, 1, 0
;__Lib_MathDouble.c,1387 :: 		
0x242E	0x6A08      	CLRF        R8, 0
;__Lib_MathDouble.c,1388 :: 		
0x2430	0x6A0C      	CLRF        R12, 0
;__Lib_MathDouble.c,1389 :: 		
0x2432	0x6A0D      	CLRF        R13, 0
;__Lib_MathDouble.c,1390 :: 		
0x2434	0xA0D8      	BTFSS       STATUS, 0, 0
;__Lib_MathDouble.c,1391 :: 		
0x2436	0xF012EF24  	GOTO        DALIGN32OK
;__Lib_MathDouble.c,1393 :: 		
0x243A	0x90D8      	BCF         STATUS, 0, 0
;__Lib_MathDouble.c,1394 :: 		
0x243C	0x3202      	RRCF        R2, 1, 0
;__Lib_MathDouble.c,1395 :: 		
0x243E	0x3201      	RRCF        R1, 1, 0
;__Lib_MathDouble.c,1396 :: 		
0x2440	0x3200      	RRCF        R0, 1, 0
;__Lib_MathDouble.c,1397 :: 		
0x2442	0x3208      	RRCF        R8, 1, 0
;__Lib_MathDouble.c,1398 :: 		
0x2444	0x0E01      	MOVLW       1
;__Lib_MathDouble.c,1399 :: 		
0x2446	0x6E0E      	MOVWF       R14, 0
;__Lib_MathDouble.c,1400 :: 		
DALIGN32OK:
;__Lib_MathDouble.c,1401 :: 		
0x2448	0x5007      	MOVF        R7, 0, 0
;__Lib_MathDouble.c,1402 :: 		
0x244A	0x5E03      	SUBWF       R3, 1, 0
;__Lib_MathDouble.c,1403 :: 		
0x244C	0xA0D8      	BTFSS       STATUS, 0, 0
;__Lib_MathDouble.c,1404 :: 		
0x244E	0xF012EF31  	GOTO        ALTB32
;__Lib_MathDouble.c,1406 :: 		
0x2452	0x0E7E      	MOVLW       126
;__Lib_MathDouble.c,1407 :: 		
0x2454	0x240E      	ADDWF       R14, 0, 0
;__Lib_MathDouble.c,1408 :: 		
0x2456	0x2603      	ADDWF       R3, 1, 0
;__Lib_MathDouble.c,1409 :: 		
0x2458	0xB0D8      	BTFSC       STATUS, 0, 0
;__Lib_MathDouble.c,1410 :: 		
0x245A	0xF012EF95  	GOTO        JPDSETFOV32
;__Lib_MathDouble.c,1411 :: 		
0x245E	0xF012EF37  	GOTO        DARGOK32
;__Lib_MathDouble.c,1412 :: 		
ALTB32:
;__Lib_MathDouble.c,1413 :: 		
0x2462	0x0E7E      	MOVLW       126
;__Lib_MathDouble.c,1414 :: 		
0x2464	0x240E      	ADDWF       R14, 0, 0
;__Lib_MathDouble.c,1415 :: 		
0x2466	0x2603      	ADDWF       R3, 1, 0
;__Lib_MathDouble.c,1416 :: 		
0x2468	0xA0D8      	BTFSS       STATUS, 0, 0
;__Lib_MathDouble.c,1417 :: 		
0x246A	0xF012EF99  	GOTO        JPDSETFUN32
;__Lib_MathDouble.c,1418 :: 		
DARGOK32:
;__Lib_MathDouble.c,1419 :: 		
0x246E	0x0E18      	MOVLW       24
;__Lib_MathDouble.c,1420 :: 		
0x2470	0x6E0B      	MOVWF       R11, 0
;__Lib_MathDouble.c,1421 :: 		
DLOOP32:
;__Lib_MathDouble.c,1422 :: 		
0x2472	0x360D      	RLCF        R13, 1, 0
;__Lib_MathDouble.c,1423 :: 		
0x2474	0x360C      	RLCF        R12, 1, 0
;__Lib_MathDouble.c,1424 :: 		
0x2476	0x3608      	RLCF        R8, 1, 0
;__Lib_MathDouble.c,1425 :: 		
0x2478	0x3600      	RLCF        R0, 1, 0
;__Lib_MathDouble.c,1426 :: 		
0x247A	0x3601      	RLCF        R1, 1, 0
;__Lib_MathDouble.c,1427 :: 		
0x247C	0x3602      	RLCF        R2, 1, 0
;__Lib_MathDouble.c,1428 :: 		
0x247E	0x360E      	RLCF        R14, 1, 0
;__Lib_MathDouble.c,1430 :: 		
0x2480	0x5004      	MOVF        R4, 0, 0
;__Lib_MathDouble.c,1431 :: 		
0x2482	0x5E00      	SUBWF       R0, 1, 0
;__Lib_MathDouble.c,1432 :: 		
0x2484	0x5005      	MOVF        R5, 0, 0
;__Lib_MathDouble.c,1433 :: 		
0x2486	0xA0D8      	BTFSS       STATUS, 0, 0
;__Lib_MathDouble.c,1434 :: 		
0x2488	0x3C05      	INCFSZ      R5, 0, 0
;__Lib_MathDouble.c,1436 :: 		
0x248A	0x5E01      	SUBWF       R1, 1, 0
;__Lib_MathDouble.c,1437 :: 		
0x248C	0x5006      	MOVF        R6, 0, 0
;__Lib_MathDouble.c,1438 :: 		
0x248E	0xA0D8      	BTFSS       STATUS, 0, 0
;__Lib_MathDouble.c,1439 :: 		
0x2490	0x3C06      	INCFSZ      R6, 0, 0
;__Lib_MathDouble.c,1441 :: 		
0x2492	0x5E02      	SUBWF       R2, 1, 0
;__Lib_MathDouble.c,1442 :: 		
0x2494	0x3406      	RLCF        R6, 0, 0
;__Lib_MathDouble.c,1443 :: 		
0x2496	0x120E      	IORWF       R14, 1, 0
;__Lib_MathDouble.c,1444 :: 		
0x2498	0xA00E      	BTFSS       R14, 0, 0
;__Lib_MathDouble.c,1445 :: 		
0x249A	0xF012EF52  	GOTO        DREST32
;__Lib_MathDouble.c,1446 :: 		
0x249E	0x800D      	BSF         R13, 0, 0
;__Lib_MathDouble.c,1447 :: 		
0x24A0	0xF012EF5D  	GOTO        DOK32
;__Lib_MathDouble.c,1448 :: 		
DREST32:
;__Lib_MathDouble.c,1449 :: 		
0x24A4	0x5004      	MOVF        R4, 0, 0
;__Lib_MathDouble.c,1450 :: 		
0x24A6	0x2600      	ADDWF       R0, 1, 0
;__Lib_MathDouble.c,1451 :: 		
0x24A8	0x5005      	MOVF        R5, 0, 0
;__Lib_MathDouble.c,1452 :: 		
0x24AA	0xB0D8      	BTFSC       STATUS, 0, 0
;__Lib_MathDouble.c,1453 :: 		
0x24AC	0x3C05      	INCFSZ      R5, 0, 0
;__Lib_MathDouble.c,1455 :: 		
0x24AE	0x2601      	ADDWF       R1, 1, 0
;__Lib_MathDouble.c,1456 :: 		
0x24B0	0x5006      	MOVF        R6, 0, 0
;__Lib_MathDouble.c,1457 :: 		
0x24B2	0xB0D8      	BTFSC       STATUS, 0, 0
;__Lib_MathDouble.c,1458 :: 		
0x24B4	0x2806      	INCF        R6, 0, 0
;__Lib_MathDouble.c,1459 :: 		
0x24B6	0x2602      	ADDWF       R2, 1, 0
;__Lib_MathDouble.c,1460 :: 		
0x24B8	0x900D      	BCF         R13, 0, 0
;__Lib_MathDouble.c,1461 :: 		
DOK32:
;__Lib_MathDouble.c,1462 :: 		
0x24BA	0x2E0B      	DECFSZ      R11, 1, 0
;__Lib_MathDouble.c,1463 :: 		
0x24BC	0xF012EF39  	GOTO        DLOOP32
;__Lib_MathDouble.c,1467 :: 		
0x24C0	0xF012EF83  	GOTO        DIV32OK
;__Lib_MathDouble.c,1468 :: 		
0x24C4	0x90D8      	BCF         STATUS, 0, 0
;__Lib_MathDouble.c,1469 :: 		
0x24C6	0x3600      	RLCF        R0, 1, 0
;__Lib_MathDouble.c,1470 :: 		
0x24C8	0x3601      	RLCF        R1, 1, 0
;__Lib_MathDouble.c,1471 :: 		
0x24CA	0x3602      	RLCF        R2, 1, 0
;__Lib_MathDouble.c,1472 :: 		
0x24CC	0x360E      	RLCF        R14, 1, 0
;__Lib_MathDouble.c,1474 :: 		
0x24CE	0x5004      	MOVF        R4, 0, 0
;__Lib_MathDouble.c,1475 :: 		
0x24D0	0x5E00      	SUBWF       R0, 1, 0
;__Lib_MathDouble.c,1476 :: 		
0x24D2	0x5005      	MOVF        R5, 0, 0
;__Lib_MathDouble.c,1477 :: 		
0x24D4	0xA0D8      	BTFSS       STATUS, 0, 0
;__Lib_MathDouble.c,1478 :: 		
0x24D6	0x3C05      	INCFSZ      R5, 0, 0
;__Lib_MathDouble.c,1479 :: 		
0x24D8	0x5E01      	SUBWF       R1, 1, 0
;__Lib_MathDouble.c,1480 :: 		
0x24DA	0x5006      	MOVF        R6, 0, 0
;__Lib_MathDouble.c,1481 :: 		
0x24DC	0xA0D8      	BTFSS       STATUS, 0, 0
;__Lib_MathDouble.c,1482 :: 		
0x24DE	0x3C06      	INCFSZ      R6, 0, 0
;__Lib_MathDouble.c,1483 :: 		
0x24E0	0x5E02      	SUBWF       R2, 1, 0
;__Lib_MathDouble.c,1484 :: 		
0x24E2	0x3406      	RLCF        R6, 0, 0
;__Lib_MathDouble.c,1485 :: 		
0x24E4	0x100E      	IORWF       R14, 0, 0
;__Lib_MathDouble.c,1486 :: 		
0x24E6	0x0B01      	ANDLW       1
;__Lib_MathDouble.c,1487 :: 		
0x24E8	0x260D      	ADDWF       R13, 1, 0
;__Lib_MathDouble.c,1488 :: 		
0x24EA	0xB0D8      	BTFSC       STATUS, 0, 0
;__Lib_MathDouble.c,1489 :: 		
0x24EC	0x2A0C      	INCF        R12, 1, 0
;__Lib_MathDouble.c,1490 :: 		
0x24EE	0xB4D8      	BTFSC       STATUS, 2, 0
;__Lib_MathDouble.c,1491 :: 		
0x24F0	0x2A08      	INCF        R8, 1, 0
;__Lib_MathDouble.c,1492 :: 		
0x24F2	0xA4D8      	BTFSS       STATUS, 2, 0
;__Lib_MathDouble.c,1493 :: 		
0x24F4	0xF012EF83  	GOTO        DIV32OK
;__Lib_MathDouble.c,1494 :: 		
0x24F8	0x3208      	RRCF        R8, 1, 0
;__Lib_MathDouble.c,1495 :: 		
0x24FA	0x320C      	RRCF        R12, 1, 0
;__Lib_MathDouble.c,1496 :: 		
0x24FC	0x320D      	RRCF        R13, 1, 0
;__Lib_MathDouble.c,1497 :: 		
0x24FE	0x2A03      	INCF        R3, 1, 0
;__Lib_MathDouble.c,1498 :: 		
0x2500	0xB4D8      	BTFSC       STATUS, 2, 0
;__Lib_MathDouble.c,1499 :: 		
0x2502	0xF012EF95  	GOTO        JPDSETFOV32
;__Lib_MathDouble.c,1500 :: 		
DIV32OK:
;__Lib_MathDouble.c,1501 :: 		
0x2506	0xAE0A      	BTFSS       R10, 7, 0
;__Lib_MathDouble.c,1502 :: 		
0x2508	0x9E08      	BCF         R8, 7, 0
;__Lib_MathDouble.c,1503 :: 		
0x250A	0x5008      	MOVF        R8, 0, 0
;__Lib_MathDouble.c,1504 :: 		
0x250C	0x6E02      	MOVWF       R2, 0
;__Lib_MathDouble.c,1505 :: 		
0x250E	0x500C      	MOVF        R12, 0, 0
;__Lib_MathDouble.c,1506 :: 		
0x2510	0x6E01      	MOVWF       R1, 0
;__Lib_MathDouble.c,1507 :: 		
0x2512	0x500D      	MOVF        R13, 0, 0
;__Lib_MathDouble.c,1508 :: 		
0x2514	0x6E00      	MOVWF       R0, 0
;__Lib_MathDouble.c,1511 :: 		
0x2516	0xF012EF9B  	GOTO        DIV32EEE
;__Lib_MathDouble.c,1512 :: 		
JPDSETFDZ32:
;__Lib_MathDouble.c,1513 :: 		
0x251A	0x0E01      	MOVLW       1
;__Lib_MathDouble.c,1516 :: 		
0x251C	0xDE07      	RCALL       _SETFDZ32
;__Lib_MathDouble.c,1518 :: 		
0x251E	0xF012EF9B  	GOTO        DIV32EEE
;__Lib_MathDouble.c,1519 :: 		
JPDRES032:
;__Lib_MathDouble.c,1520 :: 		
0x2522	0x0E02      	MOVLW       2
;__Lib_MathDouble.c,1523 :: 		
0x2524	0xDDC4      	RCALL       _RES032
;__Lib_MathDouble.c,1525 :: 		
0x2526	0xF012EF9B  	GOTO        DIV32EEE
;__Lib_MathDouble.c,1526 :: 		
JPDSETFOV32:
;__Lib_MathDouble.c,1527 :: 		
0x252A	0x0E04      	MOVLW       4
;__Lib_MathDouble.c,1530 :: 		
0x252C	0xDE03      	RCALL       _SETFOV32
;__Lib_MathDouble.c,1532 :: 		
0x252E	0xF012EF9B  	GOTO        DIV32EEE
;__Lib_MathDouble.c,1533 :: 		
JPDSETFUN32:
;__Lib_MathDouble.c,1534 :: 		
0x2532	0x0E08      	MOVLW       8
;__Lib_MathDouble.c,1537 :: 		
0x2534	0xDDC3      	RCALL       _SETFUN32
;__Lib_MathDouble.c,1539 :: 		
DIV32EEE:
;__Lib_MathDouble.c,1547 :: 		
L_end_Div_32x32_FP:
0x2536	0x0012      	RETURN      0
; end of _Div_32x32_FP
_double2word:
;__Lib_MathDouble.c,2023 :: 		
;__Lib_MathDouble.c,2032 :: 		
0x2538	0x6A0B      	CLRF        R11, 0
;__Lib_MathDouble.c,2033 :: 		
0x253A	0x6A0C      	CLRF        R12, 0
;__Lib_MathDouble.c,2034 :: 		
0x253C	0x6A0A      	CLRF        R10, 0
;__Lib_MathDouble.c,2036 :: 		
0x253E	0x5003      	MOVF        R3, 0, 0
;__Lib_MathDouble.c,2037 :: 		
0x2540	0xB4D8      	BTFSC       STATUS, 2, 0
;__Lib_MathDouble.c,2038 :: 		
0x2542	0xF012EFE6  	GOTO        IRES016U
;__Lib_MathDouble.c,2040 :: 		
0x2546	0x8E02      	BSF         R2, 7, 0
;__Lib_MathDouble.c,2042 :: 		
0x2548	0x0E8E      	MOVLW       142
;__Lib_MathDouble.c,2043 :: 		
0x254A	0x5E03      	SUBWF       R3, 1, 0
;__Lib_MathDouble.c,2044 :: 		
0x254C	0xBE03      	BTFSC       R3, 7, 0
;__Lib_MathDouble.c,2045 :: 		
0x254E	0xF012EFAE  	GOTO        SETEXP16U
;__Lib_MathDouble.c,2046 :: 		
0x2552	0xB4D8      	BTFSC       STATUS, 2, 0
;__Lib_MathDouble.c,2047 :: 		
0x2554	0xF012EFAE  	GOTO        SETEXP16U
;__Lib_MathDouble.c,2048 :: 		
0x2558	0xF012EFEA  	GOTO        SETIOV16U
;__Lib_MathDouble.c,2049 :: 		
SETEXP16U:
;__Lib_MathDouble.c,2050 :: 		
0x255C	0x6C03      	NEGF        R3, 0
;__Lib_MathDouble.c,2052 :: 		
0x255E	0x0E08      	MOVLW       8
;__Lib_MathDouble.c,2053 :: 		
0x2560	0x5C03      	SUBWF       R3, 0, 0
;__Lib_MathDouble.c,2054 :: 		
0x2562	0xA0D8      	BTFSS       STATUS, 0, 0
;__Lib_MathDouble.c,2055 :: 		
0x2564	0xF012EFC5  	GOTO        TSHIFT3216U
;__Lib_MathDouble.c,2056 :: 		
0x2568	0x6E03      	MOVWF       R3, 0
;__Lib_MathDouble.c,2057 :: 		
0x256A	0x3601      	RLCF        R1, 1, 0
;__Lib_MathDouble.c,2058 :: 		
0x256C	0xF001C002  	MOVFF       R2, R1
;__Lib_MathDouble.c,2059 :: 		
0x2570	0x6A02      	CLRF        R2, 0
;__Lib_MathDouble.c,2061 :: 		
0x2572	0x0E08      	MOVLW       8
;__Lib_MathDouble.c,2062 :: 		
0x2574	0x5C03      	SUBWF       R3, 0, 0
;__Lib_MathDouble.c,2063 :: 		
0x2576	0xA0D8      	BTFSS       STATUS, 0, 0
;__Lib_MathDouble.c,2064 :: 		
0x2578	0xF012EFC5  	GOTO        TSHIFT3216U
;__Lib_MathDouble.c,2065 :: 		
0x257C	0x3601      	RLCF        R1, 1, 0
;__Lib_MathDouble.c,2066 :: 		
0x257E	0x6A01      	CLRF        R1, 0
;__Lib_MathDouble.c,2068 :: 		
0x2580	0x5003      	MOVF        R3, 0, 0
;__Lib_MathDouble.c,2069 :: 		
0x2582	0xA4D8      	BTFSS       STATUS, 2, 0
;__Lib_MathDouble.c,2070 :: 		
0x2584	0x90D8      	BCF         STATUS, 0, 0
;__Lib_MathDouble.c,2071 :: 		
0x2586	0xF012EFCF  	GOTO        SHIFT3216UOK
;__Lib_MathDouble.c,2072 :: 		
TSHIFT3216U:
;__Lib_MathDouble.c,2073 :: 		
0x258A	0x5003      	MOVF        R3, 0, 0
;__Lib_MathDouble.c,2074 :: 		
0x258C	0xB4D8      	BTFSC       STATUS, 2, 0
;__Lib_MathDouble.c,2075 :: 		
0x258E	0xF012EFCF  	GOTO        SHIFT3216UOK
;__Lib_MathDouble.c,2076 :: 		
SHIFT3216U:
;__Lib_MathDouble.c,2077 :: 		
0x2592	0x90D8      	BCF         STATUS, 0, 0
;__Lib_MathDouble.c,2078 :: 		
0x2594	0x3202      	RRCF        R2, 1, 0
;__Lib_MathDouble.c,2079 :: 		
0x2596	0x3201      	RRCF        R1, 1, 0
;__Lib_MathDouble.c,2080 :: 		
0x2598	0x2E03      	DECFSZ      R3, 1, 0
;__Lib_MathDouble.c,2081 :: 		
0x259A	0xF012EFC9  	GOTO        SHIFT3216U
;__Lib_MathDouble.c,2082 :: 		
SHIFT3216UOK:
;__Lib_MathDouble.c,2083 :: 		
0x259E	0xBC0B      	BTFSC       R11, 6, 0
;__Lib_MathDouble.c,2084 :: 		
0x25A0	0xA001      	BTFSS       R1, 0, 0
;__Lib_MathDouble.c,2085 :: 		
0x25A2	0xF012EFDC  	GOTO        INT3216UOK
;__Lib_MathDouble.c,2086 :: 		
0x25A6	0xA0D8      	BTFSS       STATUS, 0, 0
;__Lib_MathDouble.c,2087 :: 		
0x25A8	0xF012EFDC  	GOTO        INT3216UOK
;__Lib_MathDouble.c,2088 :: 		
0x25AC	0x2A01      	INCF        R1, 1, 0
;__Lib_MathDouble.c,2089 :: 		
0x25AE	0xB4D8      	BTFSC       STATUS, 2, 0
;__Lib_MathDouble.c,2090 :: 		
0x25B0	0x2A02      	INCF        R2, 1, 0
;__Lib_MathDouble.c,2091 :: 		
0x25B2	0xBE02      	BTFSC       R2, 7, 0
;__Lib_MathDouble.c,2092 :: 		
0x25B4	0xF012EFF9  	GOTO        JPKSETIOV3224
;__Lib_MathDouble.c,2093 :: 		
INT3216UOK:
;__Lib_MathDouble.c,2094 :: 		
0x25B8	0xAE0A      	BTFSS       R10, 7, 0
;__Lib_MathDouble.c,2095 :: 		
0x25BA	0xF012EFFE  	GOTO        INT3216UEOK
;__Lib_MathDouble.c,2097 :: 		
0x25BE	0x1E02      	COMF        R2, 1, 0
;__Lib_MathDouble.c,2098 :: 		
0x25C0	0x1E01      	COMF        R1, 1, 0
;__Lib_MathDouble.c,2099 :: 		
0x25C2	0x2A01      	INCF        R1, 1, 0
;__Lib_MathDouble.c,2100 :: 		
0x25C4	0xB4D8      	BTFSC       STATUS, 2, 0
;__Lib_MathDouble.c,2101 :: 		
0x25C6	0x2A02      	INCF        R2, 1, 0
;__Lib_MathDouble.c,2102 :: 		
0x25C8	0xF012EFFE  	GOTO        INT3216UEOK
;__Lib_MathDouble.c,2104 :: 		
IRES016U:
;__Lib_MathDouble.c,2105 :: 		
0x25CC	0x6A02      	CLRF        R2, 0
;__Lib_MathDouble.c,2106 :: 		
0x25CE	0x6A01      	CLRF        R1, 0
;__Lib_MathDouble.c,2107 :: 		
0x25D0	0xF012EFFE  	GOTO        INT3216UEOK
;__Lib_MathDouble.c,2108 :: 		
SETIOV16U:
;__Lib_MathDouble.c,2109 :: 		
0x25D4	0x800B      	BSF         R11, 0, 0
;__Lib_MathDouble.c,2110 :: 		
0x25D6	0xAE0B      	BTFSS       R11, 7, 0
;__Lib_MathDouble.c,2111 :: 		
0x25D8	0xF013EF02  	GOTO        INT3216UEER
;__Lib_MathDouble.c,2113 :: 		
0x25DC	0x6A02      	CLRF        R2, 0
;__Lib_MathDouble.c,2114 :: 		
0x25DE	0xAE0A      	BTFSS       R10, 7, 0
;__Lib_MathDouble.c,2115 :: 		
0x25E0	0xF013EF02  	GOTO        INT3216UEER
;__Lib_MathDouble.c,2116 :: 		
0x25E4	0x0EFF      	MOVLW       255
;__Lib_MathDouble.c,2117 :: 		
0x25E6	0x6E02      	MOVWF       R2, 0
;__Lib_MathDouble.c,2118 :: 		
0x25E8	0x6E01      	MOVWF       R1, 0
;__Lib_MathDouble.c,2119 :: 		
0x25EA	0x360A      	RLCF        R10, 1, 0
;__Lib_MathDouble.c,2120 :: 		
0x25EC	0x3202      	RRCF        R2, 1, 0
;__Lib_MathDouble.c,2121 :: 		
0x25EE	0xF013EF02  	GOTO        INT3216UEER
;__Lib_MathDouble.c,2123 :: 		
JPKSETIOV3224:
;__Lib_MathDouble.c,2124 :: 		
0x25F2	0x0E01      	MOVLW       1
;__Lib_MathDouble.c,2125 :: 		
0x25F4	0x6E0C      	MOVWF       R12, 0
;__Lib_MathDouble.c,2127 :: 		
0x25F6	0xDD8C      	RCALL       _SETIOV3224
;__Lib_MathDouble.c,2129 :: 		
0x25F8	0xF013EF04  	GOTO        INT3216UEEE
;__Lib_MathDouble.c,2130 :: 		
INT3216UEOK:
;__Lib_MathDouble.c,2131 :: 		
0x25FC	0x0E00      	MOVLW       0
;__Lib_MathDouble.c,2132 :: 		
0x25FE	0x6E0C      	MOVWF       R12, 0
;__Lib_MathDouble.c,2133 :: 		
0x2600	0xF013EF04  	GOTO        INT3216UEEE
;__Lib_MathDouble.c,2134 :: 		
INT3216UEER:
;__Lib_MathDouble.c,2135 :: 		
0x2604	0x0EFF      	MOVLW       255
;__Lib_MathDouble.c,2136 :: 		
0x2606	0x6E0C      	MOVWF       R12, 0
;__Lib_MathDouble.c,2137 :: 		
INT3216UEEE:
;__Lib_MathDouble.c,2138 :: 		
0x2608	0x5001      	MOVF        R1, 0, 0
;__Lib_MathDouble.c,2139 :: 		
0x260A	0x6E00      	MOVWF       R0, 0
;__Lib_MathDouble.c,2140 :: 		
0x260C	0x5002      	MOVF        R2, 0, 0
;__Lib_MathDouble.c,2141 :: 		
0x260E	0x6E01      	MOVWF       R1, 0
;__Lib_MathDouble.c,2146 :: 		
L_end_double2word:
0x2610	0x0012      	RETURN      0
; end of _double2word
_Lcd_Init:
;__Lib_Lcd.c,84 :: 		
;__Lib_Lcd.c,86 :: 		
0x2612	0x9493      	BCF         LCD_EN_Direction, BitPos(LCD_EN_Direction+0) 
;__Lib_Lcd.c,87 :: 		
0x2614	0x9093      	BCF         LCD_RS_Direction, BitPos(LCD_RS_Direction+0) 
;__Lib_Lcd.c,88 :: 		
0x2616	0x9693      	BCF         LCD_D4_Direction, BitPos(LCD_D4_Direction+0) 
;__Lib_Lcd.c,89 :: 		
0x2618	0x9893      	BCF         LCD_D5_Direction, BitPos(LCD_D5_Direction+0) 
;__Lib_Lcd.c,90 :: 		
0x261A	0x9A93      	BCF         LCD_D6_Direction, BitPos(LCD_D6_Direction+0) 
;__Lib_Lcd.c,91 :: 		
0x261C	0x9C93      	BCF         LCD_D7_Direction, BitPos(LCD_D7_Direction+0) 
;__Lib_Lcd.c,93 :: 		
0x261E	0x948A      	BCF         LCD_EN, BitPos(LCD_EN+0) 
;__Lib_Lcd.c,94 :: 		
0x2620	0x908A      	BCF         LCD_RS, BitPos(LCD_RS+0) 
;__Lib_Lcd.c,95 :: 		
0x2622	0x9C8A      	BCF         LCD_D7, BitPos(LCD_D7+0) 
;__Lib_Lcd.c,96 :: 		
0x2624	0x9A8A      	BCF         LCD_D6, BitPos(LCD_D6+0) 
;__Lib_Lcd.c,97 :: 		
0x2626	0x988A      	BCF         LCD_D5, BitPos(LCD_D5+0) 
;__Lib_Lcd.c,98 :: 		
0x2628	0x968A      	BCF         LCD_D4, BitPos(LCD_D4+0) 
;__Lib_Lcd.c,100 :: 		
0x262A	0xDD60      	RCALL       _Delay_5500us
;__Lib_Lcd.c,101 :: 		
0x262C	0xDD5F      	RCALL       _Delay_5500us
;__Lib_Lcd.c,102 :: 		
0x262E	0xDD5E      	RCALL       _Delay_5500us
;__Lib_Lcd.c,105 :: 		
0x2630	0x888A      	BSF         LCD_D5, BitPos(LCD_D5+0) 
;__Lib_Lcd.c,106 :: 		
0x2632	0x868A      	BSF         LCD_D4, BitPos(LCD_D4+0) 
;__Lib_Lcd.c,107 :: 		
0x2634	0x848A      	BSF         LCD_EN, BitPos(LCD_EN+0) 
;__Lib_Lcd.c,108 :: 		
0x2636	0xDD53      	RCALL       _Delay_1us
;__Lib_Lcd.c,109 :: 		
0x2638	0x948A      	BCF         LCD_EN, BitPos(LCD_EN+0) 
;__Lib_Lcd.c,110 :: 		
0x263A	0xDD58      	RCALL       _Delay_5500us
;__Lib_Lcd.c,112 :: 		
0x263C	0x848A      	BSF         LCD_EN, BitPos(LCD_EN+0) 
;__Lib_Lcd.c,113 :: 		
0x263E	0xDD4F      	RCALL       _Delay_1us
;__Lib_Lcd.c,114 :: 		
0x2640	0x948A      	BCF         LCD_EN, BitPos(LCD_EN+0) 
;__Lib_Lcd.c,115 :: 		
0x2642	0xDD54      	RCALL       _Delay_5500us
;__Lib_Lcd.c,117 :: 		
0x2644	0x848A      	BSF         LCD_EN, BitPos(LCD_EN+0) 
;__Lib_Lcd.c,118 :: 		
0x2646	0xDD4B      	RCALL       _Delay_1us
;__Lib_Lcd.c,119 :: 		
0x2648	0x948A      	BCF         LCD_EN, BitPos(LCD_EN+0) 
;__Lib_Lcd.c,120 :: 		
0x264A	0xDD50      	RCALL       _Delay_5500us
;__Lib_Lcd.c,123 :: 		
0x264C	0x968A      	BCF         LCD_D4, BitPos(LCD_D4+0) 
;__Lib_Lcd.c,124 :: 		
0x264E	0x848A      	BSF         LCD_EN, BitPos(LCD_EN+0) 
;__Lib_Lcd.c,125 :: 		
0x2650	0xDD46      	RCALL       _Delay_1us
;__Lib_Lcd.c,126 :: 		
0x2652	0x948A      	BCF         LCD_EN, BitPos(LCD_EN+0) 
;__Lib_Lcd.c,127 :: 		
0x2654	0xDD4B      	RCALL       _Delay_5500us
;__Lib_Lcd.c,130 :: 		
0x2656	0x848A      	BSF         LCD_EN, BitPos(LCD_EN+0) 
;__Lib_Lcd.c,131 :: 		
0x2658	0xDD42      	RCALL       _Delay_1us
;__Lib_Lcd.c,132 :: 		
0x265A	0x948A      	BCF         LCD_EN, BitPos(LCD_EN+0) 
;__Lib_Lcd.c,134 :: 		
0x265C	0x988A      	BCF         LCD_D5, BitPos(LCD_D5+0) 
;__Lib_Lcd.c,135 :: 		
0x265E	0x8C8A      	BSF         LCD_D7, BitPos(LCD_D7+0) 
;__Lib_Lcd.c,136 :: 		
0x2660	0x848A      	BSF         LCD_EN, BitPos(LCD_EN+0) 
;__Lib_Lcd.c,137 :: 		
0x2662	0xDD3D      	RCALL       _Delay_1us
;__Lib_Lcd.c,138 :: 		
0x2664	0x948A      	BCF         LCD_EN, BitPos(LCD_EN+0) 
;__Lib_Lcd.c,139 :: 		
0x2666	0xDD42      	RCALL       _Delay_5500us
;__Lib_Lcd.c,142 :: 		
0x2668	0x9C8A      	BCF         LCD_D7, BitPos(LCD_D7+0) 
;__Lib_Lcd.c,143 :: 		
0x266A	0x868A      	BSF         LCD_D4, BitPos(LCD_D4+0) 
;__Lib_Lcd.c,144 :: 		
0x266C	0x848A      	BSF         LCD_EN, BitPos(LCD_EN+0) 
;__Lib_Lcd.c,145 :: 		
0x266E	0xDD37      	RCALL       _Delay_1us
;__Lib_Lcd.c,146 :: 		
0x2670	0x948A      	BCF         LCD_EN, BitPos(LCD_EN+0) 
;__Lib_Lcd.c,148 :: 		
0x2672	0x968A      	BCF         LCD_D4, BitPos(LCD_D4+0) 
;__Lib_Lcd.c,149 :: 		
0x2674	0x848A      	BSF         LCD_EN, BitPos(LCD_EN+0) 
;__Lib_Lcd.c,150 :: 		
0x2676	0xDD33      	RCALL       _Delay_1us
;__Lib_Lcd.c,151 :: 		
0x2678	0x948A      	BCF         LCD_EN, BitPos(LCD_EN+0) 
;__Lib_Lcd.c,152 :: 		
0x267A	0xDD38      	RCALL       _Delay_5500us
;__Lib_Lcd.c,155 :: 		
0x267C	0x848A      	BSF         LCD_EN, BitPos(LCD_EN+0) 
;__Lib_Lcd.c,156 :: 		
0x267E	0xDD2F      	RCALL       _Delay_1us
;__Lib_Lcd.c,157 :: 		
0x2680	0x948A      	BCF         LCD_EN, BitPos(LCD_EN+0) 
;__Lib_Lcd.c,159 :: 		
0x2682	0x868A      	BSF         LCD_D4, BitPos(LCD_D4+0) 
;__Lib_Lcd.c,160 :: 		
0x2684	0x848A      	BSF         LCD_EN, BitPos(LCD_EN+0) 
;__Lib_Lcd.c,161 :: 		
0x2686	0xDD2B      	RCALL       _Delay_1us
;__Lib_Lcd.c,162 :: 		
0x2688	0x948A      	BCF         LCD_EN, BitPos(LCD_EN+0) 
;__Lib_Lcd.c,163 :: 		
0x268A	0xDD30      	RCALL       _Delay_5500us
;__Lib_Lcd.c,166 :: 		
0x268C	0x968A      	BCF         LCD_D4, BitPos(LCD_D4+0) 
;__Lib_Lcd.c,167 :: 		
0x268E	0x848A      	BSF         LCD_EN, BitPos(LCD_EN+0) 
;__Lib_Lcd.c,168 :: 		
0x2690	0xDD26      	RCALL       _Delay_1us
;__Lib_Lcd.c,169 :: 		
0x2692	0x948A      	BCF         LCD_EN, BitPos(LCD_EN+0) 
;__Lib_Lcd.c,171 :: 		
0x2694	0x8C8A      	BSF         LCD_D7, BitPos(LCD_D7+0) 
;__Lib_Lcd.c,172 :: 		
0x2696	0x8A8A      	BSF         LCD_D6, BitPos(LCD_D6+0) 
;__Lib_Lcd.c,173 :: 		
0x2698	0x888A      	BSF         LCD_D5, BitPos(LCD_D5+0) 
;__Lib_Lcd.c,174 :: 		
0x269A	0x868A      	BSF         LCD_D4, BitPos(LCD_D4+0) 
;__Lib_Lcd.c,175 :: 		
0x269C	0x848A      	BSF         LCD_EN, BitPos(LCD_EN+0) 
;__Lib_Lcd.c,176 :: 		
0x269E	0xDD1F      	RCALL       _Delay_1us
;__Lib_Lcd.c,177 :: 		
0x26A0	0x948A      	BCF         LCD_EN, BitPos(LCD_EN+0) 
;__Lib_Lcd.c,179 :: 		
0x26A2	0xDD24      	RCALL       _Delay_5500us
;__Lib_Lcd.c,181 :: 		
0x26A4	0x8028      	BSF         __Lib_Lcd_cmd_status, BitPos(__Lib_Lcd_cmd_status+0) 
;__Lib_Lcd.c,182 :: 		
L_end_Lcd_Init:
0x26A6	0x0012      	RETURN      0
; end of _Lcd_Init
___CC2DW:
;__Lib_System.c,21 :: 		
;__Lib_System.c,23 :: 		
_CC2DL_Loop1:
;__Lib_System.c,24 :: 		
0x26A8	0x0009      	TBLRD*+
;__Lib_System.c,25 :: 		
0x26AA	0xFFE6CFF5  	MOVFF       TABLAT, POSTINC1
;__Lib_System.c,26 :: 		
0x26AE	0x0600      	DECF        R0, 1, 0
;__Lib_System.c,27 :: 		
0x26B0	0xE1FB      	BNZ         _CC2DL_Loop1
;__Lib_System.c,28 :: 		
0x26B2	0x0601      	DECF        R1, 1, 0
;__Lib_System.c,29 :: 		
0x26B4	0xE1F9      	BNZ         _CC2DL_Loop1
;__Lib_System.c,31 :: 		
L_end___CC2DW:
0x26B6	0x0012      	RETURN      0
; end of ___CC2DW
_HCSR04_Init:
;hc-sr04.h,13 :: 		void HCSR04_Init( char mode )
;hc-sr04.h,15 :: 		HCSR04_Trigger_Direction = 0;
0x26B8	0x9294      	BCF         HCSR04_Trigger_Direction, BitPos(HCSR04_Trigger_Direction+0) 
;hc-sr04.h,16 :: 		HCSR04_Echo_Direction = 1;
0x26BA	0x8094      	BSF         HCSR04_Echo_Direction, BitPos(HCSR04_Echo_Direction+0) 
;hc-sr04.h,17 :: 		TMR1L = 0;
0x26BC	0x6ACE      	CLRF        TMR1L 
;hc-sr04.h,18 :: 		TMR1H = 0;
0x26BE	0x6ACF      	CLRF        TMR1H 
;hc-sr04.h,19 :: 		T1CON = 0b00000000; //Clock 4Mhz
0x26C0	0x6ACD      	CLRF        T1CON 
;hc-sr04.h,23 :: 		T1CON.B4 = mode.B0;
0x26C2	0xB02B      	BTFSC       FARG_HCSR04_Init_mode, 0 
0x26C4	0xD002      	BRA         L__HCSR04_Init16
0x26C6	0x98CD      	BCF         T1CON, 4 
0x26C8	0xD001      	BRA         L__HCSR04_Init17
L__HCSR04_Init16:
0x26CA	0x88CD      	BSF         T1CON, 4 
L__HCSR04_Init17:
;hc-sr04.h,24 :: 		T1CON.B5 = mode.B1;
0x26CC	0xB22B      	BTFSC       FARG_HCSR04_Init_mode, 1 
0x26CE	0xD002      	BRA         L__HCSR04_Init18
0x26D0	0x9ACD      	BCF         T1CON, 5 
0x26D2	0xD001      	BRA         L__HCSR04_Init19
L__HCSR04_Init18:
0x26D4	0x8ACD      	BSF         T1CON, 5 
L__HCSR04_Init19:
;hc-sr04.h,25 :: 		}
L_end_HCSR04_Init:
0x26D6	0x0012      	RETURN      0
; end of _HCSR04_Init
_HCSR04_Read:
;hc-sr04.h,27 :: 		unsigned HCSR04_Read()
;hc-sr04.h,33 :: 		HCSR04_Trigger = 0;
0x26D8	0x9282      	BCF         HCSR04_Trigger, BitPos(HCSR04_Trigger+0) 
;hc-sr04.h,34 :: 		Delay_us( 2 );
0x26DA	0x0E07      	MOVLW       7
0x26DC	0x6E0D      	MOVWF       R13, 0
L_HCSR04_Read0:
0x26DE	0x2E0D      	DECFSZ      R13, 1, 0
0x26E0	0xD7FE      	BRA         L_HCSR04_Read0
0x26E2	0x0000      	NOP
0x26E4	0x0000      	NOP
;hc-sr04.h,35 :: 		HCSR04_Trigger = 1;
0x26E6	0x8282      	BSF         HCSR04_Trigger, BitPos(HCSR04_Trigger+0) 
;hc-sr04.h,36 :: 		Delay_us( 10 );
0x26E8	0x0E27      	MOVLW       39
0x26EA	0x6E0D      	MOVWF       R13, 0
L_HCSR04_Read1:
0x26EC	0x2E0D      	DECFSZ      R13, 1, 0
0x26EE	0xD7FE      	BRA         L_HCSR04_Read1
0x26F0	0x0000      	NOP
0x26F2	0x0000      	NOP
;hc-sr04.h,37 :: 		HCSR04_Trigger = 0;
0x26F4	0x9282      	BCF         HCSR04_Trigger, BitPos(HCSR04_Trigger+0) 
;hc-sr04.h,39 :: 		i = 0xFFFF;
0x26F6	0x0EFF      	MOVLW       255
0x26F8	0x6E2B      	MOVWF       HCSR04_Read_i_L0 
0x26FA	0x0EFF      	MOVLW       255
0x26FC	0x6E2C      	MOVWF       HCSR04_Read_i_L0+1 
;hc-sr04.h,40 :: 		while( !HCSR04_Echo && i-- );
L_HCSR04_Read2:
0x26FE	0xB082      	BTFSC       HCSR04_Echo, BitPos(HCSR04_Echo+0) 
0x2700	0xD00C      	BRA         L_HCSR04_Read3
0x2702	0xF000C02B  	MOVFF       HCSR04_Read_i_L0, R0
0x2706	0xF001C02C  	MOVFF       HCSR04_Read_i_L0+1, R1
0x270A	0x0E01      	MOVLW       1
0x270C	0x5E2B      	SUBWF       HCSR04_Read_i_L0, 1 
0x270E	0x0E00      	MOVLW       0
0x2710	0x5A2C      	SUBWFB      HCSR04_Read_i_L0+1, 1 
0x2712	0x5000      	MOVF        R0, 0 
0x2714	0x1001      	IORWF       R1, 0 
0x2716	0xE001      	BZ          L_HCSR04_Read3
L__HCSR04_Read14:
0x2718	0xD7F2      	BRA         L_HCSR04_Read2
L_HCSR04_Read3:
;hc-sr04.h,42 :: 		TMR1H = 0;
0x271A	0x6ACF      	CLRF        TMR1H 
;hc-sr04.h,43 :: 		TMR1L = 0;
0x271C	0x6ACE      	CLRF        TMR1L 
;hc-sr04.h,44 :: 		TMR1ON_Bit = 1;
0x271E	0x80CD      	BSF         TMR1ON_bit, BitPos(TMR1ON_bit+0) 
;hc-sr04.h,46 :: 		i = 0xFFFF;
0x2720	0x0EFF      	MOVLW       255
0x2722	0x6E2B      	MOVWF       HCSR04_Read_i_L0 
0x2724	0x0EFF      	MOVLW       255
0x2726	0x6E2C      	MOVWF       HCSR04_Read_i_L0+1 
;hc-sr04.h,47 :: 		while( HCSR04_Echo && i-- );
L_HCSR04_Read6:
0x2728	0xA082      	BTFSS       HCSR04_Echo, BitPos(HCSR04_Echo+0) 
0x272A	0xD00C      	BRA         L_HCSR04_Read7
0x272C	0xF000C02B  	MOVFF       HCSR04_Read_i_L0, R0
0x2730	0xF001C02C  	MOVFF       HCSR04_Read_i_L0+1, R1
0x2734	0x0E01      	MOVLW       1
0x2736	0x5E2B      	SUBWF       HCSR04_Read_i_L0, 1 
0x2738	0x0E00      	MOVLW       0
0x273A	0x5A2C      	SUBWFB      HCSR04_Read_i_L0+1, 1 
0x273C	0x5000      	MOVF        R0, 0 
0x273E	0x1001      	IORWF       R1, 0 
0x2740	0xE001      	BZ          L_HCSR04_Read7
L__HCSR04_Read13:
0x2742	0xD7F2      	BRA         L_HCSR04_Read6
L_HCSR04_Read7:
;hc-sr04.h,49 :: 		TMR1ON_Bit = 0;
0x2744	0x90CD      	BCF         TMR1ON_bit, BitPos(TMR1ON_bit+0) 
;hc-sr04.h,52 :: 		distancia = (0.175 * tempo / factor); //distancia em mm
0x2746	0xF000CFCE  	MOVFF       TMR1L, R0
0x274A	0xF001CFCF  	MOVFF       TMR1L+1, R1
0x274E	0xDE26      	RCALL       _word2double
0x2750	0x0E33      	MOVLW       51
0x2752	0x6E04      	MOVWF       R4 
0x2754	0x0E33      	MOVLW       51
0x2756	0x6E05      	MOVWF       R5 
0x2758	0x0E33      	MOVLW       51
0x275A	0x6E06      	MOVWF       R6 
0x275C	0x0E7C      	MOVLW       124
0x275E	0x6E07      	MOVWF       R7 
0x2760	0xDD72      	RCALL       _Mul_32x32_FP
0x2762	0x0E00      	MOVLW       0
0x2764	0x6E04      	MOVWF       R4 
0x2766	0x0E00      	MOVLW       0
0x2768	0x6E05      	MOVWF       R5 
0x276A	0x0E40      	MOVLW       64
0x276C	0x6E06      	MOVWF       R6 
0x276E	0x0E7F      	MOVLW       127
0x2770	0x6E07      	MOVWF       R7 
0x2772	0xDE28      	RCALL       _Div_32x32_FP
;hc-sr04.h,54 :: 		return (unsigned)distancia;
0x2774	0xDEE1      	RCALL       _double2word
;hc-sr04.h,55 :: 		}
L_end_HCSR04_Read:
0x2776	0x0012      	RETURN      0
; end of _HCSR04_Read
_WordToStrWithZeros:
;__Lib_Conversions.c,117 :: 		
;__Lib_Conversions.c,120 :: 		
0x2778	0x6A2F      	CLRF        WordToStrWithZeros_len_L0 
L_WordToStrWithZeros17:
0x277A	0x0E05      	MOVLW       5
0x277C	0x5C2F      	SUBWF       WordToStrWithZeros_len_L0, 0 
0x277E	0xE20A      	BC          L_WordToStrWithZeros18
;__Lib_Conversions.c,121 :: 		
0x2780	0x502F      	MOVF        WordToStrWithZeros_len_L0, 0 
0x2782	0x242D      	ADDWF       FARG_WordToStrWithZeros_output, 0 
0x2784	0x6EE1      	MOVWF       FSR1L 
0x2786	0x0E00      	MOVLW       0
0x2788	0x202E      	ADDWFC      FARG_WordToStrWithZeros_output+1, 0 
0x278A	0x6EE2      	MOVWF       FSR1L+1 
0x278C	0x0E30      	MOVLW       48
0x278E	0x6EE6      	MOVWF       POSTINC1 
;__Lib_Conversions.c,120 :: 		
0x2790	0x2A2F      	INCF        WordToStrWithZeros_len_L0, 1 
;__Lib_Conversions.c,121 :: 		
0x2792	0xD7F3      	BRA         L_WordToStrWithZeros17
L_WordToStrWithZeros18:
;__Lib_Conversions.c,122 :: 		
0x2794	0x502F      	MOVF        WordToStrWithZeros_len_L0, 0 
0x2796	0x242D      	ADDWF       FARG_WordToStrWithZeros_output, 0 
0x2798	0x6EE1      	MOVWF       FSR1L 
0x279A	0x0E00      	MOVLW       0
0x279C	0x202E      	ADDWFC      FARG_WordToStrWithZeros_output+1, 0 
0x279E	0x6EE2      	MOVWF       FSR1L+1 
0x27A0	0x6AE6      	CLRF        POSTINC1 
0x27A2	0x062F      	DECF        WordToStrWithZeros_len_L0, 1 
;__Lib_Conversions.c,124 :: 		
L_WordToStrWithZeros20:
0x27A4	0x0E00      	MOVLW       0
0x27A6	0x182C      	XORWF       FARG_WordToStrWithZeros_input+1, 0 
0x27A8	0xE102      	BNZ         L__WordToStrWithZeros381
0x27AA	0x0E00      	MOVLW       0
0x27AC	0x182B      	XORWF       FARG_WordToStrWithZeros_input, 0 
L__WordToStrWithZeros381:
0x27AE	0xE02A      	BZ          L_WordToStrWithZeros21
;__Lib_Conversions.c,125 :: 		
0x27B0	0x502F      	MOVF        WordToStrWithZeros_len_L0, 0 
0x27B2	0x242D      	ADDWF       FARG_WordToStrWithZeros_output, 0 
0x27B4	0x6E30      	MOVWF       FLOC__WordToStrWithZeros 
0x27B6	0x0E00      	MOVLW       0
0x27B8	0x202E      	ADDWFC      FARG_WordToStrWithZeros_output+1, 0 
0x27BA	0x6E31      	MOVWF       FLOC__WordToStrWithZeros+1 
0x27BC	0x0E0A      	MOVLW       10
0x27BE	0x6E04      	MOVWF       R4 
0x27C0	0x0E00      	MOVLW       0
0x27C2	0x6E05      	MOVWF       R5 
0x27C4	0xF000C02B  	MOVFF       FARG_WordToStrWithZeros_input, R0
0x27C8	0xF001C02C  	MOVFF       FARG_WordToStrWithZeros_input+1, R1
0x27CC	0xDDCC      	RCALL       _Div_16X16_U
0x27CE	0xF000C008  	MOVFF       R8, R0
0x27D2	0xF001C009  	MOVFF       R9, R1
0x27D6	0x0E30      	MOVLW       48
0x27D8	0x2600      	ADDWF       R0, 1 
0x27DA	0xFFE1C030  	MOVFF       FLOC__WordToStrWithZeros, FSR1L
0x27DE	0xFFE2C031  	MOVFF       FLOC__WordToStrWithZeros+1, FSR1H
0x27E2	0xFFE6C000  	MOVFF       R0, POSTINC1
0x27E6	0x062F      	DECF        WordToStrWithZeros_len_L0, 1 
;__Lib_Conversions.c,126 :: 		
0x27E8	0x0E0A      	MOVLW       10
0x27EA	0x6E04      	MOVWF       R4 
0x27EC	0x0E00      	MOVLW       0
0x27EE	0x6E05      	MOVWF       R5 
0x27F0	0xF000C02B  	MOVFF       FARG_WordToStrWithZeros_input, R0
0x27F4	0xF001C02C  	MOVFF       FARG_WordToStrWithZeros_input+1, R1
0x27F8	0xDDB6      	RCALL       _Div_16X16_U
0x27FA	0xF02BC000  	MOVFF       R0, FARG_WordToStrWithZeros_input
0x27FE	0xF02CC001  	MOVFF       R1, FARG_WordToStrWithZeros_input+1
;__Lib_Conversions.c,127 :: 		
0x2802	0xD7D0      	BRA         L_WordToStrWithZeros20
L_WordToStrWithZeros21:
;__Lib_Conversions.c,128 :: 		
L_end_WordToStrWithZeros:
0x2804	0x0012      	RETURN      0
; end of _WordToStrWithZeros
_Lcd_Out:
;__Lib_Lcd.c,184 :: 		
;__Lib_Lcd.c,187 :: 		
0x2806	0xD00F      	BRA         L_Lcd_Out11
;__Lib_Lcd.c,188 :: 		
L_Lcd_Out13:
0x2808	0x0E80      	MOVLW       128
0x280A	0x6E2B      	MOVWF       FARG_Lcd_Out_row 
0x280C	0xD019      	BRA         L_Lcd_Out12
;__Lib_Lcd.c,189 :: 		
L_Lcd_Out14:
0x280E	0x0EC0      	MOVLW       192
0x2810	0x6E2B      	MOVWF       FARG_Lcd_Out_row 
0x2812	0xD016      	BRA         L_Lcd_Out12
;__Lib_Lcd.c,190 :: 		
L_Lcd_Out15:
0x2814	0x0E94      	MOVLW       148
0x2816	0x6E2B      	MOVWF       FARG_Lcd_Out_row 
0x2818	0xD013      	BRA         L_Lcd_Out12
;__Lib_Lcd.c,191 :: 		
L_Lcd_Out16:
0x281A	0x0ED4      	MOVLW       212
0x281C	0x6E2B      	MOVWF       FARG_Lcd_Out_row 
0x281E	0xD010      	BRA         L_Lcd_Out12
;__Lib_Lcd.c,192 :: 		
L_Lcd_Out17:
0x2820	0x0E80      	MOVLW       128
0x2822	0x6E2B      	MOVWF       FARG_Lcd_Out_row 
;__Lib_Lcd.c,193 :: 		
0x2824	0xD00D      	BRA         L_Lcd_Out12
L_Lcd_Out11:
0x2826	0x502B      	MOVF        FARG_Lcd_Out_row, 0 
0x2828	0x0A01      	XORLW       1
0x282A	0xE0EE      	BZ          L_Lcd_Out13
0x282C	0x502B      	MOVF        FARG_Lcd_Out_row, 0 
0x282E	0x0A02      	XORLW       2
0x2830	0xE0EE      	BZ          L_Lcd_Out14
0x2832	0x502B      	MOVF        FARG_Lcd_Out_row, 0 
0x2834	0x0A03      	XORLW       3
0x2836	0xE0EE      	BZ          L_Lcd_Out15
0x2838	0x502B      	MOVF        FARG_Lcd_Out_row, 0 
0x283A	0x0A04      	XORLW       4
0x283C	0xE0EE      	BZ          L_Lcd_Out16
0x283E	0xD7F0      	BRA         L_Lcd_Out17
L_Lcd_Out12:
;__Lib_Lcd.c,194 :: 		
0x2840	0x042C      	DECF        FARG_Lcd_Out_column, 0 
0x2842	0x6E00      	MOVWF       R0 
0x2844	0x502B      	MOVF        FARG_Lcd_Out_row, 0 
0x2846	0x2600      	ADDWF       R0, 1 
0x2848	0xF02BC000  	MOVFF       R0, FARG_Lcd_Out_row
;__Lib_Lcd.c,196 :: 		
0x284C	0xF033C000  	MOVFF       R0, FARG_Lcd_Cmd_out_char
0x2850	0xDCB6      	RCALL       _Lcd_Cmd
;__Lib_Lcd.c,197 :: 		
0x2852	0x9028      	BCF         __Lib_Lcd_cmd_status, BitPos(__Lib_Lcd_cmd_status+0) 
;__Lib_Lcd.c,198 :: 		
0x2854	0x6A2F      	CLRF        Lcd_Out_i_L0 
;__Lib_Lcd.c,199 :: 		
L_Lcd_Out18:
0x2856	0x502F      	MOVF        Lcd_Out_i_L0, 0 
0x2858	0x242D      	ADDWF       FARG_Lcd_Out_text, 0 
0x285A	0x6EE9      	MOVWF       FSR0L 
0x285C	0x0E00      	MOVLW       0
0x285E	0x202E      	ADDWFC      FARG_Lcd_Out_text+1, 0 
0x2860	0x6EEA      	MOVWF       FSR0L+1 
0x2862	0x52EE      	MOVF        POSTINC0, 1 
0x2864	0xE00B      	BZ          L_Lcd_Out19
;__Lib_Lcd.c,200 :: 		
0x2866	0x502F      	MOVF        Lcd_Out_i_L0, 0 
0x2868	0x242D      	ADDWF       FARG_Lcd_Out_text, 0 
0x286A	0x6EE9      	MOVWF       FSR0L 
0x286C	0x0E00      	MOVLW       0
0x286E	0x202E      	ADDWFC      FARG_Lcd_Out_text+1, 0 
0x2870	0x6EEA      	MOVWF       FSR0L+1 
0x2872	0xF032CFEE  	MOVFF       POSTINC0, FARG_Lcd_Chr_CP_out_char
0x2876	0xDCE1      	RCALL       _Lcd_Chr_CP
0x2878	0x2A2F      	INCF        Lcd_Out_i_L0, 1 
0x287A	0xD7ED      	BRA         L_Lcd_Out18
L_Lcd_Out19:
;__Lib_Lcd.c,201 :: 		
0x287C	0x8028      	BSF         __Lib_Lcd_cmd_status, BitPos(__Lib_Lcd_cmd_status+0) 
;__Lib_Lcd.c,202 :: 		
L_end_Lcd_Out:
0x287E	0x0012      	RETURN      0
; end of _Lcd_Out
_Lcd_Out_CP:
;__Lib_Lcd.c,57 :: 		
;__Lib_Lcd.c,59 :: 		
0x2880	0x6A2D      	CLRF        Lcd_Out_CP_i_L0 
;__Lib_Lcd.c,60 :: 		
L_Lcd_Out_CP2:
0x2882	0x502D      	MOVF        Lcd_Out_CP_i_L0, 0 
0x2884	0x242B      	ADDWF       FARG_Lcd_Out_CP_text, 0 
0x2886	0x6EE9      	MOVWF       FSR0L 
0x2888	0x0E00      	MOVLW       0
0x288A	0x202C      	ADDWFC      FARG_Lcd_Out_CP_text+1, 0 
0x288C	0x6EEA      	MOVWF       FSR0L+1 
0x288E	0x52EE      	MOVF        POSTINC0, 1 
0x2890	0xE00B      	BZ          L_Lcd_Out_CP3
;__Lib_Lcd.c,61 :: 		
0x2892	0x502D      	MOVF        Lcd_Out_CP_i_L0, 0 
0x2894	0x242B      	ADDWF       FARG_Lcd_Out_CP_text, 0 
0x2896	0x6EE9      	MOVWF       FSR0L 
0x2898	0x0E00      	MOVLW       0
0x289A	0x202C      	ADDWFC      FARG_Lcd_Out_CP_text+1, 0 
0x289C	0x6EEA      	MOVWF       FSR0L+1 
0x289E	0xF032CFEE  	MOVFF       POSTINC0, FARG_Lcd_Chr_CP_out_char
0x28A2	0xDCCB      	RCALL       _Lcd_Chr_CP
0x28A4	0x2A2D      	INCF        Lcd_Out_CP_i_L0, 1 
;__Lib_Lcd.c,62 :: 		
0x28A6	0xD7ED      	BRA         L_Lcd_Out_CP2
L_Lcd_Out_CP3:
;__Lib_Lcd.c,63 :: 		
L_end_Lcd_Out_CP:
0x28A8	0x0012      	RETURN      0
; end of _Lcd_Out_CP
Symbol List:
//** Routines locations **
//ADDRESS    SIZE    PROCEDURE
//----------------------------------------------
0x2000     [174]    _main
0x20AE      [14]    _RES032
0x20BC      [26]    _SETFUN32
0x20D6       [8]    _FIXSIGN32
0x20DE      [14]    _Delay_1us
0x20EC      [22]    _Delay_5500us
0x2102      [14]    _Delay_50us
0x2110      [28]    _SETIOV3224
0x212C       [8]    _SETFDZ32
0x2134      [24]    _SETFOV32
0x214C     [114]    _NRM3232
0x21BE     [124]    _Lcd_Cmd
0x223A      [12]    _Lcd_Chr_CP
0x2246     [288]    _Mul_32x32_FP
0x2366      [54]    _Div_16X16_U
0x239C      [40]    _word2double
0x23C4     [372]    _Div_32x32_FP
0x2538     [218]    _double2word
0x2612     [150]    _Lcd_Init
0x26A8      [16]    ___CC2DW
0x26B8      [32]    _HCSR04_Init
0x26D8     [160]    _HCSR04_Read
0x2778     [142]    _WordToStrWithZeros
0x2806     [122]    _Lcd_Out
0x2880      [42]    _Lcd_Out_CP
//** Variables locations ** 
//ADDRESS    SIZE    VARIABLE
//----------------------------------------------
0x0000       [1]    R0
0x0001       [1]    __Lib_Conversions_Adjust_Hex_tmp_L0
0x0001       [1]    R1
0x0002       [2]    memchr_s_L0
0x0002       [2]    memset_pp_L0
0x0002       [1]    R2
0x0002       [2]    memcpy_dd_L0
0x0002       [2]    strlen_cp_L0
0x0003       [2]    memmove_tt_L0
0x0003       [1]    R3
0x0003       [2]    Ltrim_original_L0
0x0004       [2]    strncat_cp_L0
0x0004       [1]    R4
0x0004       [2]    strncpy_cp_L0
0x0004       [2]    strcat_cp_L0
0x0004       [2]    memcpy_ss_L0
0x0004       [2]    strcpy_cp_L0
0x0005       [1]    R5
0x0005       [2]    LongWordToHex_input_half_L0
0x0005       [2]    memmove_ff_L0
0x0005       [2]    LongIntToHex_input_half_L0
0x0005       [2]    Ltrim_p_L0
0x0006       [1]    R6
0x0007       [1]    R7
0x0008       [1]    R8
0x0009       [1]    R9
0x000A       [1]    R10
0x000B       [1]    R11
0x000C       [1]    R12
0x000D       [1]    R13
0x000E       [1]    R14
0x000F       [1]    R15
0x0010       [1]    R16
0x0011       [1]    R17
0x0012       [1]    R18
0x0013       [1]    R19
0x0014       [1]    R20
0x0015       [8]    ?lstr1_HCSR04
0x001D       [3]    ?lstr2_HCSR04
0x0020       [8]    _text
0x0028       [0]    __Lib_Lcd_cmd_status
0x0029       [2]    _Distancia
0x002B       [2]    HCSR04_Read_i_L0
0x002B       [1]    FARG_HCSR04_Init_mode
0x002B       [2]    FARG_WordToStrWithZeros_input
0x002B       [2]    FARG_Lcd_Out_CP_text
0x002B       [1]    FARG_Lcd_Out_row
0x002C       [1]    FARG_Lcd_Out_column
0x002D       [2]    FARG_WordToStrWithZeros_output
0x002D       [2]    FARG_Lcd_Out_text
0x002D       [1]    Lcd_Out_CP_i_L0
0x002F       [1]    WordToStrWithZeros_len_L0
0x002F       [1]    Lcd_Out_i_L0
0x0030       [2]    FLOC__WordToStrWithZeros
0x0032       [1]    FARG_Lcd_Chr_CP_out_char
0x0033       [1]    FARG_Lcd_Cmd_out_char
0x0F82       [0]    HCSR04_Echo
0x0F82       [0]    HCSR04_Trigger
0x0F82       [0]    RC1_bit
0x0F82       [0]    RC0_bit
0x0F8A       [0]    LCD_RS
0x0F8A       [0]    LATB5_bit
0x0F8A       [0]    LATB0_bit
0x0F8A       [0]    LATB3_bit
0x0F8A       [0]    LATB4_bit
0x0F8A       [0]    LCD_D6
0x0F8A       [0]    LCD_D7
0x0F8A       [0]    LCD_D5
0x0F8A       [0]    LCD_EN
0x0F8A       [0]    LCD_D4
0x0F8A       [0]    LATB6_bit
0x0F8A       [0]    LATB2_bit
0x0F93       [0]    TRISB4_bit
0x0F93       [0]    TRISB6_bit
0x0F93       [0]    TRISB5_bit
0x0F93       [0]    TRISB0_bit
0x0F93       [0]    TRISB3_bit
0x0F93       [0]    TRISB2_bit
0x0F93       [0]    LCD_D7_Direction
0x0F93       [0]    LCD_D4_Direction
0x0F93       [0]    LCD_EN_Direction
0x0F93       [0]    LCD_RS_Direction
0x0F93       [0]    LCD_D5_Direction
0x0F93       [0]    LCD_D6_Direction
0x0F94       [0]    HCSR04_Echo_Direction
0x0F94       [0]    TRISC0_bit
0x0F94       [0]    HCSR04_Trigger_Direction
0x0F94       [0]    TRISC1_bit
0x0F98       [0]    C1ON_bit
0x0F99       [0]    C2ON_bit
0x0FC1       [1]    ADCON1
0x0FCD       [1]    T1CON
0x0FCD       [0]    TMR1ON_bit
0x0FCE       [1]    TMR1L
0x0FCF       [1]    TMR1H
0x0FD8       [1]    STATUS
0x0FD9       [1]    FSR2L
0x0FDA       [1]    FSR2H
0x0FDE       [1]    POSTINC2
0x0FE0       [1]    BSR
0x0FE1       [1]    FSR1L
0x0FE2       [1]    FSR1H
0x0FE4       [1]    PREINC1
0x0FE6       [1]    POSTINC1
0x0FE7       [1]    INDF1
0x0FE8       [1]    WREG
0x0FE9       [1]    FSR0L
0x0FEA       [1]    FSR0H
0x0FEE       [1]    POSTINC0
0x0FF3       [1]    PRODL
0x0FF4       [1]    PRODH
0x0FF5       [1]    TABLAT
0x0FF6       [1]    TBLPTRL
0x0FF6       [3]    TBLPTR
0x0FF7       [1]    TBLPTRH
0x0FF8       [1]    TBLPTRU
