;  LST file generated by mikroListExporter - v.2.0 
; Date/Time: 14/10/2021 04:23:42 p. m.
;----------------------------------------------

;Address Opcode 	ASM
0x0000	0xF010EF00  	GOTO        8192
0x0004	0x0000      	NOP
0x0006	0x0000      	NOP
0x0008	0xF000EF00  	GOTO        0
0x000C	0x0000      	NOP
0x000E	0x0000      	NOP
0x0010	0x0000      	NOP
0x0012	0x0000      	NOP
0x0014	0x0000      	NOP
0x0016	0x0000      	NOP
0x0018	0xD7F3      	BRA         0
_main:
;servo.c,20 :: 		void main() org 0x2000
;servo.c,22 :: 		LATC2_bit = 0;      //Se asigna el pin como salida
0x2000	0x948B      	BCF         LATC2_bit, BitPos(LATC2_bit+0) 
;servo.c,23 :: 		TRISC = 0;          //Se establece el pin en un estado bajo
0x2002	0x6A94      	CLRF        TRISC 
;servo.c,24 :: 		ANSELC = 0;
0x2004	0x010F      	MOVLB       15
0x2006	0x6B5D      	CLRF        ANSELC, 1
;servo.c,26 :: 		do
L_main0:
;servo.c,30 :: 		for(i=0;i<50;i++)   //Posiciona el servomotor en 0°
0x2008	0x6A01      	CLRF        R1 
0x200A	0x6A02      	CLRF        R2 
L_main3:
0x200C	0x0E00      	MOVLW       0
0x200E	0x5C02      	SUBWF       R2, 0 
0x2010	0xE102      	BNZ         L__main21
0x2012	0x0E32      	MOVLW       50
0x2014	0x5C01      	SUBWF       R1, 0 
L__main21:
0x2016	0xE21C      	BC          L_main4
;servo.c,32 :: 		pin_servo = 1;
0x2018	0x848B      	BSF         LATC2_bit, BitPos(LATC2_bit+0) 
;servo.c,33 :: 		Delay_us(500);
0x201A	0x0E08      	MOVLW       8
0x201C	0x6E0C      	MOVWF       R12, 0
0x201E	0x0EC9      	MOVLW       201
0x2020	0x6E0D      	MOVWF       R13, 0
L_main6:
0x2022	0x2E0D      	DECFSZ      R13, 1, 0
0x2024	0xD7FE      	BRA         L_main6
0x2026	0x2E0C      	DECFSZ      R12, 1, 0
0x2028	0xD7FC      	BRA         L_main6
0x202A	0x0000      	NOP
0x202C	0x0000      	NOP
;servo.c,34 :: 		pin_servo = 0;
0x202E	0x948B      	BCF         LATC2_bit, BitPos(LATC2_bit+0) 
;servo.c,35 :: 		Delay_us(19500);
0x2030	0x0E02      	MOVLW       2
0x2032	0x6E0B      	MOVWF       R11, 0
0x2034	0x0E30      	MOVLW       48
0x2036	0x6E0C      	MOVWF       R12, 0
0x2038	0x0EE2      	MOVLW       226
0x203A	0x6E0D      	MOVWF       R13, 0
L_main7:
0x203C	0x2E0D      	DECFSZ      R13, 1, 0
0x203E	0xD7FE      	BRA         L_main7
0x2040	0x2E0C      	DECFSZ      R12, 1, 0
0x2042	0xD7FC      	BRA         L_main7
0x2044	0x2E0B      	DECFSZ      R11, 1, 0
0x2046	0xD7FA      	BRA         L_main7
0x2048	0x0000      	NOP
;servo.c,30 :: 		for(i=0;i<50;i++)   //Posiciona el servomotor en 0°
0x204A	0x4A01      	INFSNZ      R1, 1 
0x204C	0x2A02      	INCF        R2, 1 
;servo.c,36 :: 		}
0x204E	0xD7DE      	BRA         L_main3
L_main4:
;servo.c,38 :: 		Delay_ms(2000);
0x2050	0x0E7A      	MOVLW       122
0x2052	0x6E0B      	MOVWF       R11, 0
0x2054	0x0EC1      	MOVLW       193
0x2056	0x6E0C      	MOVWF       R12, 0
0x2058	0x0E81      	MOVLW       129
0x205A	0x6E0D      	MOVWF       R13, 0
L_main8:
0x205C	0x2E0D      	DECFSZ      R13, 1, 0
0x205E	0xD7FE      	BRA         L_main8
0x2060	0x2E0C      	DECFSZ      R12, 1, 0
0x2062	0xD7FC      	BRA         L_main8
0x2064	0x2E0B      	DECFSZ      R11, 1, 0
0x2066	0xD7FA      	BRA         L_main8
0x2068	0x0000      	NOP
0x206A	0x0000      	NOP
;servo.c,40 :: 		for(i=0;i<50;i++)  //Posiciona el servomotor en 90°
0x206C	0x6A01      	CLRF        R1 
0x206E	0x6A02      	CLRF        R2 
L_main9:
0x2070	0x0E00      	MOVLW       0
0x2072	0x5C02      	SUBWF       R2, 0 
0x2074	0xE102      	BNZ         L__main22
0x2076	0x0E32      	MOVLW       50
0x2078	0x5C01      	SUBWF       R1, 0 
L__main22:
0x207A	0xE21A      	BC          L_main10
;servo.c,42 :: 		pin_servo = 1;
0x207C	0x848B      	BSF         LATC2_bit, BitPos(LATC2_bit+0) 
;servo.c,43 :: 		Delay_us(1500);
0x207E	0x0E18      	MOVLW       24
0x2080	0x6E0C      	MOVWF       R12, 0
0x2082	0x0E5F      	MOVLW       95
0x2084	0x6E0D      	MOVWF       R13, 0
L_main12:
0x2086	0x2E0D      	DECFSZ      R13, 1, 0
0x2088	0xD7FE      	BRA         L_main12
0x208A	0x2E0C      	DECFSZ      R12, 1, 0
0x208C	0xD7FC      	BRA         L_main12
;servo.c,44 :: 		pin_servo = 0;
0x208E	0x948B      	BCF         LATC2_bit, BitPos(LATC2_bit+0) 
;servo.c,45 :: 		Delay_us(18500);
0x2090	0x0E02      	MOVLW       2
0x2092	0x6E0B      	MOVWF       R11, 0
0x2094	0x0E21      	MOVLW       33
0x2096	0x6E0C      	MOVWF       R12, 0
0x2098	0x0E4C      	MOVLW       76
0x209A	0x6E0D      	MOVWF       R13, 0
L_main13:
0x209C	0x2E0D      	DECFSZ      R13, 1, 0
0x209E	0xD7FE      	BRA         L_main13
0x20A0	0x2E0C      	DECFSZ      R12, 1, 0
0x20A2	0xD7FC      	BRA         L_main13
0x20A4	0x2E0B      	DECFSZ      R11, 1, 0
0x20A6	0xD7FA      	BRA         L_main13
0x20A8	0x0000      	NOP
;servo.c,40 :: 		for(i=0;i<50;i++)  //Posiciona el servomotor en 90°
0x20AA	0x4A01      	INFSNZ      R1, 1 
0x20AC	0x2A02      	INCF        R2, 1 
;servo.c,46 :: 		}
0x20AE	0xD7E0      	BRA         L_main9
L_main10:
;servo.c,48 :: 		Delay_ms(2000);
0x20B0	0x0E7A      	MOVLW       122
0x20B2	0x6E0B      	MOVWF       R11, 0
0x20B4	0x0EC1      	MOVLW       193
0x20B6	0x6E0C      	MOVWF       R12, 0
0x20B8	0x0E81      	MOVLW       129
0x20BA	0x6E0D      	MOVWF       R13, 0
L_main14:
0x20BC	0x2E0D      	DECFSZ      R13, 1, 0
0x20BE	0xD7FE      	BRA         L_main14
0x20C0	0x2E0C      	DECFSZ      R12, 1, 0
0x20C2	0xD7FC      	BRA         L_main14
0x20C4	0x2E0B      	DECFSZ      R11, 1, 0
0x20C6	0xD7FA      	BRA         L_main14
0x20C8	0x0000      	NOP
0x20CA	0x0000      	NOP
;servo.c,50 :: 		for(i=0;i<50;i++)  //Posiciona el servomotor en 180°
0x20CC	0x6A01      	CLRF        R1 
0x20CE	0x6A02      	CLRF        R2 
L_main15:
0x20D0	0x0E00      	MOVLW       0
0x20D2	0x5C02      	SUBWF       R2, 0 
0x20D4	0xE102      	BNZ         L__main23
0x20D6	0x0E32      	MOVLW       50
0x20D8	0x5C01      	SUBWF       R1, 0 
L__main23:
0x20DA	0xE219      	BC          L_main16
;servo.c,52 :: 		pin_servo = 1;
0x20DC	0x848B      	BSF         LATC2_bit, BitPos(LATC2_bit+0) 
;servo.c,53 :: 		Delay_us(2500);
0x20DE	0x0E27      	MOVLW       39
0x20E0	0x6E0C      	MOVWF       R12, 0
0x20E2	0x0EF5      	MOVLW       245
0x20E4	0x6E0D      	MOVWF       R13, 0
L_main18:
0x20E6	0x2E0D      	DECFSZ      R13, 1, 0
0x20E8	0xD7FE      	BRA         L_main18
0x20EA	0x2E0C      	DECFSZ      R12, 1, 0
0x20EC	0xD7FC      	BRA         L_main18
;servo.c,54 :: 		pin_servo = 0;
0x20EE	0x948B      	BCF         LATC2_bit, BitPos(LATC2_bit+0) 
;servo.c,55 :: 		Delay_us(17500);
0x20F0	0x0E02      	MOVLW       2
0x20F2	0x6E0B      	MOVWF       R11, 0
0x20F4	0x0E11      	MOVLW       17
0x20F6	0x6E0C      	MOVWF       R12, 0
0x20F8	0x0EB7      	MOVLW       183
0x20FA	0x6E0D      	MOVWF       R13, 0
L_main19:
0x20FC	0x2E0D      	DECFSZ      R13, 1, 0
0x20FE	0xD7FE      	BRA         L_main19
0x2100	0x2E0C      	DECFSZ      R12, 1, 0
0x2102	0xD7FC      	BRA         L_main19
0x2104	0x2E0B      	DECFSZ      R11, 1, 0
0x2106	0xD7FA      	BRA         L_main19
;servo.c,50 :: 		for(i=0;i<50;i++)  //Posiciona el servomotor en 180°
0x2108	0x4A01      	INFSNZ      R1, 1 
0x210A	0x2A02      	INCF        R2, 1 
;servo.c,56 :: 		}
0x210C	0xD7E1      	BRA         L_main15
L_main16:
;servo.c,57 :: 		}while(1);
0x210E	0xD77C      	BRA         L_main0
;servo.c,58 :: 		}
L_end_main:
0x2110	0xD7FF      	BRA         $+0
; end of _main
Symbol List:
//** Routines locations **
//ADDRESS    SIZE    PROCEDURE
//----------------------------------------------
0x2000     [274]    _main
//** Variables locations ** 
//ADDRESS    SIZE    VARIABLE
//----------------------------------------------
0x0000       [1]    R0
0x0001       [2]    main_i_L1
0x0001       [1]    R1
0x0002       [1]    R2
0x0003       [1]    R3
0x0004       [1]    R4
0x0005       [1]    R5
0x0006       [1]    R6
0x0007       [1]    R7
0x0008       [1]    R8
0x0009       [1]    R9
0x000A       [1]    R10
0x000B       [1]    R11
0x000C       [1]    R12
0x000D       [1]    R13
0x000E       [1]    R14
0x000F       [1]    R15
0x0010       [1]    R16
0x0011       [1]    R17
0x0012       [1]    R18
0x0013       [1]    R19
0x0014       [1]    R20
0x0F5D       [1]    ANSELC
0x0F8B       [0]    LATC2_bit
0x0F94       [1]    TRISC
0x0FD8       [1]    STATUS
0x0FD9       [1]    FSR2L
0x0FDA       [1]    FSR2H
0x0FDE       [1]    POSTINC2
0x0FE0       [1]    BSR
0x0FE1       [1]    FSR1L
0x0FE2       [1]    FSR1H
0x0FE4       [1]    PREINC1
0x0FE6       [1]    POSTINC1
0x0FE7       [1]    INDF1
0x0FE8       [1]    WREG
0x0FE9       [1]    FSR0L
0x0FEA       [1]    FSR0H
0x0FEE       [1]    POSTINC0
0x0FF3       [1]    PRODL
0x0FF4       [1]    PRODH
0x0FF5       [1]    TABLAT
0x0FF6       [1]    TBLPTRL
0x0FF7       [1]    TBLPTRH
0x0FF8       [1]    TBLPTRU
