;  LST file generated by mikroListExporter - v.2.0 
; Date/Time: 14/10/2021 04:54:32 p. m.
;----------------------------------------------

;Address Opcode 	ASM
0x0000	0xF010EF00  	GOTO        8192
0x0004	0x0000      	NOP
0x0006	0x0000      	NOP
0x0008	0xF000EF00  	GOTO        0
0x000C	0x0000      	NOP
0x000E	0x0000      	NOP
0x0010	0x0000      	NOP
0x0012	0x0000      	NOP
0x0014	0x0000      	NOP
0x0016	0x0000      	NOP
0x0018	0xD7F3      	BRA         0
_main:
0x2000	0xF010EC74  	CALL        8424, 0
;ServoPot.c,23 :: 		void main() org 0x2000
;ServoPot.c,25 :: 		LATC2_bit = 0;                            //Se asigna el pin como salida
0x2004	0x948B      	BCF         LATC2_bit, BitPos(LATC2_bit+0) 
;ServoPot.c,26 :: 		TRISC = 0;                                //Se establece el pin en un estado bajo
0x2006	0x6A94      	CLRF        TRISC 
;ServoPot.c,27 :: 		TRISA0_bit = 1;                           //PIN como entrada
0x2008	0x8092      	BSF         TRISA0_bit, BitPos(TRISA0_bit+0) 
;ServoPot.c,30 :: 		while(1)
L_main0:
;ServoPot.c,32 :: 		ValorPOT=ADC_Read(0);               //Leer el valor del potenciometro
0x200A	0x6A1A      	CLRF        FARG_ADC_Read_channel 
0x200C	0xD84E      	RCALL       _ADC_Read
0x200E	0xF016C000  	MOVFF       R0, _ValorPOT
0x2012	0xF017C001  	MOVFF       R1, _ValorPOT+1
;ServoPot.c,34 :: 		for(i=0;i< ValorPOT + 100 ;i++)
0x2016	0x6A18      	CLRF        _i 
0x2018	0x6A19      	CLRF        _i+1 
L_main2:
0x201A	0x0E64      	MOVLW       100
0x201C	0x2416      	ADDWF       _ValorPOT, 0 
0x201E	0x6E01      	MOVWF       R1 
0x2020	0x0E00      	MOVLW       0
0x2022	0x2017      	ADDWFC      _ValorPOT+1, 0 
0x2024	0x6E02      	MOVWF       R2 
0x2026	0x0E80      	MOVLW       128
0x2028	0x1819      	XORWF       _i+1, 0 
0x202A	0x6E00      	MOVWF       R0 
0x202C	0x0E80      	MOVLW       128
0x202E	0x1802      	XORWF       R2, 0 
0x2030	0x5C00      	SUBWF       R0, 0 
0x2032	0xE102      	BNZ         L__main11
0x2034	0x5001      	MOVF        R1, 0 
0x2036	0x5C18      	SUBWF       _i, 0 
L__main11:
0x2038	0xE20A      	BC          L_main3
;ServoPot.c,36 :: 		pin_servo = 1;
0x203A	0x848B      	BSF         LATC2_bit, BitPos(LATC2_bit+0) 
;ServoPot.c,37 :: 		Delay_us(1);
0x203C	0x0E03      	MOVLW       3
0x203E	0x6E0D      	MOVWF       R13, 0
L_main5:
0x2040	0x2E0D      	DECFSZ      R13, 1, 0
0x2042	0xD7FE      	BRA         L_main5
0x2044	0x0000      	NOP
0x2046	0x0000      	NOP
;ServoPot.c,34 :: 		for(i=0;i< ValorPOT + 100 ;i++)
0x2048	0x4A18      	INFSNZ      _i, 1 
0x204A	0x2A19      	INCF        _i+1, 1 
;ServoPot.c,38 :: 		}
0x204C	0xD7E6      	BRA         L_main2
L_main3:
;ServoPot.c,41 :: 		for(i=0;i<20000 - ValorPOT;i++)
0x204E	0x6A18      	CLRF        _i 
0x2050	0x6A19      	CLRF        _i+1 
L_main6:
0x2052	0x5016      	MOVF        _ValorPOT, 0 
0x2054	0x0820      	SUBLW       32
0x2056	0x6E01      	MOVWF       R1 
0x2058	0xF002C017  	MOVFF       _ValorPOT+1, R2
0x205C	0x0E4E      	MOVLW       78
0x205E	0x5602      	SUBFWB      R2, 1 
0x2060	0x0E80      	MOVLW       128
0x2062	0x1819      	XORWF       _i+1, 0 
0x2064	0x6E00      	MOVWF       R0 
0x2066	0x0E80      	MOVLW       128
0x2068	0x1802      	XORWF       R2, 0 
0x206A	0x5C00      	SUBWF       R0, 0 
0x206C	0xE102      	BNZ         L__main12
0x206E	0x5001      	MOVF        R1, 0 
0x2070	0x5C18      	SUBWF       _i, 0 
L__main12:
0x2072	0xE20A      	BC          L_main7
;ServoPot.c,43 :: 		pin_servo = 0;
0x2074	0x948B      	BCF         LATC2_bit, BitPos(LATC2_bit+0) 
;ServoPot.c,44 :: 		Delay_us(1);
0x2076	0x0E03      	MOVLW       3
0x2078	0x6E0D      	MOVWF       R13, 0
L_main9:
0x207A	0x2E0D      	DECFSZ      R13, 1, 0
0x207C	0xD7FE      	BRA         L_main9
0x207E	0x0000      	NOP
0x2080	0x0000      	NOP
;ServoPot.c,41 :: 		for(i=0;i<20000 - ValorPOT;i++)
0x2082	0x4A18      	INFSNZ      _i, 1 
0x2084	0x2A19      	INCF        _i+1, 1 
;ServoPot.c,45 :: 		}
0x2086	0xD7E5      	BRA         L_main6
L_main7:
;ServoPot.c,47 :: 		}
0x2088	0xD7C0      	BRA         L_main0
;ServoPot.c,49 :: 		}
L_end_main:
0x208A	0xD7FF      	BRA         $+0
; end of _main
_Delay_22us:
;__Lib_Delays.c,15 :: 		void Delay_22us() {
;__Lib_Delays.c,16 :: 		Delay_us(22);
0x208C	0x0E57      	MOVLW       87
0x208E	0x6E0D      	MOVWF       R13, 0
L_Delay_22us2:
0x2090	0x2E0D      	DECFSZ      R13, 1, 0
0x2092	0xD7FE      	BRA         L_Delay_22us2
0x2094	0x0000      	NOP
0x2096	0x0000      	NOP
;__Lib_Delays.c,17 :: 		}
L_end_Delay_22us:
0x2098	0x0012      	RETURN      0
; end of _Delay_22us
___CC2DW:
;__Lib_System.c,21 :: 		
;__Lib_System.c,23 :: 		
_CC2DL_Loop1:
;__Lib_System.c,24 :: 		
0x209A	0x0009      	TBLRD*+
;__Lib_System.c,25 :: 		
0x209C	0xFFE6CFF5  	MOVFF       TABLAT, POSTINC1
;__Lib_System.c,26 :: 		
0x20A0	0x0600      	DECF        R0, 1, 0
;__Lib_System.c,27 :: 		
0x20A2	0xE1FB      	BNZ         _CC2DL_Loop1
;__Lib_System.c,28 :: 		
0x20A4	0x0601      	DECF        R1, 1, 0
;__Lib_System.c,29 :: 		
0x20A6	0xE1F9      	BNZ         _CC2DL_Loop1
;__Lib_System.c,31 :: 		
L_end___CC2DW:
0x20A8	0x0012      	RETURN      0
; end of ___CC2DW
_ADC_Read:
;__Lib_ADC_A_D.c,51 :: 		
;__Lib_ADC_A_D.c,54 :: 		
0x20AA	0x6AC2      	CLRF        ADCON0 
;__Lib_ADC_A_D.c,55 :: 		
0x20AC	0x1C15      	COMF        _vref_mask, 0 
0x20AE	0x6E00      	MOVWF       R0 
0x20B0	0x5000      	MOVF        R0, 0 
0x20B2	0x16C1      	ANDWF       ADCON1, 1 
;__Lib_ADC_A_D.c,56 :: 		
0x20B4	0x0E07      	MOVLW       7
0x20B6	0x12C0      	IORWF       ADCON2, 1 
;__Lib_ADC_A_D.c,57 :: 		
0x20B8	0x8EC0      	BSF         ADCON2, 7 
;__Lib_ADC_A_D.c,58 :: 		
0x20BA	0xF000C01A  	MOVFF       FARG_ADC_Read_channel, R0
0x20BE	0x3600      	RLCF        R0, 1 
0x20C0	0x9000      	BCF         R0, 0 
0x20C2	0x3600      	RLCF        R0, 1 
0x20C4	0x9000      	BCF         R0, 0 
0x20C6	0x5000      	MOVF        R0, 0 
0x20C8	0x12C2      	IORWF       ADCON0, 1 
;__Lib_ADC_A_D.c,59 :: 		
0x20CA	0x80C2      	BSF         ADCON0, 0 
;__Lib_ADC_A_D.c,60 :: 		
0x20CC	0xDFDF      	RCALL       _Delay_22us
;__Lib_ADC_A_D.c,61 :: 		
0x20CE	0x82C2      	BSF         ADCON0, 1 
;__Lib_ADC_A_D.c,62 :: 		
L_ADC_Read2:
0x20D0	0xA2C2      	BTFSS       ADCON0, 1 
0x20D2	0xD001      	BRA         L_ADC_Read3
;__Lib_ADC_A_D.c,63 :: 		
0x20D4	0xD7FD      	BRA         L_ADC_Read2
L_ADC_Read3:
;__Lib_ADC_A_D.c,64 :: 		
0x20D6	0xF001CFC4  	MOVFF       ADRESH, R1
0x20DA	0x6A00      	CLRF        R0 
;__Lib_ADC_A_D.c,65 :: 		
0x20DC	0x50C3      	MOVF        ADRESL, 0 
0x20DE	0x1200      	IORWF       R0, 1 
0x20E0	0x0E00      	MOVLW       0
0x20E2	0x1201      	IORWF       R1, 1 
;__Lib_ADC_A_D.c,66 :: 		
0x20E4	0x90C2      	BCF         ADCON0, 0 
;__Lib_ADC_A_D.c,68 :: 		
;__Lib_ADC_A_D.c,69 :: 		
L_end_ADC_Read:
0x20E6	0x0012      	RETURN      0
; end of _ADC_Read
0x20E8	0xF015EE10  	LFSR        1, 21
0x20EC	0x0E01      	MOVLW       1
0x20EE	0x6E00      	MOVWF       R0 
0x20F0	0x0E01      	MOVLW       1
0x20F2	0x6E01      	MOVWF       R1 
0x20F4	0x0EFF      	MOVLW       255
0x20F6	0x6EF6      	MOVWF       4086 
0x20F8	0x0E1F      	MOVLW       31
0x20FA	0x6EF7      	MOVWF       TBLPTRH 
0x20FC	0x0E00      	MOVLW       0
0x20FE	0x6EF8      	MOVWF       TBLPTRU 
0x2100	0xF010EC4D  	CALL        8346, 0
0x2104	0x0012      	RETURN      0
;__Lib_ADC_A_D.c,0 :: ?ICS_vref_mask
0x1FFF	0x30 ;?ICS_vref_mask+0
; end of ?ICS_vref_mask
Symbol List:
//** Routines locations **
//ADDRESS    SIZE    PROCEDURE
//----------------------------------------------
0x2000     [140]    _main
0x208C      [14]    _Delay_22us
0x209A      [16]    ___CC2DW
0x20AA      [62]    _ADC_Read
//** Variables locations ** 
//ADDRESS    SIZE    VARIABLE
//----------------------------------------------
0x0000       [1]    R0
0x0001       [1]    R1
0x0002       [1]    R2
0x0003       [1]    R3
0x0004       [1]    R4
0x0005       [1]    R5
0x0006       [1]    R6
0x0007       [1]    R7
0x0008       [1]    R8
0x0009       [1]    R9
0x000A       [1]    R10
0x000B       [1]    R11
0x000C       [1]    R12
0x000D       [1]    R13
0x000E       [1]    R14
0x000F       [1]    R15
0x0010       [1]    R16
0x0011       [1]    R17
0x0012       [1]    R18
0x0013       [1]    R19
0x0014       [1]    R20
0x0015       [1]    _vref_mask
0x0016       [2]    _ValorPOT
0x0018       [2]    _i
0x001A       [1]    FARG_ADC_Read_channel
0x0F8B       [0]    LATC2_bit
0x0F92       [0]    TRISA0_bit
0x0F94       [1]    TRISC
0x0FC0       [1]    ADCON2
0x0FC1       [1]    ADCON1
0x0FC2       [1]    ADCON0
0x0FC3       [1]    ADRESL
0x0FC4       [1]    ADRESH
0x0FD8       [1]    STATUS
0x0FD9       [1]    FSR2L
0x0FDA       [1]    FSR2H
0x0FDE       [1]    POSTINC2
0x0FE0       [1]    BSR
0x0FE1       [1]    FSR1L
0x0FE2       [1]    FSR1H
0x0FE4       [1]    PREINC1
0x0FE6       [1]    POSTINC1
0x0FE7       [1]    INDF1
0x0FE8       [1]    WREG
0x0FE9       [1]    FSR0L
0x0FEA       [1]    FSR0H
0x0FEE       [1]    POSTINC0
0x0FF3       [1]    PRODL
0x0FF4       [1]    PRODH
0x0FF5       [1]    TABLAT
0x0FF6       [1]    TBLPTRL
0x0FF7       [1]    TBLPTRH
0x0FF8       [1]    TBLPTRU
//** Constants locations ** 
//ADDRESS    SIZE    CONSTANT
//----------------------------------------------
0x1FFF       [1]    ?ICS_vref_mask
