;  LST file generated by mikroListExporter - v.2.0 
; Date/Time: 14/09/2021 01:16:33 p. m.
;----------------------------------------------

;Address Opcode 	ASM
0x0000	0xF010EF00  	GOTO        8192
0x0004	0x0000      	NOP
0x0006	0x0000      	NOP
0x0008	0xF000EF00  	GOTO        0
0x000C	0x0000      	NOP
0x000E	0x0000      	NOP
0x0010	0x0000      	NOP
0x0012	0x0000      	NOP
0x0014	0x0000      	NOP
0x0016	0x0000      	NOP
0x0018	0xD7F3      	BRA         0
_main:
0x2000	0x6A15      	CLRF        _cont 
0x2002	0x6A16      	CLRF        22 
;Contador_binario.c,16 :: 		void main() org 0x2000          //vector de inicio usando bootloader MICROSIDE
;Contador_binario.c,18 :: 		TRISB = 0x00;               //Puerto B como salida
0x2004	0x6A93      	CLRF        TRISB 
;Contador_binario.c,19 :: 		TRISA2_bit = 1;             //Pin A2 como entrada
0x2006	0x8492      	BSF         TRISA2_bit, BitPos(TRISA2_bit+0) 
;Contador_binario.c,20 :: 		ANSA2_bit = 0;              //Pin A2 como entrada digital
0x2008	0x010F      	MOVLB       15
0x200A	0x955B      	BCF         ANSA2_bit, BitPos(ANSA2_bit+0), 1
;Contador_binario.c,21 :: 		PORTB = 0X00;               //Puerto B en estado bajo
0x200C	0x6A81      	CLRF        PORTB 
;Contador_binario.c,22 :: 		while(1){
L_main0:
;Contador_binario.c,23 :: 		if (Boton==0) {         //Pregunta el estado del boton
0x200E	0xB480      	BTFSC       PORTA, 2 
0x2010	0xD017      	BRA         L_main2
;Contador_binario.c,24 :: 		cont++;
0x2012	0x4A15      	INFSNZ      _cont, 1 
0x2014	0x2A16      	INCF        _cont+1, 1 
;Contador_binario.c,25 :: 		PORTB = cont;        //Despliega el valor a PORTB
0x2016	0xFF81C015  	MOVFF       _cont, PORTB
;Contador_binario.c,26 :: 		Delay_ms(5);
0x201A	0x0E4E      	MOVLW       78
0x201C	0x6E0C      	MOVWF       R12, 0
0x201E	0x0EEB      	MOVLW       235
0x2020	0x6E0D      	MOVWF       R13, 0
L_main3:
0x2022	0x2E0D      	DECFSZ      R13, 1, 0
0x2024	0xD7FE      	BRA         L_main3
0x2026	0x2E0C      	DECFSZ      R12, 1, 0
0x2028	0xD7FC      	BRA         L_main3
;Contador_binario.c,27 :: 		while (Boton==0);
L_main4:
0x202A	0xB480      	BTFSC       PORTA, 2 
0x202C	0xD001      	BRA         L_main5
0x202E	0xD7FD      	BRA         L_main4
L_main5:
;Contador_binario.c,28 :: 		Delay_ms(5);
0x2030	0x0E4E      	MOVLW       78
0x2032	0x6E0C      	MOVWF       R12, 0
0x2034	0x0EEB      	MOVLW       235
0x2036	0x6E0D      	MOVWF       R13, 0
L_main6:
0x2038	0x2E0D      	DECFSZ      R13, 1, 0
0x203A	0xD7FE      	BRA         L_main6
0x203C	0x2E0C      	DECFSZ      R12, 1, 0
0x203E	0xD7FC      	BRA         L_main6
;Contador_binario.c,29 :: 		}
L_main2:
;Contador_binario.c,30 :: 		}
0x2040	0xD7E6      	BRA         L_main0
;Contador_binario.c,32 :: 		}
L_end_main:
0x2042	0xD7FF      	BRA         $+0
; end of _main
___CC2DW:
;__Lib_System.c,21 :: 		
;__Lib_System.c,23 :: 		
_CC2DL_Loop1:
;__Lib_System.c,24 :: 		
0x2044	0x0009      	TBLRD*+
;__Lib_System.c,25 :: 		
0x2046	0xFFE6CFF5  	MOVFF       TABLAT, POSTINC1
;__Lib_System.c,26 :: 		
0x204A	0x0600      	DECF        R0, 1, 0
;__Lib_System.c,27 :: 		
0x204C	0xE1FB      	BNZ         _CC2DL_Loop1
;__Lib_System.c,28 :: 		
0x204E	0x0601      	DECF        R1, 1, 0
;__Lib_System.c,29 :: 		
0x2050	0xE1F9      	BNZ         _CC2DL_Loop1
;__Lib_System.c,31 :: 		
L_end___CC2DW:
0x2052	0x0012      	RETURN      0
; end of ___CC2DW
Symbol List:
//** Routines locations **
//ADDRESS    SIZE    PROCEDURE
//----------------------------------------------
0x2000      [68]    _main
0x2044      [16]    ___CC2DW
//** Variables locations ** 
//ADDRESS    SIZE    VARIABLE
//----------------------------------------------
0x0000       [1]    R0
0x0001       [1]    R1
0x0002       [1]    R2
0x0003       [1]    R3
0x0004       [1]    R4
0x0005       [1]    R5
0x0006       [1]    R6
0x0007       [1]    R7
0x0008       [1]    R8
0x0009       [1]    R9
0x000A       [1]    R10
0x000B       [1]    R11
0x000C       [1]    R12
0x000D       [1]    R13
0x000E       [1]    R14
0x000F       [1]    R15
0x0010       [1]    R16
0x0011       [1]    R17
0x0012       [1]    R18
0x0013       [1]    R19
0x0014       [1]    R20
0x0015       [2]    _cont
0x0F5B       [0]    ANSA2_bit
0x0F80       [1]    PORTA
0x0F81       [1]    PORTB
0x0F92       [0]    TRISA2_bit
0x0F93       [1]    TRISB
0x0FD8       [1]    STATUS
0x0FD9       [1]    FSR2L
0x0FDA       [1]    FSR2H
0x0FDE       [1]    POSTINC2
0x0FE0       [1]    BSR
0x0FE1       [1]    FSR1L
0x0FE2       [1]    FSR1H
0x0FE4       [1]    PREINC1
0x0FE6       [1]    POSTINC1
0x0FE7       [1]    INDF1
0x0FE8       [1]    WREG
0x0FE9       [1]    FSR0L
0x0FEA       [1]    FSR0H
0x0FEE       [1]    POSTINC0
0x0FF3       [1]    PRODL
0x0FF4       [1]    PRODH
0x0FF5       [1]    TABLAT
0x0FF6       [1]    TBLPTRL
0x0FF7       [1]    TBLPTRH
0x0FF8       [1]    TBLPTRU
